[ 2015-12-08T10:44:30+08:00 ] 127.0.0.1 /go/index.php/Home/Robot/controller/tuling
INFO: [ app_begin ] --START--
INFO: Run Behavior\ReadHtmlCacheBehavior [ RunTime:0.002413s ]
INFO: [ app_begin ] --END-- [ RunTime:0.003237s ]
ERR: 非法操作:controller

[ 2015-12-08T10:45:22+08:00 ] 127.0.0.1 /go/index.php/Home/Robot/tuling
INFO: [ app_begin ] --START--
INFO: Run Behavior\ReadHtmlCacheBehavior [ RunTime:0.001551s ]
INFO: [ app_begin ] --END-- [ RunTime:0.002420s ]
INFO: [ app_end ] --START--
INFO: Run Behavior\ShowPageTraceBehavior [ RunTime:0.002005s ]
INFO: [ app_end ] --END-- [ RunTime:0.002161s ]

[ 2015-12-08T10:46:05+08:00 ] 127.0.0.1 /go/index.php/Home/Robot/tuling
INFO: [ app_begin ] --START--
INFO: Run Behavior\ReadHtmlCacheBehavior [ RunTime:0.001801s ]
INFO: [ app_begin ] --END-- [ RunTime:0.002629s ]
INFO: [ app_end ] --START--
INFO: Run Behavior\ShowPageTraceBehavior [ RunTime:0.001426s ]
INFO: [ app_end ] --END-- [ RunTime:0.001558s ]

[ 2015-12-08T10:46:44+08:00 ] 127.0.0.1 /go/index.php/Home/Robot/tuling
INFO: [ app_begin ] --START--
INFO: Run Behavior\ReadHtmlCacheBehavior [ RunTime:0.001462s ]
INFO: [ app_begin ] --END-- [ RunTime:0.003542s ]
INFO: [ app_end ] --START--
INFO: Run Behavior\ShowPageTraceBehavior [ RunTime:0.001759s ]
INFO: [ app_end ] --END-- [ RunTime:0.001904s ]

[ 2015-12-08T11:02:39+08:00 ] 127.0.0.1 /go/index.php/Home/Robot/tuling
INFO: [ app_begin ] --START--
INFO: Run Behavior\ReadHtmlCacheBehavior [ RunTime:0.001430s ]
INFO: [ app_begin ] --END-- [ RunTime:0.002268s ]
INFO: [ app_end ] --START--
INFO: Run Behavior\ShowPageTraceBehavior [ RunTime:0.001396s ]
INFO: [ app_end ] --END-- [ RunTime:0.001542s ]

[ 2015-12-08T11:09:14+08:00 ] 127.0.0.1 /go/index.php/Home/Robot/tuling
INFO: [ app_begin ] --START--
INFO: Run Behavior\ReadHtmlCacheBehavior [ RunTime:0.001289s ]
INFO: [ app_begin ] --END-- [ RunTime:0.002160s ]
INFO: [ app_end ] --START--
INFO: Run Behavior\ShowPageTraceBehavior [ RunTime:0.001258s ]
INFO: [ app_end ] --END-- [ RunTime:0.001402s ]

[ 2015-12-08T11:10:41+08:00 ] 127.0.0.1 /go/index.php/Home/Robot/tuling
INFO: [ app_begin ] --START--
INFO: Run Behavior\ReadHtmlCacheBehavior [ RunTime:0.001337s ]
INFO: [ app_begin ] --END-- [ RunTime:0.002211s ]
INFO: [ app_end ] --START--
INFO: Run Behavior\ShowPageTraceBehavior [ RunTime:0.001209s ]
INFO: [ app_end ] --END-- [ RunTime:0.001354s ]

[ 2015-12-08T11:11:08+08:00 ] 127.0.0.1 /go/index.php/Home/Robot/tuling
INFO: [ app_begin ] --START--
INFO: Run Behavior\ReadHtmlCacheBehavior [ RunTime:0.001683s ]
INFO: [ app_begin ] --END-- [ RunTime:0.003804s ]
INFO: [ app_end ] --START--
INFO: Run Behavior\ShowPageTraceBehavior [ RunTime:0.001301s ]
INFO: [ app_end ] --END-- [ RunTime:0.001436s ]

[ 2015-12-08T11:11:39+08:00 ] 127.0.0.1 /go/index.php/Home/Robot/tuling
INFO: [ app_begin ] --START--
INFO: Run Behavior\ReadHtmlCacheBehavior [ RunTime:0.001516s ]
INFO: [ app_begin ] --END-- [ RunTime:0.002749s ]
INFO: [ app_end ] --START--
INFO: Run Behavior\ShowPageTraceBehavior [ RunTime:0.001484s ]
INFO: [ app_end ] --END-- [ RunTime:0.001612s ]

[ 2015-12-08T11:11:54+08:00 ] 127.0.0.1 /go/index.php/Home/Robot/tuling
INFO: [ app_begin ] --START--
INFO: Run Behavior\ReadHtmlCacheBehavior [ RunTime:0.011773s ]
INFO: [ app_begin ] --END-- [ RunTime:0.012596s ]
INFO: [ app_end ] --START--
INFO: Run Behavior\ShowPageTraceBehavior [ RunTime:0.011385s ]
INFO: [ app_end ] --END-- [ RunTime:0.011551s ]

[ 2015-12-08T11:12:42+08:00 ] 127.0.0.1 /go/index.php/Home/Robot/tuling
INFO: [ app_begin ] --START--
INFO: Run Behavior\ReadHtmlCacheBehavior [ RunTime:0.013557s ]
INFO: [ app_begin ] --END-- [ RunTime:0.014323s ]
INFO: [ app_end ] --START--
INFO: Run Behavior\ShowPageTraceBehavior [ RunTime:0.002942s ]
INFO: [ app_end ] --END-- [ RunTime:0.003097s ]

[ 2015-12-08T11:12:58+08:00 ] 127.0.0.1 /go/index.php/Home/Robot/tuling
INFO: [ app_begin ] --START--
INFO: Run Behavior\ReadHtmlCacheBehavior [ RunTime:0.002504s ]
INFO: [ app_begin ] --END-- [ RunTime:0.003625s ]
INFO: [ app_end ] --START--
INFO: Run Behavior\ShowPageTraceBehavior [ RunTime:0.001710s ]
INFO: [ app_end ] --END-- [ RunTime:0.001865s ]

[ 2015-12-08T11:20:26+08:00 ] 127.0.0.1 /go/index.php/Home/Robot/tuling
INFO: [ app_begin ] --START--
INFO: Run Behavior\ReadHtmlCacheBehavior [ RunTime:0.002757s ]
INFO: [ app_begin ] --END-- [ RunTime:0.003706s ]
INFO: [ app_end ] --START--
INFO: Run Behavior\ShowPageTraceBehavior [ RunTime:0.001666s ]
INFO: [ app_end ] --END-- [ RunTime:0.001818s ]

[ 2015-12-08T11:21:07+08:00 ] 127.0.0.1 /go/index.php/Home/Robot/tuling
INFO: [ app_begin ] --START--
INFO: Run Behavior\ReadHtmlCacheBehavior [ RunTime:0.008822s ]
INFO: [ app_begin ] --END-- [ RunTime:0.009867s ]
INFO: [ app_end ] --START--
INFO: Run Behavior\ShowPageTraceBehavior [ RunTime:0.001506s ]
INFO: [ app_end ] --END-- [ RunTime:0.002167s ]

[ 2015-12-08T11:29:10+08:00 ] 127.0.0.1 /go/index.php/Home/Robot/tuling
ERR: Think\Model:selsect方法不存在！

[ 2015-12-08T11:35:02+08:00 ] 127.0.0.1 /go/index.php/Home/Robot/tuling
INFO: [ app_begin ] --START--
INFO: Run Behavior\ReadHtmlCacheBehavior [ RunTime:0.001725s ]
INFO: [ app_begin ] --END-- [ RunTime:0.002747s ]
SQL: SHOW COLUMNS FROM `ds_ask` [ RunTime:0.0073s ]
SQL: SELECT * FROM `ds_ask` WHERE ( content='怎样智能问答' )  [ RunTime:0.0006s ]
SQL: SHOW COLUMNS FROM `ds_answer` [ RunTime:0.0072s ]
SQL: SELECT * FROM `ds_answer` WHERE ( id=4 ) LIMIT 1   [ RunTime:0.0005s ]
INFO: [ app_end ] --START--
INFO: Run Behavior\ShowPageTraceBehavior [ RunTime:0.002800s ]
INFO: [ app_end ] --END-- [ RunTime:0.002937s ]

[ 2015-12-08T11:36:17+08:00 ] 127.0.0.1 /go/index.php/Home/Robot/tuling
INFO: [ app_begin ] --START--
INFO: Run Behavior\ReadHtmlCacheBehavior [ RunTime:0.002193s ]
INFO: [ app_begin ] --END-- [ RunTime:0.003012s ]
SQL: SHOW COLUMNS FROM `ds_ask` [ RunTime:0.0108s ]
SQL: SELECT * FROM `ds_ask` WHERE ( content='怎样智能问答' )  [ RunTime:0.0009s ]
SQL: SHOW COLUMNS FROM `ds_answer` [ RunTime:0.0124s ]
SQL: SELECT * FROM `ds_answer` WHERE ( aid=4 ) LIMIT 1   [ RunTime:0.0008s ]
INFO: [ app_end ] --START--
INFO: Run Behavior\ShowPageTraceBehavior [ RunTime:0.001759s ]
INFO: [ app_end ] --END-- [ RunTime:0.001892s ]

[ 2015-12-08T11:37:02+08:00 ] 127.0.0.1 /go/index.php/Home/Robot/tuling
INFO: [ app_begin ] --START--
INFO: Run Behavior\ReadHtmlCacheBehavior [ RunTime:0.003184s ]
INFO: [ app_begin ] --END-- [ RunTime:0.004036s ]
SQL: SHOW COLUMNS FROM `ds_ask` [ RunTime:0.0372s ]
SQL: SELECT * FROM `ds_ask` WHERE ( content='怎样智能问答' )  [ RunTime:0.0006s ]
SQL: SHOW COLUMNS FROM `ds_answer` [ RunTime:0.0075s ]
SQL: SELECT * FROM `ds_answer` WHERE ( aid=4 ) LIMIT 1   [ RunTime:0.0010s ]
INFO: [ app_end ] --START--
INFO: Run Behavior\ShowPageTraceBehavior [ RunTime:0.001625s ]
INFO: [ app_end ] --END-- [ RunTime:0.001743s ]

[ 2015-12-08T14:08:30+08:00 ] 127.0.0.1 /go/index.php/Home/Robot/tuling
INFO: [ app_begin ] --START--
INFO: Run Behavior\ReadHtmlCacheBehavior [ RunTime:0.001801s ]
INFO: [ app_begin ] --END-- [ RunTime:0.002581s ]
SQL: SHOW COLUMNS FROM `ds_ask` [ RunTime:0.0065s ]
SQL: SELECT * FROM `ds_ask` WHERE ( content='怎样智能问答' )  [ RunTime:0.0006s ]
SQL: SHOW COLUMNS FROM `ds_answer` [ RunTime:0.0064s ]
SQL: SELECT * FROM `ds_answer` WHERE ( aid=4 ) LIMIT 1   [ RunTime:0.0006s ]
INFO: [ app_end ] --START--
INFO: Run Behavior\ShowPageTraceBehavior [ RunTime:0.001580s ]
INFO: [ app_end ] --END-- [ RunTime:0.001708s ]

[ 2015-12-08T14:09:21+08:00 ] 127.0.0.1 /go/index.php/Home/Robot/tuling
INFO: [ app_begin ] --START--
INFO: Run Behavior\ReadHtmlCacheBehavior [ RunTime:0.001317s ]
INFO: [ app_begin ] --END-- [ RunTime:0.002121s ]
SQL: SHOW COLUMNS FROM `ds_ask` [ RunTime:0.0060s ]
SQL: SELECT * FROM `ds_ask` WHERE ( content='铁道大学有几个院系？' )  [ RunTime:0.0280s ]
SQL: SHOW COLUMNS FROM `ds_answer` [ RunTime:0.0055s ]
SQL: SELECT * FROM `ds_answer` WHERE ( aid=11 ) LIMIT 1   [ RunTime:0.0005s ]
INFO: [ app_end ] --START--
INFO: Run Behavior\ShowPageTraceBehavior [ RunTime:0.001283s ]
INFO: [ app_end ] --END-- [ RunTime:0.001407s ]

[ 2015-12-08T14:09:49+08:00 ] 127.0.0.1 /go/index.php/Home/Robot/tuling
INFO: [ app_begin ] --START--
INFO: Run Behavior\ReadHtmlCacheBehavior [ RunTime:0.001330s ]
INFO: [ app_begin ] --END-- [ RunTime:0.002178s ]
SQL: SHOW COLUMNS FROM `ds_ask` [ RunTime:0.0087s ]
SQL: SELECT * FROM `ds_ask` WHERE ( content='其他呢' )  [ RunTime:0.0008s ]
NOTIC: [8] Undefined offset: 0 H:\wenda\Application\Home\Controller\RobotController.class.php 第 24 行.
SQL: SHOW COLUMNS FROM `ds_answer` [ RunTime:0.0122s ]
ERR: 1064:You have an error in your SQL syntax; check the manual that corresponds to your MySQL server version for the right syntax to use near ') LIMIT 1' at line 1
 [ SQL语句 ] : SELECT * FROM `ds_answer` WHERE ( aid= ) LIMIT 1  
ERR: 1064:You have an error in your SQL syntax; check the manual that corresponds to your MySQL server version for the right syntax to use near ') LIMIT 1' at line 1
 [ SQL语句 ] : SELECT * FROM `ds_answer` WHERE ( aid= ) LIMIT 1  

[ 2015-12-08T14:15:46+08:00 ] 127.0.0.1 /go/index.php/Home/Robot/tuling
INFO: [ app_begin ] --START--
INFO: Run Behavior\ReadHtmlCacheBehavior [ RunTime:0.001802s ]
INFO: [ app_begin ] --END-- [ RunTime:0.004573s ]
SQL: SHOW COLUMNS FROM `ds_ask` [ RunTime:0.0771s ]
SQL: SELECT * FROM `ds_ask` WHERE ( content='宁浩' )  [ RunTime:0.0008s ]
INFO: [ app_end ] --START--
INFO: Run Behavior\ShowPageTraceBehavior [ RunTime:0.001799s ]
INFO: [ app_end ] --END-- [ RunTime:0.001959s ]

[ 2015-12-08T14:15:52+08:00 ] 127.0.0.1 /go/index.php/Home/Robot/tuling
INFO: [ app_begin ] --START--
INFO: Run Behavior\ReadHtmlCacheBehavior [ RunTime:0.001592s ]
INFO: [ app_begin ] --END-- [ RunTime:0.002407s ]
SQL: SHOW COLUMNS FROM `ds_ask` [ RunTime:0.0082s ]
SQL: SELECT * FROM `ds_ask` WHERE ( content='接下来' )  [ RunTime:0.0006s ]
INFO: [ app_end ] --START--
INFO: Run Behavior\ShowPageTraceBehavior [ RunTime:0.003511s ]
INFO: [ app_end ] --END-- [ RunTime:0.003755s ]

[ 2015-12-08T14:20:03+08:00 ] 127.0.0.1 /go/index.php/Home/Robot/tuling
INFO: [ app_begin ] --START--
INFO: Run Behavior\ReadHtmlCacheBehavior [ RunTime:0.001735s ]
INFO: [ app_begin ] --END-- [ RunTime:0.002577s ]
SQL: SHOW COLUMNS FROM `ds_ask` [ RunTime:0.0064s ]
SQL: SELECT * FROM `ds_ask` WHERE ( content='北方什么时候供暖' )  [ RunTime:0.0007s ]
SQL: SHOW COLUMNS FROM `ds_answer` [ RunTime:0.0062s ]
SQL: SELECT * FROM `ds_answer` WHERE ( aid=12 ) LIMIT 1   [ RunTime:0.0008s ]
NOTIC: [8] Undefined offset: 0 H:\wenda\Application\Home\Controller\RobotController.class.php 第 27 行.
INFO: [ app_end ] --START--
INFO: Run Behavior\ShowPageTraceBehavior [ RunTime:0.001844s ]
INFO: [ app_end ] --END-- [ RunTime:0.001973s ]

[ 2015-12-08T14:20:50+08:00 ] 127.0.0.1 /go/index.php/Home/Robot/tuling
INFO: [ app_begin ] --START--
INFO: Run Behavior\ReadHtmlCacheBehavior [ RunTime:0.002459s ]
INFO: [ app_begin ] --END-- [ RunTime:0.003392s ]
SQL: SHOW COLUMNS FROM `ds_ask` [ RunTime:0.0067s ]
SQL: SELECT * FROM `ds_ask` WHERE ( content='阿迪' )  [ RunTime:0.0006s ]
INFO: [ app_end ] --START--
INFO: Run Behavior\ShowPageTraceBehavior [ RunTime:0.001871s ]
INFO: [ app_end ] --END-- [ RunTime:0.002009s ]

[ 2015-12-08T14:21:18+08:00 ] 127.0.0.1 /go/index.php/Home/Robot/tuling
INFO: [ app_begin ] --START--
INFO: Run Behavior\ReadHtmlCacheBehavior [ RunTime:0.002020s ]
INFO: [ app_begin ] --END-- [ RunTime:0.003279s ]
SQL: SHOW COLUMNS FROM `ds_ask` [ RunTime:0.0060s ]
SQL: SELECT * FROM `ds_ask` WHERE ( content='北方什么时候供暖' )  [ RunTime:0.0006s ]
SQL: SHOW COLUMNS FROM `ds_answer` [ RunTime:0.0067s ]
SQL: SELECT * FROM `ds_answer` WHERE ( aid=12 ) LIMIT 1   [ RunTime:0.0006s ]
NOTIC: [8] Undefined offset: 0 H:\wenda\Application\Home\Controller\RobotController.class.php 第 28 行.
INFO: [ app_end ] --START--
INFO: Run Behavior\ShowPageTraceBehavior [ RunTime:0.002536s ]
INFO: [ app_end ] --END-- [ RunTime:0.002686s ]

[ 2015-12-08T14:23:14+08:00 ] 127.0.0.1 /go/index.php/Home/Robot/tuling
INFO: [ app_begin ] --START--
INFO: Run Behavior\ReadHtmlCacheBehavior [ RunTime:0.001474s ]
INFO: [ app_begin ] --END-- [ RunTime:0.002180s ]
SQL: SHOW COLUMNS FROM `ds_ask` [ RunTime:0.0077s ]
SQL: SELECT * FROM `ds_ask` WHERE ( content='北方什么时候供暖' )  [ RunTime:0.0008s ]
SQL: SHOW COLUMNS FROM `ds_answer` [ RunTime:0.0067s ]
SQL: SELECT * FROM `ds_answer` WHERE ( aid=12 ) LIMIT 1   [ RunTime:0.0006s ]
NOTIC: [8] Undefined offset: 0 H:\wenda\Application\Home\Controller\RobotController.class.php 第 28 行.
INFO: [ app_end ] --START--
INFO: Run Behavior\ShowPageTraceBehavior [ RunTime:0.001577s ]
INFO: [ app_end ] --END-- [ RunTime:0.001699s ]

[ 2015-12-08T14:25:04+08:00 ] 127.0.0.1 /go/index.php/Home/Robot/tuling
INFO: [ app_begin ] --START--
INFO: Run Behavior\ReadHtmlCacheBehavior [ RunTime:0.001542s ]
INFO: [ app_begin ] --END-- [ RunTime:0.002387s ]
SQL: SHOW COLUMNS FROM `ds_ask` [ RunTime:0.0081s ]
SQL: SELECT * FROM `ds_ask` WHERE ( content='北方什么时候供暖' )  [ RunTime:0.0019s ]
SQL: SHOW COLUMNS FROM `ds_answer` [ RunTime:0.0083s ]
SQL: SELECT * FROM `ds_answer` WHERE ( aid=12 ) LIMIT 1   [ RunTime:0.0005s ]
INFO: [ app_end ] --START--
INFO: Run Behavior\ShowPageTraceBehavior [ RunTime:0.001356s ]
INFO: [ app_end ] --END-- [ RunTime:0.001474s ]

[ 2015-12-08T14:25:08+08:00 ] 127.0.0.1 /go/index.php/Home/Robot/tuling
INFO: [ app_begin ] --START--
INFO: Run Behavior\ReadHtmlCacheBehavior [ RunTime:0.001343s ]
INFO: [ app_begin ] --END-- [ RunTime:0.002145s ]
SQL: SHOW COLUMNS FROM `ds_ask` [ RunTime:0.0066s ]
SQL: SELECT * FROM `ds_ask` WHERE ( content='史蒂夫' )  [ RunTime:0.0005s ]
INFO: [ app_end ] --START--
INFO: Run Behavior\ShowPageTraceBehavior [ RunTime:0.001542s ]
INFO: [ app_end ] --END-- [ RunTime:0.001667s ]

[ 2015-12-08T14:54:32+08:00 ] 127.0.0.1 /go/index.php/Home/Robot/tuling
INFO: [ app_begin ] --START--
INFO: Run Behavior\ReadHtmlCacheBehavior [ RunTime:0.003201s ]
INFO: [ app_begin ] --END-- [ RunTime:0.004650s ]
SQL: SHOW COLUMNS FROM `ds_ask` [ RunTime:0.0070s ]
SQL: SELECT * FROM `ds_ask` WHERE ( content='我还不知道，请到系统提问吧！' )  [ RunTime:0.0007s ]
INFO: [ app_end ] --START--
INFO: Run Behavior\ShowPageTraceBehavior [ RunTime:0.003003s ]
INFO: [ app_end ] --END-- [ RunTime:0.003174s ]

[ 2015-12-08T14:54:38+08:00 ] 127.0.0.1 /go/index.php/Home/Robot/tuling
INFO: [ app_begin ] --START--
INFO: Run Behavior\ReadHtmlCacheBehavior [ RunTime:0.001475s ]
INFO: [ app_begin ] --END-- [ RunTime:0.002254s ]
SQL: SHOW COLUMNS FROM `ds_ask` [ RunTime:0.0071s ]
SQL: SELECT * FROM `ds_ask` WHERE ( content='对不起，我还不知道，请到系统' )  [ RunTime:0.0016s ]
INFO: [ app_end ] --START--
INFO: Run Behavior\ShowPageTraceBehavior [ RunTime:0.002047s ]
INFO: [ app_end ] --END-- [ RunTime:0.002212s ]

[ 2015-12-08T14:54:40+08:00 ] 127.0.0.1 /go/index.php/Home/Robot/tuling
INFO: [ app_begin ] --START--
INFO: Run Behavior\ReadHtmlCacheBehavior [ RunTime:0.001422s ]
INFO: [ app_begin ] --END-- [ RunTime:0.002227s ]
SQL: SHOW COLUMNS FROM `ds_ask` [ RunTime:0.0065s ]
SQL: SELECT * FROM `ds_ask` WHERE ( content='对不起，我还不知道，请到系统' )  [ RunTime:0.0016s ]
INFO: [ app_end ] --START--
INFO: Run Behavior\ShowPageTraceBehavior [ RunTime:0.001865s ]
INFO: [ app_end ] --END-- [ RunTime:0.002006s ]

[ 2015-12-08T14:54:49+08:00 ] 127.0.0.1 /go/index.php/Home/Robot/tuling
INFO: [ app_begin ] --START--
INFO: Run Behavior\ReadHtmlCacheBehavior [ RunTime:0.004326s ]
INFO: [ app_begin ] --END-- [ RunTime:0.006315s ]
SQL: SHOW COLUMNS FROM `ds_ask` [ RunTime:0.0059s ]
SQL: SELECT * FROM `ds_ask` WHERE ( content='对不起，我还不知道，请到系统' )  [ RunTime:0.0006s ]
INFO: [ app_end ] --START--
INFO: Run Behavior\ShowPageTraceBehavior [ RunTime:0.001574s ]
INFO: [ app_end ] --END-- [ RunTime:0.001700s ]

[ 2015-12-08T14:54:56+08:00 ] 127.0.0.1 /go/index.php/Home/Robot/tuling
INFO: [ app_begin ] --START--
INFO: Run Behavior\ReadHtmlCacheBehavior [ RunTime:0.001374s ]
INFO: [ app_begin ] --END-- [ RunTime:0.002242s ]
SQL: SHOW COLUMNS FROM `ds_ask` [ RunTime:0.0062s ]
SQL: SELECT * FROM `ds_ask` WHERE ( content='对不起，我还不知道，请到系统' )  [ RunTime:0.0016s ]
INFO: [ app_end ] --START--
INFO: Run Behavior\ShowPageTraceBehavior [ RunTime:0.001862s ]
INFO: [ app_end ] --END-- [ RunTime:0.002016s ]

[ 2015-12-08T14:55:36+08:00 ] 127.0.0.1 /go/index.php/Home/Robot/tuling
INFO: [ app_begin ] --START--
INFO: Run Behavior\ReadHtmlCacheBehavior [ RunTime:0.002081s ]
INFO: [ app_begin ] --END-- [ RunTime:0.003458s ]
SQL: SHOW COLUMNS FROM `ds_ask` [ RunTime:0.0061s ]
SQL: SELECT * FROM `ds_ask` WHERE ( content='对不起，我还不知道，请到系统' )  [ RunTime:0.0005s ]
INFO: [ app_end ] --START--
INFO: Run Behavior\ShowPageTraceBehavior [ RunTime:0.002224s ]
INFO: [ app_end ] --END-- [ RunTime:0.002336s ]

[ 2015-12-08T14:55:38+08:00 ] 127.0.0.1 /go/index.php/Home/Robot/tuling
INFO: [ app_begin ] --START--
INFO: Run Behavior\ReadHtmlCacheBehavior [ RunTime:0.002559s ]
INFO: [ app_begin ] --END-- [ RunTime:0.003614s ]
SQL: SHOW COLUMNS FROM `ds_ask` [ RunTime:0.0062s ]
SQL: SELECT * FROM `ds_ask` WHERE ( content='对不起，我还不知道，请到系统' )  [ RunTime:0.0009s ]
INFO: [ app_end ] --START--
INFO: Run Behavior\ShowPageTraceBehavior [ RunTime:0.002983s ]
INFO: [ app_end ] --END-- [ RunTime:0.003179s ]

[ 2015-12-08T14:55:40+08:00 ] 127.0.0.1 /go/index.php/Home/Robot/tuling
INFO: [ app_begin ] --START--
INFO: Run Behavior\ReadHtmlCacheBehavior [ RunTime:0.003821s ]
INFO: [ app_begin ] --END-- [ RunTime:0.004921s ]
SQL: SHOW COLUMNS FROM `ds_ask` [ RunTime:0.0072s ]
SQL: SELECT * FROM `ds_ask` WHERE ( content='对不起，我还不知道，请到系统' )  [ RunTime:0.0006s ]
INFO: [ app_end ] --START--
INFO: Run Behavior\ShowPageTraceBehavior [ RunTime:0.002453s ]
INFO: [ app_end ] --END-- [ RunTime:0.002576s ]

[ 2015-12-08T14:56:36+08:00 ] 127.0.0.1 /go/index.php/Home/Robot/tuling
INFO: [ app_begin ] --START--
INFO: Run Behavior\ReadHtmlCacheBehavior [ RunTime:0.002861s ]
INFO: [ app_begin ] --END-- [ RunTime:0.003818s ]
SQL: SHOW COLUMNS FROM `ds_ask` [ RunTime:0.0067s ]
SQL: SELECT * FROM `ds_ask` WHERE ( content='对不起，我还不知道，请到系统' )  [ RunTime:0.0006s ]
INFO: [ app_end ] --START--
INFO: Run Behavior\ShowPageTraceBehavior [ RunTime:0.001446s ]
INFO: [ app_end ] --END-- [ RunTime:0.001564s ]

[ 2015-12-08T14:56:38+08:00 ] 127.0.0.1 /go/index.php/Home/Robot/tuling
INFO: [ app_begin ] --START--
INFO: Run Behavior\ReadHtmlCacheBehavior [ RunTime:0.001476s ]
INFO: [ app_begin ] --END-- [ RunTime:0.002569s ]
SQL: SHOW COLUMNS FROM `ds_ask` [ RunTime:0.0071s ]
SQL: SELECT * FROM `ds_ask` WHERE ( content='对不起，我还不知道，请到系统' )  [ RunTime:0.0006s ]
INFO: [ app_end ] --START--
INFO: Run Behavior\ShowPageTraceBehavior [ RunTime:0.001271s ]
INFO: [ app_end ] --END-- [ RunTime:0.001465s ]

[ 2015-12-08T14:56:40+08:00 ] 127.0.0.1 /go/index.php/Home/Robot/tuling
INFO: [ app_begin ] --START--
INFO: Run Behavior\ReadHtmlCacheBehavior [ RunTime:0.001284s ]
INFO: [ app_begin ] --END-- [ RunTime:0.001999s ]
SQL: SHOW COLUMNS FROM `ds_ask` [ RunTime:0.0073s ]
SQL: SELECT * FROM `ds_ask` WHERE ( content='对不起，我还不知道，请到系统' )  [ RunTime:0.0006s ]
INFO: [ app_end ] --START--
INFO: Run Behavior\ShowPageTraceBehavior [ RunTime:0.001309s ]
INFO: [ app_end ] --END-- [ RunTime:0.001444s ]

[ 2015-12-08T14:56:47+08:00 ] 127.0.0.1 /go/index.php/Home/Robot/tuling
INFO: [ app_begin ] --START--
INFO: Run Behavior\ReadHtmlCacheBehavior [ RunTime:0.001402s ]
INFO: [ app_begin ] --END-- [ RunTime:0.002139s ]
SQL: SHOW COLUMNS FROM `ds_ask` [ RunTime:0.0068s ]
SQL: SELECT * FROM `ds_ask` WHERE ( content='还' )  [ RunTime:0.0009s ]
INFO: [ app_end ] --START--
INFO: Run Behavior\ShowPageTraceBehavior [ RunTime:0.001207s ]
INFO: [ app_end ] --END-- [ RunTime:0.001332s ]

[ 2015-12-08T14:58:05+08:00 ] 127.0.0.1 /go/index.php/Home/Robot/tuling
INFO: [ app_begin ] --START--
INFO: Run Behavior\ReadHtmlCacheBehavior [ RunTime:0.001599s ]
INFO: [ app_begin ] --END-- [ RunTime:0.002947s ]
SQL: SHOW COLUMNS FROM `ds_ask` [ RunTime:0.0075s ]
SQL: SELECT * FROM `ds_ask` WHERE ( content='地方' )  [ RunTime:0.0016s ]
INFO: [ app_end ] --START--
INFO: Run Behavior\ShowPageTraceBehavior [ RunTime:0.001252s ]
INFO: [ app_end ] --END-- [ RunTime:0.001390s ]

[ 2015-12-08T14:59:30+08:00 ] 127.0.0.1 /go/index.php/Home/Robot/tuling
INFO: [ app_begin ] --START--
INFO: Run Behavior\ReadHtmlCacheBehavior [ RunTime:0.001724s ]
INFO: [ app_begin ] --END-- [ RunTime:0.002751s ]
SQL: SHOW COLUMNS FROM `ds_ask` [ RunTime:0.0063s ]
SQL: SELECT * FROM `ds_ask` WHERE ( content='地方地方的' )  [ RunTime:0.0006s ]
INFO: [ app_end ] --START--
INFO: Run Behavior\ShowPageTraceBehavior [ RunTime:0.002286s ]
INFO: [ app_end ] --END-- [ RunTime:0.002425s ]

[ 2015-12-08T14:59:43+08:00 ] 127.0.0.1 /go/index.php/Home/Robot/tuling
INFO: [ app_begin ] --START--
INFO: Run Behavior\ReadHtmlCacheBehavior [ RunTime:0.002254s ]
INFO: [ app_begin ] --END-- [ RunTime:0.004068s ]
SQL: SHOW COLUMNS FROM `ds_ask` [ RunTime:0.0062s ]
SQL: SELECT * FROM `ds_ask` WHERE ( content='额' )  [ RunTime:0.0007s ]
INFO: [ app_end ] --START--
INFO: Run Behavior\ShowPageTraceBehavior [ RunTime:0.002807s ]
INFO: [ app_end ] --END-- [ RunTime:0.002947s ]

[ 2015-12-08T15:04:52+08:00 ] 127.0.0.1 /go/index.php/Home/Robot/tuling
INFO: [ app_begin ] --START--
INFO: Run Behavior\ReadHtmlCacheBehavior [ RunTime:0.001458s ]
INFO: [ app_begin ] --END-- [ RunTime:0.002339s ]
SQL: SHOW COLUMNS FROM `ds_ask` [ RunTime:0.0074s ]
SQL: SELECT * FROM `ds_ask` WHERE ( content='的说法' )  [ RunTime:0.0007s ]
INFO: [ app_end ] --START--
INFO: Run Behavior\ShowPageTraceBehavior [ RunTime:0.001637s ]
INFO: [ app_end ] --END-- [ RunTime:0.001833s ]

[ 2015-12-08T15:04:55+08:00 ] 127.0.0.1 /go/index.php/Home/Robot/tuling
INFO: [ app_begin ] --START--
INFO: Run Behavior\ReadHtmlCacheBehavior [ RunTime:0.001412s ]
INFO: [ app_begin ] --END-- [ RunTime:0.002244s ]
SQL: SHOW COLUMNS FROM `ds_ask` [ RunTime:0.0065s ]
SQL: SELECT * FROM `ds_ask` WHERE ( content='对不起，我还不知道，请到系统' )  [ RunTime:0.0006s ]
INFO: [ app_end ] --START--
INFO: Run Behavior\ShowPageTraceBehavior [ RunTime:0.001809s ]
INFO: [ app_end ] --END-- [ RunTime:0.001961s ]

[ 2015-12-08T15:04:56+08:00 ] 127.0.0.1 /go/index.php/Home/Robot/tuling
INFO: [ app_begin ] --START--
INFO: Run Behavior\ReadHtmlCacheBehavior [ RunTime:0.002239s ]
INFO: [ app_begin ] --END-- [ RunTime:0.003195s ]
SQL: SHOW COLUMNS FROM `ds_ask` [ RunTime:0.0062s ]
SQL: SELECT * FROM `ds_ask` WHERE ( content='对不起，我还不知道，请到系统' )  [ RunTime:0.0006s ]
INFO: [ app_end ] --START--
INFO: Run Behavior\ShowPageTraceBehavior [ RunTime:0.001659s ]
INFO: [ app_end ] --END-- [ RunTime:0.001790s ]

[ 2015-12-08T15:04:58+08:00 ] 127.0.0.1 /go/index.php/Home/Robot/tuling
INFO: [ app_begin ] --START--
INFO: Run Behavior\ReadHtmlCacheBehavior [ RunTime:0.001406s ]
INFO: [ app_begin ] --END-- [ RunTime:0.002228s ]
SQL: SHOW COLUMNS FROM `ds_ask` [ RunTime:0.0067s ]
SQL: SELECT * FROM `ds_ask` WHERE ( content='对不起，我还不知道，请到系统' )  [ RunTime:0.0023s ]
INFO: [ app_end ] --START--
INFO: Run Behavior\ShowPageTraceBehavior [ RunTime:0.001676s ]
INFO: [ app_end ] --END-- [ RunTime:0.001814s ]

[ 2015-12-08T15:04:59+08:00 ] 127.0.0.1 /go/index.php/Home/Robot/tuling
INFO: [ app_begin ] --START--
INFO: Run Behavior\ReadHtmlCacheBehavior [ RunTime:0.006357s ]
INFO: [ app_begin ] --END-- [ RunTime:0.007257s ]
SQL: SHOW COLUMNS FROM `ds_ask` [ RunTime:0.0063s ]
SQL: SELECT * FROM `ds_ask` WHERE ( content='对不起，我还不知道，请到系统' )  [ RunTime:0.0006s ]
INFO: [ app_end ] --START--
INFO: Run Behavior\ShowPageTraceBehavior [ RunTime:0.001596s ]
INFO: [ app_end ] --END-- [ RunTime:0.001719s ]

[ 2015-12-08T15:05:01+08:00 ] 127.0.0.1 /go/index.php/Home/Robot/tuling
INFO: [ app_begin ] --START--
INFO: Run Behavior\ReadHtmlCacheBehavior [ RunTime:0.001340s ]
INFO: [ app_begin ] --END-- [ RunTime:0.002217s ]
SQL: SHOW COLUMNS FROM `ds_ask` [ RunTime:0.0061s ]
SQL: SELECT * FROM `ds_ask` WHERE ( content='对不起，我还不知道，请到系统' )  [ RunTime:0.0006s ]
INFO: [ app_end ] --START--
INFO: Run Behavior\ShowPageTraceBehavior [ RunTime:0.001659s ]
INFO: [ app_end ] --END-- [ RunTime:0.001785s ]

[ 2015-12-08T15:05:05+08:00 ] 127.0.0.1 /go/index.php/Home/Robot/tuling
INFO: [ app_begin ] --START--
INFO: Run Behavior\ReadHtmlCacheBehavior [ RunTime:0.001358s ]
INFO: [ app_begin ] --END-- [ RunTime:0.002171s ]
SQL: SHOW COLUMNS FROM `ds_ask` [ RunTime:0.0071s ]
SQL: SELECT * FROM `ds_ask` WHERE ( content='对不起，我还不知道，请到系统' )  [ RunTime:0.0005s ]
INFO: [ app_end ] --START--
INFO: Run Behavior\ShowPageTraceBehavior [ RunTime:0.001653s ]
INFO: [ app_end ] --END-- [ RunTime:0.001800s ]

[ 2015-12-08T16:12:48+08:00 ] 127.0.0.1 /go/index.php/Home/Robot/tuling
INFO: [ app_begin ] --START--
INFO: Run Behavior\ReadHtmlCacheBehavior [ RunTime:0.001537s ]
INFO: [ app_begin ] --END-- [ RunTime:0.002713s ]
SQL: SHOW COLUMNS FROM `ds_ask` [ RunTime:0.0069s ]
SQL: SELECT * FROM `ds_ask` WHERE ( content='对不起，我还不知道，请到系统' )  [ RunTime:0.0006s ]
INFO: [ app_end ] --START--
INFO: Run Behavior\ShowPageTraceBehavior [ RunTime:0.001541s ]
INFO: [ app_end ] --END-- [ RunTime:0.001670s ]

[ 2015-12-08T16:12:51+08:00 ] 127.0.0.1 /go/index.php/Home/Robot/tuling
INFO: [ app_begin ] --START--
INFO: Run Behavior\ReadHtmlCacheBehavior [ RunTime:0.001429s ]
INFO: [ app_begin ] --END-- [ RunTime:0.002395s ]
SQL: SHOW COLUMNS FROM `ds_ask` [ RunTime:0.0077s ]
SQL: SELECT * FROM `ds_ask` WHERE ( content='对不起，我还不知道，请到系统' )  [ RunTime:0.0006s ]
INFO: [ app_end ] --START--
INFO: Run Behavior\ShowPageTraceBehavior [ RunTime:0.001568s ]
INFO: [ app_end ] --END-- [ RunTime:0.001736s ]

[ 2015-12-08T16:12:52+08:00 ] 127.0.0.1 /go/index.php/Home/Robot/tuling
INFO: [ app_begin ] --START--
INFO: Run Behavior\ReadHtmlCacheBehavior [ RunTime:0.001372s ]
INFO: [ app_begin ] --END-- [ RunTime:0.002427s ]
SQL: SHOW COLUMNS FROM `ds_ask` [ RunTime:0.0063s ]
SQL: SELECT * FROM `ds_ask` WHERE ( content='对不起，我还不知道，请到系统' )  [ RunTime:0.0005s ]
INFO: [ app_end ] --START--
INFO: Run Behavior\ShowPageTraceBehavior [ RunTime:0.001611s ]
INFO: [ app_end ] --END-- [ RunTime:0.001741s ]

[ 2015-12-08T16:12:56+08:00 ] 127.0.0.1 /go/index.php/Home/Robot/tuling
INFO: [ app_begin ] --START--
INFO: Run Behavior\ReadHtmlCacheBehavior [ RunTime:0.001460s ]
INFO: [ app_begin ] --END-- [ RunTime:0.002294s ]
SQL: SHOW COLUMNS FROM `ds_ask` [ RunTime:0.0063s ]
SQL: SELECT * FROM `ds_ask` WHERE ( content='对不起，我还不知道，请到系统' )  [ RunTime:0.0011s ]
INFO: [ app_end ] --START--
INFO: Run Behavior\ShowPageTraceBehavior [ RunTime:0.001965s ]
INFO: [ app_end ] --END-- [ RunTime:0.002167s ]

[ 2015-12-08T16:12:58+08:00 ] 127.0.0.1 /go/index.php/Home/Robot/tuling
INFO: [ app_begin ] --START--
INFO: Run Behavior\ReadHtmlCacheBehavior [ RunTime:0.001586s ]
INFO: [ app_begin ] --END-- [ RunTime:0.002515s ]
SQL: SHOW COLUMNS FROM `ds_ask` [ RunTime:0.0064s ]
SQL: SELECT * FROM `ds_ask` WHERE ( content='对不起，我还不知道，请到系统' )  [ RunTime:0.0006s ]
INFO: [ app_end ] --START--
INFO: Run Behavior\ShowPageTraceBehavior [ RunTime:0.001659s ]
INFO: [ app_end ] --END-- [ RunTime:0.001791s ]

[ 2015-12-08T16:13:00+08:00 ] 127.0.0.1 /go/index.php/Home/Robot/tuling
INFO: [ app_begin ] --START--
INFO: Run Behavior\ReadHtmlCacheBehavior [ RunTime:0.001362s ]
INFO: [ app_begin ] --END-- [ RunTime:0.002336s ]
SQL: SHOW COLUMNS FROM `ds_ask` [ RunTime:0.0073s ]
SQL: SELECT * FROM `ds_ask` WHERE ( content='对不起，我还不知道，请到系统' )  [ RunTime:0.0005s ]
INFO: [ app_end ] --START--
INFO: Run Behavior\ShowPageTraceBehavior [ RunTime:0.001524s ]
INFO: [ app_end ] --END-- [ RunTime:0.001652s ]

[ 2015-12-08T16:13:05+08:00 ] 127.0.0.1 /go/index.php/Home/Robot/tuling
INFO: [ app_begin ] --START--
INFO: Run Behavior\ReadHtmlCacheBehavior [ RunTime:0.001663s ]
INFO: [ app_begin ] --END-- [ RunTime:0.002556s ]
SQL: SHOW COLUMNS FROM `ds_ask` [ RunTime:0.0063s ]
SQL: SELECT * FROM `ds_ask` WHERE ( content='对不起，我还不知道，请到系统' )  [ RunTime:0.0006s ]
INFO: [ app_end ] --START--
INFO: Run Behavior\ShowPageTraceBehavior [ RunTime:0.001774s ]
INFO: [ app_end ] --END-- [ RunTime:0.001902s ]

[ 2015-12-08T16:17:51+08:00 ] 127.0.0.1 /go/index.php/Home/Robot/tuling
INFO: [ app_begin ] --START--
INFO: Run Behavior\ReadHtmlCacheBehavior [ RunTime:0.001358s ]
INFO: [ app_begin ] --END-- [ RunTime:0.002121s ]
SQL: SHOW COLUMNS FROM `ds_ask` [ RunTime:0.0210s ]
SQL: SELECT * FROM `ds_ask` WHERE ( content='史蒂夫' )  [ RunTime:0.0006s ]
INFO: [ app_end ] --START--
INFO: Run Behavior\ShowPageTraceBehavior [ RunTime:0.001523s ]
INFO: [ app_end ] --END-- [ RunTime:0.001641s ]

[ 2015-12-08T16:22:17+08:00 ] 127.0.0.1 /go/index.php/Home/Robot/tuling
INFO: [ app_begin ] --START--
INFO: Run Behavior\ReadHtmlCacheBehavior [ RunTime:0.001625s ]
INFO: [ app_begin ] --END-- [ RunTime:0.002438s ]
SQL: SHOW COLUMNS FROM `ds_ask` [ RunTime:0.0059s ]
SQL: SELECT * FROM `ds_ask` WHERE ( content='铁道大学有多少个院系' )  [ RunTime:0.0006s ]
INFO: [ app_end ] --START--
INFO: Run Behavior\ShowPageTraceBehavior [ RunTime:0.001578s ]
INFO: [ app_end ] --END-- [ RunTime:0.001713s ]

[ 2015-12-08T16:22:27+08:00 ] 127.0.0.1 /go/index.php/Home/Robot/tuling
INFO: [ app_begin ] --START--
INFO: Run Behavior\ReadHtmlCacheBehavior [ RunTime:0.001401s ]
INFO: [ app_begin ] --END-- [ RunTime:0.002259s ]
SQL: SHOW COLUMNS FROM `ds_ask` [ RunTime:0.0059s ]
SQL: SELECT * FROM `ds_ask` WHERE ( content='怎样智能问答' )  [ RunTime:0.0005s ]
SQL: SHOW COLUMNS FROM `ds_answer` [ RunTime:0.0270s ]
SQL: SELECT * FROM `ds_answer` WHERE ( aid=4 ) LIMIT 1   [ RunTime:0.0007s ]
INFO: [ app_end ] --START--
INFO: Run Behavior\ShowPageTraceBehavior [ RunTime:0.001440s ]
INFO: [ app_end ] --END-- [ RunTime:0.001560s ]

[ 2015-12-08T16:30:09+08:00 ] 127.0.0.1 /go/index.php/Home/Robot/tuling
INFO: [ app_begin ] --START--
INFO: Run Behavior\ReadHtmlCacheBehavior [ RunTime:0.001399s ]
INFO: [ app_begin ] --END-- [ RunTime:0.002205s ]
SQL: SHOW COLUMNS FROM `ds_ask` [ RunTime:0.0068s ]
SQL: SELECT * FROM `ds_ask` WHERE ( content='怎样智能问答' )  [ RunTime:0.0006s ]
SQL: SHOW COLUMNS FROM `ds_answer` [ RunTime:0.0060s ]
SQL: SELECT * FROM `ds_answer` WHERE ( aid=4 ) LIMIT 1   [ RunTime:0.0006s ]
INFO: [ app_end ] --START--
INFO: Run Behavior\ShowPageTraceBehavior [ RunTime:0.001380s ]
INFO: [ app_end ] --END-- [ RunTime:0.001502s ]

[ 2015-12-08T16:33:26+08:00 ] 127.0.0.1 /go/index.php/Home/Robot/tuling
INFO: [ app_begin ] --START--
INFO: Run Behavior\ReadHtmlCacheBehavior [ RunTime:0.002452s ]
INFO: [ app_begin ] --END-- [ RunTime:0.003289s ]
SQL: SHOW COLUMNS FROM `ds_ask` [ RunTime:0.0065s ]
SQL: SELECT * FROM `ds_ask` WHERE ( content='怎样智能' )  [ RunTime:0.0007s ]
INFO: [ app_end ] --START--
INFO: Run Behavior\ShowPageTraceBehavior [ RunTime:0.001512s ]
INFO: [ app_end ] --END-- [ RunTime:0.001633s ]

[ 2015-12-08T16:34:03+08:00 ] 127.0.0.1 /go/index.php/Home/Robot/tuling
INFO: [ app_begin ] --START--
INFO: Run Behavior\ReadHtmlCacheBehavior [ RunTime:0.001434s ]
INFO: [ app_begin ] --END-- [ RunTime:0.003218s ]
SQL: SHOW COLUMNS FROM `ds_ask` [ RunTime:0.0058s ]
SQL: SELECT * FROM `ds_ask` WHERE ( content='史蒂夫' )  [ RunTime:0.0006s ]
INFO: [ app_end ] --START--
INFO: Run Behavior\ShowPageTraceBehavior [ RunTime:0.001141s ]
INFO: [ app_end ] --END-- [ RunTime:0.001262s ]

[ 2015-12-08T16:34:10+08:00 ] 127.0.0.1 /go/index.php/Home/Robot/tuling
INFO: [ app_begin ] --START--
INFO: Run Behavior\ReadHtmlCacheBehavior [ RunTime:0.002425s ]
INFO: [ app_begin ] --END-- [ RunTime:0.003993s ]
SQL: SHOW COLUMNS FROM `ds_ask` [ RunTime:0.0063s ]
SQL: SELECT * FROM `ds_ask` WHERE ( content='怎样智能问答' )  [ RunTime:0.0006s ]
SQL: SHOW COLUMNS FROM `ds_answer` [ RunTime:0.0068s ]
SQL: SELECT * FROM `ds_answer` WHERE ( aid=4 ) LIMIT 1   [ RunTime:0.0006s ]
INFO: [ app_end ] --START--
INFO: Run Behavior\ShowPageTraceBehavior [ RunTime:0.001147s ]
INFO: [ app_end ] --END-- [ RunTime:0.001268s ]

[ 2015-12-08T16:41:02+08:00 ] 127.0.0.1 /go/index.php/Home/Topic/index
ERR: 无法加载控制器:Topic

[ 2015-12-08T20:12:34+08:00 ] 127.0.0.1 /go/index.php/Home/Ask/getCate?pid=1
INFO: [ app_begin ] --START--
INFO: Run Behavior\ReadHtmlCacheBehavior [ RunTime:0.003008s ]
INFO: [ app_begin ] --END-- [ RunTime:0.004207s ]
SQL: SHOW COLUMNS FROM `ds_category` [ RunTime:0.0055s ]
SQL: SELECT * FROM `ds_category` WHERE ( pid=1 )  [ RunTime:0.0006s ]
INFO: [ app_end ] --START--
INFO: Run Behavior\ShowPageTraceBehavior [ RunTime:0.001420s ]
INFO: [ app_end ] --END-- [ RunTime:0.001541s ]

[ 2015-12-08T20:12:34+08:00 ] 127.0.0.1 /go/index.php/Home/Ask/getCate?pid=40
INFO: [ app_begin ] --START--
INFO: Run Behavior\ReadHtmlCacheBehavior [ RunTime:0.000835s ]
INFO: [ app_begin ] --END-- [ RunTime:0.001428s ]
SQL: SHOW COLUMNS FROM `ds_category` [ RunTime:0.0053s ]
SQL: SELECT * FROM `ds_category` WHERE ( pid=40 )  [ RunTime:0.0005s ]
INFO: [ app_end ] --START--
INFO: Run Behavior\ShowPageTraceBehavior [ RunTime:0.001338s ]
INFO: [ app_end ] --END-- [ RunTime:0.001446s ]

[ 2015-12-08T20:13:29+08:00 ] 127.0.0.1 /go/index.php/Home/Robot/tuling
INFO: [ app_begin ] --START--
INFO: Run Behavior\ReadHtmlCacheBehavior [ RunTime:0.001747s ]
INFO: [ app_begin ] --END-- [ RunTime:0.002922s ]
SQL: SHOW COLUMNS FROM `ds_ask` [ RunTime:0.0066s ]
SQL: SELECT * FROM `ds_ask` WHERE ( content='是防守打法' )  [ RunTime:0.0005s ]
INFO: [ app_end ] --START--
INFO: Run Behavior\ShowPageTraceBehavior [ RunTime:0.001532s ]
INFO: [ app_end ] --END-- [ RunTime:0.001660s ]

[ 2015-12-08T20:13:41+08:00 ] 127.0.0.1 /go/index.php/Home/Robot/tuling
INFO: [ app_begin ] --START--
INFO: Run Behavior\ReadHtmlCacheBehavior [ RunTime:0.002093s ]
INFO: [ app_begin ] --END-- [ RunTime:0.002982s ]
SQL: SHOW COLUMNS FROM `ds_ask` [ RunTime:0.0063s ]
SQL: SELECT * FROM `ds_ask` WHERE ( content='史蒂夫' )  [ RunTime:0.0006s ]
INFO: [ app_end ] --START--
INFO: Run Behavior\ShowPageTraceBehavior [ RunTime:0.001554s ]
INFO: [ app_end ] --END-- [ RunTime:0.001683s ]

[ 2015-12-08T20:13:57+08:00 ] 127.0.0.1 /go/index.php/Home/Robot/tuling
INFO: [ app_begin ] --START--
INFO: Run Behavior\ReadHtmlCacheBehavior [ RunTime:0.001219s ]
INFO: [ app_begin ] --END-- [ RunTime:0.001960s ]
SQL: SHOW COLUMNS FROM `ds_ask` [ RunTime:0.0060s ]
SQL: SELECT * FROM `ds_ask` WHERE ( content='北方什么时候供暖' )  [ RunTime:0.0006s ]
SQL: SHOW COLUMNS FROM `ds_answer` [ RunTime:0.0292s ]
SQL: SELECT * FROM `ds_answer` WHERE ( aid=12 ) LIMIT 1   [ RunTime:0.0005s ]
INFO: [ app_end ] --START--
INFO: Run Behavior\ShowPageTraceBehavior [ RunTime:0.001440s ]
INFO: [ app_end ] --END-- [ RunTime:0.001556s ]

[ 2015-12-08T20:14:07+08:00 ] 127.0.0.1 /go/index.php/Home/Robot/tuling
INFO: [ app_begin ] --START--
INFO: Run Behavior\ReadHtmlCacheBehavior [ RunTime:0.002406s ]
INFO: [ app_begin ] --END-- [ RunTime:0.003589s ]
SQL: SHOW COLUMNS FROM `ds_ask` [ RunTime:0.0065s ]
SQL: SELECT * FROM `ds_ask` WHERE ( content='s地方' )  [ RunTime:0.0006s ]
INFO: [ app_end ] --START--
INFO: Run Behavior\ShowPageTraceBehavior [ RunTime:0.002699s ]
INFO: [ app_end ] --END-- [ RunTime:0.002831s ]

[ 2015-12-08T20:15:23+08:00 ] 127.0.0.1 /go/index.php/Home/Ask/getCate?pid=2
INFO: [ app_begin ] --START--
INFO: Run Behavior\ReadHtmlCacheBehavior [ RunTime:0.001572s ]
INFO: [ app_begin ] --END-- [ RunTime:0.002485s ]
SQL: SHOW COLUMNS FROM `ds_category` [ RunTime:0.0688s ]
SQL: SELECT * FROM `ds_category` WHERE ( pid=2 )  [ RunTime:0.0041s ]
INFO: [ app_end ] --START--
INFO: Run Behavior\ShowPageTraceBehavior [ RunTime:0.001802s ]
INFO: [ app_end ] --END-- [ RunTime:0.001952s ]

[ 2015-12-08T20:15:24+08:00 ] 127.0.0.1 /go/index.php/Home/Ask/getCate?pid=8
INFO: [ app_begin ] --START--
INFO: Run Behavior\ReadHtmlCacheBehavior [ RunTime:0.001678s ]
INFO: [ app_begin ] --END-- [ RunTime:0.002472s ]
SQL: SHOW COLUMNS FROM `ds_category` [ RunTime:0.0059s ]
SQL: SELECT * FROM `ds_category` WHERE ( pid=8 )  [ RunTime:0.0005s ]
INFO: [ app_end ] --START--
INFO: Run Behavior\ShowPageTraceBehavior [ RunTime:0.001814s ]
INFO: [ app_end ] --END-- [ RunTime:0.001953s ]

[ 2015-12-08T20:15:25+08:00 ] 127.0.0.1 /go/index.php/Home/Ask/getCate?pid=37
INFO: [ app_begin ] --START--
INFO: Run Behavior\ReadHtmlCacheBehavior [ RunTime:0.001573s ]
INFO: [ app_begin ] --END-- [ RunTime:0.002383s ]
SQL: SHOW COLUMNS FROM `ds_category` [ RunTime:0.0055s ]
SQL: SELECT * FROM `ds_category` WHERE ( pid=37 )  [ RunTime:0.0015s ]
INFO: [ app_end ] --START--
INFO: Run Behavior\ShowPageTraceBehavior [ RunTime:0.001750s ]
INFO: [ app_end ] --END-- [ RunTime:0.001880s ]

[ 2015-12-08T20:15:27+08:00 ] 127.0.0.1 /go/index.php/Home/Ask/getCate?pid=59
INFO: [ app_begin ] --START--
INFO: Run Behavior\ReadHtmlCacheBehavior [ RunTime:0.001524s ]
INFO: [ app_begin ] --END-- [ RunTime:0.002307s ]
SQL: SHOW COLUMNS FROM `ds_category` [ RunTime:0.0059s ]
SQL: SELECT * FROM `ds_category` WHERE ( pid=59 )  [ RunTime:0.0005s ]
INFO: [ app_end ] --START--
INFO: Run Behavior\ShowPageTraceBehavior [ RunTime:0.001965s ]
INFO: [ app_end ] --END-- [ RunTime:0.002096s ]

[ 2015-12-08T20:15:28+08:00 ] 127.0.0.1 /go/index.php/Home/Ask/getCate?pid=39
INFO: [ app_begin ] --START--
INFO: Run Behavior\ReadHtmlCacheBehavior [ RunTime:0.001512s ]
INFO: [ app_begin ] --END-- [ RunTime:0.002304s ]
SQL: SHOW COLUMNS FROM `ds_category` [ RunTime:0.0059s ]
SQL: SELECT * FROM `ds_category` WHERE ( pid=39 )  [ RunTime:0.0005s ]
INFO: [ app_end ] --START--
INFO: Run Behavior\ShowPageTraceBehavior [ RunTime:0.001798s ]
INFO: [ app_end ] --END-- [ RunTime:0.001923s ]

[ 2015-12-08T20:18:15+08:00 ] 127.0.0.1 /go/index.php/Home/Robot/tuling
INFO: [ app_begin ] --START--
INFO: Run Behavior\ReadHtmlCacheBehavior [ RunTime:0.002170s ]
INFO: [ app_begin ] --END-- [ RunTime:0.002878s ]
SQL: SHOW COLUMNS FROM `ds_ask` [ RunTime:0.0062s ]
SQL: SELECT * FROM `ds_ask` WHERE ( content='的说法' )  [ RunTime:0.0006s ]
INFO: [ app_end ] --START--
INFO: Run Behavior\ShowPageTraceBehavior [ RunTime:0.001193s ]
INFO: [ app_end ] --END-- [ RunTime:0.001319s ]

[ 2015-12-08T20:19:57+08:00 ] 127.0.0.1 /go/index.php/Home/Robot/tuling
INFO: [ app_begin ] --START--
INFO: Run Behavior\ReadHtmlCacheBehavior [ RunTime:0.000920s ]
INFO: [ app_begin ] --END-- [ RunTime:0.001865s ]
SQL: SHOW COLUMNS FROM `ds_ask` [ RunTime:0.0066s ]
SQL: SELECT * FROM `ds_ask` WHERE ( content='史蒂夫' )  [ RunTime:0.0006s ]
INFO: [ app_end ] --START--
INFO: Run Behavior\ShowPageTraceBehavior [ RunTime:0.001117s ]
INFO: [ app_end ] --END-- [ RunTime:0.001229s ]

[ 2015-12-08T20:20:01+08:00 ] 127.0.0.1 /go/index.php/Home/Robot/tuling
INFO: [ app_begin ] --START--
INFO: Run Behavior\ReadHtmlCacheBehavior [ RunTime:0.000996s ]
INFO: [ app_begin ] --END-- [ RunTime:0.001735s ]
SQL: SHOW COLUMNS FROM `ds_ask` [ RunTime:0.0061s ]
SQL: SELECT * FROM `ds_ask` WHERE ( content='地方' )  [ RunTime:0.0006s ]
INFO: [ app_end ] --START--
INFO: Run Behavior\ShowPageTraceBehavior [ RunTime:0.001243s ]
INFO: [ app_end ] --END-- [ RunTime:0.001372s ]

[ 2015-12-08T20:20:18+08:00 ] 127.0.0.1 /go/index.php/Home/Robot/tuling
INFO: [ app_begin ] --START--
INFO: Run Behavior\ReadHtmlCacheBehavior [ RunTime:0.001396s ]
INFO: [ app_begin ] --END-- [ RunTime:0.002183s ]
SQL: SHOW COLUMNS FROM `ds_ask` [ RunTime:0.0062s ]
SQL: SELECT * FROM `ds_ask` WHERE ( content='北方什么时候供暖' )  [ RunTime:0.0006s ]
SQL: SHOW COLUMNS FROM `ds_answer` [ RunTime:0.0060s ]
SQL: SELECT * FROM `ds_answer` WHERE ( aid=12 ) LIMIT 1   [ RunTime:0.0005s ]
INFO: [ app_end ] --START--
INFO: Run Behavior\ShowPageTraceBehavior [ RunTime:0.001374s ]
INFO: [ app_end ] --END-- [ RunTime:0.001500s ]

[ 2015-12-08T20:20:29+08:00 ] 127.0.0.1 /go/index.php/Home/Robot/tuling
INFO: [ app_begin ] --START--
INFO: Run Behavior\ReadHtmlCacheBehavior [ RunTime:0.001259s ]
INFO: [ app_begin ] --END-- [ RunTime:0.001960s ]
SQL: SHOW COLUMNS FROM `ds_ask` [ RunTime:0.0065s ]
SQL: SELECT * FROM `ds_ask` WHERE ( content='怎样智能问答' )  [ RunTime:0.0006s ]
SQL: SHOW COLUMNS FROM `ds_answer` [ RunTime:0.0058s ]
SQL: SELECT * FROM `ds_answer` WHERE ( aid=4 ) LIMIT 1   [ RunTime:0.0006s ]
INFO: [ app_end ] --START--
INFO: Run Behavior\ShowPageTraceBehavior [ RunTime:0.001335s ]
INFO: [ app_end ] --END-- [ RunTime:0.001474s ]

