[ 2015-10-05T09:58:53+08:00 ] 127.0.0.1 /go/
INFO: [ app_init ] --START--
INFO: Run Behavior\BuildLiteBehavior [ RunTime:0.000036s ]
INFO: [ app_init ] --END-- [ RunTime:0.001568s ]
INFO: [ app_begin ] --START--
INFO: Run Behavior\ReadHtmlCacheBehavior [ RunTime:0.001847s ]
INFO: [ app_begin ] --END-- [ RunTime:0.002007s ]
INFO: [ view_parse ] --START--
INFO: [ template_filter ] --START--
INFO: Run Behavior\ContentReplaceBehavior [ RunTime:0.000117s ]
INFO: [ template_filter ] --END-- [ RunTime:0.000294s ]
INFO: Run Behavior\ParseTemplateBehavior [ RunTime:0.012869s ]
INFO: [ view_parse ] --END-- [ RunTime:0.013079s ]
INFO: [ view_filter ] --START--
INFO: Run Behavior\WriteHtmlCacheBehavior [ RunTime:0.000446s ]
INFO: [ view_filter ] --END-- [ RunTime:0.000554s ]
INFO: [ app_end ] --START--
INFO: Run Behavior\ShowPageTraceBehavior [ RunTime:0.001110s ]
INFO: [ app_end ] --END-- [ RunTime:0.001254s ]

[ 2015-10-05T10:02:33+08:00 ] 127.0.0.1 /go/
INFO: [ app_init ] --START--
INFO: Run Behavior\BuildLiteBehavior [ RunTime:0.000031s ]
INFO: [ app_init ] --END-- [ RunTime:0.000815s ]
INFO: [ app_begin ] --START--
INFO: Run Behavior\ReadHtmlCacheBehavior [ RunTime:0.001274s ]
INFO: [ app_begin ] --END-- [ RunTime:0.001414s ]
INFO: [ view_parse ] --START--
INFO: Run Behavior\ParseTemplateBehavior [ RunTime:0.000849s ]
INFO: [ view_parse ] --END-- [ RunTime:0.000989s ]
INFO: [ view_filter ] --START--
INFO: Run Behavior\WriteHtmlCacheBehavior [ RunTime:0.000640s ]
INFO: [ view_filter ] --END-- [ RunTime:0.000760s ]
INFO: [ app_end ] --START--
INFO: Run Behavior\ShowPageTraceBehavior [ RunTime:0.001307s ]
INFO: [ app_end ] --END-- [ RunTime:0.001570s ]

[ 2015-10-05T10:03:45+08:00 ] 127.0.0.1 /go/
INFO: [ app_init ] --START--
INFO: Run Behavior\BuildLiteBehavior [ RunTime:0.000032s ]
INFO: [ app_init ] --END-- [ RunTime:0.000820s ]
INFO: [ app_begin ] --START--
INFO: Run Behavior\ReadHtmlCacheBehavior [ RunTime:0.001563s ]
INFO: [ app_begin ] --END-- [ RunTime:0.001706s ]

[ 2015-10-05T10:04:13+08:00 ] 127.0.0.1 /go/
INFO: [ app_init ] --START--
INFO: Run Behavior\BuildLiteBehavior [ RunTime:0.000033s ]
INFO: [ app_init ] --END-- [ RunTime:0.000832s ]
INFO: [ app_begin ] --START--
INFO: Run Behavior\ReadHtmlCacheBehavior [ RunTime:0.002349s ]
INFO: [ app_begin ] --END-- [ RunTime:0.002518s ]
NOTIC: [8] Use of undefined constant __PUBLIC__ - assumed '__PUBLIC__' H:\wenda\Application\Home\Controller\IndexController.class.php 第 6 行.
INFO: [ app_end ] --START--
INFO: Run Behavior\ShowPageTraceBehavior [ RunTime:0.001422s ]
INFO: [ app_end ] --END-- [ RunTime:0.001795s ]

[ 2015-10-05T10:04:33+08:00 ] 127.0.0.1 /go/
INFO: [ app_init ] --START--
INFO: Run Behavior\BuildLiteBehavior [ RunTime:0.000076s ]
INFO: [ app_init ] --END-- [ RunTime:0.001343s ]
INFO: [ app_begin ] --START--
INFO: Run Behavior\ReadHtmlCacheBehavior [ RunTime:0.001235s ]
INFO: [ app_begin ] --END-- [ RunTime:0.001399s ]
INFO: [ app_end ] --START--
INFO: Run Behavior\ShowPageTraceBehavior [ RunTime:0.001324s ]
INFO: [ app_end ] --END-- [ RunTime:0.001509s ]

[ 2015-10-05T10:09:08+08:00 ] 127.0.0.1 /go/
INFO: [ app_init ] --START--
INFO: Run Behavior\BuildLiteBehavior [ RunTime:0.000033s ]
INFO: [ app_init ] --END-- [ RunTime:0.000925s ]
INFO: [ app_begin ] --START--
INFO: Run Behavior\ReadHtmlCacheBehavior [ RunTime:0.001529s ]
INFO: [ app_begin ] --END-- [ RunTime:0.001684s ]
INFO: [ app_end ] --START--
INFO: Run Behavior\ShowPageTraceBehavior [ RunTime:0.001396s ]
INFO: [ app_end ] --END-- [ RunTime:0.001563s ]

[ 2015-10-05T10:09:38+08:00 ] 127.0.0.1 /go/
INFO: [ app_init ] --START--
INFO: Run Behavior\BuildLiteBehavior [ RunTime:0.000033s ]
INFO: [ app_init ] --END-- [ RunTime:0.000735s ]
INFO: [ app_begin ] --START--
INFO: Run Behavior\ReadHtmlCacheBehavior [ RunTime:0.001184s ]
INFO: [ app_begin ] --END-- [ RunTime:0.001397s ]
NOTIC: [8] Use of undefined constant __PUBLIC__ - assumed '__PUBLIC__' H:\wenda\Application\Home\Controller\IndexController.class.php 第 6 行.
INFO: [ app_end ] --START--
INFO: Run Behavior\ShowPageTraceBehavior [ RunTime:0.001187s ]
INFO: [ app_end ] --END-- [ RunTime:0.001333s ]

[ 2015-10-05T10:09:41+08:00 ] 127.0.0.1 /go/
INFO: [ app_init ] --START--
INFO: Run Behavior\BuildLiteBehavior [ RunTime:0.000032s ]
INFO: [ app_init ] --END-- [ RunTime:0.000802s ]
INFO: [ app_begin ] --START--
INFO: Run Behavior\ReadHtmlCacheBehavior [ RunTime:0.001002s ]
INFO: [ app_begin ] --END-- [ RunTime:0.001136s ]
NOTIC: [8] Use of undefined constant __PUBLIC__ - assumed '__PUBLIC__' H:\wenda\Application\Home\Controller\IndexController.class.php 第 6 行.
INFO: [ app_end ] --START--
INFO: Run Behavior\ShowPageTraceBehavior [ RunTime:0.002012s ]
INFO: [ app_end ] --END-- [ RunTime:0.002153s ]

[ 2015-10-05T10:09:41+08:00 ] 127.0.0.1 /go/
INFO: [ app_init ] --START--
INFO: Run Behavior\BuildLiteBehavior [ RunTime:0.000032s ]
INFO: [ app_init ] --END-- [ RunTime:0.000727s ]
INFO: [ app_begin ] --START--
INFO: Run Behavior\ReadHtmlCacheBehavior [ RunTime:0.001055s ]
INFO: [ app_begin ] --END-- [ RunTime:0.001193s ]
NOTIC: [8] Use of undefined constant __PUBLIC__ - assumed '__PUBLIC__' H:\wenda\Application\Home\Controller\IndexController.class.php 第 6 行.
INFO: [ app_end ] --START--
INFO: Run Behavior\ShowPageTraceBehavior [ RunTime:0.001041s ]
INFO: [ app_end ] --END-- [ RunTime:0.001169s ]

[ 2015-10-05T10:09:41+08:00 ] 127.0.0.1 /go/
INFO: [ app_init ] --START--
INFO: Run Behavior\BuildLiteBehavior [ RunTime:0.000034s ]
INFO: [ app_init ] --END-- [ RunTime:0.000775s ]
INFO: [ app_begin ] --START--
INFO: Run Behavior\ReadHtmlCacheBehavior [ RunTime:0.001083s ]
INFO: [ app_begin ] --END-- [ RunTime:0.001218s ]
NOTIC: [8] Use of undefined constant __PUBLIC__ - assumed '__PUBLIC__' H:\wenda\Application\Home\Controller\IndexController.class.php 第 6 行.
INFO: [ app_end ] --START--
INFO: Run Behavior\ShowPageTraceBehavior [ RunTime:0.001062s ]
INFO: [ app_end ] --END-- [ RunTime:0.002533s ]

[ 2015-10-05T10:09:42+08:00 ] 127.0.0.1 /go/
INFO: [ app_init ] --START--
INFO: Run Behavior\BuildLiteBehavior [ RunTime:0.000031s ]
INFO: [ app_init ] --END-- [ RunTime:0.000721s ]
INFO: [ app_begin ] --START--
INFO: Run Behavior\ReadHtmlCacheBehavior [ RunTime:0.001059s ]
INFO: [ app_begin ] --END-- [ RunTime:0.001353s ]
NOTIC: [8] Use of undefined constant __PUBLIC__ - assumed '__PUBLIC__' H:\wenda\Application\Home\Controller\IndexController.class.php 第 6 行.
INFO: [ app_end ] --START--
INFO: Run Behavior\ShowPageTraceBehavior [ RunTime:0.001311s ]
INFO: [ app_end ] --END-- [ RunTime:0.001474s ]

[ 2015-10-05T10:17:58+08:00 ] 127.0.0.1 /go/
INFO: [ app_init ] --START--
INFO: Run Behavior\BuildLiteBehavior [ RunTime:0.000034s ]
INFO: [ app_init ] --END-- [ RunTime:0.000882s ]
INFO: [ app_begin ] --START--
INFO: Run Behavior\ReadHtmlCacheBehavior [ RunTime:0.001218s ]
INFO: [ app_begin ] --END-- [ RunTime:0.001357s ]
NOTIC: [2] Missing argument 1 for Think\Controller::show(), called in H:\wenda\Application\Home\Controller\IndexController.class.php on line 6 and defined H:\wenda\ThinkPHP\Library\Think\Controller.class.php 第 68 行.
NOTIC: [8] Undefined variable: content H:\wenda\ThinkPHP\Library\Think\Controller.class.php 第 69 行.
INFO: [ view_parse ] --START--
NOTIC: [2] file_get_contents(../Application/Home/View/Common/header.html): failed to open stream: No such file or directory H:\wenda\ThinkPHP\Library\Think\Template.class.php 第 696 行.
NOTIC: [2] file_get_contents(../Application/Home/View/Common/top.html): failed to open stream: No such file or directory H:\wenda\ThinkPHP\Library\Think\Template.class.php 第 696 行.
NOTIC: [2] file_get_contents(../Application/Home/View/Common/right.html): failed to open stream: No such file or directory H:\wenda\ThinkPHP\Library\Think\Template.class.php 第 696 行.
NOTIC: [2] file_get_contents(../Application/Home/View/Common/bottom.html): failed to open stream: No such file or directory H:\wenda\ThinkPHP\Library\Think\Template.class.php 第 696 行.
INFO: [ template_filter ] --START--
INFO: Run Behavior\ContentReplaceBehavior [ RunTime:0.000166s ]
INFO: [ template_filter ] --END-- [ RunTime:0.000325s ]
NOTIC: [8] Undefined variable: cate H:\wenda\Application\Runtime\Cache\Home\9b1c26b1cee56f532f15c56b96a07c74.php 第 13 行.
NOTIC: [8] Undefined variable: wait H:\wenda\Application\Runtime\Cache\Home\9b1c26b1cee56f532f15c56b96a07c74.php 第 56 行.
NOTIC: [8] Undefined variable: rewardAsk H:\wenda\Application\Runtime\Cache\Home\9b1c26b1cee56f532f15c56b96a07c74.php 第 67 行.
INFO: Run Behavior\ParseTemplateBehavior [ RunTime:0.033114s ]
INFO: [ view_parse ] --END-- [ RunTime:0.033258s ]
INFO: [ view_filter ] --START--
INFO: Run Behavior\WriteHtmlCacheBehavior [ RunTime:0.003789s ]
INFO: [ view_filter ] --END-- [ RunTime:0.003965s ]
INFO: [ app_end ] --START--
INFO: Run Behavior\ShowPageTraceBehavior [ RunTime:0.001715s ]
INFO: [ app_end ] --END-- [ RunTime:0.001859s ]

[ 2015-10-05T10:19:40+08:00 ] 127.0.0.1 /go/
INFO: [ app_init ] --START--
INFO: Run Behavior\BuildLiteBehavior [ RunTime:0.000033s ]
INFO: [ app_init ] --END-- [ RunTime:0.000886s ]
INFO: [ app_begin ] --START--
INFO: Run Behavior\ReadHtmlCacheBehavior [ RunTime:0.001692s ]
INFO: [ app_begin ] --END-- [ RunTime:0.001923s ]
NOTIC: [2] Missing argument 1 for Think\Controller::show(), called in H:\wenda\Application\Home\Controller\IndexController.class.php on line 6 and defined H:\wenda\ThinkPHP\Library\Think\Controller.class.php 第 68 行.
NOTIC: [8] Undefined variable: content H:\wenda\ThinkPHP\Library\Think\Controller.class.php 第 69 行.
INFO: [ view_parse ] --START--
NOTIC: [2] file_get_contents(../Application/Home/View/Common/header.html): failed to open stream: No such file or directory H:\wenda\ThinkPHP\Library\Think\Template.class.php 第 696 行.
NOTIC: [2] file_get_contents(../Application/Home/View/Common/top.html): failed to open stream: No such file or directory H:\wenda\ThinkPHP\Library\Think\Template.class.php 第 696 行.
NOTIC: [2] file_get_contents(../Application/Home/View/Common/right.html): failed to open stream: No such file or directory H:\wenda\ThinkPHP\Library\Think\Template.class.php 第 696 行.
NOTIC: [2] file_get_contents(../Application/Home/View/Common/bottom.html): failed to open stream: No such file or directory H:\wenda\ThinkPHP\Library\Think\Template.class.php 第 696 行.
INFO: [ template_filter ] --START--
INFO: Run Behavior\ContentReplaceBehavior [ RunTime:0.000159s ]
INFO: [ template_filter ] --END-- [ RunTime:0.000330s ]
NOTIC: [8] Undefined variable: cate H:\wenda\Application\Runtime\Cache\Home\9b1c26b1cee56f532f15c56b96a07c74.php 第 13 行.
NOTIC: [8] Undefined variable: wait H:\wenda\Application\Runtime\Cache\Home\9b1c26b1cee56f532f15c56b96a07c74.php 第 56 行.
NOTIC: [8] Undefined variable: rewardAsk H:\wenda\Application\Runtime\Cache\Home\9b1c26b1cee56f532f15c56b96a07c74.php 第 67 行.
INFO: Run Behavior\ParseTemplateBehavior [ RunTime:0.029069s ]
INFO: [ view_parse ] --END-- [ RunTime:0.029263s ]
INFO: [ view_filter ] --START--
INFO: Run Behavior\WriteHtmlCacheBehavior [ RunTime:0.000706s ]
INFO: [ view_filter ] --END-- [ RunTime:0.000821s ]
INFO: [ app_end ] --START--
INFO: Run Behavior\ShowPageTraceBehavior [ RunTime:0.001840s ]
INFO: [ app_end ] --END-- [ RunTime:0.002078s ]

[ 2015-10-05T10:20:33+08:00 ] 127.0.0.1 /go/
INFO: [ app_init ] --START--
INFO: Run Behavior\BuildLiteBehavior [ RunTime:0.000032s ]
INFO: [ app_init ] --END-- [ RunTime:0.001024s ]
INFO: [ app_begin ] --START--
INFO: Run Behavior\ReadHtmlCacheBehavior [ RunTime:0.001492s ]
INFO: [ app_begin ] --END-- [ RunTime:0.001643s ]
NOTIC: [2] Missing argument 1 for Think\Controller::show(), called in H:\wenda\Application\Home\Controller\IndexController.class.php on line 6 and defined H:\wenda\ThinkPHP\Library\Think\Controller.class.php 第 68 行.
NOTIC: [8] Undefined variable: content H:\wenda\ThinkPHP\Library\Think\Controller.class.php 第 69 行.
INFO: [ view_parse ] --START--
INFO: [ template_filter ] --START--
INFO: Run Behavior\ContentReplaceBehavior [ RunTime:0.000285s ]
INFO: [ template_filter ] --END-- [ RunTime:0.000477s ]
NOTIC: [8] Undefined variable: id H:\wenda\Application\Runtime\Cache\Home\9b1c26b1cee56f532f15c56b96a07c74.php 第 53 行.
NOTIC: [8] Undefined variable: name H:\wenda\Application\Runtime\Cache\Home\9b1c26b1cee56f532f15c56b96a07c74.php 第 53 行.
NOTIC: [8] Undefined variable: cate H:\wenda\Application\Runtime\Cache\Home\9b1c26b1cee56f532f15c56b96a07c74.php 第 157 行.
NOTIC: [8] Undefined variable: wait H:\wenda\Application\Runtime\Cache\Home\9b1c26b1cee56f532f15c56b96a07c74.php 第 200 行.
NOTIC: [8] Undefined variable: rewardAsk H:\wenda\Application\Runtime\Cache\Home\9b1c26b1cee56f532f15c56b96a07c74.php 第 211 行.
ERR: 无法加载数据库驱动: Think\Db\Driver\

[ 2015-10-05T10:20:33+08:00 ] 127.0.0.1 /go/index.php/Home/Common/verify.html
INFO: [ app_init ] --START--
INFO: Run Behavior\BuildLiteBehavior [ RunTime:0.000032s ]
INFO: [ app_init ] --END-- [ RunTime:0.000770s ]
INFO: [ app_begin ] --START--
INFO: Run Behavior\ReadHtmlCacheBehavior [ RunTime:0.001009s ]
INFO: [ app_begin ] --END-- [ RunTime:0.001141s ]
ERR: 无法加载控制器:Common

[ 2015-10-05T10:20:33+08:00 ] 127.0.0.1 /go/index.php/Home/Common/verify.html
INFO: [ app_init ] --START--
INFO: Run Behavior\BuildLiteBehavior [ RunTime:0.000031s ]
INFO: [ app_init ] --END-- [ RunTime:0.000797s ]
INFO: [ app_begin ] --START--
INFO: Run Behavior\ReadHtmlCacheBehavior [ RunTime:0.001237s ]
INFO: [ app_begin ] --END-- [ RunTime:0.001389s ]
ERR: 无法加载控制器:Common

[ 2015-10-05T10:20:51+08:00 ] 127.0.0.1 /go/
INFO: [ app_init ] --START--
INFO: Run Behavior\BuildLiteBehavior [ RunTime:0.000032s ]
INFO: [ app_init ] --END-- [ RunTime:0.000723s ]
INFO: [ app_begin ] --START--
INFO: Run Behavior\ReadHtmlCacheBehavior [ RunTime:0.000983s ]
INFO: [ app_begin ] --END-- [ RunTime:0.001125s ]
NOTIC: [2] Missing argument 1 for Think\Controller::show(), called in H:\wenda\Application\Home\Controller\IndexController.class.php on line 6 and defined H:\wenda\ThinkPHP\Library\Think\Controller.class.php 第 68 行.
NOTIC: [8] Undefined variable: content H:\wenda\ThinkPHP\Library\Think\Controller.class.php 第 69 行.
INFO: [ view_parse ] --START--
INFO: [ template_filter ] --START--
INFO: Run Behavior\ContentReplaceBehavior [ RunTime:0.000299s ]
INFO: [ template_filter ] --END-- [ RunTime:0.000524s ]
NOTIC: [8] Undefined variable: id H:\wenda\Application\Runtime\Cache\Home\9b1c26b1cee56f532f15c56b96a07c74.php 第 53 行.
NOTIC: [8] Undefined variable: name H:\wenda\Application\Runtime\Cache\Home\9b1c26b1cee56f532f15c56b96a07c74.php 第 53 行.
NOTIC: [8] Undefined variable: cate H:\wenda\Application\Runtime\Cache\Home\9b1c26b1cee56f532f15c56b96a07c74.php 第 157 行.
NOTIC: [8] Undefined variable: wait H:\wenda\Application\Runtime\Cache\Home\9b1c26b1cee56f532f15c56b96a07c74.php 第 200 行.
NOTIC: [8] Undefined variable: rewardAsk H:\wenda\Application\Runtime\Cache\Home\9b1c26b1cee56f532f15c56b96a07c74.php 第 211 行.
ERR: 无法加载数据库驱动: Think\Db\Driver\

[ 2015-10-05T10:20:51+08:00 ] 127.0.0.1 /go/index.php/Home/Common/verify.html
INFO: [ app_init ] --START--
INFO: Run Behavior\BuildLiteBehavior [ RunTime:0.000029s ]
INFO: [ app_init ] --END-- [ RunTime:0.000682s ]
INFO: [ app_begin ] --START--
INFO: Run Behavior\ReadHtmlCacheBehavior [ RunTime:0.000885s ]
INFO: [ app_begin ] --END-- [ RunTime:0.001009s ]
ERR: 无法加载控制器:Common

[ 2015-10-05T10:20:52+08:00 ] 127.0.0.1 /go/index.php/Home/Common/verify.html
INFO: [ app_init ] --START--
INFO: Run Behavior\BuildLiteBehavior [ RunTime:0.000051s ]
INFO: [ app_init ] --END-- [ RunTime:0.000812s ]
INFO: [ app_begin ] --START--
INFO: Run Behavior\ReadHtmlCacheBehavior [ RunTime:0.001061s ]
INFO: [ app_begin ] --END-- [ RunTime:0.001228s ]
ERR: 无法加载控制器:Common

[ 2015-10-05T10:21:08+08:00 ] 127.0.0.1 /go/index.php/Home/index
INFO: [ app_init ] --START--
INFO: Run Behavior\BuildLiteBehavior [ RunTime:0.000032s ]
INFO: [ app_init ] --END-- [ RunTime:0.000758s ]
INFO: [ app_begin ] --START--
INFO: Run Behavior\ReadHtmlCacheBehavior [ RunTime:0.001050s ]
INFO: [ app_begin ] --END-- [ RunTime:0.001194s ]
NOTIC: [2] Missing argument 1 for Think\Controller::show(), called in H:\wenda\Application\Home\Controller\IndexController.class.php on line 6 and defined H:\wenda\ThinkPHP\Library\Think\Controller.class.php 第 68 行.
NOTIC: [8] Undefined variable: content H:\wenda\ThinkPHP\Library\Think\Controller.class.php 第 69 行.
INFO: [ view_parse ] --START--
INFO: [ template_filter ] --START--
INFO: Run Behavior\ContentReplaceBehavior [ RunTime:0.000307s ]
INFO: [ template_filter ] --END-- [ RunTime:0.000464s ]
NOTIC: [8] Undefined variable: id H:\wenda\Application\Runtime\Cache\Home\9b1c26b1cee56f532f15c56b96a07c74.php 第 53 行.
NOTIC: [8] Undefined variable: name H:\wenda\Application\Runtime\Cache\Home\9b1c26b1cee56f532f15c56b96a07c74.php 第 53 行.
NOTIC: [8] Undefined variable: cate H:\wenda\Application\Runtime\Cache\Home\9b1c26b1cee56f532f15c56b96a07c74.php 第 157 行.
NOTIC: [8] Undefined variable: wait H:\wenda\Application\Runtime\Cache\Home\9b1c26b1cee56f532f15c56b96a07c74.php 第 200 行.
NOTIC: [8] Undefined variable: rewardAsk H:\wenda\Application\Runtime\Cache\Home\9b1c26b1cee56f532f15c56b96a07c74.php 第 211 行.
ERR: 无法加载数据库驱动: Think\Db\Driver\

[ 2015-10-05T10:21:08+08:00 ] 127.0.0.1 /go/index.php/Home/Common/verify.html
INFO: [ app_init ] --START--
INFO: Run Behavior\BuildLiteBehavior [ RunTime:0.000032s ]
INFO: [ app_init ] --END-- [ RunTime:0.000714s ]
INFO: [ app_begin ] --START--
INFO: Run Behavior\ReadHtmlCacheBehavior [ RunTime:0.001068s ]
INFO: [ app_begin ] --END-- [ RunTime:0.001225s ]
ERR: 无法加载控制器:Common

[ 2015-10-05T10:21:08+08:00 ] 127.0.0.1 /go/index.php/Home/Common/verify.html
INFO: [ app_init ] --START--
INFO: Run Behavior\BuildLiteBehavior [ RunTime:0.000046s ]
INFO: [ app_init ] --END-- [ RunTime:0.001019s ]
INFO: [ app_begin ] --START--
INFO: Run Behavior\ReadHtmlCacheBehavior [ RunTime:0.002680s ]
INFO: [ app_begin ] --END-- [ RunTime:0.002906s ]
ERR: 无法加载控制器:Common

[ 2015-10-05T20:56:47+08:00 ] 127.0.0.1 /go/
INFO: [ app_init ] --START--
INFO: Run Behavior\BuildLiteBehavior [ RunTime:0.000032s ]
INFO: [ app_init ] --END-- [ RunTime:0.000836s ]
INFO: [ app_begin ] --START--
INFO: Run Behavior\ReadHtmlCacheBehavior [ RunTime:0.001635s ]
INFO: [ app_begin ] --END-- [ RunTime:0.001808s ]
NOTIC: [2] Missing argument 1 for Think\Controller::show(), called in H:\wenda\Application\Home\Controller\IndexController.class.php on line 6 and defined H:\wenda\ThinkPHP\Library\Think\Controller.class.php 第 68 行.
NOTIC: [8] Undefined variable: content H:\wenda\ThinkPHP\Library\Think\Controller.class.php 第 69 行.
INFO: [ view_parse ] --START--
INFO: [ template_filter ] --START--
INFO: Run Behavior\ContentReplaceBehavior [ RunTime:0.000300s ]
INFO: [ template_filter ] --END-- [ RunTime:0.000455s ]
NOTIC: [8] Undefined variable: id H:\wenda\Application\Runtime\Cache\Home\9b1c26b1cee56f532f15c56b96a07c74.php 第 53 行.
NOTIC: [8] Undefined variable: name H:\wenda\Application\Runtime\Cache\Home\9b1c26b1cee56f532f15c56b96a07c74.php 第 53 行.
NOTIC: [8] Undefined variable: cate H:\wenda\Application\Runtime\Cache\Home\9b1c26b1cee56f532f15c56b96a07c74.php 第 157 行.
NOTIC: [8] Undefined variable: wait H:\wenda\Application\Runtime\Cache\Home\9b1c26b1cee56f532f15c56b96a07c74.php 第 200 行.
NOTIC: [8] Undefined variable: rewardAsk H:\wenda\Application\Runtime\Cache\Home\9b1c26b1cee56f532f15c56b96a07c74.php 第 211 行.
ERR: 无法加载数据库驱动: Think\Db\Driver\

[ 2015-10-05T20:56:47+08:00 ] 127.0.0.1 /go/index.php/Home/Common/verify.html
INFO: [ app_init ] --START--
INFO: Run Behavior\BuildLiteBehavior [ RunTime:0.000031s ]
INFO: [ app_init ] --END-- [ RunTime:0.000734s ]
INFO: [ app_begin ] --START--
INFO: Run Behavior\ReadHtmlCacheBehavior [ RunTime:0.001201s ]
INFO: [ app_begin ] --END-- [ RunTime:0.001347s ]
ERR: 无法加载控制器:Common

[ 2015-10-05T20:56:47+08:00 ] 127.0.0.1 /go/index.php/Home/Common/verify.html
INFO: [ app_init ] --START--
INFO: Run Behavior\BuildLiteBehavior [ RunTime:0.000046s ]
INFO: [ app_init ] --END-- [ RunTime:0.000959s ]
INFO: [ app_begin ] --START--
INFO: Run Behavior\ReadHtmlCacheBehavior [ RunTime:0.001137s ]
INFO: [ app_begin ] --END-- [ RunTime:0.001269s ]
ERR: 无法加载控制器:Common

[ 2015-10-05T21:08:59+08:00 ] 127.0.0.1 /go/
INFO: [ app_init ] --START--
INFO: Run Behavior\BuildLiteBehavior [ RunTime:0.000033s ]
INFO: [ app_init ] --END-- [ RunTime:0.000978s ]
INFO: [ app_begin ] --START--
INFO: Run Behavior\ReadHtmlCacheBehavior [ RunTime:0.001593s ]
INFO: [ app_begin ] --END-- [ RunTime:0.001801s ]
NOTIC: [2] Missing argument 1 for Think\Controller::show(), called in H:\wenda\Application\Home\Controller\IndexController.class.php on line 6 and defined H:\wenda\ThinkPHP\Library\Think\Controller.class.php 第 68 行.
NOTIC: [8] Undefined variable: content H:\wenda\ThinkPHP\Library\Think\Controller.class.php 第 69 行.
INFO: [ view_parse ] --START--
INFO: [ template_filter ] --START--
INFO: Run Behavior\ContentReplaceBehavior [ RunTime:0.000279s ]
INFO: [ template_filter ] --END-- [ RunTime:0.000468s ]
NOTIC: [8] Undefined variable: id H:\wenda\Application\Runtime\Cache\Home\9b1c26b1cee56f532f15c56b96a07c74.php 第 53 行.
NOTIC: [8] Undefined variable: name H:\wenda\Application\Runtime\Cache\Home\9b1c26b1cee56f532f15c56b96a07c74.php 第 53 行.
NOTIC: [8] Undefined variable: cate H:\wenda\Application\Runtime\Cache\Home\9b1c26b1cee56f532f15c56b96a07c74.php 第 157 行.
NOTIC: [8] Undefined variable: wait H:\wenda\Application\Runtime\Cache\Home\9b1c26b1cee56f532f15c56b96a07c74.php 第 200 行.
NOTIC: [8] Undefined variable: rewardAsk H:\wenda\Application\Runtime\Cache\Home\9b1c26b1cee56f532f15c56b96a07c74.php 第 211 行.
ERR: 无法加载数据库驱动: Think\Db\Driver\

[ 2015-10-05T21:09:00+08:00 ] 127.0.0.1 /go/index.php/Home/Common/verify.html
INFO: [ app_init ] --START--
INFO: Run Behavior\BuildLiteBehavior [ RunTime:0.000050s ]
INFO: [ app_init ] --END-- [ RunTime:0.001262s ]
INFO: [ app_begin ] --START--
INFO: Run Behavior\ReadHtmlCacheBehavior [ RunTime:0.001558s ]
INFO: [ app_begin ] --END-- [ RunTime:0.001787s ]
ERR: 无法加载控制器:Common

[ 2015-10-05T21:09:00+08:00 ] 127.0.0.1 /go/index.php/Home/Common/verify.html
INFO: [ app_init ] --START--
INFO: Run Behavior\BuildLiteBehavior [ RunTime:0.000047s ]
INFO: [ app_init ] --END-- [ RunTime:0.001238s ]
INFO: [ app_begin ] --START--
INFO: Run Behavior\ReadHtmlCacheBehavior [ RunTime:0.001355s ]
INFO: [ app_begin ] --END-- [ RunTime:0.001539s ]
ERR: 无法加载控制器:Common

