[ 2015-12-22T09:38:34+08:00 ] 127.0.0.1 /go/index.php/Home/Ask/getCate?pid=37
INFO: [ app_begin ] --START--
INFO: Run Behavior\ReadHtmlCacheBehavior [ RunTime:0.002177s ]
INFO: [ app_begin ] --END-- [ RunTime:0.002962s ]
SQL: SHOW COLUMNS FROM `ds_category` [ RunTime:0.0056s ]
SQL: SELECT * FROM `ds_category` WHERE ( pid=37 )  [ RunTime:0.0005s ]
INFO: [ app_end ] --START--
INFO: Run Behavior\ShowPageTraceBehavior [ RunTime:0.001199s ]
INFO: [ app_end ] --END-- [ RunTime:0.001324s ]

[ 2015-12-22T09:38:35+08:00 ] 127.0.0.1 /go/index.php/Home/Ask/getCate?pid=59
INFO: [ app_begin ] --START--
INFO: Run Behavior\ReadHtmlCacheBehavior [ RunTime:0.001008s ]
INFO: [ app_begin ] --END-- [ RunTime:0.001814s ]
SQL: SHOW COLUMNS FROM `ds_category` [ RunTime:0.0060s ]
SQL: SELECT * FROM `ds_category` WHERE ( pid=59 )  [ RunTime:0.0005s ]
INFO: [ app_end ] --START--
INFO: Run Behavior\ShowPageTraceBehavior [ RunTime:0.001195s ]
INFO: [ app_end ] --END-- [ RunTime:0.001318s ]

[ 2015-12-22T21:54:31+08:00 ] 127.0.0.1 /go/index.php/Home/Ask/getCate?pid=34
INFO: [ app_begin ] --START--
INFO: Run Behavior\ReadHtmlCacheBehavior [ RunTime:0.000978s ]
INFO: [ app_begin ] --END-- [ RunTime:0.001660s ]
SQL: SHOW COLUMNS FROM `ds_category` [ RunTime:0.0059s ]
SQL: SELECT * FROM `ds_category` WHERE ( pid=34 )  [ RunTime:0.0011s ]
INFO: [ app_end ] --START--
INFO: Run Behavior\ShowPageTraceBehavior [ RunTime:0.001174s ]
INFO: [ app_end ] --END-- [ RunTime:0.001331s ]

[ 2015-12-22T21:54:33+08:00 ] 127.0.0.1 /go/index.php/Home/Ask/getCate?pid=37
INFO: [ app_begin ] --START--
INFO: Run Behavior\ReadHtmlCacheBehavior [ RunTime:0.000978s ]
INFO: [ app_begin ] --END-- [ RunTime:0.001591s ]
SQL: SHOW COLUMNS FROM `ds_category` [ RunTime:0.0061s ]
SQL: SELECT * FROM `ds_category` WHERE ( pid=37 )  [ RunTime:0.0006s ]
INFO: [ app_end ] --START--
INFO: Run Behavior\ShowPageTraceBehavior [ RunTime:0.001101s ]
INFO: [ app_end ] --END-- [ RunTime:0.001216s ]

[ 2015-12-22T21:54:36+08:00 ] 127.0.0.1 /go/index.php/Home/Ask/getCate?pid=1
INFO: [ app_begin ] --START--
INFO: Run Behavior\ReadHtmlCacheBehavior [ RunTime:0.001284s ]
INFO: [ app_begin ] --END-- [ RunTime:0.002081s ]
SQL: SHOW COLUMNS FROM `ds_category` [ RunTime:0.0061s ]
SQL: SELECT * FROM `ds_category` WHERE ( pid=1 )  [ RunTime:0.0006s ]
INFO: [ app_end ] --START--
INFO: Run Behavior\ShowPageTraceBehavior [ RunTime:0.001169s ]
INFO: [ app_end ] --END-- [ RunTime:0.001291s ]

[ 2015-12-22T21:54:38+08:00 ] 127.0.0.1 /go/index.php/Home/Ask/getCate?pid=6
INFO: [ app_begin ] --START--
INFO: Run Behavior\ReadHtmlCacheBehavior [ RunTime:0.000955s ]
INFO: [ app_begin ] --END-- [ RunTime:0.001639s ]
SQL: SHOW COLUMNS FROM `ds_category` [ RunTime:0.0060s ]
SQL: SELECT * FROM `ds_category` WHERE ( pid=6 )  [ RunTime:0.0005s ]
INFO: [ app_end ] --START--
INFO: Run Behavior\ShowPageTraceBehavior [ RunTime:0.003116s ]
INFO: [ app_end ] --END-- [ RunTime:0.003265s ]

[ 2015-12-22T21:55:50+08:00 ] 127.0.0.1 /go/index.php/Home/Ask/getCate?pid=33
INFO: [ app_begin ] --START--
INFO: Run Behavior\ReadHtmlCacheBehavior [ RunTime:0.001033s ]
INFO: [ app_begin ] --END-- [ RunTime:0.001847s ]
SQL: SHOW COLUMNS FROM `ds_category` [ RunTime:0.0064s ]
SQL: SELECT * FROM `ds_category` WHERE ( pid=33 )  [ RunTime:0.0005s ]
INFO: [ app_end ] --START--
INFO: Run Behavior\ShowPageTraceBehavior [ RunTime:0.001260s ]
INFO: [ app_end ] --END-- [ RunTime:0.001389s ]

[ 2015-12-22T21:55:51+08:00 ] 127.0.0.1 /go/index.php/Home/Ask/getCate?pid=34
INFO: [ app_begin ] --START--
INFO: Run Behavior\ReadHtmlCacheBehavior [ RunTime:0.001183s ]
INFO: [ app_begin ] --END-- [ RunTime:0.001847s ]
SQL: SHOW COLUMNS FROM `ds_category` [ RunTime:0.0057s ]
SQL: SELECT * FROM `ds_category` WHERE ( pid=34 )  [ RunTime:0.0006s ]
INFO: [ app_end ] --START--
INFO: Run Behavior\ShowPageTraceBehavior [ RunTime:0.001130s ]
INFO: [ app_end ] --END-- [ RunTime:0.001256s ]

[ 2015-12-22T21:55:53+08:00 ] 127.0.0.1 /go/index.php/Home/Ask/getCate?pid=71
INFO: [ app_begin ] --START--
INFO: Run Behavior\ReadHtmlCacheBehavior [ RunTime:0.001086s ]
INFO: [ app_begin ] --END-- [ RunTime:0.001784s ]
SQL: SHOW COLUMNS FROM `ds_category` [ RunTime:0.0066s ]
SQL: SELECT * FROM `ds_category` WHERE ( pid=71 )  [ RunTime:0.0005s ]
INFO: [ app_end ] --START--
INFO: Run Behavior\ShowPageTraceBehavior [ RunTime:0.001173s ]
INFO: [ app_end ] --END-- [ RunTime:0.001294s ]

