[ 2015-11-10T09:19:22+08:00 ] 127.0.0.1 /go/
INFO: [ app_init ] --START--
INFO: Run Behavior\BuildLiteBehavior [ RunTime:0.000039s ]
INFO: [ app_init ] --END-- [ RunTime:0.071776s ]
INFO: [ app_begin ] --START--
INFO: Run Behavior\ReadHtmlCacheBehavior [ RunTime:0.012234s ]
INFO: [ app_begin ] --END-- [ RunTime:0.012405s ]
NOTIC: [2] Missing argument 1 for Think\Controller::show(), called in H:\wenda\Application\Home\Controller\IndexController.class.php on line 6 and defined H:\wenda\ThinkPHP\Library\Think\Controller.class.php 第 68 行.
NOTIC: [8] Undefined variable: content H:\wenda\ThinkPHP\Library\Think\Controller.class.php 第 69 行.
INFO: [ view_parse ] --START--
INFO: [ template_filter ] --START--
INFO: Run Behavior\ContentReplaceBehavior [ RunTime:0.000763s ]
INFO: [ template_filter ] --END-- [ RunTime:0.000987s ]
NOTIC: [8] Undefined variable: id H:\wenda\Application\Runtime\Cache\Home\9b1c26b1cee56f532f15c56b96a07c74.php 第 53 行.
NOTIC: [8] Undefined variable: name H:\wenda\Application\Runtime\Cache\Home\9b1c26b1cee56f532f15c56b96a07c74.php 第 53 行.
NOTIC: [8] Undefined variable: cate H:\wenda\Application\Runtime\Cache\Home\9b1c26b1cee56f532f15c56b96a07c74.php 第 157 行.
NOTIC: [8] Undefined variable: wait H:\wenda\Application\Runtime\Cache\Home\9b1c26b1cee56f532f15c56b96a07c74.php 第 200 行.
NOTIC: [8] Undefined variable: rewardAsk H:\wenda\Application\Runtime\Cache\Home\9b1c26b1cee56f532f15c56b96a07c74.php 第 211 行.
ERR: 无法加载数据库驱动: Think\Db\Driver\

[ 2015-11-10T09:19:23+08:00 ] 127.0.0.1 /go/index.php/Home/Common/verify.html
INFO: [ app_init ] --START--
INFO: Run Behavior\BuildLiteBehavior [ RunTime:0.000031s ]
INFO: [ app_init ] --END-- [ RunTime:0.000699s ]
INFO: [ app_begin ] --START--
INFO: Run Behavior\ReadHtmlCacheBehavior [ RunTime:0.001018s ]
INFO: [ app_begin ] --END-- [ RunTime:0.001163s ]
ERR: 无法加载控制器:Common

[ 2015-11-10T09:19:23+08:00 ] 127.0.0.1 /go/index.php/Home/Common/verify.html
INFO: [ app_init ] --START--
INFO: Run Behavior\BuildLiteBehavior [ RunTime:0.000030s ]
INFO: [ app_init ] --END-- [ RunTime:0.000675s ]
INFO: [ app_begin ] --START--
INFO: Run Behavior\ReadHtmlCacheBehavior [ RunTime:0.000898s ]
INFO: [ app_begin ] --END-- [ RunTime:0.001023s ]
ERR: 无法加载控制器:Common

[ 2015-11-10T09:51:43+08:00 ] 127.0.0.1 /go/index.php/Home/Ask/index.html
INFO: [ app_init ] --START--
INFO: Run Behavior\BuildLiteBehavior [ RunTime:0.000035s ]
INFO: [ app_init ] --END-- [ RunTime:0.000876s ]
INFO: [ app_begin ] --START--
INFO: Run Behavior\ReadHtmlCacheBehavior [ RunTime:0.001371s ]
INFO: [ app_begin ] --END-- [ RunTime:0.001520s ]
ERR: 无法加载控制器:Ask

[ 2015-11-10T09:51:44+08:00 ] 127.0.0.1 /go/
INFO: [ app_init ] --START--
INFO: Run Behavior\BuildLiteBehavior [ RunTime:0.000031s ]
INFO: [ app_init ] --END-- [ RunTime:0.000834s ]
INFO: [ app_begin ] --START--
INFO: Run Behavior\ReadHtmlCacheBehavior [ RunTime:0.001347s ]
INFO: [ app_begin ] --END-- [ RunTime:0.001481s ]
NOTIC: [2] Missing argument 1 for Think\Controller::show(), called in H:\wenda\Application\Home\Controller\IndexController.class.php on line 6 and defined H:\wenda\ThinkPHP\Library\Think\Controller.class.php 第 68 行.
NOTIC: [8] Undefined variable: content H:\wenda\ThinkPHP\Library\Think\Controller.class.php 第 69 行.
INFO: [ view_parse ] --START--
INFO: [ template_filter ] --START--
INFO: Run Behavior\ContentReplaceBehavior [ RunTime:0.000488s ]
INFO: [ template_filter ] --END-- [ RunTime:0.000741s ]
NOTIC: [8] Undefined variable: id H:\wenda\Application\Runtime\Cache\Home\9b1c26b1cee56f532f15c56b96a07c74.php 第 53 行.
NOTIC: [8] Undefined variable: name H:\wenda\Application\Runtime\Cache\Home\9b1c26b1cee56f532f15c56b96a07c74.php 第 53 行.
NOTIC: [8] Undefined variable: cate H:\wenda\Application\Runtime\Cache\Home\9b1c26b1cee56f532f15c56b96a07c74.php 第 157 行.
NOTIC: [8] Undefined variable: wait H:\wenda\Application\Runtime\Cache\Home\9b1c26b1cee56f532f15c56b96a07c74.php 第 200 行.
NOTIC: [8] Undefined variable: rewardAsk H:\wenda\Application\Runtime\Cache\Home\9b1c26b1cee56f532f15c56b96a07c74.php 第 211 行.
ERR: 无法加载数据库驱动: Think\Db\Driver\

[ 2015-11-10T09:51:44+08:00 ] 127.0.0.1 /go/index.php/Home/Common/verify.html
INFO: [ app_init ] --START--
INFO: Run Behavior\BuildLiteBehavior [ RunTime:0.000038s ]
INFO: [ app_init ] --END-- [ RunTime:0.000835s ]
INFO: [ app_begin ] --START--
INFO: Run Behavior\ReadHtmlCacheBehavior [ RunTime:0.001995s ]
INFO: [ app_begin ] --END-- [ RunTime:0.002151s ]
ERR: 无法加载控制器:Common

[ 2015-11-10T09:51:45+08:00 ] 127.0.0.1 /go/index.php/Home/Common/verify.html
INFO: [ app_init ] --START--
INFO: Run Behavior\BuildLiteBehavior [ RunTime:0.000047s ]
INFO: [ app_init ] --END-- [ RunTime:0.001290s ]
INFO: [ app_begin ] --START--
INFO: Run Behavior\ReadHtmlCacheBehavior [ RunTime:0.002160s ]
INFO: [ app_begin ] --END-- [ RunTime:0.002386s ]
ERR: 无法加载控制器:Common

[ 2015-11-10T09:51:51+08:00 ] 127.0.0.1 /go/
INFO: [ app_init ] --START--
INFO: Run Behavior\BuildLiteBehavior [ RunTime:0.000032s ]
INFO: [ app_init ] --END-- [ RunTime:0.000841s ]
INFO: [ app_begin ] --START--
INFO: Run Behavior\ReadHtmlCacheBehavior [ RunTime:0.001426s ]
INFO: [ app_begin ] --END-- [ RunTime:0.001608s ]
NOTIC: [2] Missing argument 1 for Think\Controller::show(), called in H:\wenda\Application\Home\Controller\IndexController.class.php on line 6 and defined H:\wenda\ThinkPHP\Library\Think\Controller.class.php 第 68 行.
NOTIC: [8] Undefined variable: content H:\wenda\ThinkPHP\Library\Think\Controller.class.php 第 69 行.
INFO: [ view_parse ] --START--
INFO: [ template_filter ] --START--
INFO: Run Behavior\ContentReplaceBehavior [ RunTime:0.000299s ]
INFO: [ template_filter ] --END-- [ RunTime:0.000445s ]
NOTIC: [8] Undefined variable: id H:\wenda\Application\Runtime\Cache\Home\9b1c26b1cee56f532f15c56b96a07c74.php 第 53 行.
NOTIC: [8] Undefined variable: name H:\wenda\Application\Runtime\Cache\Home\9b1c26b1cee56f532f15c56b96a07c74.php 第 53 行.
NOTIC: [8] Undefined variable: cate H:\wenda\Application\Runtime\Cache\Home\9b1c26b1cee56f532f15c56b96a07c74.php 第 157 行.
NOTIC: [8] Undefined variable: wait H:\wenda\Application\Runtime\Cache\Home\9b1c26b1cee56f532f15c56b96a07c74.php 第 200 行.
NOTIC: [8] Undefined variable: rewardAsk H:\wenda\Application\Runtime\Cache\Home\9b1c26b1cee56f532f15c56b96a07c74.php 第 211 行.
ERR: 无法加载数据库驱动: Think\Db\Driver\

[ 2015-11-10T09:51:51+08:00 ] 127.0.0.1 /go/index.php/Home/Common/verify.html
INFO: [ app_init ] --START--
INFO: Run Behavior\BuildLiteBehavior [ RunTime:0.000031s ]
INFO: [ app_init ] --END-- [ RunTime:0.000825s ]
INFO: [ app_begin ] --START--
INFO: Run Behavior\ReadHtmlCacheBehavior [ RunTime:0.001417s ]
INFO: [ app_begin ] --END-- [ RunTime:0.001562s ]
ERR: 无法加载控制器:Common

[ 2015-11-10T09:51:51+08:00 ] 127.0.0.1 /go/index.php/Home/Common/verify.html
INFO: [ app_init ] --START--
INFO: Run Behavior\BuildLiteBehavior [ RunTime:0.000029s ]
INFO: [ app_init ] --END-- [ RunTime:0.000753s ]
INFO: [ app_begin ] --START--
INFO: Run Behavior\ReadHtmlCacheBehavior [ RunTime:0.001335s ]
INFO: [ app_begin ] --END-- [ RunTime:0.001473s ]
ERR: 无法加载控制器:Common

[ 2015-11-10T09:51:54+08:00 ] 127.0.0.1 /go/
INFO: [ app_init ] --START--
INFO: Run Behavior\BuildLiteBehavior [ RunTime:0.000031s ]
INFO: [ app_init ] --END-- [ RunTime:0.000818s ]
INFO: [ app_begin ] --START--
INFO: Run Behavior\ReadHtmlCacheBehavior [ RunTime:0.001643s ]
INFO: [ app_begin ] --END-- [ RunTime:0.001777s ]
NOTIC: [2] Missing argument 1 for Think\Controller::show(), called in H:\wenda\Application\Home\Controller\IndexController.class.php on line 6 and defined H:\wenda\ThinkPHP\Library\Think\Controller.class.php 第 68 行.
NOTIC: [8] Undefined variable: content H:\wenda\ThinkPHP\Library\Think\Controller.class.php 第 69 行.
INFO: [ view_parse ] --START--
INFO: [ template_filter ] --START--
INFO: Run Behavior\ContentReplaceBehavior [ RunTime:0.000273s ]
INFO: [ template_filter ] --END-- [ RunTime:0.000430s ]
NOTIC: [8] Undefined variable: id H:\wenda\Application\Runtime\Cache\Home\9b1c26b1cee56f532f15c56b96a07c74.php 第 53 行.
NOTIC: [8] Undefined variable: name H:\wenda\Application\Runtime\Cache\Home\9b1c26b1cee56f532f15c56b96a07c74.php 第 53 行.
NOTIC: [8] Undefined variable: cate H:\wenda\Application\Runtime\Cache\Home\9b1c26b1cee56f532f15c56b96a07c74.php 第 157 行.
NOTIC: [8] Undefined variable: wait H:\wenda\Application\Runtime\Cache\Home\9b1c26b1cee56f532f15c56b96a07c74.php 第 200 行.
NOTIC: [8] Undefined variable: rewardAsk H:\wenda\Application\Runtime\Cache\Home\9b1c26b1cee56f532f15c56b96a07c74.php 第 211 行.
ERR: 无法加载数据库驱动: Think\Db\Driver\

[ 2015-11-10T09:51:54+08:00 ] 127.0.0.1 /go/index.php/Home/Common/verify.html
INFO: [ app_init ] --START--
INFO: Run Behavior\BuildLiteBehavior [ RunTime:0.000030s ]
INFO: [ app_init ] --END-- [ RunTime:0.000779s ]
INFO: [ app_begin ] --START--
INFO: Run Behavior\ReadHtmlCacheBehavior [ RunTime:0.001621s ]
INFO: [ app_begin ] --END-- [ RunTime:0.001760s ]
ERR: 无法加载控制器:Common

[ 2015-11-10T09:51:55+08:00 ] 127.0.0.1 /go/index.php/Home/Common/verify.html
INFO: [ app_init ] --START--
INFO: Run Behavior\BuildLiteBehavior [ RunTime:0.000031s ]
INFO: [ app_init ] --END-- [ RunTime:0.000778s ]
INFO: [ app_begin ] --START--
INFO: Run Behavior\ReadHtmlCacheBehavior [ RunTime:0.001316s ]
INFO: [ app_begin ] --END-- [ RunTime:0.001448s ]
ERR: 无法加载控制器:Common

