[ 2015-10-07T10:22:05+08:00 ] 127.0.0.1 /go/
INFO: [ app_init ] --START--
INFO: Run Behavior\BuildLiteBehavior [ RunTime:0.000071s ]
INFO: [ app_init ] --END-- [ RunTime:0.063359s ]
INFO: [ app_begin ] --START--
INFO: Run Behavior\ReadHtmlCacheBehavior [ RunTime:0.007450s ]
INFO: [ app_begin ] --END-- [ RunTime:0.007637s ]
NOTIC: [2] Missing argument 1 for Think\Controller::show(), called in H:\wenda\Application\Home\Controller\IndexController.class.php on line 6 and defined H:\wenda\ThinkPHP\Library\Think\Controller.class.php 第 68 行.
NOTIC: [8] Undefined variable: content H:\wenda\ThinkPHP\Library\Think\Controller.class.php 第 69 行.
INFO: [ view_parse ] --START--
INFO: [ template_filter ] --START--
INFO: Run Behavior\ContentReplaceBehavior [ RunTime:0.060060s ]
INFO: [ template_filter ] --END-- [ RunTime:0.060261s ]
NOTIC: [8] Undefined variable: id H:\wenda\Application\Runtime\Cache\Home\9b1c26b1cee56f532f15c56b96a07c74.php 第 53 行.
NOTIC: [8] Undefined variable: name H:\wenda\Application\Runtime\Cache\Home\9b1c26b1cee56f532f15c56b96a07c74.php 第 53 行.
NOTIC: [8] Undefined variable: cate H:\wenda\Application\Runtime\Cache\Home\9b1c26b1cee56f532f15c56b96a07c74.php 第 157 行.
NOTIC: [8] Undefined variable: wait H:\wenda\Application\Runtime\Cache\Home\9b1c26b1cee56f532f15c56b96a07c74.php 第 200 行.
NOTIC: [8] Undefined variable: rewardAsk H:\wenda\Application\Runtime\Cache\Home\9b1c26b1cee56f532f15c56b96a07c74.php 第 211 行.
ERR: 无法加载数据库驱动: Think\Db\Driver\

[ 2015-10-07T10:22:07+08:00 ] 127.0.0.1 /go/index.php/Home/Common/verify.html
INFO: [ app_init ] --START--
INFO: Run Behavior\BuildLiteBehavior [ RunTime:0.000031s ]
INFO: [ app_init ] --END-- [ RunTime:0.000811s ]
INFO: [ app_begin ] --START--
INFO: Run Behavior\ReadHtmlCacheBehavior [ RunTime:0.001655s ]
INFO: [ app_begin ] --END-- [ RunTime:0.001816s ]
ERR: 无法加载控制器:Common

