[ 2016-01-12T09:04:29+08:00 ] 127.0.0.1 /go/index.php/Home/Ask/tui
INFO: [ app_begin ] --START--
INFO: Run Behavior\ReadHtmlCacheBehavior [ RunTime:0.001139s ]
INFO: [ app_begin ] --END-- [ RunTime:0.001897s ]
NOTIC: [2] SimpleCWS::set_multi() expects exactly 1 parameter, 0 given H:\wenda\Application\Common\Common\function.php 第 91 行.
SQL: SHOW COLUMNS FROM `ds_tui` [ RunTime:0.0438s ]
SQL: SELECT * FROM `ds_tui` WHERE (  content like '%sd%' )  [ RunTime:0.0104s ]
INFO: [ app_end ] --START--
INFO: Run Behavior\ShowPageTraceBehavior [ RunTime:0.001334s ]
INFO: [ app_end ] --END-- [ RunTime:0.001482s ]

[ 2016-01-12T09:04:29+08:00 ] 127.0.0.1 /go/index.php/Home/Ask/tui
INFO: [ app_begin ] --START--
INFO: Run Behavior\ReadHtmlCacheBehavior [ RunTime:0.001053s ]
INFO: [ app_begin ] --END-- [ RunTime:0.001795s ]
NOTIC: [2] SimpleCWS::set_multi() expects exactly 1 parameter, 0 given H:\wenda\Application\Common\Common\function.php 第 91 行.
SQL: SHOW COLUMNS FROM `ds_tui` [ RunTime:0.0061s ]
SQL: SELECT * FROM `ds_tui` WHERE (  content like '%sd%' )  [ RunTime:0.0009s ]
INFO: [ app_end ] --START--
INFO: Run Behavior\ShowPageTraceBehavior [ RunTime:0.001172s ]
INFO: [ app_end ] --END-- [ RunTime:0.001299s ]

[ 2016-01-12T09:04:30+08:00 ] 127.0.0.1 /go/index.php/Home/Ask/tui
INFO: [ app_begin ] --START--
INFO: Run Behavior\ReadHtmlCacheBehavior [ RunTime:0.000847s ]
INFO: [ app_begin ] --END-- [ RunTime:0.001447s ]
NOTIC: [2] SimpleCWS::set_multi() expects exactly 1 parameter, 0 given H:\wenda\Application\Common\Common\function.php 第 91 行.
SQL: SHOW COLUMNS FROM `ds_tui` [ RunTime:0.0054s ]
SQL: SELECT * FROM `ds_tui` WHERE (  content like '%收到%' )  [ RunTime:0.0005s ]
INFO: [ app_end ] --START--
INFO: Run Behavior\ShowPageTraceBehavior [ RunTime:0.000978s ]
INFO: [ app_end ] --END-- [ RunTime:0.001077s ]

[ 2016-01-12T09:04:31+08:00 ] 127.0.0.1 /go/index.php/Home/Ask/tui
INFO: [ app_begin ] --START--
INFO: Run Behavior\ReadHtmlCacheBehavior [ RunTime:0.000979s ]
INFO: [ app_begin ] --END-- [ RunTime:0.001693s ]
NOTIC: [2] SimpleCWS::set_multi() expects exactly 1 parameter, 0 given H:\wenda\Application\Common\Common\function.php 第 91 行.
SQL: SHOW COLUMNS FROM `ds_tui` [ RunTime:0.0062s ]
SQL: SELECT * FROM `ds_tui` WHERE (  content like '%收%' )  [ RunTime:0.0004s ]
INFO: [ app_end ] --START--
INFO: Run Behavior\ShowPageTraceBehavior [ RunTime:0.001151s ]
INFO: [ app_end ] --END-- [ RunTime:0.001280s ]

[ 2016-01-12T09:04:31+08:00 ] 127.0.0.1 /go/index.php/Home/Ask/tui
INFO: [ app_begin ] --START--
INFO: Run Behavior\ReadHtmlCacheBehavior [ RunTime:0.000988s ]
INFO: [ app_begin ] --END-- [ RunTime:0.001673s ]
NOTIC: [2] SimpleCWS::set_multi() expects exactly 1 parameter, 0 given H:\wenda\Application\Common\Common\function.php 第 91 行.
NOTIC: [2] Invalid argument supplied for foreach() H:\wenda\Application\Home\Controller\AskController.class.php 第 74 行.
NOTIC: [8] Undefined variable: rone H:\wenda\Application\Home\Controller\AskController.class.php 第 82 行.
INFO: [ app_end ] --START--
INFO: Run Behavior\ShowPageTraceBehavior [ RunTime:0.001036s ]
INFO: [ app_end ] --END-- [ RunTime:0.001161s ]

[ 2016-01-12T09:04:31+08:00 ] 127.0.0.1 /go/index.php/Home/Ask/tui
INFO: [ app_begin ] --START--
INFO: Run Behavior\ReadHtmlCacheBehavior [ RunTime:0.000981s ]
INFO: [ app_begin ] --END-- [ RunTime:0.001660s ]
NOTIC: [2] SimpleCWS::set_multi() expects exactly 1 parameter, 0 given H:\wenda\Application\Common\Common\function.php 第 91 行.
NOTIC: [2] Invalid argument supplied for foreach() H:\wenda\Application\Home\Controller\AskController.class.php 第 74 行.
NOTIC: [8] Undefined variable: rone H:\wenda\Application\Home\Controller\AskController.class.php 第 82 行.
INFO: [ app_end ] --START--
INFO: Run Behavior\ShowPageTraceBehavior [ RunTime:0.001107s ]
INFO: [ app_end ] --END-- [ RunTime:0.001233s ]

[ 2016-01-12T09:04:32+08:00 ] 127.0.0.1 /go/index.php/Home/Ask/tui
INFO: [ app_begin ] --START--
INFO: Run Behavior\ReadHtmlCacheBehavior [ RunTime:0.001075s ]
INFO: [ app_begin ] --END-- [ RunTime:0.001756s ]
NOTIC: [2] SimpleCWS::set_multi() expects exactly 1 parameter, 0 given H:\wenda\Application\Common\Common\function.php 第 91 行.
SQL: SHOW COLUMNS FROM `ds_tui` [ RunTime:0.0058s ]
SQL: SELECT * FROM `ds_tui` WHERE (  content like '%ze%' )  [ RunTime:0.0005s ]
INFO: [ app_end ] --START--
INFO: Run Behavior\ShowPageTraceBehavior [ RunTime:0.001208s ]
INFO: [ app_end ] --END-- [ RunTime:0.001338s ]

[ 2016-01-12T09:04:32+08:00 ] 127.0.0.1 /go/index.php/Home/Ask/tui
INFO: [ app_begin ] --START--
INFO: Run Behavior\ReadHtmlCacheBehavior [ RunTime:0.000964s ]
INFO: [ app_begin ] --END-- [ RunTime:0.001676s ]
NOTIC: [2] SimpleCWS::set_multi() expects exactly 1 parameter, 0 given H:\wenda\Application\Common\Common\function.php 第 91 行.
SQL: SHOW COLUMNS FROM `ds_tui` [ RunTime:0.0061s ]
SQL: SELECT * FROM `ds_tui` WHERE (  content like '%ze%' )  [ RunTime:0.0006s ]
INFO: [ app_end ] --START--
INFO: Run Behavior\ShowPageTraceBehavior [ RunTime:0.001148s ]
INFO: [ app_end ] --END-- [ RunTime:0.001281s ]

[ 2016-01-12T09:04:33+08:00 ] 127.0.0.1 /go/index.php/Home/Ask/tui
INFO: [ app_begin ] --START--
INFO: Run Behavior\ReadHtmlCacheBehavior [ RunTime:0.000968s ]
INFO: [ app_begin ] --END-- [ RunTime:0.001664s ]
NOTIC: [2] SimpleCWS::set_multi() expects exactly 1 parameter, 0 given H:\wenda\Application\Common\Common\function.php 第 91 行.
SQL: SHOW COLUMNS FROM `ds_tui` [ RunTime:0.0058s ]
SQL: SELECT * FROM `ds_tui` WHERE (  content like '%zen%' )  [ RunTime:0.0006s ]
INFO: [ app_end ] --START--
INFO: Run Behavior\ShowPageTraceBehavior [ RunTime:0.001162s ]
INFO: [ app_end ] --END-- [ RunTime:0.001284s ]

[ 2016-01-12T09:04:33+08:00 ] 127.0.0.1 /go/index.php/Home/Ask/tui
INFO: [ app_begin ] --START--
INFO: Run Behavior\ReadHtmlCacheBehavior [ RunTime:0.000967s ]
INFO: [ app_begin ] --END-- [ RunTime:0.001665s ]
NOTIC: [2] SimpleCWS::set_multi() expects exactly 1 parameter, 0 given H:\wenda\Application\Common\Common\function.php 第 91 行.
SQL: SHOW COLUMNS FROM `ds_tui` [ RunTime:0.0059s ]
SQL: SELECT * FROM `ds_tui` WHERE (  content like '%zeny%' )  [ RunTime:0.0005s ]
INFO: [ app_end ] --START--
INFO: Run Behavior\ShowPageTraceBehavior [ RunTime:0.001186s ]
INFO: [ app_end ] --END-- [ RunTime:0.001308s ]

[ 2016-01-12T09:04:33+08:00 ] 127.0.0.1 /go/index.php/Home/Ask/tui
INFO: [ app_begin ] --START--
INFO: Run Behavior\ReadHtmlCacheBehavior [ RunTime:0.001004s ]
INFO: [ app_begin ] --END-- [ RunTime:0.001711s ]
NOTIC: [2] SimpleCWS::set_multi() expects exactly 1 parameter, 0 given H:\wenda\Application\Common\Common\function.php 第 91 行.
SQL: SHOW COLUMNS FROM `ds_tui` [ RunTime:0.0087s ]
SQL: SELECT * FROM `ds_tui` WHERE (  content like '%zenya%' )  [ RunTime:0.0007s ]
INFO: [ app_end ] --START--
INFO: Run Behavior\ShowPageTraceBehavior [ RunTime:0.001499s ]
INFO: [ app_end ] --END-- [ RunTime:0.001675s ]

[ 2016-01-12T09:04:34+08:00 ] 127.0.0.1 /go/index.php/Home/Ask/tui
INFO: [ app_begin ] --START--
INFO: Run Behavior\ReadHtmlCacheBehavior [ RunTime:0.000977s ]
INFO: [ app_begin ] --END-- [ RunTime:0.001731s ]
NOTIC: [2] SimpleCWS::set_multi() expects exactly 1 parameter, 0 given H:\wenda\Application\Common\Common\function.php 第 91 行.
SQL: SHOW COLUMNS FROM `ds_tui` [ RunTime:0.0056s ]
SQL: SELECT * FROM `ds_tui` WHERE (  content like '%zenyan%' )  [ RunTime:0.0005s ]
INFO: [ app_end ] --START--
INFO: Run Behavior\ShowPageTraceBehavior [ RunTime:0.001159s ]
INFO: [ app_end ] --END-- [ RunTime:0.001287s ]

[ 2016-01-12T09:04:34+08:00 ] 127.0.0.1 /go/index.php/Home/Ask/tui
INFO: [ app_begin ] --START--
INFO: Run Behavior\ReadHtmlCacheBehavior [ RunTime:0.000897s ]
INFO: [ app_begin ] --END-- [ RunTime:0.001578s ]
NOTIC: [2] SimpleCWS::set_multi() expects exactly 1 parameter, 0 given H:\wenda\Application\Common\Common\function.php 第 91 行.
SQL: SHOW COLUMNS FROM `ds_tui` [ RunTime:0.0057s ]
SQL: SELECT * FROM `ds_tui` WHERE (  content like '%怎%' )  [ RunTime:0.0005s ]
SQL: SELECT * FROM `ds_tui` WHERE (  content like '%眼%' )  [ RunTime:0.0005s ]
INFO: [ app_end ] --START--
INFO: Run Behavior\ShowPageTraceBehavior [ RunTime:0.001132s ]
INFO: [ app_end ] --END-- [ RunTime:0.001247s ]

[ 2016-01-12T09:04:34+08:00 ] 127.0.0.1 /go/index.php/Home/Ask/tui
INFO: [ app_begin ] --START--
INFO: Run Behavior\ReadHtmlCacheBehavior [ RunTime:0.001042s ]
INFO: [ app_begin ] --END-- [ RunTime:0.001734s ]
NOTIC: [2] SimpleCWS::set_multi() expects exactly 1 parameter, 0 given H:\wenda\Application\Common\Common\function.php 第 91 行.
SQL: SHOW COLUMNS FROM `ds_tui` [ RunTime:0.0060s ]
SQL: SELECT * FROM `ds_tui` WHERE (  content like '%怎%' )  [ RunTime:0.0005s ]
INFO: [ app_end ] --START--
INFO: Run Behavior\ShowPageTraceBehavior [ RunTime:0.001334s ]
INFO: [ app_end ] --END-- [ RunTime:0.001472s ]

[ 2016-01-12T09:04:35+08:00 ] 127.0.0.1 /go/index.php/Home/Ask/tui
INFO: [ app_begin ] --START--
INFO: Run Behavior\ReadHtmlCacheBehavior [ RunTime:0.000980s ]
INFO: [ app_begin ] --END-- [ RunTime:0.001693s ]
NOTIC: [2] SimpleCWS::set_multi() expects exactly 1 parameter, 0 given H:\wenda\Application\Common\Common\function.php 第 91 行.
SQL: SHOW COLUMNS FROM `ds_tui` [ RunTime:0.0063s ]
SQL: SELECT * FROM `ds_tui` WHERE (  content like '%怎%' )  [ RunTime:0.0006s ]
SQL: SELECT * FROM `ds_tui` WHERE (  content like '%y%' )  [ RunTime:0.0005s ]
INFO: [ app_end ] --START--
INFO: Run Behavior\ShowPageTraceBehavior [ RunTime:0.001193s ]
INFO: [ app_end ] --END-- [ RunTime:0.001321s ]

[ 2016-01-12T09:04:35+08:00 ] 127.0.0.1 /go/index.php/Home/Ask/tui
INFO: [ app_begin ] --START--
INFO: Run Behavior\ReadHtmlCacheBehavior [ RunTime:0.000993s ]
INFO: [ app_begin ] --END-- [ RunTime:0.001828s ]
NOTIC: [2] SimpleCWS::set_multi() expects exactly 1 parameter, 0 given H:\wenda\Application\Common\Common\function.php 第 91 行.
SQL: SHOW COLUMNS FROM `ds_tui` [ RunTime:0.0058s ]
SQL: SELECT * FROM `ds_tui` WHERE (  content like '%怎%' )  [ RunTime:0.0005s ]
INFO: [ app_end ] --START--
INFO: Run Behavior\ShowPageTraceBehavior [ RunTime:0.001213s ]
INFO: [ app_end ] --END-- [ RunTime:0.001348s ]

[ 2016-01-12T09:04:35+08:00 ] 127.0.0.1 /go/index.php/Home/Ask/tui
INFO: [ app_begin ] --START--
INFO: Run Behavior\ReadHtmlCacheBehavior [ RunTime:0.000992s ]
INFO: [ app_begin ] --END-- [ RunTime:0.001693s ]
NOTIC: [2] SimpleCWS::set_multi() expects exactly 1 parameter, 0 given H:\wenda\Application\Common\Common\function.php 第 91 行.
SQL: SHOW COLUMNS FROM `ds_tui` [ RunTime:0.0057s ]
SQL: SELECT * FROM `ds_tui` WHERE (  content like '%怎%' )  [ RunTime:0.0005s ]
INFO: [ app_end ] --START--
INFO: Run Behavior\ShowPageTraceBehavior [ RunTime:0.001064s ]
INFO: [ app_end ] --END-- [ RunTime:0.001180s ]

[ 2016-01-12T09:04:35+08:00 ] 127.0.0.1 /go/index.php/Home/Ask/tui
INFO: [ app_begin ] --START--
INFO: Run Behavior\ReadHtmlCacheBehavior [ RunTime:0.001086s ]
INFO: [ app_begin ] --END-- [ RunTime:0.001810s ]
NOTIC: [2] SimpleCWS::set_multi() expects exactly 1 parameter, 0 given H:\wenda\Application\Common\Common\function.php 第 91 行.
SQL: SHOW COLUMNS FROM `ds_tui` [ RunTime:0.0054s ]
SQL: SELECT * FROM `ds_tui` WHERE (  content like '%怎%' )  [ RunTime:0.0006s ]
INFO: [ app_end ] --START--
INFO: Run Behavior\ShowPageTraceBehavior [ RunTime:0.001084s ]
INFO: [ app_end ] --END-- [ RunTime:0.001218s ]

[ 2016-01-12T09:04:36+08:00 ] 127.0.0.1 /go/index.php/Home/Ask/tui
INFO: [ app_begin ] --START--
INFO: Run Behavior\ReadHtmlCacheBehavior [ RunTime:0.000947s ]
INFO: [ app_begin ] --END-- [ RunTime:0.001638s ]
NOTIC: [2] SimpleCWS::set_multi() expects exactly 1 parameter, 0 given H:\wenda\Application\Common\Common\function.php 第 91 行.
SQL: SHOW COLUMNS FROM `ds_tui` [ RunTime:0.0061s ]
SQL: SELECT * FROM `ds_tui` WHERE (  content like '%怎样%' )  [ RunTime:0.0005s ]
INFO: [ app_end ] --START--
INFO: Run Behavior\ShowPageTraceBehavior [ RunTime:0.001129s ]
INFO: [ app_end ] --END-- [ RunTime:0.001247s ]

[ 2016-01-12T09:04:36+08:00 ] 127.0.0.1 /go/index.php/Home/Ask/tui
INFO: [ app_begin ] --START--
INFO: Run Behavior\ReadHtmlCacheBehavior [ RunTime:0.000972s ]
INFO: [ app_begin ] --END-- [ RunTime:0.001725s ]
NOTIC: [2] SimpleCWS::set_multi() expects exactly 1 parameter, 0 given H:\wenda\Application\Common\Common\function.php 第 91 行.
SQL: SHOW COLUMNS FROM `ds_tui` [ RunTime:0.0062s ]
SQL: SELECT * FROM `ds_tui` WHERE (  content like '%怎样%' )  [ RunTime:0.0005s ]
SQL: SELECT * FROM `ds_tui` WHERE (  content like '%sh%' )  [ RunTime:0.0005s ]
INFO: [ app_end ] --START--
INFO: Run Behavior\ShowPageTraceBehavior [ RunTime:0.001321s ]
INFO: [ app_end ] --END-- [ RunTime:0.001446s ]

[ 2016-01-12T09:04:36+08:00 ] 127.0.0.1 /go/index.php/Home/Ask/tui
INFO: [ app_begin ] --START--
INFO: Run Behavior\ReadHtmlCacheBehavior [ RunTime:0.001114s ]
INFO: [ app_begin ] --END-- [ RunTime:0.001910s ]
NOTIC: [2] SimpleCWS::set_multi() expects exactly 1 parameter, 0 given H:\wenda\Application\Common\Common\function.php 第 91 行.
SQL: SHOW COLUMNS FROM `ds_tui` [ RunTime:0.0062s ]
SQL: SELECT * FROM `ds_tui` WHERE (  content like '%怎样%' )  [ RunTime:0.0005s ]
INFO: [ app_end ] --START--
INFO: Run Behavior\ShowPageTraceBehavior [ RunTime:0.001143s ]
INFO: [ app_end ] --END-- [ RunTime:0.001272s ]

[ 2016-01-12T09:04:37+08:00 ] 127.0.0.1 /go/index.php/Home/Ask/tui
INFO: [ app_begin ] --START--
INFO: Run Behavior\ReadHtmlCacheBehavior [ RunTime:0.001059s ]
INFO: [ app_begin ] --END-- [ RunTime:0.001762s ]
NOTIC: [2] SimpleCWS::set_multi() expects exactly 1 parameter, 0 given H:\wenda\Application\Common\Common\function.php 第 91 行.
SQL: SHOW COLUMNS FROM `ds_tui` [ RunTime:0.0063s ]
SQL: SELECT * FROM `ds_tui` WHERE (  content like '%怎样%' )  [ RunTime:0.0006s ]
INFO: [ app_end ] --START--
INFO: Run Behavior\ShowPageTraceBehavior [ RunTime:0.001136s ]
INFO: [ app_end ] --END-- [ RunTime:0.001261s ]

[ 2016-01-12T09:04:37+08:00 ] 127.0.0.1 /go/index.php/Home/Ask/tui
INFO: [ app_begin ] --START--
INFO: Run Behavior\ReadHtmlCacheBehavior [ RunTime:0.000880s ]
INFO: [ app_begin ] --END-- [ RunTime:0.001512s ]
NOTIC: [2] SimpleCWS::set_multi() expects exactly 1 parameter, 0 given H:\wenda\Application\Common\Common\function.php 第 91 行.
SQL: SHOW COLUMNS FROM `ds_tui` [ RunTime:0.0056s ]
SQL: SELECT * FROM `ds_tui` WHERE (  content like '%怎样%' )  [ RunTime:0.0005s ]
INFO: [ app_end ] --START--
INFO: Run Behavior\ShowPageTraceBehavior [ RunTime:0.001167s ]
INFO: [ app_end ] --END-- [ RunTime:0.001283s ]

[ 2016-01-12T09:04:37+08:00 ] 127.0.0.1 /go/index.php/Home/Ask/tui
INFO: [ app_begin ] --START--
INFO: Run Behavior\ReadHtmlCacheBehavior [ RunTime:0.000953s ]
INFO: [ app_begin ] --END-- [ RunTime:0.001667s ]
NOTIC: [2] SimpleCWS::set_multi() expects exactly 1 parameter, 0 given H:\wenda\Application\Common\Common\function.php 第 91 行.
SQL: SHOW COLUMNS FROM `ds_tui` [ RunTime:0.0057s ]
SQL: SELECT * FROM `ds_tui` WHERE (  content like '%怎样%' )  [ RunTime:0.0005s ]
INFO: [ app_end ] --START--
INFO: Run Behavior\ShowPageTraceBehavior [ RunTime:0.001285s ]
INFO: [ app_end ] --END-- [ RunTime:0.001411s ]

[ 2016-01-12T09:04:38+08:00 ] 127.0.0.1 /go/index.php/Home/Ask/tui
INFO: [ app_begin ] --START--
INFO: Run Behavior\ReadHtmlCacheBehavior [ RunTime:0.000984s ]
INFO: [ app_begin ] --END-- [ RunTime:0.001704s ]
NOTIC: [2] SimpleCWS::set_multi() expects exactly 1 parameter, 0 given H:\wenda\Application\Common\Common\function.php 第 91 行.
SQL: SHOW COLUMNS FROM `ds_tui` [ RunTime:0.0059s ]
SQL: SELECT * FROM `ds_tui` WHERE (  content like '%怎样%' )  [ RunTime:0.0005s ]
INFO: [ app_end ] --START--
INFO: Run Behavior\ShowPageTraceBehavior [ RunTime:0.001179s ]
INFO: [ app_end ] --END-- [ RunTime:0.001303s ]

[ 2016-01-12T09:04:38+08:00 ] 127.0.0.1 /go/index.php/Home/Ask/tui
INFO: [ app_begin ] --START--
INFO: Run Behavior\ReadHtmlCacheBehavior [ RunTime:0.001100s ]
INFO: [ app_begin ] --END-- [ RunTime:0.001925s ]
NOTIC: [2] SimpleCWS::set_multi() expects exactly 1 parameter, 0 given H:\wenda\Application\Common\Common\function.php 第 91 行.
SQL: SHOW COLUMNS FROM `ds_tui` [ RunTime:0.0065s ]
SQL: SELECT * FROM `ds_tui` WHERE (  content like '%怎样%' )  [ RunTime:0.0006s ]
INFO: [ app_end ] --START--
INFO: Run Behavior\ShowPageTraceBehavior [ RunTime:0.001239s ]
INFO: [ app_end ] --END-- [ RunTime:0.001364s ]

[ 2016-01-12T09:04:38+08:00 ] 127.0.0.1 /go/index.php/Home/Ask/tui
INFO: [ app_begin ] --START--
INFO: Run Behavior\ReadHtmlCacheBehavior [ RunTime:0.001038s ]
INFO: [ app_begin ] --END-- [ RunTime:0.001827s ]
NOTIC: [2] SimpleCWS::set_multi() expects exactly 1 parameter, 0 given H:\wenda\Application\Common\Common\function.php 第 91 行.
SQL: SHOW COLUMNS FROM `ds_tui` [ RunTime:0.0057s ]
SQL: SELECT * FROM `ds_tui` WHERE (  content like '%怎样%' )  [ RunTime:0.0005s ]
INFO: [ app_end ] --START--
INFO: Run Behavior\ShowPageTraceBehavior [ RunTime:0.001268s ]
INFO: [ app_end ] --END-- [ RunTime:0.001384s ]

[ 2016-01-12T09:04:38+08:00 ] 127.0.0.1 /go/index.php/Home/Ask/tui
INFO: [ app_begin ] --START--
INFO: Run Behavior\ReadHtmlCacheBehavior [ RunTime:0.000900s ]
INFO: [ app_begin ] --END-- [ RunTime:0.001545s ]
NOTIC: [2] SimpleCWS::set_multi() expects exactly 1 parameter, 0 given H:\wenda\Application\Common\Common\function.php 第 91 行.
SQL: SHOW COLUMNS FROM `ds_tui` [ RunTime:0.0059s ]
SQL: SELECT * FROM `ds_tui` WHERE (  content like '%怎样%' )  [ RunTime:0.0005s ]
INFO: [ app_end ] --START--
INFO: Run Behavior\ShowPageTraceBehavior [ RunTime:0.001251s ]
INFO: [ app_end ] --END-- [ RunTime:0.001378s ]

[ 2016-01-12T09:04:38+08:00 ] 127.0.0.1 /go/index.php/Home/Ask/tui
INFO: [ app_begin ] --START--
INFO: Run Behavior\ReadHtmlCacheBehavior [ RunTime:0.000993s ]
INFO: [ app_begin ] --END-- [ RunTime:0.001674s ]
NOTIC: [2] SimpleCWS::set_multi() expects exactly 1 parameter, 0 given H:\wenda\Application\Common\Common\function.php 第 91 行.
SQL: SHOW COLUMNS FROM `ds_tui` [ RunTime:0.0059s ]
SQL: SELECT * FROM `ds_tui` WHERE (  content like '%怎样%' )  [ RunTime:0.0006s ]
INFO: [ app_end ] --START--
INFO: Run Behavior\ShowPageTraceBehavior [ RunTime:0.001168s ]
INFO: [ app_end ] --END-- [ RunTime:0.001299s ]

[ 2016-01-12T09:04:39+08:00 ] 127.0.0.1 /go/index.php/Home/Ask/tui
INFO: [ app_begin ] --START--
INFO: Run Behavior\ReadHtmlCacheBehavior [ RunTime:0.000954s ]
INFO: [ app_begin ] --END-- [ RunTime:0.001629s ]
NOTIC: [2] SimpleCWS::set_multi() expects exactly 1 parameter, 0 given H:\wenda\Application\Common\Common\function.php 第 91 行.
SQL: SHOW COLUMNS FROM `ds_tui` [ RunTime:0.0061s ]
SQL: SELECT * FROM `ds_tui` WHERE (  content like '%怎样%' )  [ RunTime:0.0005s ]
INFO: [ app_end ] --START--
INFO: Run Behavior\ShowPageTraceBehavior [ RunTime:0.001197s ]
INFO: [ app_end ] --END-- [ RunTime:0.001321s ]

[ 2016-01-12T09:04:40+08:00 ] 127.0.0.1 /go/index.php/Home/Ask/tui
INFO: [ app_begin ] --START--
INFO: Run Behavior\ReadHtmlCacheBehavior [ RunTime:0.000958s ]
INFO: [ app_begin ] --END-- [ RunTime:0.001651s ]
NOTIC: [2] SimpleCWS::set_multi() expects exactly 1 parameter, 0 given H:\wenda\Application\Common\Common\function.php 第 91 行.
SQL: SHOW COLUMNS FROM `ds_tui` [ RunTime:0.0060s ]
SQL: SELECT * FROM `ds_tui` WHERE (  content like '%怎样%' )  [ RunTime:0.0005s ]
SQL: SELECT * FROM `ds_tui` WHERE (  content like '%实现%' )  [ RunTime:0.0005s ]
INFO: [ app_end ] --START--
INFO: Run Behavior\ShowPageTraceBehavior [ RunTime:0.001232s ]
INFO: [ app_end ] --END-- [ RunTime:0.001352s ]

[ 2016-01-12T09:04:43+08:00 ] 127.0.0.1 /go/index.php/Home/Ask/tui
INFO: [ app_begin ] --START--
INFO: Run Behavior\ReadHtmlCacheBehavior [ RunTime:0.000977s ]
INFO: [ app_begin ] --END-- [ RunTime:0.001657s ]
NOTIC: [2] SimpleCWS::set_multi() expects exactly 1 parameter, 0 given H:\wenda\Application\Common\Common\function.php 第 91 行.
SQL: SHOW COLUMNS FROM `ds_tui` [ RunTime:0.0059s ]
SQL: SELECT * FROM `ds_tui` WHERE (  content like '%怎样%' )  [ RunTime:0.0005s ]
SQL: SELECT * FROM `ds_tui` WHERE (  content like '%实%' )  [ RunTime:0.0005s ]
INFO: [ app_end ] --START--
INFO: Run Behavior\ShowPageTraceBehavior [ RunTime:0.001189s ]
INFO: [ app_end ] --END-- [ RunTime:0.001309s ]

[ 2016-01-12T09:04:44+08:00 ] 127.0.0.1 /go/index.php/Home/Ask/tui
INFO: [ app_begin ] --START--
INFO: Run Behavior\ReadHtmlCacheBehavior [ RunTime:0.000972s ]
INFO: [ app_begin ] --END-- [ RunTime:0.001661s ]
NOTIC: [2] SimpleCWS::set_multi() expects exactly 1 parameter, 0 given H:\wenda\Application\Common\Common\function.php 第 91 行.
SQL: SHOW COLUMNS FROM `ds_tui` [ RunTime:0.0063s ]
SQL: SELECT * FROM `ds_tui` WHERE (  content like '%怎样%' )  [ RunTime:0.0005s ]
INFO: [ app_end ] --START--
INFO: Run Behavior\ShowPageTraceBehavior [ RunTime:0.001170s ]
INFO: [ app_end ] --END-- [ RunTime:0.001299s ]

[ 2016-01-12T09:04:44+08:00 ] 127.0.0.1 /go/index.php/Home/Ask/tui
INFO: [ app_begin ] --START--
INFO: Run Behavior\ReadHtmlCacheBehavior [ RunTime:0.001031s ]
INFO: [ app_begin ] --END-- [ RunTime:0.001791s ]
NOTIC: [2] SimpleCWS::set_multi() expects exactly 1 parameter, 0 given H:\wenda\Application\Common\Common\function.php 第 91 行.
SQL: SHOW COLUMNS FROM `ds_tui` [ RunTime:0.0058s ]
SQL: SELECT * FROM `ds_tui` WHERE (  content like '%怎%' )  [ RunTime:0.0005s ]
INFO: [ app_end ] --START--
INFO: Run Behavior\ShowPageTraceBehavior [ RunTime:0.001193s ]
INFO: [ app_end ] --END-- [ RunTime:0.001331s ]

[ 2016-01-12T09:04:44+08:00 ] 127.0.0.1 /go/index.php/Home/Ask/tui
INFO: [ app_begin ] --START--
INFO: Run Behavior\ReadHtmlCacheBehavior [ RunTime:0.000918s ]
INFO: [ app_begin ] --END-- [ RunTime:0.001544s ]
NOTIC: [2] SimpleCWS::set_multi() expects exactly 1 parameter, 0 given H:\wenda\Application\Common\Common\function.php 第 91 行.
NOTIC: [2] Invalid argument supplied for foreach() H:\wenda\Application\Home\Controller\AskController.class.php 第 74 行.
NOTIC: [8] Undefined variable: rone H:\wenda\Application\Home\Controller\AskController.class.php 第 82 行.
INFO: [ app_end ] --START--
INFO: Run Behavior\ShowPageTraceBehavior [ RunTime:0.000981s ]
INFO: [ app_end ] --END-- [ RunTime:0.001123s ]

[ 2016-01-12T09:04:45+08:00 ] 127.0.0.1 /go/index.php/Home/Ask/tui
INFO: [ app_begin ] --START--
INFO: Run Behavior\ReadHtmlCacheBehavior [ RunTime:0.001028s ]
INFO: [ app_begin ] --END-- [ RunTime:0.001847s ]
NOTIC: [2] SimpleCWS::set_multi() expects exactly 1 parameter, 0 given H:\wenda\Application\Common\Common\function.php 第 91 行.
SQL: SHOW COLUMNS FROM `ds_tui` [ RunTime:0.0062s ]
SQL: SELECT * FROM `ds_tui` WHERE (  content like '%t%' )  [ RunTime:0.0006s ]
INFO: [ app_end ] --START--
INFO: Run Behavior\ShowPageTraceBehavior [ RunTime:0.001215s ]
INFO: [ app_end ] --END-- [ RunTime:0.001339s ]

[ 2016-01-12T09:04:45+08:00 ] 127.0.0.1 /go/index.php/Home/Ask/tui
INFO: [ app_begin ] --START--
INFO: Run Behavior\ReadHtmlCacheBehavior [ RunTime:0.000966s ]
INFO: [ app_begin ] --END-- [ RunTime:0.001646s ]
NOTIC: [2] SimpleCWS::set_multi() expects exactly 1 parameter, 0 given H:\wenda\Application\Common\Common\function.php 第 91 行.
SQL: SHOW COLUMNS FROM `ds_tui` [ RunTime:0.0059s ]
SQL: SELECT * FROM `ds_tui` WHERE (  content like '%tu%' )  [ RunTime:0.0005s ]
INFO: [ app_end ] --START--
INFO: Run Behavior\ShowPageTraceBehavior [ RunTime:0.001152s ]
INFO: [ app_end ] --END-- [ RunTime:0.001274s ]

[ 2016-01-12T09:04:45+08:00 ] 127.0.0.1 /go/index.php/Home/Ask/tui
INFO: [ app_begin ] --START--
INFO: Run Behavior\ReadHtmlCacheBehavior [ RunTime:0.000983s ]
INFO: [ app_begin ] --END-- [ RunTime:0.001684s ]
NOTIC: [2] SimpleCWS::set_multi() expects exactly 1 parameter, 0 given H:\wenda\Application\Common\Common\function.php 第 91 行.
SQL: SHOW COLUMNS FROM `ds_tui` [ RunTime:0.0064s ]
SQL: SELECT * FROM `ds_tui` WHERE (  content like '%tush%' )  [ RunTime:0.0005s ]
INFO: [ app_end ] --START--
INFO: Run Behavior\ShowPageTraceBehavior [ RunTime:0.001215s ]
INFO: [ app_end ] --END-- [ RunTime:0.001374s ]

[ 2016-01-12T09:04:45+08:00 ] 127.0.0.1 /go/index.php/Home/Ask/tui
INFO: [ app_begin ] --START--
INFO: Run Behavior\ReadHtmlCacheBehavior [ RunTime:0.000994s ]
INFO: [ app_begin ] --END-- [ RunTime:0.001721s ]
NOTIC: [2] SimpleCWS::set_multi() expects exactly 1 parameter, 0 given H:\wenda\Application\Common\Common\function.php 第 91 行.
SQL: SHOW COLUMNS FROM `ds_tui` [ RunTime:0.0059s ]
SQL: SELECT * FROM `ds_tui` WHERE (  content like '%tush%' )  [ RunTime:0.0006s ]
INFO: [ app_end ] --START--
INFO: Run Behavior\ShowPageTraceBehavior [ RunTime:0.001145s ]
INFO: [ app_end ] --END-- [ RunTime:0.001268s ]

[ 2016-01-12T09:04:46+08:00 ] 127.0.0.1 /go/index.php/Home/Ask/tui
INFO: [ app_begin ] --START--
INFO: Run Behavior\ReadHtmlCacheBehavior [ RunTime:0.000980s ]
INFO: [ app_begin ] --END-- [ RunTime:0.001620s ]
NOTIC: [2] SimpleCWS::set_multi() expects exactly 1 parameter, 0 given H:\wenda\Application\Common\Common\function.php 第 91 行.
SQL: SHOW COLUMNS FROM `ds_tui` [ RunTime:0.0055s ]
SQL: SELECT * FROM `ds_tui` WHERE (  content like '%tushu%' )  [ RunTime:0.0005s ]
INFO: [ app_end ] --START--
INFO: Run Behavior\ShowPageTraceBehavior [ RunTime:0.001079s ]
INFO: [ app_end ] --END-- [ RunTime:0.001191s ]

[ 2016-01-12T09:04:46+08:00 ] 127.0.0.1 /go/index.php/Home/Ask/tui
INFO: [ app_begin ] --START--
INFO: Run Behavior\ReadHtmlCacheBehavior [ RunTime:0.000965s ]
INFO: [ app_begin ] --END-- [ RunTime:0.001668s ]
NOTIC: [2] SimpleCWS::set_multi() expects exactly 1 parameter, 0 given H:\wenda\Application\Common\Common\function.php 第 91 行.
SQL: SHOW COLUMNS FROM `ds_tui` [ RunTime:0.0061s ]
SQL: SELECT * FROM `ds_tui` WHERE (  content like '%图书%' )  [ RunTime:0.0006s ]
INFO: [ app_end ] --START--
INFO: Run Behavior\ShowPageTraceBehavior [ RunTime:0.001164s ]
INFO: [ app_end ] --END-- [ RunTime:0.001289s ]

[ 2016-01-12T09:04:46+08:00 ] 127.0.0.1 /go/index.php/Home/Ask/tui
INFO: [ app_begin ] --START--
INFO: Run Behavior\ReadHtmlCacheBehavior [ RunTime:0.000949s ]
INFO: [ app_begin ] --END-- [ RunTime:0.001630s ]
NOTIC: [2] SimpleCWS::set_multi() expects exactly 1 parameter, 0 given H:\wenda\Application\Common\Common\function.php 第 91 行.
SQL: SHOW COLUMNS FROM `ds_tui` [ RunTime:0.0104s ]
SQL: SELECT * FROM `ds_tui` WHERE (  content like '%图书%' )  [ RunTime:0.0005s ]
INFO: [ app_end ] --START--
INFO: Run Behavior\ShowPageTraceBehavior [ RunTime:0.001105s ]
INFO: [ app_end ] --END-- [ RunTime:0.001228s ]

[ 2016-01-12T09:04:46+08:00 ] 127.0.0.1 /go/index.php/Home/Ask/tui
INFO: [ app_begin ] --START--
INFO: Run Behavior\ReadHtmlCacheBehavior [ RunTime:0.001008s ]
INFO: [ app_begin ] --END-- [ RunTime:0.001743s ]
NOTIC: [2] SimpleCWS::set_multi() expects exactly 1 parameter, 0 given H:\wenda\Application\Common\Common\function.php 第 91 行.
SQL: SHOW COLUMNS FROM `ds_tui` [ RunTime:0.0059s ]
SQL: SELECT * FROM `ds_tui` WHERE (  content like '%图书%' )  [ RunTime:0.0006s ]
INFO: [ app_end ] --START--
INFO: Run Behavior\ShowPageTraceBehavior [ RunTime:0.001299s ]
INFO: [ app_end ] --END-- [ RunTime:0.001431s ]

[ 2016-01-12T09:04:46+08:00 ] 127.0.0.1 /go/index.php/Home/Ask/tui
INFO: [ app_begin ] --START--
INFO: Run Behavior\ReadHtmlCacheBehavior [ RunTime:0.000965s ]
INFO: [ app_begin ] --END-- [ RunTime:0.001655s ]
NOTIC: [2] SimpleCWS::set_multi() expects exactly 1 parameter, 0 given H:\wenda\Application\Common\Common\function.php 第 91 行.
SQL: SHOW COLUMNS FROM `ds_tui` [ RunTime:0.0081s ]
SQL: SELECT * FROM `ds_tui` WHERE (  content like '%图书%' )  [ RunTime:0.0005s ]
INFO: [ app_end ] --START--
INFO: Run Behavior\ShowPageTraceBehavior [ RunTime:0.001365s ]
INFO: [ app_end ] --END-- [ RunTime:0.001524s ]

[ 2016-01-12T09:04:46+08:00 ] 127.0.0.1 /go/index.php/Home/Ask/tui
INFO: [ app_begin ] --START--
INFO: Run Behavior\ReadHtmlCacheBehavior [ RunTime:0.001018s ]
INFO: [ app_begin ] --END-- [ RunTime:0.001717s ]
NOTIC: [2] SimpleCWS::set_multi() expects exactly 1 parameter, 0 given H:\wenda\Application\Common\Common\function.php 第 91 行.
SQL: SHOW COLUMNS FROM `ds_tui` [ RunTime:0.0056s ]
SQL: SELECT * FROM `ds_tui` WHERE (  content like '%图书%' )  [ RunTime:0.0005s ]
INFO: [ app_end ] --START--
INFO: Run Behavior\ShowPageTraceBehavior [ RunTime:0.001177s ]
INFO: [ app_end ] --END-- [ RunTime:0.001299s ]

[ 2016-01-12T09:04:47+08:00 ] 127.0.0.1 /go/index.php/Home/Ask/tui
INFO: [ app_begin ] --START--
INFO: Run Behavior\ReadHtmlCacheBehavior [ RunTime:0.000888s ]
INFO: [ app_begin ] --END-- [ RunTime:0.001523s ]
NOTIC: [2] SimpleCWS::set_multi() expects exactly 1 parameter, 0 given H:\wenda\Application\Common\Common\function.php 第 91 行.
SQL: SHOW COLUMNS FROM `ds_tui` [ RunTime:0.0060s ]
SQL: SELECT * FROM `ds_tui` WHERE (  content like '%图书馆%' )  [ RunTime:0.0006s ]
INFO: [ app_end ] --START--
INFO: Run Behavior\ShowPageTraceBehavior [ RunTime:0.001163s ]
INFO: [ app_end ] --END-- [ RunTime:0.001285s ]

[ 2016-01-12T09:04:48+08:00 ] 127.0.0.1 /go/index.php/Home/Ask/tui
INFO: [ app_begin ] --START--
INFO: Run Behavior\ReadHtmlCacheBehavior [ RunTime:0.000944s ]
INFO: [ app_begin ] --END-- [ RunTime:0.001619s ]
NOTIC: [2] SimpleCWS::set_multi() expects exactly 1 parameter, 0 given H:\wenda\Application\Common\Common\function.php 第 91 行.
SQL: SHOW COLUMNS FROM `ds_tui` [ RunTime:0.0059s ]
SQL: SELECT * FROM `ds_tui` WHERE (  content like '%图书%' )  [ RunTime:0.0006s ]
INFO: [ app_end ] --START--
INFO: Run Behavior\ShowPageTraceBehavior [ RunTime:0.001186s ]
INFO: [ app_end ] --END-- [ RunTime:0.001322s ]

[ 2016-01-12T09:04:49+08:00 ] 127.0.0.1 /go/index.php/Home/Ask/tui
INFO: [ app_begin ] --START--
INFO: Run Behavior\ReadHtmlCacheBehavior [ RunTime:0.000959s ]
INFO: [ app_begin ] --END-- [ RunTime:0.001650s ]
NOTIC: [2] SimpleCWS::set_multi() expects exactly 1 parameter, 0 given H:\wenda\Application\Common\Common\function.php 第 91 行.
SQL: SHOW COLUMNS FROM `ds_tui` [ RunTime:0.0054s ]
SQL: SELECT * FROM `ds_tui` WHERE (  content like '%图%' )  [ RunTime:0.0005s ]
INFO: [ app_end ] --START--
INFO: Run Behavior\ShowPageTraceBehavior [ RunTime:0.001109s ]
INFO: [ app_end ] --END-- [ RunTime:0.001235s ]

[ 2016-01-12T09:04:49+08:00 ] 127.0.0.1 /go/index.php/Home/Ask/tui
INFO: [ app_begin ] --START--
INFO: Run Behavior\ReadHtmlCacheBehavior [ RunTime:0.000817s ]
INFO: [ app_begin ] --END-- [ RunTime:0.001400s ]
NOTIC: [2] SimpleCWS::set_multi() expects exactly 1 parameter, 0 given H:\wenda\Application\Common\Common\function.php 第 91 行.
NOTIC: [2] Invalid argument supplied for foreach() H:\wenda\Application\Home\Controller\AskController.class.php 第 74 行.
NOTIC: [8] Undefined variable: rone H:\wenda\Application\Home\Controller\AskController.class.php 第 82 行.
INFO: [ app_end ] --START--
INFO: Run Behavior\ShowPageTraceBehavior [ RunTime:0.000874s ]
INFO: [ app_end ] --END-- [ RunTime:0.000977s ]

[ 2016-01-12T09:04:52+08:00 ] 127.0.0.1 /go/index.php/Home/Ask/tui
INFO: [ app_begin ] --START--
INFO: Run Behavior\ReadHtmlCacheBehavior [ RunTime:0.000986s ]
INFO: [ app_begin ] --END-- [ RunTime:0.001699s ]
NOTIC: [2] SimpleCWS::set_multi() expects exactly 1 parameter, 0 given H:\wenda\Application\Common\Common\function.php 第 91 行.
SQL: SHOW COLUMNS FROM `ds_tui` [ RunTime:0.0060s ]
SQL: SELECT * FROM `ds_tui` WHERE (  content like '%sh%' )  [ RunTime:0.0005s ]
INFO: [ app_end ] --START--
INFO: Run Behavior\ShowPageTraceBehavior [ RunTime:0.001241s ]
INFO: [ app_end ] --END-- [ RunTime:0.001377s ]

[ 2016-01-12T09:04:52+08:00 ] 127.0.0.1 /go/index.php/Home/Ask/tui
INFO: [ app_begin ] --START--
INFO: Run Behavior\ReadHtmlCacheBehavior [ RunTime:0.001242s ]
INFO: [ app_begin ] --END-- [ RunTime:0.002076s ]
NOTIC: [2] SimpleCWS::set_multi() expects exactly 1 parameter, 0 given H:\wenda\Application\Common\Common\function.php 第 91 行.
SQL: SHOW COLUMNS FROM `ds_tui` [ RunTime:0.0056s ]
SQL: SELECT * FROM `ds_tui` WHERE (  content like '%sh%' )  [ RunTime:0.0005s ]
INFO: [ app_end ] --START--
INFO: Run Behavior\ShowPageTraceBehavior [ RunTime:0.001353s ]
INFO: [ app_end ] --END-- [ RunTime:0.001482s ]

[ 2016-01-12T09:04:52+08:00 ] 127.0.0.1 /go/index.php/Home/Ask/tui
INFO: [ app_begin ] --START--
INFO: Run Behavior\ReadHtmlCacheBehavior [ RunTime:0.001247s ]
INFO: [ app_begin ] --END-- [ RunTime:0.002165s ]
NOTIC: [2] SimpleCWS::set_multi() expects exactly 1 parameter, 0 given H:\wenda\Application\Common\Common\function.php 第 91 行.
SQL: SHOW COLUMNS FROM `ds_tui` [ RunTime:0.0061s ]
SQL: SELECT * FROM `ds_tui` WHERE (  content like '%she%' )  [ RunTime:0.0005s ]
INFO: [ app_end ] --START--
INFO: Run Behavior\ShowPageTraceBehavior [ RunTime:0.001060s ]
INFO: [ app_end ] --END-- [ RunTime:0.001179s ]

[ 2016-01-12T09:04:52+08:00 ] 127.0.0.1 /go/index.php/Home/Ask/tui
INFO: [ app_begin ] --START--
INFO: Run Behavior\ReadHtmlCacheBehavior [ RunTime:0.000890s ]
INFO: [ app_begin ] --END-- [ RunTime:0.001517s ]
NOTIC: [2] SimpleCWS::set_multi() expects exactly 1 parameter, 0 given H:\wenda\Application\Common\Common\function.php 第 91 行.
SQL: SHOW COLUMNS FROM `ds_tui` [ RunTime:0.0054s ]
SQL: SELECT * FROM `ds_tui` WHERE (  content like '%shen%' )  [ RunTime:0.0005s ]
INFO: [ app_end ] --START--
INFO: Run Behavior\ShowPageTraceBehavior [ RunTime:0.001062s ]
INFO: [ app_end ] --END-- [ RunTime:0.001176s ]

[ 2016-01-12T09:04:52+08:00 ] 127.0.0.1 /go/index.php/Home/Ask/tui
INFO: [ app_begin ] --START--
INFO: Run Behavior\ReadHtmlCacheBehavior [ RunTime:0.001198s ]
INFO: [ app_begin ] --END-- [ RunTime:0.002414s ]
NOTIC: [2] SimpleCWS::set_multi() expects exactly 1 parameter, 0 given H:\wenda\Application\Common\Common\function.php 第 91 行.
SQL: SHOW COLUMNS FROM `ds_tui` [ RunTime:0.0080s ]
SQL: SELECT * FROM `ds_tui` WHERE (  content like '%shenme%' )  [ RunTime:0.0006s ]
INFO: [ app_end ] --START--
INFO: Run Behavior\ShowPageTraceBehavior [ RunTime:0.001070s ]
INFO: [ app_end ] --END-- [ RunTime:0.001198s ]

[ 2016-01-12T09:04:53+08:00 ] 127.0.0.1 /go/index.php/Home/Ask/tui
INFO: [ app_begin ] --START--
INFO: Run Behavior\ReadHtmlCacheBehavior [ RunTime:0.000999s ]
INFO: [ app_begin ] --END-- [ RunTime:0.001724s ]
NOTIC: [2] SimpleCWS::set_multi() expects exactly 1 parameter, 0 given H:\wenda\Application\Common\Common\function.php 第 91 行.
SQL: SHOW COLUMNS FROM `ds_tui` [ RunTime:0.0062s ]
SQL: SELECT * FROM `ds_tui` WHERE (  content like '%shenme%' )  [ RunTime:0.0005s ]
INFO: [ app_end ] --START--
INFO: Run Behavior\ShowPageTraceBehavior [ RunTime:0.001247s ]
INFO: [ app_end ] --END-- [ RunTime:0.001384s ]

[ 2016-01-12T09:04:53+08:00 ] 127.0.0.1 /go/index.php/Home/Ask/tui
INFO: [ app_begin ] --START--
INFO: Run Behavior\ReadHtmlCacheBehavior [ RunTime:0.001004s ]
INFO: [ app_begin ] --END-- [ RunTime:0.001703s ]
NOTIC: [2] SimpleCWS::set_multi() expects exactly 1 parameter, 0 given H:\wenda\Application\Common\Common\function.php 第 91 行.
SQL: SHOW COLUMNS FROM `ds_tui` [ RunTime:0.0064s ]
SQL: SELECT * FROM `ds_tui` WHERE (  content like '%什么%' )  [ RunTime:0.0006s ]
INFO: [ app_end ] --START--
INFO: Run Behavior\ShowPageTraceBehavior [ RunTime:0.001142s ]
INFO: [ app_end ] --END-- [ RunTime:0.001264s ]

[ 2016-01-12T09:04:53+08:00 ] 127.0.0.1 /go/index.php/Home/Ask/tui
INFO: [ app_begin ] --START--
INFO: Run Behavior\ReadHtmlCacheBehavior [ RunTime:0.000950s ]
INFO: [ app_begin ] --END-- [ RunTime:0.001626s ]
NOTIC: [2] SimpleCWS::set_multi() expects exactly 1 parameter, 0 given H:\wenda\Application\Common\Common\function.php 第 91 行.
SQL: SHOW COLUMNS FROM `ds_tui` [ RunTime:0.0060s ]
SQL: SELECT * FROM `ds_tui` WHERE (  content like '%什么%' )  [ RunTime:0.0006s ]
SQL: SELECT * FROM `ds_tui` WHERE (  content like '%s%' )  [ RunTime:0.0005s ]
INFO: [ app_end ] --START--
INFO: Run Behavior\ShowPageTraceBehavior [ RunTime:0.001145s ]
INFO: [ app_end ] --END-- [ RunTime:0.001268s ]

[ 2016-01-12T09:04:53+08:00 ] 127.0.0.1 /go/index.php/Home/Ask/tui
INFO: [ app_begin ] --START--
INFO: Run Behavior\ReadHtmlCacheBehavior [ RunTime:0.000959s ]
INFO: [ app_begin ] --END-- [ RunTime:0.001635s ]
NOTIC: [2] SimpleCWS::set_multi() expects exactly 1 parameter, 0 given H:\wenda\Application\Common\Common\function.php 第 91 行.
SQL: SHOW COLUMNS FROM `ds_tui` [ RunTime:0.0057s ]
SQL: SELECT * FROM `ds_tui` WHERE (  content like '%什么%' )  [ RunTime:0.0005s ]
SQL: SELECT * FROM `ds_tui` WHERE (  content like '%sh%' )  [ RunTime:0.0005s ]
INFO: [ app_end ] --START--
INFO: Run Behavior\ShowPageTraceBehavior [ RunTime:0.001171s ]
INFO: [ app_end ] --END-- [ RunTime:0.001292s ]

[ 2016-01-12T09:04:54+08:00 ] 127.0.0.1 /go/index.php/Home/Ask/tui
INFO: [ app_begin ] --START--
INFO: Run Behavior\ReadHtmlCacheBehavior [ RunTime:0.000951s ]
INFO: [ app_begin ] --END-- [ RunTime:0.001626s ]
NOTIC: [2] SimpleCWS::set_multi() expects exactly 1 parameter, 0 given H:\wenda\Application\Common\Common\function.php 第 91 行.
SQL: SHOW COLUMNS FROM `ds_tui` [ RunTime:0.0060s ]
SQL: SELECT * FROM `ds_tui` WHERE (  content like '%什么%' )  [ RunTime:0.0005s ]
INFO: [ app_end ] --START--
INFO: Run Behavior\ShowPageTraceBehavior [ RunTime:0.001140s ]
INFO: [ app_end ] --END-- [ RunTime:0.001262s ]

[ 2016-01-12T09:04:54+08:00 ] 127.0.0.1 /go/index.php/Home/Ask/tui
INFO: [ app_begin ] --START--
INFO: Run Behavior\ReadHtmlCacheBehavior [ RunTime:0.000994s ]
INFO: [ app_begin ] --END-- [ RunTime:0.001713s ]
NOTIC: [2] SimpleCWS::set_multi() expects exactly 1 parameter, 0 given H:\wenda\Application\Common\Common\function.php 第 91 行.
SQL: SHOW COLUMNS FROM `ds_tui` [ RunTime:0.0059s ]
SQL: SELECT * FROM `ds_tui` WHERE (  content like '%什么%' )  [ RunTime:0.0005s ]
SQL: SELECT * FROM `ds_tui` WHERE (  content like '%书%' )  [ RunTime:0.0005s ]
INFO: [ app_end ] --START--
INFO: Run Behavior\ShowPageTraceBehavior [ RunTime:0.001177s ]
INFO: [ app_end ] --END-- [ RunTime:0.001295s ]

[ 2016-01-12T09:04:55+08:00 ] 127.0.0.1 /go/index.php/Home/Ask/tui
INFO: [ app_begin ] --START--
INFO: Run Behavior\ReadHtmlCacheBehavior [ RunTime:0.001008s ]
INFO: [ app_begin ] --END-- [ RunTime:0.001851s ]
NOTIC: [2] SimpleCWS::set_multi() expects exactly 1 parameter, 0 given H:\wenda\Application\Common\Common\function.php 第 91 行.
SQL: SHOW COLUMNS FROM `ds_tui` [ RunTime:0.0059s ]
SQL: SELECT * FROM `ds_tui` WHERE (  content like '%什么%' )  [ RunTime:0.0009s ]
SQL: SELECT * FROM `ds_tui` WHERE (  content like '%书%' )  [ RunTime:0.0006s ]
INFO: [ app_end ] --START--
INFO: Run Behavior\ShowPageTraceBehavior [ RunTime:0.001194s ]
INFO: [ app_end ] --END-- [ RunTime:0.001322s ]

[ 2016-01-12T09:04:55+08:00 ] 127.0.0.1 /go/index.php/Home/Ask/tui
INFO: [ app_begin ] --START--
INFO: Run Behavior\ReadHtmlCacheBehavior [ RunTime:0.000904s ]
INFO: [ app_begin ] --END-- [ RunTime:0.001544s ]
NOTIC: [2] SimpleCWS::set_multi() expects exactly 1 parameter, 0 given H:\wenda\Application\Common\Common\function.php 第 91 行.
SQL: SHOW COLUMNS FROM `ds_tui` [ RunTime:0.0056s ]
SQL: SELECT * FROM `ds_tui` WHERE (  content like '%什么%' )  [ RunTime:0.0008s ]
SQL: SELECT * FROM `ds_tui` WHERE (  content like '%书%' )  [ RunTime:0.0018s ]
INFO: [ app_end ] --START--
INFO: Run Behavior\ShowPageTraceBehavior [ RunTime:0.001251s ]
INFO: [ app_end ] --END-- [ RunTime:0.001423s ]

[ 2016-01-12T09:04:55+08:00 ] 127.0.0.1 /go/index.php/Home/Ask/tui
INFO: [ app_begin ] --START--
INFO: Run Behavior\ReadHtmlCacheBehavior [ RunTime:0.000992s ]
INFO: [ app_begin ] --END-- [ RunTime:0.001656s ]
NOTIC: [2] SimpleCWS::set_multi() expects exactly 1 parameter, 0 given H:\wenda\Application\Common\Common\function.php 第 91 行.
SQL: SHOW COLUMNS FROM `ds_tui` [ RunTime:0.0058s ]
SQL: SELECT * FROM `ds_tui` WHERE (  content like '%什么%' )  [ RunTime:0.0005s ]
SQL: SELECT * FROM `ds_tui` WHERE (  content like '%书%' )  [ RunTime:0.0004s ]
INFO: [ app_end ] --START--
INFO: Run Behavior\ShowPageTraceBehavior [ RunTime:0.001107s ]
INFO: [ app_end ] --END-- [ RunTime:0.001222s ]

[ 2016-01-12T09:04:55+08:00 ] 127.0.0.1 /go/index.php/Home/Ask/tui
INFO: [ app_begin ] --START--
INFO: Run Behavior\ReadHtmlCacheBehavior [ RunTime:0.001605s ]
INFO: [ app_begin ] --END-- [ RunTime:0.002290s ]
NOTIC: [2] SimpleCWS::set_multi() expects exactly 1 parameter, 0 given H:\wenda\Application\Common\Common\function.php 第 91 行.
SQL: SHOW COLUMNS FROM `ds_tui` [ RunTime:0.0062s ]
SQL: SELECT * FROM `ds_tui` WHERE (  content like '%什么%' )  [ RunTime:0.0011s ]
SQL: SELECT * FROM `ds_tui` WHERE (  content like '%书%' )  [ RunTime:0.0004s ]
INFO: [ app_end ] --START--
INFO: Run Behavior\ShowPageTraceBehavior [ RunTime:0.001097s ]
INFO: [ app_end ] --END-- [ RunTime:0.001212s ]

[ 2016-01-12T09:04:56+08:00 ] 127.0.0.1 /go/index.php/Home/Ask/tui
INFO: [ app_begin ] --START--
INFO: Run Behavior\ReadHtmlCacheBehavior [ RunTime:0.000956s ]
INFO: [ app_begin ] --END-- [ RunTime:0.001640s ]
NOTIC: [2] SimpleCWS::set_multi() expects exactly 1 parameter, 0 given H:\wenda\Application\Common\Common\function.php 第 91 行.
SQL: SHOW COLUMNS FROM `ds_tui` [ RunTime:0.0059s ]
SQL: SELECT * FROM `ds_tui` WHERE (  content like '%什么%' )  [ RunTime:0.0005s ]
SQL: SELECT * FROM `ds_tui` WHERE (  content like '%书%' )  [ RunTime:0.0005s ]
INFO: [ app_end ] --START--
INFO: Run Behavior\ShowPageTraceBehavior [ RunTime:0.001178s ]
INFO: [ app_end ] --END-- [ RunTime:0.001313s ]

[ 2016-01-12T09:04:56+08:00 ] 127.0.0.1 /go/index.php/Home/Ask/tui
INFO: [ app_begin ] --START--
INFO: Run Behavior\ReadHtmlCacheBehavior [ RunTime:0.001033s ]
INFO: [ app_begin ] --END-- [ RunTime:0.001829s ]
NOTIC: [2] SimpleCWS::set_multi() expects exactly 1 parameter, 0 given H:\wenda\Application\Common\Common\function.php 第 91 行.
SQL: SHOW COLUMNS FROM `ds_tui` [ RunTime:0.0058s ]
SQL: SELECT * FROM `ds_tui` WHERE (  content like '%什么%' )  [ RunTime:0.0005s ]
INFO: [ app_end ] --START--
INFO: Run Behavior\ShowPageTraceBehavior [ RunTime:0.001181s ]
INFO: [ app_end ] --END-- [ RunTime:0.001318s ]

[ 2016-01-12T09:04:56+08:00 ] 127.0.0.1 /go/index.php/Home/Ask/tui
INFO: [ app_begin ] --START--
INFO: Run Behavior\ReadHtmlCacheBehavior [ RunTime:0.001061s ]
INFO: [ app_begin ] --END-- [ RunTime:0.001740s ]
NOTIC: [2] SimpleCWS::set_multi() expects exactly 1 parameter, 0 given H:\wenda\Application\Common\Common\function.php 第 91 行.
SQL: SHOW COLUMNS FROM `ds_tui` [ RunTime:0.0058s ]
SQL: SELECT * FROM `ds_tui` WHERE (  content like '%什%' )  [ RunTime:0.0005s ]
INFO: [ app_end ] --START--
INFO: Run Behavior\ShowPageTraceBehavior [ RunTime:0.001151s ]
INFO: [ app_end ] --END-- [ RunTime:0.001274s ]

[ 2016-01-12T09:04:57+08:00 ] 127.0.0.1 /go/index.php/Home/Ask/tui
INFO: [ app_begin ] --START--
INFO: Run Behavior\ReadHtmlCacheBehavior [ RunTime:0.000974s ]
INFO: [ app_begin ] --END-- [ RunTime:0.001671s ]
NOTIC: [2] SimpleCWS::set_multi() expects exactly 1 parameter, 0 given H:\wenda\Application\Common\Common\function.php 第 91 行.
NOTIC: [2] Invalid argument supplied for foreach() H:\wenda\Application\Home\Controller\AskController.class.php 第 74 行.
NOTIC: [8] Undefined variable: rone H:\wenda\Application\Home\Controller\AskController.class.php 第 82 行.
INFO: [ app_end ] --START--
INFO: Run Behavior\ShowPageTraceBehavior [ RunTime:0.001030s ]
INFO: [ app_end ] --END-- [ RunTime:0.001154s ]

[ 2016-01-12T09:28:48+08:00 ] 127.0.0.1 /go/index.php/Home/Member/mygood
ERR: 1064:You have an error in your SQL syntax; check the manual that corresponds to your MySQL server version for the right syntax to use near ') LIMIT 5' at line 1
 [ SQL语句 ] : SELECT * FROM `ds_order` WHERE ( uid= ) LIMIT 5  

[ 2016-01-12T09:28:53+08:00 ] 127.0.0.1 /go/index.php/Home/Member/index
ERR: 1064:You have an error in your SQL syntax; check the manual that corresponds to your MySQL server version for the right syntax to use near ')' at line 1
 [ SQL语句 ] : SELECT * FROM `ds_user` WHERE ( id= ) 

[ 2016-01-12T09:28:58+08:00 ] 127.0.0.1 /go/index.php/Home/Member/index
ERR: 1064:You have an error in your SQL syntax; check the manual that corresponds to your MySQL server version for the right syntax to use near ')' at line 1
 [ SQL语句 ] : SELECT * FROM `ds_user` WHERE ( id= ) 

[ 2016-01-12T09:32:09+08:00 ] 127.0.0.1 /go/index.php/Home/Member/Js/member.js
ERR: 非法操作:Js

[ 2016-01-12T09:36:25+08:00 ] 127.0.0.1 /go/index.php/Home/Member/mycoin
ERR: 1064:You have an error in your SQL syntax; check the manual that corresponds to your MySQL server version for the right syntax to use near ')' at line 1
 [ SQL语句 ] : SELECT `coin` FROM `ds_user` WHERE ( id= ) 

[ 2016-01-12T09:38:03+08:00 ] 127.0.0.1 /go/index.php/Home/Ask/tui
INFO: [ app_begin ] --START--
INFO: Run Behavior\ReadHtmlCacheBehavior [ RunTime:0.000991s ]
INFO: [ app_begin ] --END-- [ RunTime:0.001697s ]
NOTIC: [2] SimpleCWS::set_multi() expects exactly 1 parameter, 0 given H:\wenda\Application\Common\Common\function.php 第 91 行.
SQL: SHOW COLUMNS FROM `ds_tui` [ RunTime:0.0061s ]
SQL: SELECT * FROM `ds_tui` WHERE (  content like '%z%' )  [ RunTime:0.0006s ]
INFO: [ app_end ] --START--
INFO: Run Behavior\ShowPageTraceBehavior [ RunTime:0.001251s ]
INFO: [ app_end ] --END-- [ RunTime:0.001372s ]

[ 2016-01-12T09:38:03+08:00 ] 127.0.0.1 /go/index.php/Home/Ask/tui
INFO: [ app_begin ] --START--
INFO: Run Behavior\ReadHtmlCacheBehavior [ RunTime:0.000968s ]
INFO: [ app_begin ] --END-- [ RunTime:0.001696s ]
NOTIC: [2] SimpleCWS::set_multi() expects exactly 1 parameter, 0 given H:\wenda\Application\Common\Common\function.php 第 91 行.
SQL: SHOW COLUMNS FROM `ds_tui` [ RunTime:0.0054s ]
SQL: SELECT * FROM `ds_tui` WHERE (  content like '%zen%' )  [ RunTime:0.0005s ]
INFO: [ app_end ] --START--
INFO: Run Behavior\ShowPageTraceBehavior [ RunTime:0.001174s ]
INFO: [ app_end ] --END-- [ RunTime:0.001301s ]

[ 2016-01-12T09:38:03+08:00 ] 127.0.0.1 /go/index.php/Home/Ask/tui
INFO: [ app_begin ] --START--
INFO: Run Behavior\ReadHtmlCacheBehavior [ RunTime:0.000909s ]
INFO: [ app_begin ] --END-- [ RunTime:0.001548s ]
NOTIC: [2] SimpleCWS::set_multi() expects exactly 1 parameter, 0 given H:\wenda\Application\Common\Common\function.php 第 91 行.
SQL: SHOW COLUMNS FROM `ds_tui` [ RunTime:0.0050s ]
SQL: SELECT * FROM `ds_tui` WHERE (  content like '%zen%' )  [ RunTime:0.0005s ]
INFO: [ app_end ] --START--
INFO: Run Behavior\ShowPageTraceBehavior [ RunTime:0.001092s ]
INFO: [ app_end ] --END-- [ RunTime:0.001203s ]

[ 2016-01-12T09:38:03+08:00 ] 127.0.0.1 /go/index.php/Home/Ask/tui
INFO: [ app_begin ] --START--
INFO: Run Behavior\ReadHtmlCacheBehavior [ RunTime:0.000958s ]
INFO: [ app_begin ] --END-- [ RunTime:0.001648s ]
NOTIC: [2] SimpleCWS::set_multi() expects exactly 1 parameter, 0 given H:\wenda\Application\Common\Common\function.php 第 91 行.
SQL: SHOW COLUMNS FROM `ds_tui` [ RunTime:0.0055s ]
SQL: SELECT * FROM `ds_tui` WHERE (  content like '%ze%' )  [ RunTime:0.0005s ]
INFO: [ app_end ] --START--
INFO: Run Behavior\ShowPageTraceBehavior [ RunTime:0.001130s ]
INFO: [ app_end ] --END-- [ RunTime:0.001258s ]

[ 2016-01-12T09:38:03+08:00 ] 127.0.0.1 /go/index.php/Home/Ask/tui
INFO: [ app_begin ] --START--
INFO: Run Behavior\ReadHtmlCacheBehavior [ RunTime:0.000960s ]
INFO: [ app_begin ] --END-- [ RunTime:0.001654s ]
NOTIC: [2] SimpleCWS::set_multi() expects exactly 1 parameter, 0 given H:\wenda\Application\Common\Common\function.php 第 91 行.
SQL: SHOW COLUMNS FROM `ds_tui` [ RunTime:0.0058s ]
SQL: SELECT * FROM `ds_tui` WHERE (  content like '%z%' )  [ RunTime:0.0005s ]
INFO: [ app_end ] --START--
INFO: Run Behavior\ShowPageTraceBehavior [ RunTime:0.001155s ]
INFO: [ app_end ] --END-- [ RunTime:0.001283s ]

[ 2016-01-12T09:38:03+08:00 ] 127.0.0.1 /go/index.php/Home/Ask/tui
INFO: [ app_begin ] --START--
INFO: Run Behavior\ReadHtmlCacheBehavior [ RunTime:0.000967s ]
INFO: [ app_begin ] --END-- [ RunTime:0.001651s ]
NOTIC: [2] SimpleCWS::set_multi() expects exactly 1 parameter, 0 given H:\wenda\Application\Common\Common\function.php 第 91 行.
NOTIC: [2] Invalid argument supplied for foreach() H:\wenda\Application\Home\Controller\AskController.class.php 第 74 行.
NOTIC: [8] Undefined variable: rone H:\wenda\Application\Home\Controller\AskController.class.php 第 82 行.
INFO: [ app_end ] --START--
INFO: Run Behavior\ShowPageTraceBehavior [ RunTime:0.001179s ]
INFO: [ app_end ] --END-- [ RunTime:0.001320s ]

[ 2016-01-12T09:38:04+08:00 ] 127.0.0.1 /go/index.php/Home/Ask/tui
INFO: [ app_begin ] --START--
INFO: Run Behavior\ReadHtmlCacheBehavior [ RunTime:0.000965s ]
INFO: [ app_begin ] --END-- [ RunTime:0.001659s ]
NOTIC: [2] SimpleCWS::set_multi() expects exactly 1 parameter, 0 given H:\wenda\Application\Common\Common\function.php 第 91 行.
NOTIC: [2] Invalid argument supplied for foreach() H:\wenda\Application\Home\Controller\AskController.class.php 第 74 行.
NOTIC: [8] Undefined variable: rone H:\wenda\Application\Home\Controller\AskController.class.php 第 82 行.
INFO: [ app_end ] --START--
INFO: Run Behavior\ShowPageTraceBehavior [ RunTime:0.001034s ]
INFO: [ app_end ] --END-- [ RunTime:0.001165s ]

[ 2016-01-12T09:38:04+08:00 ] 127.0.0.1 /go/index.php/Home/Ask/tui
INFO: [ app_begin ] --START--
INFO: Run Behavior\ReadHtmlCacheBehavior [ RunTime:0.001076s ]
INFO: [ app_begin ] --END-- [ RunTime:0.001792s ]
NOTIC: [2] SimpleCWS::set_multi() expects exactly 1 parameter, 0 given H:\wenda\Application\Common\Common\function.php 第 91 行.
NOTIC: [2] Invalid argument supplied for foreach() H:\wenda\Application\Home\Controller\AskController.class.php 第 74 行.
NOTIC: [8] Undefined variable: rone H:\wenda\Application\Home\Controller\AskController.class.php 第 82 行.
INFO: [ app_end ] --START--
INFO: Run Behavior\ShowPageTraceBehavior [ RunTime:0.001682s ]
INFO: [ app_end ] --END-- [ RunTime:0.001882s ]

[ 2016-01-12T09:38:06+08:00 ] 127.0.0.1 /go/index.php/Home/Ask/tui
INFO: [ app_begin ] --START--
INFO: Run Behavior\ReadHtmlCacheBehavior [ RunTime:0.001008s ]
INFO: [ app_begin ] --END-- [ RunTime:0.001685s ]
NOTIC: [2] SimpleCWS::set_multi() expects exactly 1 parameter, 0 given H:\wenda\Application\Common\Common\function.php 第 91 行.
NOTIC: [2] Invalid argument supplied for foreach() H:\wenda\Application\Home\Controller\AskController.class.php 第 74 行.
NOTIC: [8] Undefined variable: rone H:\wenda\Application\Home\Controller\AskController.class.php 第 82 行.
INFO: [ app_end ] --START--
INFO: Run Behavior\ShowPageTraceBehavior [ RunTime:0.001075s ]
INFO: [ app_end ] --END-- [ RunTime:0.001203s ]

[ 2016-01-12T09:38:06+08:00 ] 127.0.0.1 /go/index.php/Home/Ask/tui
INFO: [ app_begin ] --START--
INFO: Run Behavior\ReadHtmlCacheBehavior [ RunTime:0.003083s ]
INFO: [ app_begin ] --END-- [ RunTime:0.003883s ]
NOTIC: [2] SimpleCWS::set_multi() expects exactly 1 parameter, 0 given H:\wenda\Application\Common\Common\function.php 第 91 行.
NOTIC: [2] Invalid argument supplied for foreach() H:\wenda\Application\Home\Controller\AskController.class.php 第 74 行.
NOTIC: [8] Undefined variable: rone H:\wenda\Application\Home\Controller\AskController.class.php 第 82 行.
INFO: [ app_end ] --START--
INFO: Run Behavior\ShowPageTraceBehavior [ RunTime:0.001215s ]
INFO: [ app_end ] --END-- [ RunTime:0.001420s ]

[ 2016-01-12T09:38:07+08:00 ] 127.0.0.1 /go/index.php/Home/Ask/tui
INFO: [ app_begin ] --START--
INFO: Run Behavior\ReadHtmlCacheBehavior [ RunTime:0.000970s ]
INFO: [ app_begin ] --END-- [ RunTime:0.001662s ]
NOTIC: [2] SimpleCWS::set_multi() expects exactly 1 parameter, 0 given H:\wenda\Application\Common\Common\function.php 第 91 行.
SQL: SHOW COLUMNS FROM `ds_tui` [ RunTime:0.0055s ]
SQL: SELECT * FROM `ds_tui` WHERE (  content like '%ze%' )  [ RunTime:0.0006s ]
INFO: [ app_end ] --START--
INFO: Run Behavior\ShowPageTraceBehavior [ RunTime:0.001228s ]
INFO: [ app_end ] --END-- [ RunTime:0.001355s ]

[ 2016-01-12T09:38:07+08:00 ] 127.0.0.1 /go/index.php/Home/Ask/tui
INFO: [ app_begin ] --START--
INFO: Run Behavior\ReadHtmlCacheBehavior [ RunTime:0.001010s ]
INFO: [ app_begin ] --END-- [ RunTime:0.001711s ]
NOTIC: [2] SimpleCWS::set_multi() expects exactly 1 parameter, 0 given H:\wenda\Application\Common\Common\function.php 第 91 行.
SQL: SHOW COLUMNS FROM `ds_tui` [ RunTime:0.0057s ]
SQL: SELECT * FROM `ds_tui` WHERE (  content like '%zen%' )  [ RunTime:0.0006s ]
INFO: [ app_end ] --START--
INFO: Run Behavior\ShowPageTraceBehavior [ RunTime:0.001392s ]
INFO: [ app_end ] --END-- [ RunTime:0.001527s ]

[ 2016-01-12T09:38:07+08:00 ] 127.0.0.1 /go/index.php/Home/Ask/tui
INFO: [ app_begin ] --START--
INFO: Run Behavior\ReadHtmlCacheBehavior [ RunTime:0.001880s ]
INFO: [ app_begin ] --END-- [ RunTime:0.002612s ]
NOTIC: [2] SimpleCWS::set_multi() expects exactly 1 parameter, 0 given H:\wenda\Application\Common\Common\function.php 第 91 行.
SQL: SHOW COLUMNS FROM `ds_tui` [ RunTime:0.0057s ]
SQL: SELECT * FROM `ds_tui` WHERE (  content like '%zen%' )  [ RunTime:0.0005s ]
INFO: [ app_end ] --START--
INFO: Run Behavior\ShowPageTraceBehavior [ RunTime:0.001137s ]
INFO: [ app_end ] --END-- [ RunTime:0.001266s ]

[ 2016-01-12T09:38:08+08:00 ] 127.0.0.1 /go/index.php/Home/Ask/tui
INFO: [ app_begin ] --START--
INFO: Run Behavior\ReadHtmlCacheBehavior [ RunTime:0.000979s ]
INFO: [ app_begin ] --END-- [ RunTime:0.001785s ]
NOTIC: [2] SimpleCWS::set_multi() expects exactly 1 parameter, 0 given H:\wenda\Application\Common\Common\function.php 第 91 行.
SQL: SHOW COLUMNS FROM `ds_tui` [ RunTime:0.0057s ]
SQL: SELECT * FROM `ds_tui` WHERE (  content like '%zeny%' )  [ RunTime:0.0006s ]
INFO: [ app_end ] --START--
INFO: Run Behavior\ShowPageTraceBehavior [ RunTime:0.001173s ]
INFO: [ app_end ] --END-- [ RunTime:0.001298s ]

[ 2016-01-12T09:38:08+08:00 ] 127.0.0.1 /go/index.php/Home/Ask/tui
INFO: [ app_begin ] --START--
INFO: Run Behavior\ReadHtmlCacheBehavior [ RunTime:0.000982s ]
INFO: [ app_begin ] --END-- [ RunTime:0.001665s ]
NOTIC: [2] SimpleCWS::set_multi() expects exactly 1 parameter, 0 given H:\wenda\Application\Common\Common\function.php 第 91 行.
SQL: SHOW COLUMNS FROM `ds_tui` [ RunTime:0.0059s ]
SQL: SELECT * FROM `ds_tui` WHERE (  content like '%zenyan%' )  [ RunTime:0.0008s ]
INFO: [ app_end ] --START--
INFO: Run Behavior\ShowPageTraceBehavior [ RunTime:0.001234s ]
INFO: [ app_end ] --END-- [ RunTime:0.001387s ]

[ 2016-01-12T09:38:08+08:00 ] 127.0.0.1 /go/index.php/Home/Ask/tui
INFO: [ app_begin ] --START--
INFO: Run Behavior\ReadHtmlCacheBehavior [ RunTime:0.001376s ]
INFO: [ app_begin ] --END-- [ RunTime:0.002110s ]
NOTIC: [2] SimpleCWS::set_multi() expects exactly 1 parameter, 0 given H:\wenda\Application\Common\Common\function.php 第 91 行.
SQL: SHOW COLUMNS FROM `ds_tui` [ RunTime:0.0059s ]
SQL: SELECT * FROM `ds_tui` WHERE (  content like '%zenyang%' )  [ RunTime:0.0005s ]
INFO: [ app_end ] --START--
INFO: Run Behavior\ShowPageTraceBehavior [ RunTime:0.001062s ]
INFO: [ app_end ] --END-- [ RunTime:0.001185s ]

[ 2016-01-12T09:38:08+08:00 ] 127.0.0.1 /go/index.php/Home/Ask/tui
INFO: [ app_begin ] --START--
INFO: Run Behavior\ReadHtmlCacheBehavior [ RunTime:0.001122s ]
INFO: [ app_begin ] --END-- [ RunTime:0.002032s ]
NOTIC: [2] SimpleCWS::set_multi() expects exactly 1 parameter, 0 given H:\wenda\Application\Common\Common\function.php 第 91 行.
SQL: SHOW COLUMNS FROM `ds_tui` [ RunTime:0.0054s ]
SQL: SELECT * FROM `ds_tui` WHERE (  content like '%zenyang%' )  [ RunTime:0.0005s ]
INFO: [ app_end ] --START--
INFO: Run Behavior\ShowPageTraceBehavior [ RunTime:0.001157s ]
INFO: [ app_end ] --END-- [ RunTime:0.001282s ]

[ 2016-01-12T09:38:08+08:00 ] 127.0.0.1 /go/index.php/Home/Ask/tui
INFO: [ app_begin ] --START--
INFO: Run Behavior\ReadHtmlCacheBehavior [ RunTime:0.000974s ]
INFO: [ app_begin ] --END-- [ RunTime:0.001687s ]
NOTIC: [2] SimpleCWS::set_multi() expects exactly 1 parameter, 0 given H:\wenda\Application\Common\Common\function.php 第 91 行.
SQL: SHOW COLUMNS FROM `ds_tui` [ RunTime:0.0058s ]
SQL: SELECT * FROM `ds_tui` WHERE (  content like '%怎样%' )  [ RunTime:0.0005s ]
INFO: [ app_end ] --START--
INFO: Run Behavior\ShowPageTraceBehavior [ RunTime:0.001148s ]
INFO: [ app_end ] --END-- [ RunTime:0.001275s ]

[ 2016-01-12T09:38:09+08:00 ] 127.0.0.1 /go/index.php/Home/Ask/tui
INFO: [ app_begin ] --START--
INFO: Run Behavior\ReadHtmlCacheBehavior [ RunTime:0.000975s ]
INFO: [ app_begin ] --END-- [ RunTime:0.001657s ]
NOTIC: [2] SimpleCWS::set_multi() expects exactly 1 parameter, 0 given H:\wenda\Application\Common\Common\function.php 第 91 行.
SQL: SHOW COLUMNS FROM `ds_tui` [ RunTime:0.0064s ]
SQL: SELECT * FROM `ds_tui` WHERE (  content like '%怎样%' )  [ RunTime:0.0005s ]
SQL: SELECT * FROM `ds_tui` WHERE (  content like '%sh%' )  [ RunTime:0.0006s ]
INFO: [ app_end ] --START--
INFO: Run Behavior\ShowPageTraceBehavior [ RunTime:0.001276s ]
INFO: [ app_end ] --END-- [ RunTime:0.001412s ]

[ 2016-01-12T09:38:09+08:00 ] 127.0.0.1 /go/index.php/Home/Ask/tui
INFO: [ app_begin ] --START--
INFO: Run Behavior\ReadHtmlCacheBehavior [ RunTime:0.000951s ]
INFO: [ app_begin ] --END-- [ RunTime:0.001645s ]
NOTIC: [2] SimpleCWS::set_multi() expects exactly 1 parameter, 0 given H:\wenda\Application\Common\Common\function.php 第 91 行.
SQL: SHOW COLUMNS FROM `ds_tui` [ RunTime:0.0064s ]
SQL: SELECT * FROM `ds_tui` WHERE (  content like '%怎样%' )  [ RunTime:0.0005s ]
INFO: [ app_end ] --START--
INFO: Run Behavior\ShowPageTraceBehavior [ RunTime:0.001146s ]
INFO: [ app_end ] --END-- [ RunTime:0.001274s ]

[ 2016-01-12T09:38:09+08:00 ] 127.0.0.1 /go/index.php/Home/Ask/tui
INFO: [ app_begin ] --START--
INFO: Run Behavior\ReadHtmlCacheBehavior [ RunTime:0.000998s ]
INFO: [ app_begin ] --END-- [ RunTime:0.001810s ]
NOTIC: [2] SimpleCWS::set_multi() expects exactly 1 parameter, 0 given H:\wenda\Application\Common\Common\function.php 第 91 行.
SQL: SHOW COLUMNS FROM `ds_tui` [ RunTime:0.0056s ]
SQL: SELECT * FROM `ds_tui` WHERE (  content like '%怎样%' )  [ RunTime:0.0006s ]
INFO: [ app_end ] --START--
INFO: Run Behavior\ShowPageTraceBehavior [ RunTime:0.001163s ]
INFO: [ app_end ] --END-- [ RunTime:0.001291s ]

[ 2016-01-12T09:38:09+08:00 ] 127.0.0.1 /go/index.php/Home/Ask/tui
INFO: [ app_begin ] --START--
INFO: Run Behavior\ReadHtmlCacheBehavior [ RunTime:0.000943s ]
INFO: [ app_begin ] --END-- [ RunTime:0.001648s ]
NOTIC: [2] SimpleCWS::set_multi() expects exactly 1 parameter, 0 given H:\wenda\Application\Common\Common\function.php 第 91 行.
SQL: SHOW COLUMNS FROM `ds_tui` [ RunTime:0.0057s ]
SQL: SELECT * FROM `ds_tui` WHERE (  content like '%怎样%' )  [ RunTime:0.0005s ]
INFO: [ app_end ] --START--
INFO: Run Behavior\ShowPageTraceBehavior [ RunTime:0.001107s ]
INFO: [ app_end ] --END-- [ RunTime:0.001229s ]

[ 2016-01-12T09:38:09+08:00 ] 127.0.0.1 /go/index.php/Home/Ask/tui
INFO: [ app_begin ] --START--
INFO: Run Behavior\ReadHtmlCacheBehavior [ RunTime:0.001943s ]
INFO: [ app_begin ] --END-- [ RunTime:0.002650s ]
NOTIC: [2] SimpleCWS::set_multi() expects exactly 1 parameter, 0 given H:\wenda\Application\Common\Common\function.php 第 91 行.
SQL: SHOW COLUMNS FROM `ds_tui` [ RunTime:0.0054s ]
SQL: SELECT * FROM `ds_tui` WHERE (  content like '%怎样%' )  [ RunTime:0.0014s ]
INFO: [ app_end ] --START--
INFO: Run Behavior\ShowPageTraceBehavior [ RunTime:0.001106s ]
INFO: [ app_end ] --END-- [ RunTime:0.001238s ]

[ 2016-01-12T09:38:09+08:00 ] 127.0.0.1 /go/index.php/Home/Ask/tui
INFO: [ app_begin ] --START--
INFO: Run Behavior\ReadHtmlCacheBehavior [ RunTime:0.000915s ]
INFO: [ app_begin ] --END-- [ RunTime:0.001550s ]
NOTIC: [2] SimpleCWS::set_multi() expects exactly 1 parameter, 0 given H:\wenda\Application\Common\Common\function.php 第 91 行.
SQL: SHOW COLUMNS FROM `ds_tui` [ RunTime:0.0058s ]
SQL: SELECT * FROM `ds_tui` WHERE (  content like '%怎样%' )  [ RunTime:0.0005s ]
INFO: [ app_end ] --START--
INFO: Run Behavior\ShowPageTraceBehavior [ RunTime:0.000989s ]
INFO: [ app_end ] --END-- [ RunTime:0.001106s ]

[ 2016-01-12T09:38:09+08:00 ] 127.0.0.1 /go/index.php/Home/Ask/tui
INFO: [ app_begin ] --START--
INFO: Run Behavior\ReadHtmlCacheBehavior [ RunTime:0.000896s ]
INFO: [ app_begin ] --END-- [ RunTime:0.001556s ]
NOTIC: [2] SimpleCWS::set_multi() expects exactly 1 parameter, 0 given H:\wenda\Application\Common\Common\function.php 第 91 行.
SQL: SHOW COLUMNS FROM `ds_tui` [ RunTime:0.0050s ]
SQL: SELECT * FROM `ds_tui` WHERE (  content like '%怎样%' )  [ RunTime:0.0005s ]
INFO: [ app_end ] --START--
INFO: Run Behavior\ShowPageTraceBehavior [ RunTime:0.001071s ]
INFO: [ app_end ] --END-- [ RunTime:0.001182s ]

[ 2016-01-12T09:38:09+08:00 ] 127.0.0.1 /go/index.php/Home/Ask/tui
INFO: [ app_begin ] --START--
INFO: Run Behavior\ReadHtmlCacheBehavior [ RunTime:0.000926s ]
INFO: [ app_begin ] --END-- [ RunTime:0.001566s ]
NOTIC: [2] SimpleCWS::set_multi() expects exactly 1 parameter, 0 given H:\wenda\Application\Common\Common\function.php 第 91 行.
SQL: SHOW COLUMNS FROM `ds_tui` [ RunTime:0.0051s ]
SQL: SELECT * FROM `ds_tui` WHERE (  content like '%怎样%' )  [ RunTime:0.0005s ]
SQL: SELECT * FROM `ds_tui` WHERE (  content like '%实现%' )  [ RunTime:0.0005s ]
INFO: [ app_end ] --START--
INFO: Run Behavior\ShowPageTraceBehavior [ RunTime:0.001112s ]
INFO: [ app_end ] --END-- [ RunTime:0.001222s ]

[ 2016-01-12T09:38:10+08:00 ] 127.0.0.1 /go/index.php/Home/Ask/tui
INFO: [ app_begin ] --START--
INFO: Run Behavior\ReadHtmlCacheBehavior [ RunTime:0.000948s ]
INFO: [ app_begin ] --END-- [ RunTime:0.001637s ]
NOTIC: [2] SimpleCWS::set_multi() expects exactly 1 parameter, 0 given H:\wenda\Application\Common\Common\function.php 第 91 行.
SQL: SHOW COLUMNS FROM `ds_tui` [ RunTime:0.0056s ]
SQL: SELECT * FROM `ds_tui` WHERE (  content like '%怎样%' )  [ RunTime:0.0006s ]
SQL: SELECT * FROM `ds_tui` WHERE (  content like '%实现%' )  [ RunTime:0.0005s ]
INFO: [ app_end ] --START--
INFO: Run Behavior\ShowPageTraceBehavior [ RunTime:0.001244s ]
INFO: [ app_end ] --END-- [ RunTime:0.001394s ]

[ 2016-01-12T09:38:11+08:00 ] 127.0.0.1 /go/index.php/Home/Ask/tui
INFO: [ app_begin ] --START--
INFO: Run Behavior\ReadHtmlCacheBehavior [ RunTime:0.000949s ]
INFO: [ app_begin ] --END-- [ RunTime:0.001634s ]
NOTIC: [2] SimpleCWS::set_multi() expects exactly 1 parameter, 0 given H:\wenda\Application\Common\Common\function.php 第 91 行.
SQL: SHOW COLUMNS FROM `ds_tui` [ RunTime:0.0061s ]
SQL: SELECT * FROM `ds_tui` WHERE (  content like '%怎样%' )  [ RunTime:0.0005s ]
SQL: SELECT * FROM `ds_tui` WHERE (  content like '%实现%' )  [ RunTime:0.0007s ]
INFO: [ app_end ] --START--
INFO: Run Behavior\ShowPageTraceBehavior [ RunTime:0.001181s ]
INFO: [ app_end ] --END-- [ RunTime:0.001300s ]

[ 2016-01-12T09:38:11+08:00 ] 127.0.0.1 /go/index.php/Home/Ask/tui
INFO: [ app_begin ] --START--
INFO: Run Behavior\ReadHtmlCacheBehavior [ RunTime:0.000880s ]
INFO: [ app_begin ] --END-- [ RunTime:0.001517s ]
NOTIC: [2] SimpleCWS::set_multi() expects exactly 1 parameter, 0 given H:\wenda\Application\Common\Common\function.php 第 91 行.
SQL: SHOW COLUMNS FROM `ds_tui` [ RunTime:0.0050s ]
SQL: SELECT * FROM `ds_tui` WHERE (  content like '%怎样%' )  [ RunTime:0.0005s ]
SQL: SELECT * FROM `ds_tui` WHERE (  content like '%实现%' )  [ RunTime:0.0005s ]
INFO: [ app_end ] --START--
INFO: Run Behavior\ShowPageTraceBehavior [ RunTime:0.001103s ]
INFO: [ app_end ] --END-- [ RunTime:0.001213s ]

[ 2016-01-12T09:38:11+08:00 ] 127.0.0.1 /go/index.php/Home/Ask/tui
INFO: [ app_begin ] --START--
INFO: Run Behavior\ReadHtmlCacheBehavior [ RunTime:0.000957s ]
INFO: [ app_begin ] --END-- [ RunTime:0.001661s ]
NOTIC: [2] SimpleCWS::set_multi() expects exactly 1 parameter, 0 given H:\wenda\Application\Common\Common\function.php 第 91 行.
SQL: SHOW COLUMNS FROM `ds_tui` [ RunTime:0.0059s ]
SQL: SELECT * FROM `ds_tui` WHERE (  content like '%怎样%' )  [ RunTime:0.0006s ]
SQL: SELECT * FROM `ds_tui` WHERE (  content like '%实现%' )  [ RunTime:0.0005s ]
INFO: [ app_end ] --START--
INFO: Run Behavior\ShowPageTraceBehavior [ RunTime:0.001208s ]
INFO: [ app_end ] --END-- [ RunTime:0.001327s ]

[ 2016-01-12T09:38:11+08:00 ] 127.0.0.1 /go/index.php/Home/Ask/tui
INFO: [ app_begin ] --START--
INFO: Run Behavior\ReadHtmlCacheBehavior [ RunTime:0.000967s ]
INFO: [ app_begin ] --END-- [ RunTime:0.001658s ]
NOTIC: [2] SimpleCWS::set_multi() expects exactly 1 parameter, 0 given H:\wenda\Application\Common\Common\function.php 第 91 行.
SQL: SHOW COLUMNS FROM `ds_tui` [ RunTime:0.0057s ]
SQL: SELECT * FROM `ds_tui` WHERE (  content like '%怎样%' )  [ RunTime:0.0005s ]
SQL: SELECT * FROM `ds_tui` WHERE (  content like '%实现%' )  [ RunTime:0.0005s ]
INFO: [ app_end ] --START--
INFO: Run Behavior\ShowPageTraceBehavior [ RunTime:0.001225s ]
INFO: [ app_end ] --END-- [ RunTime:0.001346s ]

[ 2016-01-12T09:38:11+08:00 ] 127.0.0.1 /go/index.php/Home/Ask/tui
INFO: [ app_begin ] --START--
INFO: Run Behavior\ReadHtmlCacheBehavior [ RunTime:0.000973s ]
INFO: [ app_begin ] --END-- [ RunTime:0.001682s ]
NOTIC: [2] SimpleCWS::set_multi() expects exactly 1 parameter, 0 given H:\wenda\Application\Common\Common\function.php 第 91 行.
SQL: SHOW COLUMNS FROM `ds_tui` [ RunTime:0.0055s ]
SQL: SELECT * FROM `ds_tui` WHERE (  content like '%怎样%' )  [ RunTime:0.0004s ]
SQL: SELECT * FROM `ds_tui` WHERE (  content like '%实现%' )  [ RunTime:0.0004s ]
INFO: [ app_end ] --START--
INFO: Run Behavior\ShowPageTraceBehavior [ RunTime:0.001119s ]
INFO: [ app_end ] --END-- [ RunTime:0.001259s ]

[ 2016-01-12T09:38:11+08:00 ] 127.0.0.1 /go/index.php/Home/Ask/tui
INFO: [ app_begin ] --START--
INFO: Run Behavior\ReadHtmlCacheBehavior [ RunTime:0.001105s ]
INFO: [ app_begin ] --END-- [ RunTime:0.001809s ]
NOTIC: [2] SimpleCWS::set_multi() expects exactly 1 parameter, 0 given H:\wenda\Application\Common\Common\function.php 第 91 行.
SQL: SHOW COLUMNS FROM `ds_tui` [ RunTime:0.0065s ]
SQL: SELECT * FROM `ds_tui` WHERE (  content like '%怎样%' )  [ RunTime:0.0005s ]
SQL: SELECT * FROM `ds_tui` WHERE (  content like '%实现%' )  [ RunTime:0.0005s ]
INFO: [ app_end ] --START--
INFO: Run Behavior\ShowPageTraceBehavior [ RunTime:0.001675s ]
INFO: [ app_end ] --END-- [ RunTime:0.001824s ]

[ 2016-01-12T09:38:11+08:00 ] 127.0.0.1 /go/index.php/Home/Ask/tui
INFO: [ app_begin ] --START--
INFO: Run Behavior\ReadHtmlCacheBehavior [ RunTime:0.000994s ]
INFO: [ app_begin ] --END-- [ RunTime:0.001723s ]
NOTIC: [2] SimpleCWS::set_multi() expects exactly 1 parameter, 0 given H:\wenda\Application\Common\Common\function.php 第 91 行.
SQL: SHOW COLUMNS FROM `ds_tui` [ RunTime:0.0069s ]
SQL: SELECT * FROM `ds_tui` WHERE (  content like '%怎样%' )  [ RunTime:0.0006s ]
SQL: SELECT * FROM `ds_tui` WHERE (  content like '%实现%' )  [ RunTime:0.0005s ]
INFO: [ app_end ] --START--
INFO: Run Behavior\ShowPageTraceBehavior [ RunTime:0.001344s ]
INFO: [ app_end ] --END-- [ RunTime:0.001504s ]

[ 2016-01-12T09:38:11+08:00 ] 127.0.0.1 /go/index.php/Home/Ask/tui
INFO: [ app_begin ] --START--
INFO: Run Behavior\ReadHtmlCacheBehavior [ RunTime:0.001162s ]
INFO: [ app_begin ] --END-- [ RunTime:0.002904s ]
NOTIC: [2] SimpleCWS::set_multi() expects exactly 1 parameter, 0 given H:\wenda\Application\Common\Common\function.php 第 91 行.
SQL: SHOW COLUMNS FROM `ds_tui` [ RunTime:0.0048s ]
SQL: SELECT * FROM `ds_tui` WHERE (  content like '%怎样%' )  [ RunTime:0.0004s ]
SQL: SELECT * FROM `ds_tui` WHERE (  content like '%实现%' )  [ RunTime:0.0004s ]
INFO: [ app_end ] --START--
INFO: Run Behavior\ShowPageTraceBehavior [ RunTime:0.001007s ]
INFO: [ app_end ] --END-- [ RunTime:0.001111s ]

[ 2016-01-12T09:38:12+08:00 ] 127.0.0.1 /go/index.php/Home/Ask/tui
INFO: [ app_begin ] --START--
INFO: Run Behavior\ReadHtmlCacheBehavior [ RunTime:0.000972s ]
INFO: [ app_begin ] --END-- [ RunTime:0.001693s ]
NOTIC: [2] SimpleCWS::set_multi() expects exactly 1 parameter, 0 given H:\wenda\Application\Common\Common\function.php 第 91 行.
SQL: SHOW COLUMNS FROM `ds_tui` [ RunTime:0.0058s ]
SQL: SELECT * FROM `ds_tui` WHERE (  content like '%怎样%' )  [ RunTime:0.0006s ]
SQL: SELECT * FROM `ds_tui` WHERE (  content like '%实现%' )  [ RunTime:0.0005s ]
INFO: [ app_end ] --START--
INFO: Run Behavior\ShowPageTraceBehavior [ RunTime:0.001192s ]
INFO: [ app_end ] --END-- [ RunTime:0.001312s ]

[ 2016-01-12T09:39:00+08:00 ] 127.0.0.1 /go/index.php/Home/Ask/tui
INFO: [ app_begin ] --START--
INFO: Run Behavior\ReadHtmlCacheBehavior [ RunTime:0.000961s ]
INFO: [ app_begin ] --END-- [ RunTime:0.001658s ]
NOTIC: [2] SimpleCWS::set_multi() expects exactly 1 parameter, 0 given H:\wenda\Application\Common\Common\function.php 第 91 行.
SQL: SHOW COLUMNS FROM `ds_tui` [ RunTime:0.0056s ]
SQL: SELECT * FROM `ds_tui` WHERE (  content like '%怎样%' )  [ RunTime:0.0006s ]
SQL: SELECT * FROM `ds_tui` WHERE (  content like '%实现%' )  [ RunTime:0.0005s ]
INFO: [ app_end ] --START--
INFO: Run Behavior\ShowPageTraceBehavior [ RunTime:0.001252s ]
INFO: [ app_end ] --END-- [ RunTime:0.001376s ]

[ 2016-01-12T09:39:00+08:00 ] 127.0.0.1 /go/index.php/Home/Ask/tui
INFO: [ app_begin ] --START--
INFO: Run Behavior\ReadHtmlCacheBehavior [ RunTime:0.000984s ]
INFO: [ app_begin ] --END-- [ RunTime:0.001752s ]
NOTIC: [2] SimpleCWS::set_multi() expects exactly 1 parameter, 0 given H:\wenda\Application\Common\Common\function.php 第 91 行.
SQL: SHOW COLUMNS FROM `ds_tui` [ RunTime:0.0055s ]
SQL: SELECT * FROM `ds_tui` WHERE (  content like '%怎样%' )  [ RunTime:0.0005s ]
SQL: SELECT * FROM `ds_tui` WHERE (  content like '%实现%' )  [ RunTime:0.0005s ]
INFO: [ app_end ] --START--
INFO: Run Behavior\ShowPageTraceBehavior [ RunTime:0.001243s ]
INFO: [ app_end ] --END-- [ RunTime:0.001373s ]

[ 2016-01-12T09:39:01+08:00 ] 127.0.0.1 /go/index.php/Home/Ask/tui
INFO: [ app_begin ] --START--
INFO: Run Behavior\ReadHtmlCacheBehavior [ RunTime:0.000961s ]
INFO: [ app_begin ] --END-- [ RunTime:0.001653s ]
NOTIC: [2] SimpleCWS::set_multi() expects exactly 1 parameter, 0 given H:\wenda\Application\Common\Common\function.php 第 91 行.
SQL: SHOW COLUMNS FROM `ds_tui` [ RunTime:0.0060s ]
SQL: SELECT * FROM `ds_tui` WHERE (  content like '%怎样%' )  [ RunTime:0.0006s ]
SQL: SELECT * FROM `ds_tui` WHERE (  content like '%实现%' )  [ RunTime:0.0005s ]
INFO: [ app_end ] --START--
INFO: Run Behavior\ShowPageTraceBehavior [ RunTime:0.001411s ]
INFO: [ app_end ] --END-- [ RunTime:0.001553s ]

[ 2016-01-12T09:39:01+08:00 ] 127.0.0.1 /go/index.php/Home/Ask/tui
INFO: [ app_begin ] --START--
INFO: Run Behavior\ReadHtmlCacheBehavior [ RunTime:0.000965s ]
INFO: [ app_begin ] --END-- [ RunTime:0.001665s ]
NOTIC: [2] SimpleCWS::set_multi() expects exactly 1 parameter, 0 given H:\wenda\Application\Common\Common\function.php 第 91 行.
SQL: SHOW COLUMNS FROM `ds_tui` [ RunTime:0.0056s ]
SQL: SELECT * FROM `ds_tui` WHERE (  content like '%怎样%' )  [ RunTime:0.0006s ]
SQL: SELECT * FROM `ds_tui` WHERE (  content like '%实%' )  [ RunTime:0.0005s ]
INFO: [ app_end ] --START--
INFO: Run Behavior\ShowPageTraceBehavior [ RunTime:0.001213s ]
INFO: [ app_end ] --END-- [ RunTime:0.001341s ]

[ 2016-01-12T09:39:01+08:00 ] 127.0.0.1 /go/index.php/Home/Ask/tui
INFO: [ app_begin ] --START--
INFO: Run Behavior\ReadHtmlCacheBehavior [ RunTime:0.000994s ]
INFO: [ app_begin ] --END-- [ RunTime:0.001725s ]
NOTIC: [2] SimpleCWS::set_multi() expects exactly 1 parameter, 0 given H:\wenda\Application\Common\Common\function.php 第 91 行.
SQL: SHOW COLUMNS FROM `ds_tui` [ RunTime:0.0058s ]
SQL: SELECT * FROM `ds_tui` WHERE (  content like '%怎样%' )  [ RunTime:0.0006s ]
INFO: [ app_end ] --START--
INFO: Run Behavior\ShowPageTraceBehavior [ RunTime:0.001169s ]
INFO: [ app_end ] --END-- [ RunTime:0.001299s ]

[ 2016-01-12T09:39:01+08:00 ] 127.0.0.1 /go/index.php/Home/Ask/tui
INFO: [ app_begin ] --START--
INFO: Run Behavior\ReadHtmlCacheBehavior [ RunTime:0.000992s ]
INFO: [ app_begin ] --END-- [ RunTime:0.001687s ]
NOTIC: [2] SimpleCWS::set_multi() expects exactly 1 parameter, 0 given H:\wenda\Application\Common\Common\function.php 第 91 行.
SQL: SHOW COLUMNS FROM `ds_tui` [ RunTime:0.0056s ]
SQL: SELECT * FROM `ds_tui` WHERE (  content like '%怎%' )  [ RunTime:0.0006s ]
INFO: [ app_end ] --START--
INFO: Run Behavior\ShowPageTraceBehavior [ RunTime:0.001163s ]
INFO: [ app_end ] --END-- [ RunTime:0.001293s ]

[ 2016-01-12T09:39:01+08:00 ] 127.0.0.1 /go/index.php/Home/Ask/tui
INFO: [ app_begin ] --START--
INFO: Run Behavior\ReadHtmlCacheBehavior [ RunTime:0.000972s ]
INFO: [ app_begin ] --END-- [ RunTime:0.001665s ]
NOTIC: [2] SimpleCWS::set_multi() expects exactly 1 parameter, 0 given H:\wenda\Application\Common\Common\function.php 第 91 行.
NOTIC: [2] Invalid argument supplied for foreach() H:\wenda\Application\Home\Controller\AskController.class.php 第 74 行.
NOTIC: [8] Undefined variable: rone H:\wenda\Application\Home\Controller\AskController.class.php 第 82 行.
INFO: [ app_end ] --START--
INFO: Run Behavior\ShowPageTraceBehavior [ RunTime:0.001035s ]
INFO: [ app_end ] --END-- [ RunTime:0.001161s ]

[ 2016-01-12T09:43:59+08:00 ] 127.0.0.1 /go/index.php/Home/Cha/zan
INFO: [ app_begin ] --START--
INFO: Run Behavior\ReadHtmlCacheBehavior [ RunTime:0.000978s ]
INFO: [ app_begin ] --END-- [ RunTime:0.001675s ]
SQL: SHOW COLUMNS FROM `ds_ask` [ RunTime:0.0060s ]
SQL: UPDATE `ds_ask` SET `dian`=dian+1 WHERE ( id=11 ) [ RunTime:0.0008s ]
INFO: [ app_end ] --START--
INFO: Run Behavior\ShowPageTraceBehavior [ RunTime:0.001218s ]
INFO: [ app_end ] --END-- [ RunTime:0.001337s ]

[ 2016-01-12T09:44:09+08:00 ] 127.0.0.1 /go/index.php/Home/Cha/zan
INFO: [ app_begin ] --START--
INFO: Run Behavior\ReadHtmlCacheBehavior [ RunTime:0.001210s ]
INFO: [ app_begin ] --END-- [ RunTime:0.001980s ]
SQL: SHOW COLUMNS FROM `ds_ask` [ RunTime:0.0059s ]
SQL: UPDATE `ds_ask` SET `dian`=dian+1 WHERE ( id=86 ) [ RunTime:0.0006s ]
INFO: [ app_end ] --START--
INFO: Run Behavior\ShowPageTraceBehavior [ RunTime:0.001406s ]
INFO: [ app_end ] --END-- [ RunTime:0.001527s ]

[ 2016-01-12T09:44:13+08:00 ] 127.0.0.1 /go/index.php/Home/Cha/za
INFO: [ app_begin ] --START--
INFO: Run Behavior\ReadHtmlCacheBehavior [ RunTime:0.001201s ]
INFO: [ app_begin ] --END-- [ RunTime:0.001972s ]
SQL: SHOW COLUMNS FROM `ds_ask` [ RunTime:0.0058s ]
SQL: UPDATE `ds_ask` SET `dian`=dian-1 WHERE ( id=86 ) [ RunTime:0.0005s ]
INFO: [ app_end ] --START--
INFO: Run Behavior\ShowPageTraceBehavior [ RunTime:0.001359s ]
INFO: [ app_end ] --END-- [ RunTime:0.001478s ]

