[ 2016-01-13T19:12:25+08:00 ] 127.0.0.1 /go/index.php/Home/Ask/tui
INFO: [ app_begin ] --START--
INFO: Run Behavior\ReadHtmlCacheBehavior [ RunTime:0.000959s ]
INFO: [ app_begin ] --END-- [ RunTime:0.001658s ]
NOTIC: [2] SimpleCWS::set_multi() expects exactly 1 parameter, 0 given H:\wenda\Application\Common\Common\function.php 第 91 行.
SQL: SHOW COLUMNS FROM `ds_tui` [ RunTime:0.0414s ]
SQL: SELECT * FROM `ds_tui` WHERE (  content like '%t%' )  [ RunTime:0.0114s ]
INFO: [ app_end ] --START--
INFO: Run Behavior\ShowPageTraceBehavior [ RunTime:0.001179s ]
INFO: [ app_end ] --END-- [ RunTime:0.001326s ]

[ 2016-01-13T19:12:25+08:00 ] 127.0.0.1 /go/index.php/Home/Ask/tui
INFO: [ app_begin ] --START--
INFO: Run Behavior\ReadHtmlCacheBehavior [ RunTime:0.001387s ]
INFO: [ app_begin ] --END-- [ RunTime:0.002308s ]
NOTIC: [2] SimpleCWS::set_multi() expects exactly 1 parameter, 0 given H:\wenda\Application\Common\Common\function.php 第 91 行.
SQL: SHOW COLUMNS FROM `ds_tui` [ RunTime:0.0054s ]
SQL: SELECT * FROM `ds_tui` WHERE (  content like '%ti%' )  [ RunTime:0.0005s ]
INFO: [ app_end ] --START--
INFO: Run Behavior\ShowPageTraceBehavior [ RunTime:0.001331s ]
INFO: [ app_end ] --END-- [ RunTime:0.001455s ]

[ 2016-01-13T19:12:25+08:00 ] 127.0.0.1 /go/index.php/Home/Ask/tui
INFO: [ app_begin ] --START--
INFO: Run Behavior\ReadHtmlCacheBehavior [ RunTime:0.001151s ]
INFO: [ app_begin ] --END-- [ RunTime:0.002065s ]
NOTIC: [2] SimpleCWS::set_multi() expects exactly 1 parameter, 0 given H:\wenda\Application\Common\Common\function.php 第 91 行.
SQL: SHOW COLUMNS FROM `ds_tui` [ RunTime:0.0053s ]
SQL: SELECT * FROM `ds_tui` WHERE (  content like '%tie%' )  [ RunTime:0.0006s ]
INFO: [ app_end ] --START--
INFO: Run Behavior\ShowPageTraceBehavior [ RunTime:0.001301s ]
INFO: [ app_end ] --END-- [ RunTime:0.001413s ]

[ 2016-01-13T19:12:25+08:00 ] 127.0.0.1 /go/index.php/Home/Ask/tui
INFO: [ app_begin ] --START--
INFO: Run Behavior\ReadHtmlCacheBehavior [ RunTime:0.000982s ]
INFO: [ app_begin ] --END-- [ RunTime:0.001713s ]
NOTIC: [2] SimpleCWS::set_multi() expects exactly 1 parameter, 0 given H:\wenda\Application\Common\Common\function.php 第 91 行.
SQL: SHOW COLUMNS FROM `ds_tui` [ RunTime:0.0060s ]
SQL: SELECT * FROM `ds_tui` WHERE (  content like '%tie%' )  [ RunTime:0.0005s ]
INFO: [ app_end ] --START--
INFO: Run Behavior\ShowPageTraceBehavior [ RunTime:0.001174s ]
INFO: [ app_end ] --END-- [ RunTime:0.001303s ]

[ 2016-01-13T19:12:25+08:00 ] 127.0.0.1 /go/index.php/Home/Ask/tui
INFO: [ app_begin ] --START--
INFO: Run Behavior\ReadHtmlCacheBehavior [ RunTime:0.001022s ]
INFO: [ app_begin ] --END-- [ RunTime:0.001722s ]
NOTIC: [2] SimpleCWS::set_multi() expects exactly 1 parameter, 0 given H:\wenda\Application\Common\Common\function.php 第 91 行.
SQL: SHOW COLUMNS FROM `ds_tui` [ RunTime:0.0064s ]
SQL: SELECT * FROM `ds_tui` WHERE (  content like '%tie%' )  [ RunTime:0.0006s ]
INFO: [ app_end ] --START--
INFO: Run Behavior\ShowPageTraceBehavior [ RunTime:0.001201s ]
INFO: [ app_end ] --END-- [ RunTime:0.001331s ]

[ 2016-01-13T19:12:26+08:00 ] 127.0.0.1 /go/index.php/Home/Ask/tui
INFO: [ app_begin ] --START--
INFO: Run Behavior\ReadHtmlCacheBehavior [ RunTime:0.000954s ]
INFO: [ app_begin ] --END-- [ RunTime:0.001636s ]
NOTIC: [2] SimpleCWS::set_multi() expects exactly 1 parameter, 0 given H:\wenda\Application\Common\Common\function.php 第 91 行.
SQL: SHOW COLUMNS FROM `ds_tui` [ RunTime:0.0061s ]
SQL: SELECT * FROM `ds_tui` WHERE (  content like '%ti%' )  [ RunTime:0.0005s ]
INFO: [ app_end ] --START--
INFO: Run Behavior\ShowPageTraceBehavior [ RunTime:0.001139s ]
INFO: [ app_end ] --END-- [ RunTime:0.001263s ]

[ 2016-01-13T19:12:26+08:00 ] 127.0.0.1 /go/index.php/Home/Ask/tui
INFO: [ app_begin ] --START--
INFO: Run Behavior\ReadHtmlCacheBehavior [ RunTime:0.000970s ]
INFO: [ app_begin ] --END-- [ RunTime:0.001698s ]
NOTIC: [2] SimpleCWS::set_multi() expects exactly 1 parameter, 0 given H:\wenda\Application\Common\Common\function.php 第 91 行.
SQL: SHOW COLUMNS FROM `ds_tui` [ RunTime:0.0056s ]
SQL: SELECT * FROM `ds_tui` WHERE (  content like '%t%' )  [ RunTime:0.0005s ]
INFO: [ app_end ] --START--
INFO: Run Behavior\ShowPageTraceBehavior [ RunTime:0.001146s ]
INFO: [ app_end ] --END-- [ RunTime:0.001267s ]

[ 2016-01-13T19:12:26+08:00 ] 127.0.0.1 /go/index.php/Home/Ask/tui
INFO: [ app_begin ] --START--
INFO: Run Behavior\ReadHtmlCacheBehavior [ RunTime:0.000890s ]
INFO: [ app_begin ] --END-- [ RunTime:0.001542s ]
NOTIC: [2] SimpleCWS::set_multi() expects exactly 1 parameter, 0 given H:\wenda\Application\Common\Common\function.php 第 91 行.
SQL: SHOW COLUMNS FROM `ds_tui` [ RunTime:0.0059s ]
SQL: SELECT * FROM `ds_tui` WHERE (  content like '%t%' )  [ RunTime:0.0006s ]
INFO: [ app_end ] --START--
INFO: Run Behavior\ShowPageTraceBehavior [ RunTime:0.001132s ]
INFO: [ app_end ] --END-- [ RunTime:0.001254s ]

[ 2016-01-13T19:12:26+08:00 ] 127.0.0.1 /go/index.php/Home/Ask/tui
INFO: [ app_begin ] --START--
INFO: Run Behavior\ReadHtmlCacheBehavior [ RunTime:0.001064s ]
INFO: [ app_begin ] --END-- [ RunTime:0.001812s ]
NOTIC: [2] SimpleCWS::set_multi() expects exactly 1 parameter, 0 given H:\wenda\Application\Common\Common\function.php 第 91 行.
SQL: SHOW COLUMNS FROM `ds_tui` [ RunTime:0.0056s ]
SQL: SELECT * FROM `ds_tui` WHERE (  content like '%t%' )  [ RunTime:0.0005s ]
INFO: [ app_end ] --START--
INFO: Run Behavior\ShowPageTraceBehavior [ RunTime:0.001143s ]
INFO: [ app_end ] --END-- [ RunTime:0.001266s ]

[ 2016-01-13T19:12:27+08:00 ] 127.0.0.1 /go/index.php/Home/Ask/tui
INFO: [ app_begin ] --START--
INFO: Run Behavior\ReadHtmlCacheBehavior [ RunTime:0.001244s ]
INFO: [ app_begin ] --END-- [ RunTime:0.002250s ]
NOTIC: [2] SimpleCWS::set_multi() expects exactly 1 parameter, 0 given H:\wenda\Application\Common\Common\function.php 第 91 行.
NOTIC: [2] Invalid argument supplied for foreach() H:\wenda\Application\Home\Controller\AskController.class.php 第 74 行.
NOTIC: [8] Undefined variable: rone H:\wenda\Application\Home\Controller\AskController.class.php 第 82 行.
INFO: [ app_end ] --START--
INFO: Run Behavior\ShowPageTraceBehavior [ RunTime:0.001495s ]
INFO: [ app_end ] --END-- [ RunTime:0.001666s ]

[ 2016-01-13T19:12:27+08:00 ] 127.0.0.1 /go/index.php/Home/Ask/tui
INFO: [ app_begin ] --START--
INFO: Run Behavior\ReadHtmlCacheBehavior [ RunTime:0.000904s ]
INFO: [ app_begin ] --END-- [ RunTime:0.001593s ]
NOTIC: [2] SimpleCWS::set_multi() expects exactly 1 parameter, 0 given H:\wenda\Application\Common\Common\function.php 第 91 行.
NOTIC: [2] Invalid argument supplied for foreach() H:\wenda\Application\Home\Controller\AskController.class.php 第 74 行.
NOTIC: [8] Undefined variable: rone H:\wenda\Application\Home\Controller\AskController.class.php 第 82 行.
INFO: [ app_end ] --START--
INFO: Run Behavior\ShowPageTraceBehavior [ RunTime:0.000987s ]
INFO: [ app_end ] --END-- [ RunTime:0.001102s ]

[ 2016-01-13T19:12:28+08:00 ] 127.0.0.1 /go/index.php/Home/Ask/tui
INFO: [ app_begin ] --START--
INFO: Run Behavior\ReadHtmlCacheBehavior [ RunTime:0.000951s ]
INFO: [ app_begin ] --END-- [ RunTime:0.008091s ]
NOTIC: [2] SimpleCWS::set_multi() expects exactly 1 parameter, 0 given H:\wenda\Application\Common\Common\function.php 第 91 行.
SQL: SHOW COLUMNS FROM `ds_tui` [ RunTime:0.0067s ]
SQL: SELECT * FROM `ds_tui` WHERE (  content like '%t%' )  [ RunTime:0.0004s ]
INFO: [ app_end ] --START--
INFO: Run Behavior\ShowPageTraceBehavior [ RunTime:0.001117s ]
INFO: [ app_end ] --END-- [ RunTime:0.001237s ]

[ 2016-01-13T19:12:28+08:00 ] 127.0.0.1 /go/index.php/Home/Ask/tui
INFO: [ app_begin ] --START--
INFO: Run Behavior\ReadHtmlCacheBehavior [ RunTime:0.000959s ]
INFO: [ app_begin ] --END-- [ RunTime:0.001594s ]
NOTIC: [2] SimpleCWS::set_multi() expects exactly 1 parameter, 0 given H:\wenda\Application\Common\Common\function.php 第 91 行.
SQL: SHOW COLUMNS FROM `ds_tui` [ RunTime:0.0054s ]
SQL: SELECT * FROM `ds_tui` WHERE (  content like '%ti%' )  [ RunTime:0.0021s ]
INFO: [ app_end ] --START--
INFO: Run Behavior\ShowPageTraceBehavior [ RunTime:0.002949s ]
INFO: [ app_end ] --END-- [ RunTime:0.003076s ]

[ 2016-01-13T19:12:28+08:00 ] 127.0.0.1 /go/index.php/Home/Ask/tui
INFO: [ app_begin ] --START--
INFO: Run Behavior\ReadHtmlCacheBehavior [ RunTime:0.000846s ]
INFO: [ app_begin ] --END-- [ RunTime:0.001509s ]
NOTIC: [2] SimpleCWS::set_multi() expects exactly 1 parameter, 0 given H:\wenda\Application\Common\Common\function.php 第 91 行.
SQL: SHOW COLUMNS FROM `ds_tui` [ RunTime:0.0046s ]
SQL: SELECT * FROM `ds_tui` WHERE (  content like '%tie%' )  [ RunTime:0.0005s ]
INFO: [ app_end ] --START--
INFO: Run Behavior\ShowPageTraceBehavior [ RunTime:0.000941s ]
INFO: [ app_end ] --END-- [ RunTime:0.001040s ]

[ 2016-01-13T19:12:28+08:00 ] 127.0.0.1 /go/index.php/Home/Ask/tui
INFO: [ app_begin ] --START--
INFO: Run Behavior\ReadHtmlCacheBehavior [ RunTime:0.001477s ]
INFO: [ app_begin ] --END-- [ RunTime:0.002260s ]
NOTIC: [2] SimpleCWS::set_multi() expects exactly 1 parameter, 0 given H:\wenda\Application\Common\Common\function.php 第 91 行.
SQL: SHOW COLUMNS FROM `ds_tui` [ RunTime:0.0066s ]
SQL: SELECT * FROM `ds_tui` WHERE (  content like '%tied%' )  [ RunTime:0.0006s ]
INFO: [ app_end ] --START--
INFO: Run Behavior\ShowPageTraceBehavior [ RunTime:0.001229s ]
INFO: [ app_end ] --END-- [ RunTime:0.001440s ]

[ 2016-01-13T19:12:28+08:00 ] 127.0.0.1 /go/index.php/Home/Ask/tui
INFO: [ app_begin ] --START--
INFO: Run Behavior\ReadHtmlCacheBehavior [ RunTime:0.001016s ]
INFO: [ app_begin ] --END-- [ RunTime:0.001758s ]
NOTIC: [2] SimpleCWS::set_multi() expects exactly 1 parameter, 0 given H:\wenda\Application\Common\Common\function.php 第 91 行.
SQL: SHOW COLUMNS FROM `ds_tui` [ RunTime:0.0063s ]
SQL: SELECT * FROM `ds_tui` WHERE (  content like '%tieda%' )  [ RunTime:0.0006s ]
INFO: [ app_end ] --START--
INFO: Run Behavior\ShowPageTraceBehavior [ RunTime:0.001383s ]
INFO: [ app_end ] --END-- [ RunTime:0.001508s ]

[ 2016-01-13T19:12:28+08:00 ] 127.0.0.1 /go/index.php/Home/Ask/tui
INFO: [ app_begin ] --START--
INFO: Run Behavior\ReadHtmlCacheBehavior [ RunTime:0.001023s ]
INFO: [ app_begin ] --END-- [ RunTime:0.001877s ]
NOTIC: [2] SimpleCWS::set_multi() expects exactly 1 parameter, 0 given H:\wenda\Application\Common\Common\function.php 第 91 行.
SQL: SHOW COLUMNS FROM `ds_tui` [ RunTime:0.0065s ]
SQL: SELECT * FROM `ds_tui` WHERE (  content like '%tiedao%' )  [ RunTime:0.0006s ]
INFO: [ app_end ] --START--
INFO: Run Behavior\ShowPageTraceBehavior [ RunTime:0.001168s ]
INFO: [ app_end ] --END-- [ RunTime:0.001287s ]

[ 2016-01-13T19:12:28+08:00 ] 127.0.0.1 /go/index.php/Home/Ask/tui
INFO: [ app_begin ] --START--
INFO: Run Behavior\ReadHtmlCacheBehavior [ RunTime:0.000993s ]
INFO: [ app_begin ] --END-- [ RunTime:0.001709s ]
NOTIC: [2] SimpleCWS::set_multi() expects exactly 1 parameter, 0 given H:\wenda\Application\Common\Common\function.php 第 91 行.
SQL: SHOW COLUMNS FROM `ds_tui` [ RunTime:0.0072s ]
SQL: SELECT * FROM `ds_tui` WHERE (  content like '%铁道%' )  [ RunTime:0.0009s ]
INFO: [ app_end ] --START--
INFO: Run Behavior\ShowPageTraceBehavior [ RunTime:0.001525s ]
INFO: [ app_end ] --END-- [ RunTime:0.001682s ]

[ 2016-01-13T19:12:29+08:00 ] 127.0.0.1 /go/index.php/Home/Ask/tui
INFO: [ app_begin ] --START--
INFO: Run Behavior\ReadHtmlCacheBehavior [ RunTime:0.000973s ]
INFO: [ app_begin ] --END-- [ RunTime:0.001619s ]
NOTIC: [2] SimpleCWS::set_multi() expects exactly 1 parameter, 0 given H:\wenda\Application\Common\Common\function.php 第 91 行.
SQL: SHOW COLUMNS FROM `ds_tui` [ RunTime:0.0055s ]
SQL: SELECT * FROM `ds_tui` WHERE (  content like '%铁道%' )  [ RunTime:0.0005s ]
SQL: SELECT * FROM `ds_tui` WHERE (  content like '%d%' )  [ RunTime:0.0008s ]
INFO: [ app_end ] --START--
INFO: Run Behavior\ShowPageTraceBehavior [ RunTime:0.001120s ]
INFO: [ app_end ] --END-- [ RunTime:0.001239s ]

[ 2016-01-13T19:12:29+08:00 ] 127.0.0.1 /go/index.php/Home/Ask/tui
INFO: [ app_begin ] --START--
INFO: Run Behavior\ReadHtmlCacheBehavior [ RunTime:0.002812s ]
INFO: [ app_begin ] --END-- [ RunTime:0.003509s ]
NOTIC: [2] SimpleCWS::set_multi() expects exactly 1 parameter, 0 given H:\wenda\Application\Common\Common\function.php 第 91 行.
SQL: SHOW COLUMNS FROM `ds_tui` [ RunTime:0.0053s ]
SQL: SELECT * FROM `ds_tui` WHERE (  content like '%铁道%' )  [ RunTime:0.0006s ]
SQL: SELECT * FROM `ds_tui` WHERE (  content like '%da%' )  [ RunTime:0.0005s ]
INFO: [ app_end ] --START--
INFO: Run Behavior\ShowPageTraceBehavior [ RunTime:0.001173s ]
INFO: [ app_end ] --END-- [ RunTime:0.001304s ]

[ 2016-01-13T19:12:29+08:00 ] 127.0.0.1 /go/index.php/Home/Ask/tui
INFO: [ app_begin ] --START--
INFO: Run Behavior\ReadHtmlCacheBehavior [ RunTime:0.000929s ]
INFO: [ app_begin ] --END-- [ RunTime:0.001566s ]
NOTIC: [2] SimpleCWS::set_multi() expects exactly 1 parameter, 0 given H:\wenda\Application\Common\Common\function.php 第 91 行.
SQL: SHOW COLUMNS FROM `ds_tui` [ RunTime:0.0053s ]
SQL: SELECT * FROM `ds_tui` WHERE (  content like '%铁道%' )  [ RunTime:0.0010s ]
INFO: [ app_end ] --START--
INFO: Run Behavior\ShowPageTraceBehavior [ RunTime:0.001082s ]
INFO: [ app_end ] --END-- [ RunTime:0.001197s ]

[ 2016-01-13T19:12:29+08:00 ] 127.0.0.1 /go/index.php/Home/Ask/tui
INFO: [ app_begin ] --START--
INFO: Run Behavior\ReadHtmlCacheBehavior [ RunTime:0.000932s ]
INFO: [ app_begin ] --END-- [ RunTime:0.001580s ]
NOTIC: [2] SimpleCWS::set_multi() expects exactly 1 parameter, 0 given H:\wenda\Application\Common\Common\function.php 第 91 行.
SQL: SHOW COLUMNS FROM `ds_tui` [ RunTime:0.0057s ]
SQL: SELECT * FROM `ds_tui` WHERE (  content like '%铁道%' )  [ RunTime:0.0007s ]
INFO: [ app_end ] --START--
INFO: Run Behavior\ShowPageTraceBehavior [ RunTime:0.001078s ]
INFO: [ app_end ] --END-- [ RunTime:0.001197s ]

[ 2016-01-13T19:12:29+08:00 ] 127.0.0.1 /go/index.php/Home/Ask/tui
INFO: [ app_begin ] --START--
INFO: Run Behavior\ReadHtmlCacheBehavior [ RunTime:0.001034s ]
INFO: [ app_begin ] --END-- [ RunTime:0.001771s ]
NOTIC: [2] SimpleCWS::set_multi() expects exactly 1 parameter, 0 given H:\wenda\Application\Common\Common\function.php 第 91 行.
SQL: SHOW COLUMNS FROM `ds_tui` [ RunTime:0.0059s ]
SQL: SELECT * FROM `ds_tui` WHERE (  content like '%铁道%' )  [ RunTime:0.0006s ]
SQL: SELECT * FROM `ds_tui` WHERE (  content like '%大学%' )  [ RunTime:0.0005s ]
INFO: [ app_end ] --START--
INFO: Run Behavior\ShowPageTraceBehavior [ RunTime:0.001105s ]
INFO: [ app_end ] --END-- [ RunTime:0.001252s ]

[ 2016-01-13T19:12:29+08:00 ] 127.0.0.1 /go/index.php/Home/Ask/tui
INFO: [ app_begin ] --START--
INFO: Run Behavior\ReadHtmlCacheBehavior [ RunTime:0.000899s ]
INFO: [ app_begin ] --END-- [ RunTime:0.001548s ]
NOTIC: [2] SimpleCWS::set_multi() expects exactly 1 parameter, 0 given H:\wenda\Application\Common\Common\function.php 第 91 行.
SQL: SHOW COLUMNS FROM `ds_tui` [ RunTime:0.0066s ]
SQL: SELECT * FROM `ds_tui` WHERE (  content like '%铁道%' )  [ RunTime:0.0004s ]
SQL: SELECT * FROM `ds_tui` WHERE (  content like '%大学%' )  [ RunTime:0.0005s ]
INFO: [ app_end ] --START--
INFO: Run Behavior\ShowPageTraceBehavior [ RunTime:0.001110s ]
INFO: [ app_end ] --END-- [ RunTime:0.001230s ]

[ 2016-01-13T19:12:44+08:00 ] 127.0.0.1 /go/index.php/Home/Ask/tui
INFO: [ app_begin ] --START--
INFO: Run Behavior\ReadHtmlCacheBehavior [ RunTime:0.001158s ]
INFO: [ app_begin ] --END-- [ RunTime:0.001958s ]
NOTIC: [2] SimpleCWS::set_multi() expects exactly 1 parameter, 0 given H:\wenda\Application\Common\Common\function.php 第 91 行.
SQL: SHOW COLUMNS FROM `ds_tui` [ RunTime:0.0059s ]
SQL: SELECT * FROM `ds_tui` WHERE (  content like '%t%' )  [ RunTime:0.0005s ]
INFO: [ app_end ] --START--
INFO: Run Behavior\ShowPageTraceBehavior [ RunTime:0.001225s ]
INFO: [ app_end ] --END-- [ RunTime:0.001363s ]

[ 2016-01-13T19:12:44+08:00 ] 127.0.0.1 /go/index.php/Home/Ask/tui
INFO: [ app_begin ] --START--
INFO: Run Behavior\ReadHtmlCacheBehavior [ RunTime:0.001024s ]
INFO: [ app_begin ] --END-- [ RunTime:0.001743s ]
NOTIC: [2] SimpleCWS::set_multi() expects exactly 1 parameter, 0 given H:\wenda\Application\Common\Common\function.php 第 91 行.
SQL: SHOW COLUMNS FROM `ds_tui` [ RunTime:0.0055s ]
SQL: SELECT * FROM `ds_tui` WHERE (  content like '%ti%' )  [ RunTime:0.0006s ]
INFO: [ app_end ] --START--
INFO: Run Behavior\ShowPageTraceBehavior [ RunTime:0.002205s ]
INFO: [ app_end ] --END-- [ RunTime:0.002354s ]

[ 2016-01-13T19:12:45+08:00 ] 127.0.0.1 /go/index.php/Home/Ask/tui
INFO: [ app_begin ] --START--
INFO: Run Behavior\ReadHtmlCacheBehavior [ RunTime:0.001001s ]
INFO: [ app_begin ] --END-- [ RunTime:0.001717s ]
NOTIC: [2] SimpleCWS::set_multi() expects exactly 1 parameter, 0 given H:\wenda\Application\Common\Common\function.php 第 91 行.
SQL: SHOW COLUMNS FROM `ds_tui` [ RunTime:0.0047s ]
SQL: SELECT * FROM `ds_tui` WHERE (  content like '%tie%' )  [ RunTime:0.0005s ]
INFO: [ app_end ] --START--
INFO: Run Behavior\ShowPageTraceBehavior [ RunTime:0.001004s ]
INFO: [ app_end ] --END-- [ RunTime:0.001105s ]

[ 2016-01-13T19:12:45+08:00 ] 127.0.0.1 /go/index.php/Home/Ask/tui
INFO: [ app_begin ] --START--
INFO: Run Behavior\ReadHtmlCacheBehavior [ RunTime:0.001197s ]
INFO: [ app_begin ] --END-- [ RunTime:0.002039s ]
NOTIC: [2] SimpleCWS::set_multi() expects exactly 1 parameter, 0 given H:\wenda\Application\Common\Common\function.php 第 91 行.
SQL: SHOW COLUMNS FROM `ds_tui` [ RunTime:0.0067s ]
SQL: SELECT * FROM `ds_tui` WHERE (  content like '%tied%' )  [ RunTime:0.0011s ]
INFO: [ app_end ] --START--
INFO: Run Behavior\ShowPageTraceBehavior [ RunTime:0.001468s ]
INFO: [ app_end ] --END-- [ RunTime:0.001636s ]

[ 2016-01-13T19:12:45+08:00 ] 127.0.0.1 /go/index.php/Home/Ask/tui
INFO: [ app_begin ] --START--
INFO: Run Behavior\ReadHtmlCacheBehavior [ RunTime:0.000982s ]
INFO: [ app_begin ] --END-- [ RunTime:0.001675s ]
NOTIC: [2] SimpleCWS::set_multi() expects exactly 1 parameter, 0 given H:\wenda\Application\Common\Common\function.php 第 91 行.
SQL: SHOW COLUMNS FROM `ds_tui` [ RunTime:0.0066s ]
SQL: SELECT * FROM `ds_tui` WHERE (  content like '%tieda%' )  [ RunTime:0.0006s ]
INFO: [ app_end ] --START--
INFO: Run Behavior\ShowPageTraceBehavior [ RunTime:0.001178s ]
INFO: [ app_end ] --END-- [ RunTime:0.001301s ]

[ 2016-01-13T19:12:45+08:00 ] 127.0.0.1 /go/index.php/Home/Ask/tui
INFO: [ app_begin ] --START--
INFO: Run Behavior\ReadHtmlCacheBehavior [ RunTime:0.000954s ]
INFO: [ app_begin ] --END-- [ RunTime:0.001639s ]
NOTIC: [2] SimpleCWS::set_multi() expects exactly 1 parameter, 0 given H:\wenda\Application\Common\Common\function.php 第 91 行.
SQL: SHOW COLUMNS FROM `ds_tui` [ RunTime:0.0081s ]
SQL: SELECT * FROM `ds_tui` WHERE (  content like '%tiedao%' )  [ RunTime:0.0006s ]
INFO: [ app_end ] --START--
INFO: Run Behavior\ShowPageTraceBehavior [ RunTime:0.001130s ]
INFO: [ app_end ] --END-- [ RunTime:0.001252s ]

[ 2016-01-13T19:12:45+08:00 ] 127.0.0.1 /go/index.php/Home/Ask/tui
INFO: [ app_begin ] --START--
INFO: Run Behavior\ReadHtmlCacheBehavior [ RunTime:0.000961s ]
INFO: [ app_begin ] --END-- [ RunTime:0.001653s ]
NOTIC: [2] SimpleCWS::set_multi() expects exactly 1 parameter, 0 given H:\wenda\Application\Common\Common\function.php 第 91 行.
SQL: SHOW COLUMNS FROM `ds_tui` [ RunTime:0.0056s ]
SQL: SELECT * FROM `ds_tui` WHERE (  content like '%铁道%' )  [ RunTime:0.0005s ]
INFO: [ app_end ] --START--
INFO: Run Behavior\ShowPageTraceBehavior [ RunTime:0.001113s ]
INFO: [ app_end ] --END-- [ RunTime:0.001239s ]

[ 2016-01-13T19:12:46+08:00 ] 127.0.0.1 /go/index.php/Home/Ask/tui
INFO: [ app_begin ] --START--
INFO: Run Behavior\ReadHtmlCacheBehavior [ RunTime:0.000992s ]
INFO: [ app_begin ] --END-- [ RunTime:0.001675s ]
NOTIC: [2] SimpleCWS::set_multi() expects exactly 1 parameter, 0 given H:\wenda\Application\Common\Common\function.php 第 91 行.
SQL: SHOW COLUMNS FROM `ds_tui` [ RunTime:0.0062s ]
SQL: SELECT * FROM `ds_tui` WHERE (  content like '%铁道%' )  [ RunTime:0.0006s ]
SQL: SELECT * FROM `ds_tui` WHERE (  content like '%d%' )  [ RunTime:0.0005s ]
INFO: [ app_end ] --START--
INFO: Run Behavior\ShowPageTraceBehavior [ RunTime:0.001179s ]
INFO: [ app_end ] --END-- [ RunTime:0.001301s ]

[ 2016-01-13T19:12:46+08:00 ] 127.0.0.1 /go/index.php/Home/Ask/tui
INFO: [ app_begin ] --START--
INFO: Run Behavior\ReadHtmlCacheBehavior [ RunTime:0.001032s ]
INFO: [ app_begin ] --END-- [ RunTime:0.001795s ]
NOTIC: [2] SimpleCWS::set_multi() expects exactly 1 parameter, 0 given H:\wenda\Application\Common\Common\function.php 第 91 行.
SQL: SHOW COLUMNS FROM `ds_tui` [ RunTime:0.0057s ]
SQL: SELECT * FROM `ds_tui` WHERE (  content like '%铁道%' )  [ RunTime:0.0005s ]
SQL: SELECT * FROM `ds_tui` WHERE (  content like '%da%' )  [ RunTime:0.0005s ]
INFO: [ app_end ] --START--
INFO: Run Behavior\ShowPageTraceBehavior [ RunTime:0.001177s ]
INFO: [ app_end ] --END-- [ RunTime:0.001324s ]

[ 2016-01-13T19:12:46+08:00 ] 127.0.0.1 /go/index.php/Home/Ask/tui
INFO: [ app_begin ] --START--
INFO: Run Behavior\ReadHtmlCacheBehavior [ RunTime:0.000940s ]
INFO: [ app_begin ] --END-- [ RunTime:0.001576s ]
NOTIC: [2] SimpleCWS::set_multi() expects exactly 1 parameter, 0 given H:\wenda\Application\Common\Common\function.php 第 91 行.
SQL: SHOW COLUMNS FROM `ds_tui` [ RunTime:0.0075s ]
SQL: SELECT * FROM `ds_tui` WHERE (  content like '%铁道%' )  [ RunTime:0.0004s ]
INFO: [ app_end ] --START--
INFO: Run Behavior\ShowPageTraceBehavior [ RunTime:0.001024s ]
INFO: [ app_end ] --END-- [ RunTime:0.001165s ]

[ 2016-01-13T19:12:46+08:00 ] 127.0.0.1 /go/index.php/Home/Ask/tui
INFO: [ app_begin ] --START--
INFO: Run Behavior\ReadHtmlCacheBehavior [ RunTime:0.000904s ]
INFO: [ app_begin ] --END-- [ RunTime:0.001563s ]
NOTIC: [2] SimpleCWS::set_multi() expects exactly 1 parameter, 0 given H:\wenda\Application\Common\Common\function.php 第 91 行.
SQL: SHOW COLUMNS FROM `ds_tui` [ RunTime:0.0057s ]
SQL: SELECT * FROM `ds_tui` WHERE (  content like '%铁道%' )  [ RunTime:0.0005s ]
INFO: [ app_end ] --START--
INFO: Run Behavior\ShowPageTraceBehavior [ RunTime:0.001113s ]
INFO: [ app_end ] --END-- [ RunTime:0.001228s ]

[ 2016-01-13T19:12:46+08:00 ] 127.0.0.1 /go/index.php/Home/Ask/tui
INFO: [ app_begin ] --START--
INFO: Run Behavior\ReadHtmlCacheBehavior [ RunTime:0.000880s ]
INFO: [ app_begin ] --END-- [ RunTime:0.001515s ]
NOTIC: [2] SimpleCWS::set_multi() expects exactly 1 parameter, 0 given H:\wenda\Application\Common\Common\function.php 第 91 行.
SQL: SHOW COLUMNS FROM `ds_tui` [ RunTime:0.0054s ]
SQL: SELECT * FROM `ds_tui` WHERE (  content like '%铁道%' )  [ RunTime:0.0007s ]
INFO: [ app_end ] --START--
INFO: Run Behavior\ShowPageTraceBehavior [ RunTime:0.001117s ]
INFO: [ app_end ] --END-- [ RunTime:0.001246s ]

[ 2016-01-13T19:12:47+08:00 ] 127.0.0.1 /go/index.php/Home/Ask/tui
INFO: [ app_begin ] --START--
INFO: Run Behavior\ReadHtmlCacheBehavior [ RunTime:0.001019s ]
INFO: [ app_begin ] --END-- [ RunTime:0.001678s ]
NOTIC: [2] SimpleCWS::set_multi() expects exactly 1 parameter, 0 given H:\wenda\Application\Common\Common\function.php 第 91 行.
SQL: SHOW COLUMNS FROM `ds_tui` [ RunTime:0.0052s ]
SQL: SELECT * FROM `ds_tui` WHERE (  content like '%铁道%' )  [ RunTime:0.0005s ]
SQL: SELECT * FROM `ds_tui` WHERE (  content like '%大学%' )  [ RunTime:0.0005s ]
INFO: [ app_end ] --START--
INFO: Run Behavior\ShowPageTraceBehavior [ RunTime:0.001116s ]
INFO: [ app_end ] --END-- [ RunTime:0.001228s ]

[ 2016-01-13T19:12:48+08:00 ] 127.0.0.1 /go/index.php/Home/Ask/tui
INFO: [ app_begin ] --START--
INFO: Run Behavior\ReadHtmlCacheBehavior [ RunTime:0.000951s ]
INFO: [ app_begin ] --END-- [ RunTime:0.001642s ]
NOTIC: [2] SimpleCWS::set_multi() expects exactly 1 parameter, 0 given H:\wenda\Application\Common\Common\function.php 第 91 行.
SQL: SHOW COLUMNS FROM `ds_tui` [ RunTime:0.0060s ]
SQL: SELECT * FROM `ds_tui` WHERE (  content like '%铁道%' )  [ RunTime:0.0009s ]
SQL: SELECT * FROM `ds_tui` WHERE (  content like '%大学%' )  [ RunTime:0.0016s ]
INFO: [ app_end ] --START--
INFO: Run Behavior\ShowPageTraceBehavior [ RunTime:0.001155s ]
INFO: [ app_end ] --END-- [ RunTime:0.001276s ]

[ 2016-01-13T19:12:48+08:00 ] 127.0.0.1 /go/index.php/Home/Ask/tui
INFO: [ app_begin ] --START--
INFO: Run Behavior\ReadHtmlCacheBehavior [ RunTime:0.000949s ]
INFO: [ app_begin ] --END-- [ RunTime:0.001626s ]
NOTIC: [2] SimpleCWS::set_multi() expects exactly 1 parameter, 0 given H:\wenda\Application\Common\Common\function.php 第 91 行.
SQL: SHOW COLUMNS FROM `ds_tui` [ RunTime:0.0064s ]
SQL: SELECT * FROM `ds_tui` WHERE (  content like '%铁道%' )  [ RunTime:0.0005s ]
SQL: SELECT * FROM `ds_tui` WHERE (  content like '%大学%' )  [ RunTime:0.0004s ]
INFO: [ app_end ] --START--
INFO: Run Behavior\ShowPageTraceBehavior [ RunTime:0.001227s ]
INFO: [ app_end ] --END-- [ RunTime:0.001348s ]

[ 2016-01-13T19:12:48+08:00 ] 127.0.0.1 /go/index.php/Home/Ask/tui
INFO: [ app_begin ] --START--
INFO: Run Behavior\ReadHtmlCacheBehavior [ RunTime:0.001170s ]
INFO: [ app_begin ] --END-- [ RunTime:0.002100s ]
NOTIC: [2] SimpleCWS::set_multi() expects exactly 1 parameter, 0 given H:\wenda\Application\Common\Common\function.php 第 91 行.
SQL: SHOW COLUMNS FROM `ds_tui` [ RunTime:0.0057s ]
SQL: SELECT * FROM `ds_tui` WHERE (  content like '%铁道%' )  [ RunTime:0.0005s ]
SQL: SELECT * FROM `ds_tui` WHERE (  content like '%大学%' )  [ RunTime:0.0010s ]
INFO: [ app_end ] --START--
INFO: Run Behavior\ShowPageTraceBehavior [ RunTime:0.001242s ]
INFO: [ app_end ] --END-- [ RunTime:0.001373s ]

[ 2016-01-13T19:12:48+08:00 ] 127.0.0.1 /go/index.php/Home/Ask/tui
INFO: [ app_begin ] --START--
INFO: Run Behavior\ReadHtmlCacheBehavior [ RunTime:0.000953s ]
INFO: [ app_begin ] --END-- [ RunTime:0.001636s ]
NOTIC: [2] SimpleCWS::set_multi() expects exactly 1 parameter, 0 given H:\wenda\Application\Common\Common\function.php 第 91 行.
SQL: SHOW COLUMNS FROM `ds_tui` [ RunTime:0.0058s ]
SQL: SELECT * FROM `ds_tui` WHERE (  content like '%铁道%' )  [ RunTime:0.0019s ]
SQL: SELECT * FROM `ds_tui` WHERE (  content like '%大学%' )  [ RunTime:0.0017s ]
INFO: [ app_end ] --START--
INFO: Run Behavior\ShowPageTraceBehavior [ RunTime:0.001197s ]
INFO: [ app_end ] --END-- [ RunTime:0.001319s ]

[ 2016-01-13T19:12:49+08:00 ] 127.0.0.1 /go/index.php/Home/Ask/tui
INFO: [ app_begin ] --START--
INFO: Run Behavior\ReadHtmlCacheBehavior [ RunTime:0.001112s ]
INFO: [ app_begin ] --END-- [ RunTime:0.001817s ]
NOTIC: [2] SimpleCWS::set_multi() expects exactly 1 parameter, 0 given H:\wenda\Application\Common\Common\function.php 第 91 行.
SQL: SHOW COLUMNS FROM `ds_tui` [ RunTime:0.0068s ]
SQL: SELECT * FROM `ds_tui` WHERE (  content like '%铁道%' )  [ RunTime:0.0005s ]
SQL: SELECT * FROM `ds_tui` WHERE (  content like '%大学%' )  [ RunTime:0.0005s ]
INFO: [ app_end ] --START--
INFO: Run Behavior\ShowPageTraceBehavior [ RunTime:0.001146s ]
INFO: [ app_end ] --END-- [ RunTime:0.001270s ]

[ 2016-01-13T19:12:49+08:00 ] 127.0.0.1 /go/index.php/Home/Ask/tui
INFO: [ app_begin ] --START--
INFO: Run Behavior\ReadHtmlCacheBehavior [ RunTime:0.000968s ]
INFO: [ app_begin ] --END-- [ RunTime:0.001664s ]
NOTIC: [2] SimpleCWS::set_multi() expects exactly 1 parameter, 0 given H:\wenda\Application\Common\Common\function.php 第 91 行.
SQL: SHOW COLUMNS FROM `ds_tui` [ RunTime:0.0055s ]
SQL: SELECT * FROM `ds_tui` WHERE (  content like '%铁道%' )  [ RunTime:0.0006s ]
SQL: SELECT * FROM `ds_tui` WHERE (  content like '%大学%' )  [ RunTime:0.0005s ]
INFO: [ app_end ] --START--
INFO: Run Behavior\ShowPageTraceBehavior [ RunTime:0.001255s ]
INFO: [ app_end ] --END-- [ RunTime:0.001385s ]

[ 2016-01-13T19:12:49+08:00 ] 127.0.0.1 /go/index.php/Home/Ask/tui
INFO: [ app_begin ] --START--
INFO: Run Behavior\ReadHtmlCacheBehavior [ RunTime:0.000971s ]
INFO: [ app_begin ] --END-- [ RunTime:0.001674s ]
NOTIC: [2] SimpleCWS::set_multi() expects exactly 1 parameter, 0 given H:\wenda\Application\Common\Common\function.php 第 91 行.
SQL: SHOW COLUMNS FROM `ds_tui` [ RunTime:0.0074s ]
SQL: SELECT * FROM `ds_tui` WHERE (  content like '%铁道%' )  [ RunTime:0.0005s ]
SQL: SELECT * FROM `ds_tui` WHERE (  content like '%大学%' )  [ RunTime:0.0005s ]
INFO: [ app_end ] --START--
INFO: Run Behavior\ShowPageTraceBehavior [ RunTime:0.001158s ]
INFO: [ app_end ] --END-- [ RunTime:0.001284s ]

[ 2016-01-13T19:12:49+08:00 ] 127.0.0.1 /go/index.php/Home/Ask/tui
INFO: [ app_begin ] --START--
INFO: Run Behavior\ReadHtmlCacheBehavior [ RunTime:0.000948s ]
INFO: [ app_begin ] --END-- [ RunTime:0.001632s ]
NOTIC: [2] SimpleCWS::set_multi() expects exactly 1 parameter, 0 given H:\wenda\Application\Common\Common\function.php 第 91 行.
SQL: SHOW COLUMNS FROM `ds_tui` [ RunTime:0.0055s ]
SQL: SELECT * FROM `ds_tui` WHERE (  content like '%铁道%' )  [ RunTime:0.0005s ]
SQL: SELECT * FROM `ds_tui` WHERE (  content like '%大学%' )  [ RunTime:0.0008s ]
INFO: [ app_end ] --START--
INFO: Run Behavior\ShowPageTraceBehavior [ RunTime:0.001581s ]
INFO: [ app_end ] --END-- [ RunTime:0.001772s ]

[ 2016-01-13T19:12:49+08:00 ] 127.0.0.1 /go/index.php/Home/Ask/tui
INFO: [ app_begin ] --START--
INFO: Run Behavior\ReadHtmlCacheBehavior [ RunTime:0.001032s ]
INFO: [ app_begin ] --END-- [ RunTime:0.002703s ]
NOTIC: [2] SimpleCWS::set_multi() expects exactly 1 parameter, 0 given H:\wenda\Application\Common\Common\function.php 第 91 行.
SQL: SHOW COLUMNS FROM `ds_tui` [ RunTime:0.0057s ]
SQL: SELECT * FROM `ds_tui` WHERE (  content like '%铁道%' )  [ RunTime:0.0005s ]
SQL: SELECT * FROM `ds_tui` WHERE (  content like '%大学%' )  [ RunTime:0.0005s ]
INFO: [ app_end ] --START--
INFO: Run Behavior\ShowPageTraceBehavior [ RunTime:0.001106s ]
INFO: [ app_end ] --END-- [ RunTime:0.001217s ]

[ 2016-01-13T19:12:50+08:00 ] 127.0.0.1 /go/index.php/Home/Ask/tui
INFO: [ app_begin ] --START--
INFO: Run Behavior\ReadHtmlCacheBehavior [ RunTime:0.000950s ]
INFO: [ app_begin ] --END-- [ RunTime:0.001629s ]
NOTIC: [2] SimpleCWS::set_multi() expects exactly 1 parameter, 0 given H:\wenda\Application\Common\Common\function.php 第 91 行.
SQL: SHOW COLUMNS FROM `ds_tui` [ RunTime:0.0070s ]
SQL: SELECT * FROM `ds_tui` WHERE (  content like '%铁道%' )  [ RunTime:0.0006s ]
SQL: SELECT * FROM `ds_tui` WHERE (  content like '%大学%' )  [ RunTime:0.0005s ]
INFO: [ app_end ] --START--
INFO: Run Behavior\ShowPageTraceBehavior [ RunTime:0.001174s ]
INFO: [ app_end ] --END-- [ RunTime:0.001295s ]

[ 2016-01-13T19:12:50+08:00 ] 127.0.0.1 /go/index.php/Home/Ask/tui
INFO: [ app_begin ] --START--
INFO: Run Behavior\ReadHtmlCacheBehavior [ RunTime:0.003088s ]
INFO: [ app_begin ] --END-- [ RunTime:0.003811s ]
NOTIC: [2] SimpleCWS::set_multi() expects exactly 1 parameter, 0 given H:\wenda\Application\Common\Common\function.php 第 91 行.
SQL: SHOW COLUMNS FROM `ds_tui` [ RunTime:0.0061s ]
SQL: SELECT * FROM `ds_tui` WHERE (  content like '%铁道%' )  [ RunTime:0.0006s ]
SQL: SELECT * FROM `ds_tui` WHERE (  content like '%大学%' )  [ RunTime:0.0003s ]
INFO: [ app_end ] --START--
INFO: Run Behavior\ShowPageTraceBehavior [ RunTime:0.001220s ]
INFO: [ app_end ] --END-- [ RunTime:0.001341s ]

[ 2016-01-13T19:12:50+08:00 ] 127.0.0.1 /go/index.php/Home/Ask/tui
INFO: [ app_begin ] --START--
INFO: Run Behavior\ReadHtmlCacheBehavior [ RunTime:0.000953s ]
INFO: [ app_begin ] --END-- [ RunTime:0.001639s ]
NOTIC: [2] SimpleCWS::set_multi() expects exactly 1 parameter, 0 given H:\wenda\Application\Common\Common\function.php 第 91 行.
SQL: SHOW COLUMNS FROM `ds_tui` [ RunTime:0.0064s ]
SQL: SELECT * FROM `ds_tui` WHERE (  content like '%铁道%' )  [ RunTime:0.0005s ]
SQL: SELECT * FROM `ds_tui` WHERE (  content like '%大学%' )  [ RunTime:0.0004s ]
INFO: [ app_end ] --START--
INFO: Run Behavior\ShowPageTraceBehavior [ RunTime:0.001224s ]
INFO: [ app_end ] --END-- [ RunTime:0.001362s ]

[ 2016-01-13T19:12:50+08:00 ] 127.0.0.1 /go/index.php/Home/Ask/tui
INFO: [ app_begin ] --START--
INFO: Run Behavior\ReadHtmlCacheBehavior [ RunTime:0.001008s ]
INFO: [ app_begin ] --END-- [ RunTime:0.001840s ]
NOTIC: [2] SimpleCWS::set_multi() expects exactly 1 parameter, 0 given H:\wenda\Application\Common\Common\function.php 第 91 行.
SQL: SHOW COLUMNS FROM `ds_tui` [ RunTime:0.0055s ]
SQL: SELECT * FROM `ds_tui` WHERE (  content like '%铁道%' )  [ RunTime:0.0006s ]
SQL: SELECT * FROM `ds_tui` WHERE (  content like '%大学%' )  [ RunTime:0.0004s ]
INFO: [ app_end ] --START--
INFO: Run Behavior\ShowPageTraceBehavior [ RunTime:0.001361s ]
INFO: [ app_end ] --END-- [ RunTime:0.001526s ]

[ 2016-01-13T19:12:50+08:00 ] 127.0.0.1 /go/index.php/Home/Ask/tui
INFO: [ app_begin ] --START--
INFO: Run Behavior\ReadHtmlCacheBehavior [ RunTime:0.000823s ]
INFO: [ app_begin ] --END-- [ RunTime:0.001425s ]
NOTIC: [2] SimpleCWS::set_multi() expects exactly 1 parameter, 0 given H:\wenda\Application\Common\Common\function.php 第 91 行.
SQL: SHOW COLUMNS FROM `ds_tui` [ RunTime:0.0075s ]
SQL: SELECT * FROM `ds_tui` WHERE (  content like '%铁道%' )  [ RunTime:0.0006s ]
SQL: SELECT * FROM `ds_tui` WHERE (  content like '%大学%' )  [ RunTime:0.0006s ]
INFO: [ app_end ] --START--
INFO: Run Behavior\ShowPageTraceBehavior [ RunTime:0.001806s ]
INFO: [ app_end ] --END-- [ RunTime:0.002061s ]

[ 2016-01-13T19:12:50+08:00 ] 127.0.0.1 /go/index.php/Home/Ask/tui
INFO: [ app_begin ] --START--
INFO: Run Behavior\ReadHtmlCacheBehavior [ RunTime:0.000821s ]
INFO: [ app_begin ] --END-- [ RunTime:0.001416s ]
NOTIC: [2] SimpleCWS::set_multi() expects exactly 1 parameter, 0 given H:\wenda\Application\Common\Common\function.php 第 91 行.
SQL: SHOW COLUMNS FROM `ds_tui` [ RunTime:0.0048s ]
SQL: SELECT * FROM `ds_tui` WHERE (  content like '%铁道%' )  [ RunTime:0.0005s ]
SQL: SELECT * FROM `ds_tui` WHERE (  content like '%大学%' )  [ RunTime:0.0005s ]
INFO: [ app_end ] --START--
INFO: Run Behavior\ShowPageTraceBehavior [ RunTime:0.001010s ]
INFO: [ app_end ] --END-- [ RunTime:0.001117s ]

[ 2016-01-13T19:12:51+08:00 ] 127.0.0.1 /go/index.php/Home/Ask/tui
INFO: [ app_begin ] --START--
INFO: Run Behavior\ReadHtmlCacheBehavior [ RunTime:0.000837s ]
INFO: [ app_begin ] --END-- [ RunTime:0.001428s ]
NOTIC: [2] SimpleCWS::set_multi() expects exactly 1 parameter, 0 given H:\wenda\Application\Common\Common\function.php 第 91 行.
SQL: SHOW COLUMNS FROM `ds_tui` [ RunTime:0.0057s ]
SQL: SELECT * FROM `ds_tui` WHERE (  content like '%铁道%' )  [ RunTime:0.0005s ]
SQL: SELECT * FROM `ds_tui` WHERE (  content like '%大学%' )  [ RunTime:0.0004s ]
INFO: [ app_end ] --START--
INFO: Run Behavior\ShowPageTraceBehavior [ RunTime:0.001556s ]
INFO: [ app_end ] --END-- [ RunTime:0.001751s ]

[ 2016-01-13T19:12:51+08:00 ] 127.0.0.1 /go/index.php/Home/Ask/tui
INFO: [ app_begin ] --START--
INFO: Run Behavior\ReadHtmlCacheBehavior [ RunTime:0.001333s ]
INFO: [ app_begin ] --END-- [ RunTime:0.002310s ]
NOTIC: [2] SimpleCWS::set_multi() expects exactly 1 parameter, 0 given H:\wenda\Application\Common\Common\function.php 第 91 行.
SQL: SHOW COLUMNS FROM `ds_tui` [ RunTime:0.0067s ]
SQL: SELECT * FROM `ds_tui` WHERE (  content like '%铁道%' )  [ RunTime:0.0005s ]
SQL: SELECT * FROM `ds_tui` WHERE (  content like '%大学%' )  [ RunTime:0.0004s ]
INFO: [ app_end ] --START--
INFO: Run Behavior\ShowPageTraceBehavior [ RunTime:0.001093s ]
INFO: [ app_end ] --END-- [ RunTime:0.001198s ]

[ 2016-01-13T19:12:51+08:00 ] 127.0.0.1 /go/index.php/Home/Ask/tui
INFO: [ app_begin ] --START--
INFO: Run Behavior\ReadHtmlCacheBehavior [ RunTime:0.000988s ]
INFO: [ app_begin ] --END-- [ RunTime:0.001690s ]
NOTIC: [2] SimpleCWS::set_multi() expects exactly 1 parameter, 0 given H:\wenda\Application\Common\Common\function.php 第 91 行.
SQL: SHOW COLUMNS FROM `ds_tui` [ RunTime:0.0060s ]
SQL: SELECT * FROM `ds_tui` WHERE (  content like '%铁道%' )  [ RunTime:0.0006s ]
SQL: SELECT * FROM `ds_tui` WHERE (  content like '%大学%' )  [ RunTime:0.0005s ]
INFO: [ app_end ] --START--
INFO: Run Behavior\ShowPageTraceBehavior [ RunTime:0.001256s ]
INFO: [ app_end ] --END-- [ RunTime:0.001381s ]

[ 2016-01-13T19:12:51+08:00 ] 127.0.0.1 /go/index.php/Home/Ask/tui
INFO: [ app_begin ] --START--
INFO: Run Behavior\ReadHtmlCacheBehavior [ RunTime:0.001159s ]
INFO: [ app_begin ] --END-- [ RunTime:0.003073s ]
NOTIC: [2] SimpleCWS::set_multi() expects exactly 1 parameter, 0 given H:\wenda\Application\Common\Common\function.php 第 91 行.
SQL: SHOW COLUMNS FROM `ds_tui` [ RunTime:0.0056s ]
SQL: SELECT * FROM `ds_tui` WHERE (  content like '%铁道%' )  [ RunTime:0.0005s ]
SQL: SELECT * FROM `ds_tui` WHERE (  content like '%大学%' )  [ RunTime:0.0006s ]
INFO: [ app_end ] --START--
INFO: Run Behavior\ShowPageTraceBehavior [ RunTime:0.002160s ]
INFO: [ app_end ] --END-- [ RunTime:0.002290s ]

[ 2016-01-13T19:12:51+08:00 ] 127.0.0.1 /go/index.php/Home/Ask/tui
INFO: [ app_begin ] --START--
INFO: Run Behavior\ReadHtmlCacheBehavior [ RunTime:0.000983s ]
INFO: [ app_begin ] --END-- [ RunTime:0.001708s ]
NOTIC: [2] SimpleCWS::set_multi() expects exactly 1 parameter, 0 given H:\wenda\Application\Common\Common\function.php 第 91 行.
SQL: SHOW COLUMNS FROM `ds_tui` [ RunTime:0.0080s ]
SQL: SELECT * FROM `ds_tui` WHERE (  content like '%铁道%' )  [ RunTime:0.0006s ]
SQL: SELECT * FROM `ds_tui` WHERE (  content like '%大学%' )  [ RunTime:0.0005s ]
INFO: [ app_end ] --START--
INFO: Run Behavior\ShowPageTraceBehavior [ RunTime:0.001225s ]
INFO: [ app_end ] --END-- [ RunTime:0.001383s ]

[ 2016-01-13T19:12:51+08:00 ] 127.0.0.1 /go/index.php/Home/Ask/tui
INFO: [ app_begin ] --START--
INFO: Run Behavior\ReadHtmlCacheBehavior [ RunTime:0.001176s ]
INFO: [ app_begin ] --END-- [ RunTime:0.001992s ]
NOTIC: [2] SimpleCWS::set_multi() expects exactly 1 parameter, 0 given H:\wenda\Application\Common\Common\function.php 第 91 行.
SQL: SHOW COLUMNS FROM `ds_tui` [ RunTime:0.0060s ]
SQL: SELECT * FROM `ds_tui` WHERE (  content like '%铁道%' )  [ RunTime:0.0028s ]
SQL: SELECT * FROM `ds_tui` WHERE (  content like '%大学%' )  [ RunTime:0.0014s ]
INFO: [ app_end ] --START--
INFO: Run Behavior\ShowPageTraceBehavior [ RunTime:0.001189s ]
INFO: [ app_end ] --END-- [ RunTime:0.001315s ]

[ 2016-01-13T19:12:52+08:00 ] 127.0.0.1 /go/index.php/Home/Ask/tui
INFO: [ app_begin ] --START--
INFO: Run Behavior\ReadHtmlCacheBehavior [ RunTime:0.001050s ]
INFO: [ app_begin ] --END-- [ RunTime:0.001857s ]
NOTIC: [2] SimpleCWS::set_multi() expects exactly 1 parameter, 0 given H:\wenda\Application\Common\Common\function.php 第 91 行.
SQL: SHOW COLUMNS FROM `ds_tui` [ RunTime:0.0082s ]
SQL: SELECT * FROM `ds_tui` WHERE (  content like '%铁道%' )  [ RunTime:0.0006s ]
SQL: SELECT * FROM `ds_tui` WHERE (  content like '%大学%' )  [ RunTime:0.0005s ]
INFO: [ app_end ] --START--
INFO: Run Behavior\ShowPageTraceBehavior [ RunTime:0.001081s ]
INFO: [ app_end ] --END-- [ RunTime:0.001194s ]

[ 2016-01-13T19:12:52+08:00 ] 127.0.0.1 /go/index.php/Home/Ask/tui
INFO: [ app_begin ] --START--
INFO: Run Behavior\ReadHtmlCacheBehavior [ RunTime:0.001334s ]
INFO: [ app_begin ] --END-- [ RunTime:0.002236s ]
NOTIC: [2] SimpleCWS::set_multi() expects exactly 1 parameter, 0 given H:\wenda\Application\Common\Common\function.php 第 91 行.
SQL: SHOW COLUMNS FROM `ds_tui` [ RunTime:0.0067s ]
SQL: SELECT * FROM `ds_tui` WHERE (  content like '%铁道%' )  [ RunTime:0.0006s ]
SQL: SELECT * FROM `ds_tui` WHERE (  content like '%大学%' )  [ RunTime:0.0005s ]
INFO: [ app_end ] --START--
INFO: Run Behavior\ShowPageTraceBehavior [ RunTime:0.001452s ]
INFO: [ app_end ] --END-- [ RunTime:0.001616s ]

[ 2016-01-13T19:12:52+08:00 ] 127.0.0.1 /go/index.php/Home/Ask/tui
INFO: [ app_begin ] --START--
INFO: Run Behavior\ReadHtmlCacheBehavior [ RunTime:0.000878s ]
INFO: [ app_begin ] --END-- [ RunTime:0.001486s ]
NOTIC: [2] SimpleCWS::set_multi() expects exactly 1 parameter, 0 given H:\wenda\Application\Common\Common\function.php 第 91 行.
SQL: SHOW COLUMNS FROM `ds_tui` [ RunTime:0.0063s ]
SQL: SELECT * FROM `ds_tui` WHERE (  content like '%铁道%' )  [ RunTime:0.0005s ]
SQL: SELECT * FROM `ds_tui` WHERE (  content like '%大学%' )  [ RunTime:0.0004s ]
INFO: [ app_end ] --START--
INFO: Run Behavior\ShowPageTraceBehavior [ RunTime:0.001138s ]
INFO: [ app_end ] --END-- [ RunTime:0.001245s ]

[ 2016-01-13T19:12:59+08:00 ] 127.0.0.1 /go/index.php/Home/Ask/getCate?pid=19
INFO: [ app_begin ] --START--
INFO: Run Behavior\ReadHtmlCacheBehavior [ RunTime:0.001025s ]
INFO: [ app_begin ] --END-- [ RunTime:0.001740s ]
SQL: SHOW COLUMNS FROM `ds_category` [ RunTime:0.0069s ]
SQL: SELECT * FROM `ds_category` WHERE ( pid=19 )  [ RunTime:0.0005s ]
INFO: [ app_end ] --START--
INFO: Run Behavior\ShowPageTraceBehavior [ RunTime:0.001356s ]
INFO: [ app_end ] --END-- [ RunTime:0.001519s ]

[ 2016-01-13T19:13:01+08:00 ] 127.0.0.1 /go/index.php/Home/Ask/getCate?pid=70
INFO: [ app_begin ] --START--
INFO: Run Behavior\ReadHtmlCacheBehavior [ RunTime:0.000834s ]
INFO: [ app_begin ] --END-- [ RunTime:0.001432s ]
SQL: SHOW COLUMNS FROM `ds_category` [ RunTime:0.0062s ]
SQL: SELECT * FROM `ds_category` WHERE ( pid=70 )  [ RunTime:0.0005s ]
INFO: [ app_end ] --START--
INFO: Run Behavior\ShowPageTraceBehavior [ RunTime:0.001218s ]
INFO: [ app_end ] --END-- [ RunTime:0.001375s ]

[ 2016-01-13T19:14:48+08:00 ] 127.0.0.1 /go/index.php/Home/Cha/za
INFO: [ app_begin ] --START--
INFO: Run Behavior\ReadHtmlCacheBehavior [ RunTime:0.000967s ]
INFO: [ app_begin ] --END-- [ RunTime:0.001672s ]
SQL: SHOW COLUMNS FROM `ds_ask` [ RunTime:0.0057s ]
SQL: UPDATE `ds_ask` SET `dian`=dian-1 WHERE ( id=111 ) [ RunTime:0.0005s ]
INFO: [ app_end ] --START--
INFO: Run Behavior\ShowPageTraceBehavior [ RunTime:0.001198s ]
INFO: [ app_end ] --END-- [ RunTime:0.001315s ]

[ 2016-01-13T19:14:52+08:00 ] 127.0.0.1 /go/index.php/Home/Cha/zan
INFO: [ app_begin ] --START--
INFO: Run Behavior\ReadHtmlCacheBehavior [ RunTime:0.001225s ]
INFO: [ app_begin ] --END-- [ RunTime:0.002053s ]
SQL: SHOW COLUMNS FROM `ds_ask` [ RunTime:0.0062s ]
SQL: UPDATE `ds_ask` SET `dian`=dian+1 WHERE ( id=86 ) [ RunTime:0.0009s ]
INFO: [ app_end ] --START--
INFO: Run Behavior\ShowPageTraceBehavior [ RunTime:0.001445s ]
INFO: [ app_end ] --END-- [ RunTime:0.001569s ]

[ 2016-01-13T19:22:27+08:00 ] 127.0.0.1 /go/index.php/Home/Member/Js/member.js
ERR: 非法操作:Js

[ 2016-01-13T19:22:28+08:00 ] 127.0.0.1 /go/index.php/Home/Member/Js/member.js
ERR: 非法操作:Js

