[ 2016-01-08T10:25:18+08:00 ] 127.0.0.1 /go/index.php/Home/Ask/tui
INFO: [ app_begin ] --START--
INFO: Run Behavior\ReadHtmlCacheBehavior [ RunTime:0.001507s ]
INFO: [ app_begin ] --END-- [ RunTime:0.002677s ]
NOTIC: [2] SimpleCWS::set_multi() expects exactly 1 parameter, 0 given H:\wenda\Application\Common\Common\function.php 第 91 行.
SQL: SHOW COLUMNS FROM `ds_tui` [ RunTime:0.0737s ]
SQL: SELECT * FROM `ds_tui` WHERE (  content like '%er%' )  [ RunTime:0.0378s ]
INFO: [ app_end ] --START--
INFO: Run Behavior\ShowPageTraceBehavior [ RunTime:0.001868s ]
INFO: [ app_end ] --END-- [ RunTime:0.001993s ]

[ 2016-01-08T10:25:19+08:00 ] 127.0.0.1 /go/index.php/Home/Ask/tui
INFO: [ app_begin ] --START--
INFO: Run Behavior\ReadHtmlCacheBehavior [ RunTime:0.000936s ]
INFO: [ app_begin ] --END-- [ RunTime:0.001597s ]
NOTIC: [2] SimpleCWS::set_multi() expects exactly 1 parameter, 0 given H:\wenda\Application\Common\Common\function.php 第 91 行.
SQL: SHOW COLUMNS FROM `ds_tui` [ RunTime:0.0059s ]
SQL: SELECT * FROM `ds_tui` WHERE (  content like '%ert%' )  [ RunTime:0.0005s ]
INFO: [ app_end ] --START--
INFO: Run Behavior\ShowPageTraceBehavior [ RunTime:0.001271s ]
INFO: [ app_end ] --END-- [ RunTime:0.001399s ]

[ 2016-01-08T10:25:19+08:00 ] 127.0.0.1 /go/index.php/Home/Ask/tui
INFO: [ app_begin ] --START--
INFO: Run Behavior\ReadHtmlCacheBehavior [ RunTime:0.001317s ]
INFO: [ app_begin ] --END-- [ RunTime:0.002104s ]
NOTIC: [2] SimpleCWS::set_multi() expects exactly 1 parameter, 0 given H:\wenda\Application\Common\Common\function.php 第 91 行.
SQL: SHOW COLUMNS FROM `ds_tui` [ RunTime:0.0066s ]
SQL: SELECT * FROM `ds_tui` WHERE (  content like '%ert%' )  [ RunTime:0.0005s ]
INFO: [ app_end ] --START--
INFO: Run Behavior\ShowPageTraceBehavior [ RunTime:0.001779s ]
INFO: [ app_end ] --END-- [ RunTime:0.001908s ]

[ 2016-01-08T10:25:24+08:00 ] 127.0.0.1 /go/index.php/Home/Ask/tui
INFO: [ app_begin ] --START--
INFO: Run Behavior\ReadHtmlCacheBehavior [ RunTime:0.001574s ]
INFO: [ app_begin ] --END-- [ RunTime:0.002456s ]
NOTIC: [2] SimpleCWS::set_multi() expects exactly 1 parameter, 0 given H:\wenda\Application\Common\Common\function.php 第 91 行.
NOTIC: [2] Invalid argument supplied for foreach() H:\wenda\Application\Home\Controller\AskController.class.php 第 74 行.
NOTIC: [8] Undefined variable: rone H:\wenda\Application\Home\Controller\AskController.class.php 第 82 行.
INFO: [ app_end ] --START--
INFO: Run Behavior\ShowPageTraceBehavior [ RunTime:0.001548s ]
INFO: [ app_end ] --END-- [ RunTime:0.001680s ]

[ 2016-01-08T10:25:24+08:00 ] 127.0.0.1 /go/index.php/Home/Ask/tui
INFO: [ app_begin ] --START--
INFO: Run Behavior\ReadHtmlCacheBehavior [ RunTime:0.001448s ]
INFO: [ app_begin ] --END-- [ RunTime:0.002222s ]
NOTIC: [2] SimpleCWS::set_multi() expects exactly 1 parameter, 0 given H:\wenda\Application\Common\Common\function.php 第 91 行.
NOTIC: [2] Invalid argument supplied for foreach() H:\wenda\Application\Home\Controller\AskController.class.php 第 74 行.
NOTIC: [8] Undefined variable: rone H:\wenda\Application\Home\Controller\AskController.class.php 第 82 行.
INFO: [ app_end ] --START--
INFO: Run Behavior\ShowPageTraceBehavior [ RunTime:0.001481s ]
INFO: [ app_end ] --END-- [ RunTime:0.001607s ]

[ 2016-01-08T10:25:27+08:00 ] 127.0.0.1 /go/index.php/Home/Ask/tui
INFO: [ app_begin ] --START--
INFO: Run Behavior\ReadHtmlCacheBehavior [ RunTime:0.001380s ]
INFO: [ app_begin ] --END-- [ RunTime:0.002147s ]
NOTIC: [2] SimpleCWS::set_multi() expects exactly 1 parameter, 0 given H:\wenda\Application\Common\Common\function.php 第 91 行.
SQL: SHOW COLUMNS FROM `ds_tui` [ RunTime:0.0059s ]
SQL: SELECT * FROM `ds_tui` WHERE (  content like '%ze%' )  [ RunTime:0.0006s ]
INFO: [ app_end ] --START--
INFO: Run Behavior\ShowPageTraceBehavior [ RunTime:0.001614s ]
INFO: [ app_end ] --END-- [ RunTime:0.001754s ]

[ 2016-01-08T10:25:27+08:00 ] 127.0.0.1 /go/index.php/Home/Ask/tui
INFO: [ app_begin ] --START--
INFO: Run Behavior\ReadHtmlCacheBehavior [ RunTime:0.001400s ]
INFO: [ app_begin ] --END-- [ RunTime:0.002204s ]
NOTIC: [2] SimpleCWS::set_multi() expects exactly 1 parameter, 0 given H:\wenda\Application\Common\Common\function.php 第 91 行.
SQL: SHOW COLUMNS FROM `ds_tui` [ RunTime:0.0056s ]
SQL: SELECT * FROM `ds_tui` WHERE (  content like '%zen%' )  [ RunTime:0.0007s ]
INFO: [ app_end ] --START--
INFO: Run Behavior\ShowPageTraceBehavior [ RunTime:0.001703s ]
INFO: [ app_end ] --END-- [ RunTime:0.001836s ]

[ 2016-01-08T10:25:27+08:00 ] 127.0.0.1 /go/index.php/Home/Ask/tui
INFO: [ app_begin ] --START--
INFO: Run Behavior\ReadHtmlCacheBehavior [ RunTime:0.001605s ]
INFO: [ app_begin ] --END-- [ RunTime:0.002537s ]
NOTIC: [2] SimpleCWS::set_multi() expects exactly 1 parameter, 0 given H:\wenda\Application\Common\Common\function.php 第 91 行.
SQL: SHOW COLUMNS FROM `ds_tui` [ RunTime:0.0064s ]
SQL: SELECT * FROM `ds_tui` WHERE (  content like '%zen%' )  [ RunTime:0.0008s ]
INFO: [ app_end ] --START--
INFO: Run Behavior\ShowPageTraceBehavior [ RunTime:0.002032s ]
INFO: [ app_end ] --END-- [ RunTime:0.002176s ]

[ 2016-01-08T10:25:27+08:00 ] 127.0.0.1 /go/index.php/Home/Ask/tui
INFO: [ app_begin ] --START--
INFO: Run Behavior\ReadHtmlCacheBehavior [ RunTime:0.001512s ]
INFO: [ app_begin ] --END-- [ RunTime:0.002249s ]
NOTIC: [2] SimpleCWS::set_multi() expects exactly 1 parameter, 0 given H:\wenda\Application\Common\Common\function.php 第 91 行.
SQL: SHOW COLUMNS FROM `ds_tui` [ RunTime:0.0054s ]
SQL: SELECT * FROM `ds_tui` WHERE (  content like '%zenme%' )  [ RunTime:0.0005s ]
INFO: [ app_end ] --START--
INFO: Run Behavior\ShowPageTraceBehavior [ RunTime:0.001687s ]
INFO: [ app_end ] --END-- [ RunTime:0.001799s ]

[ 2016-01-08T10:25:27+08:00 ] 127.0.0.1 /go/index.php/Home/Ask/tui
INFO: [ app_begin ] --START--
INFO: Run Behavior\ReadHtmlCacheBehavior [ RunTime:0.001478s ]
INFO: [ app_begin ] --END-- [ RunTime:0.002238s ]
NOTIC: [2] SimpleCWS::set_multi() expects exactly 1 parameter, 0 given H:\wenda\Application\Common\Common\function.php 第 91 行.
SQL: SHOW COLUMNS FROM `ds_tui` [ RunTime:0.0054s ]
SQL: SELECT * FROM `ds_tui` WHERE (  content like '%zenme%' )  [ RunTime:0.0005s ]
INFO: [ app_end ] --START--
INFO: Run Behavior\ShowPageTraceBehavior [ RunTime:0.001769s ]
INFO: [ app_end ] --END-- [ RunTime:0.001893s ]

[ 2016-01-08T10:25:28+08:00 ] 127.0.0.1 /go/index.php/Home/Ask/tui
INFO: [ app_begin ] --START--
INFO: Run Behavior\ReadHtmlCacheBehavior [ RunTime:0.001587s ]
INFO: [ app_begin ] --END-- [ RunTime:0.002409s ]
NOTIC: [2] SimpleCWS::set_multi() expects exactly 1 parameter, 0 given H:\wenda\Application\Common\Common\function.php 第 91 行.
SQL: SHOW COLUMNS FROM `ds_tui` [ RunTime:0.0063s ]
SQL: SELECT * FROM `ds_tui` WHERE (  content like '%zenm%' )  [ RunTime:0.0005s ]
INFO: [ app_end ] --START--
INFO: Run Behavior\ShowPageTraceBehavior [ RunTime:0.003291s ]
INFO: [ app_end ] --END-- [ RunTime:0.003437s ]

[ 2016-01-08T10:25:28+08:00 ] 127.0.0.1 /go/index.php/Home/Ask/tui
INFO: [ app_begin ] --START--
INFO: Run Behavior\ReadHtmlCacheBehavior [ RunTime:0.001607s ]
INFO: [ app_begin ] --END-- [ RunTime:0.002416s ]
NOTIC: [2] SimpleCWS::set_multi() expects exactly 1 parameter, 0 given H:\wenda\Application\Common\Common\function.php 第 91 行.
SQL: SHOW COLUMNS FROM `ds_tui` [ RunTime:0.0066s ]
SQL: SELECT * FROM `ds_tui` WHERE (  content like '%zen%' )  [ RunTime:0.0006s ]
INFO: [ app_end ] --START--
INFO: Run Behavior\ShowPageTraceBehavior [ RunTime:0.001943s ]
INFO: [ app_end ] --END-- [ RunTime:0.002078s ]

[ 2016-01-08T10:25:28+08:00 ] 127.0.0.1 /go/index.php/Home/Ask/tui
INFO: [ app_begin ] --START--
INFO: Run Behavior\ReadHtmlCacheBehavior [ RunTime:0.001610s ]
INFO: [ app_begin ] --END-- [ RunTime:0.002448s ]
NOTIC: [2] SimpleCWS::set_multi() expects exactly 1 parameter, 0 given H:\wenda\Application\Common\Common\function.php 第 91 行.
SQL: SHOW COLUMNS FROM `ds_tui` [ RunTime:0.0062s ]
SQL: SELECT * FROM `ds_tui` WHERE (  content like '%ze%' )  [ RunTime:0.0005s ]
INFO: [ app_end ] --START--
INFO: Run Behavior\ShowPageTraceBehavior [ RunTime:0.002001s ]
INFO: [ app_end ] --END-- [ RunTime:0.002139s ]

[ 2016-01-08T10:25:28+08:00 ] 127.0.0.1 /go/index.php/Home/Ask/tui
INFO: [ app_begin ] --START--
INFO: Run Behavior\ReadHtmlCacheBehavior [ RunTime:0.001625s ]
INFO: [ app_begin ] --END-- [ RunTime:0.002416s ]
NOTIC: [2] SimpleCWS::set_multi() expects exactly 1 parameter, 0 given H:\wenda\Application\Common\Common\function.php 第 91 行.
SQL: SHOW COLUMNS FROM `ds_tui` [ RunTime:0.0068s ]
SQL: SELECT * FROM `ds_tui` WHERE (  content like '%z%' )  [ RunTime:0.0005s ]
INFO: [ app_end ] --START--
INFO: Run Behavior\ShowPageTraceBehavior [ RunTime:0.001838s ]
INFO: [ app_end ] --END-- [ RunTime:0.002063s ]

[ 2016-01-08T10:25:28+08:00 ] 127.0.0.1 /go/index.php/Home/Ask/tui
INFO: [ app_begin ] --START--
INFO: Run Behavior\ReadHtmlCacheBehavior [ RunTime:0.001608s ]
INFO: [ app_begin ] --END-- [ RunTime:0.002453s ]
NOTIC: [2] SimpleCWS::set_multi() expects exactly 1 parameter, 0 given H:\wenda\Application\Common\Common\function.php 第 91 行.
NOTIC: [2] Invalid argument supplied for foreach() H:\wenda\Application\Home\Controller\AskController.class.php 第 74 行.
NOTIC: [8] Undefined variable: rone H:\wenda\Application\Home\Controller\AskController.class.php 第 82 行.
INFO: [ app_end ] --START--
INFO: Run Behavior\ShowPageTraceBehavior [ RunTime:0.001682s ]
INFO: [ app_end ] --END-- [ RunTime:0.001832s ]

[ 2016-01-08T10:25:28+08:00 ] 127.0.0.1 /go/index.php/Home/Ask/tui
INFO: [ app_begin ] --START--
INFO: Run Behavior\ReadHtmlCacheBehavior [ RunTime:0.001586s ]
INFO: [ app_begin ] --END-- [ RunTime:0.002375s ]
NOTIC: [2] SimpleCWS::set_multi() expects exactly 1 parameter, 0 given H:\wenda\Application\Common\Common\function.php 第 91 行.
NOTIC: [2] Invalid argument supplied for foreach() H:\wenda\Application\Home\Controller\AskController.class.php 第 74 行.
NOTIC: [8] Undefined variable: rone H:\wenda\Application\Home\Controller\AskController.class.php 第 82 行.
INFO: [ app_end ] --START--
INFO: Run Behavior\ShowPageTraceBehavior [ RunTime:0.003204s ]
INFO: [ app_end ] --END-- [ RunTime:0.003353s ]

[ 2016-01-08T10:25:30+08:00 ] 127.0.0.1 /go/index.php/Home/Ask/tui
INFO: [ app_begin ] --START--
INFO: Run Behavior\ReadHtmlCacheBehavior [ RunTime:0.001651s ]
INFO: [ app_begin ] --END-- [ RunTime:0.002437s ]
NOTIC: [2] SimpleCWS::set_multi() expects exactly 1 parameter, 0 given H:\wenda\Application\Common\Common\function.php 第 91 行.
NOTIC: [2] Invalid argument supplied for foreach() H:\wenda\Application\Home\Controller\AskController.class.php 第 74 行.
NOTIC: [8] Undefined variable: rone H:\wenda\Application\Home\Controller\AskController.class.php 第 82 行.
INFO: [ app_end ] --START--
INFO: Run Behavior\ShowPageTraceBehavior [ RunTime:0.001771s ]
INFO: [ app_end ] --END-- [ RunTime:0.001910s ]

[ 2016-01-08T10:25:31+08:00 ] 127.0.0.1 /go/index.php/Home/Ask/tui
INFO: [ app_begin ] --START--
INFO: Run Behavior\ReadHtmlCacheBehavior [ RunTime:0.001620s ]
INFO: [ app_begin ] --END-- [ RunTime:0.002442s ]
NOTIC: [2] SimpleCWS::set_multi() expects exactly 1 parameter, 0 given H:\wenda\Application\Common\Common\function.php 第 91 行.
NOTIC: [2] Invalid argument supplied for foreach() H:\wenda\Application\Home\Controller\AskController.class.php 第 74 行.
NOTIC: [8] Undefined variable: rone H:\wenda\Application\Home\Controller\AskController.class.php 第 82 行.
INFO: [ app_end ] --START--
INFO: Run Behavior\ShowPageTraceBehavior [ RunTime:0.001683s ]
INFO: [ app_end ] --END-- [ RunTime:0.001810s ]

[ 2016-01-08T10:25:31+08:00 ] 127.0.0.1 /go/index.php/Home/Ask/tui
INFO: [ app_begin ] --START--
INFO: Run Behavior\ReadHtmlCacheBehavior [ RunTime:0.002563s ]
INFO: [ app_begin ] --END-- [ RunTime:0.003365s ]
NOTIC: [2] SimpleCWS::set_multi() expects exactly 1 parameter, 0 given H:\wenda\Application\Common\Common\function.php 第 91 行.
NOTIC: [2] Invalid argument supplied for foreach() H:\wenda\Application\Home\Controller\AskController.class.php 第 74 行.
NOTIC: [8] Undefined variable: rone H:\wenda\Application\Home\Controller\AskController.class.php 第 82 行.
INFO: [ app_end ] --START--
INFO: Run Behavior\ShowPageTraceBehavior [ RunTime:0.001662s ]
INFO: [ app_end ] --END-- [ RunTime:0.001808s ]

[ 2016-01-08T10:25:31+08:00 ] 127.0.0.1 /go/index.php/Home/Ask/tui
INFO: [ app_begin ] --START--
INFO: Run Behavior\ReadHtmlCacheBehavior [ RunTime:0.001609s ]
INFO: [ app_begin ] --END-- [ RunTime:0.002427s ]
NOTIC: [2] SimpleCWS::set_multi() expects exactly 1 parameter, 0 given H:\wenda\Application\Common\Common\function.php 第 91 行.
NOTIC: [2] Invalid argument supplied for foreach() H:\wenda\Application\Home\Controller\AskController.class.php 第 74 行.
NOTIC: [8] Undefined variable: rone H:\wenda\Application\Home\Controller\AskController.class.php 第 82 行.
INFO: [ app_end ] --START--
INFO: Run Behavior\ShowPageTraceBehavior [ RunTime:0.001719s ]
INFO: [ app_end ] --END-- [ RunTime:0.001846s ]

[ 2016-01-08T10:25:31+08:00 ] 127.0.0.1 /go/index.php/Home/Ask/tui
INFO: [ app_begin ] --START--
INFO: Run Behavior\ReadHtmlCacheBehavior [ RunTime:0.001603s ]
INFO: [ app_begin ] --END-- [ RunTime:0.002648s ]
NOTIC: [2] SimpleCWS::set_multi() expects exactly 1 parameter, 0 given H:\wenda\Application\Common\Common\function.php 第 91 行.
NOTIC: [2] Invalid argument supplied for foreach() H:\wenda\Application\Home\Controller\AskController.class.php 第 74 行.
NOTIC: [8] Undefined variable: rone H:\wenda\Application\Home\Controller\AskController.class.php 第 82 行.
INFO: [ app_end ] --START--
INFO: Run Behavior\ShowPageTraceBehavior [ RunTime:0.001721s ]
INFO: [ app_end ] --END-- [ RunTime:0.001844s ]

[ 2016-01-08T10:25:31+08:00 ] 127.0.0.1 /go/index.php/Home/Ask/tui
INFO: [ app_begin ] --START--
INFO: Run Behavior\ReadHtmlCacheBehavior [ RunTime:0.001396s ]
INFO: [ app_begin ] --END-- [ RunTime:0.002178s ]
NOTIC: [2] SimpleCWS::set_multi() expects exactly 1 parameter, 0 given H:\wenda\Application\Common\Common\function.php 第 91 行.
NOTIC: [2] Invalid argument supplied for foreach() H:\wenda\Application\Home\Controller\AskController.class.php 第 74 行.
NOTIC: [8] Undefined variable: rone H:\wenda\Application\Home\Controller\AskController.class.php 第 82 行.
INFO: [ app_end ] --START--
INFO: Run Behavior\ShowPageTraceBehavior [ RunTime:0.001736s ]
INFO: [ app_end ] --END-- [ RunTime:0.001981s ]

[ 2016-01-08T10:25:34+08:00 ] 127.0.0.1 /go/index.php/Home/Ask/tui
INFO: [ app_begin ] --START--
INFO: Run Behavior\ReadHtmlCacheBehavior [ RunTime:0.001607s ]
INFO: [ app_begin ] --END-- [ RunTime:0.002405s ]
NOTIC: [2] SimpleCWS::set_multi() expects exactly 1 parameter, 0 given H:\wenda\Application\Common\Common\function.php 第 91 行.
SQL: SHOW COLUMNS FROM `ds_tui` [ RunTime:0.0062s ]
SQL: SELECT * FROM `ds_tui` WHERE (  content like '%ze%' )  [ RunTime:0.0012s ]
INFO: [ app_end ] --START--
INFO: Run Behavior\ShowPageTraceBehavior [ RunTime:0.001786s ]
INFO: [ app_end ] --END-- [ RunTime:0.001927s ]

[ 2016-01-08T10:25:34+08:00 ] 127.0.0.1 /go/index.php/Home/Ask/tui
INFO: [ app_begin ] --START--
INFO: Run Behavior\ReadHtmlCacheBehavior [ RunTime:0.001738s ]
INFO: [ app_begin ] --END-- [ RunTime:0.002659s ]
NOTIC: [2] SimpleCWS::set_multi() expects exactly 1 parameter, 0 given H:\wenda\Application\Common\Common\function.php 第 91 行.
SQL: SHOW COLUMNS FROM `ds_tui` [ RunTime:0.0063s ]
SQL: SELECT * FROM `ds_tui` WHERE (  content like '%zen%' )  [ RunTime:0.0006s ]
INFO: [ app_end ] --START--
INFO: Run Behavior\ShowPageTraceBehavior [ RunTime:0.002013s ]
INFO: [ app_end ] --END-- [ RunTime:0.002139s ]

[ 2016-01-08T10:25:34+08:00 ] 127.0.0.1 /go/index.php/Home/Ask/tui
INFO: [ app_begin ] --START--
INFO: Run Behavior\ReadHtmlCacheBehavior [ RunTime:0.001439s ]
INFO: [ app_begin ] --END-- [ RunTime:0.002310s ]
NOTIC: [2] SimpleCWS::set_multi() expects exactly 1 parameter, 0 given H:\wenda\Application\Common\Common\function.php 第 91 行.
SQL: SHOW COLUMNS FROM `ds_tui` [ RunTime:0.0062s ]
SQL: SELECT * FROM `ds_tui` WHERE (  content like '%zen%' )  [ RunTime:0.0006s ]
INFO: [ app_end ] --START--
INFO: Run Behavior\ShowPageTraceBehavior [ RunTime:0.001654s ]
INFO: [ app_end ] --END-- [ RunTime:0.001775s ]

[ 2016-01-08T10:25:34+08:00 ] 127.0.0.1 /go/index.php/Home/Ask/tui
INFO: [ app_begin ] --START--
INFO: Run Behavior\ReadHtmlCacheBehavior [ RunTime:0.000987s ]
INFO: [ app_begin ] --END-- [ RunTime:0.001677s ]
NOTIC: [2] SimpleCWS::set_multi() expects exactly 1 parameter, 0 given H:\wenda\Application\Common\Common\function.php 第 91 行.
SQL: SHOW COLUMNS FROM `ds_tui` [ RunTime:0.0056s ]
SQL: SELECT * FROM `ds_tui` WHERE (  content like '%zeny%' )  [ RunTime:0.0005s ]
INFO: [ app_end ] --START--
INFO: Run Behavior\ShowPageTraceBehavior [ RunTime:0.001094s ]
INFO: [ app_end ] --END-- [ RunTime:0.001206s ]

[ 2016-01-08T10:25:34+08:00 ] 127.0.0.1 /go/index.php/Home/Ask/tui
INFO: [ app_begin ] --START--
INFO: Run Behavior\ReadHtmlCacheBehavior [ RunTime:0.000915s ]
INFO: [ app_begin ] --END-- [ RunTime:0.001562s ]
NOTIC: [2] SimpleCWS::set_multi() expects exactly 1 parameter, 0 given H:\wenda\Application\Common\Common\function.php 第 91 行.
SQL: SHOW COLUMNS FROM `ds_tui` [ RunTime:0.0066s ]
SQL: SELECT * FROM `ds_tui` WHERE (  content like '%zenyagn%' )  [ RunTime:0.0016s ]
INFO: [ app_end ] --START--
INFO: Run Behavior\ShowPageTraceBehavior [ RunTime:0.001058s ]
INFO: [ app_end ] --END-- [ RunTime:0.001177s ]

[ 2016-01-08T10:25:34+08:00 ] 127.0.0.1 /go/index.php/Home/Ask/tui
INFO: [ app_begin ] --START--
INFO: Run Behavior\ReadHtmlCacheBehavior [ RunTime:0.001351s ]
INFO: [ app_begin ] --END-- [ RunTime:0.002812s ]
NOTIC: [2] SimpleCWS::set_multi() expects exactly 1 parameter, 0 given H:\wenda\Application\Common\Common\function.php 第 91 行.
SQL: SHOW COLUMNS FROM `ds_tui` [ RunTime:0.0053s ]
SQL: SELECT * FROM `ds_tui` WHERE (  content like '%zenyagn%' )  [ RunTime:0.0008s ]
INFO: [ app_end ] --START--
INFO: Run Behavior\ShowPageTraceBehavior [ RunTime:0.001553s ]
INFO: [ app_end ] --END-- [ RunTime:0.001676s ]

[ 2016-01-08T10:25:34+08:00 ] 127.0.0.1 /go/index.php/Home/Ask/tui
INFO: [ app_begin ] --START--
INFO: Run Behavior\ReadHtmlCacheBehavior [ RunTime:0.006869s ]
INFO: [ app_begin ] --END-- [ RunTime:0.008889s ]
NOTIC: [2] SimpleCWS::set_multi() expects exactly 1 parameter, 0 given H:\wenda\Application\Common\Common\function.php 第 91 行.
SQL: SHOW COLUMNS FROM `ds_tui` [ RunTime:0.0056s ]
SQL: SELECT * FROM `ds_tui` WHERE (  content like '%zenyagn%' )  [ RunTime:0.0005s ]
INFO: [ app_end ] --START--
INFO: Run Behavior\ShowPageTraceBehavior [ RunTime:0.001838s ]
INFO: [ app_end ] --END-- [ RunTime:0.001961s ]

[ 2016-01-08T10:25:34+08:00 ] 127.0.0.1 /go/index.php/Home/Ask/tui
INFO: [ app_begin ] --START--
INFO: Run Behavior\ReadHtmlCacheBehavior [ RunTime:0.001552s ]
INFO: [ app_begin ] --END-- [ RunTime:0.002345s ]
NOTIC: [2] SimpleCWS::set_multi() expects exactly 1 parameter, 0 given H:\wenda\Application\Common\Common\function.php 第 91 行.
SQL: SHOW COLUMNS FROM `ds_tui` [ RunTime:0.0055s ]
SQL: SELECT * FROM `ds_tui` WHERE (  content like '%怎样%' )  [ RunTime:0.0005s ]
INFO: [ app_end ] --START--
INFO: Run Behavior\ShowPageTraceBehavior [ RunTime:0.001701s ]
INFO: [ app_end ] --END-- [ RunTime:0.001809s ]

[ 2016-01-08T10:25:35+08:00 ] 127.0.0.1 /go/index.php/Home/Ask/tui
INFO: [ app_begin ] --START--
INFO: Run Behavior\ReadHtmlCacheBehavior [ RunTime:0.001579s ]
INFO: [ app_begin ] --END-- [ RunTime:0.002374s ]
NOTIC: [2] SimpleCWS::set_multi() expects exactly 1 parameter, 0 given H:\wenda\Application\Common\Common\function.php 第 91 行.
SQL: SHOW COLUMNS FROM `ds_tui` [ RunTime:0.0065s ]
SQL: SELECT * FROM `ds_tui` WHERE (  content like '%怎样%' )  [ RunTime:0.0006s ]
SQL: SELECT * FROM `ds_tui` WHERE (  content like '%q%' )  [ RunTime:0.0005s ]
INFO: [ app_end ] --START--
INFO: Run Behavior\ShowPageTraceBehavior [ RunTime:0.001851s ]
INFO: [ app_end ] --END-- [ RunTime:0.001984s ]

[ 2016-01-08T10:25:35+08:00 ] 127.0.0.1 /go/index.php/Home/Ask/tui
INFO: [ app_begin ] --START--
INFO: Run Behavior\ReadHtmlCacheBehavior [ RunTime:0.001676s ]
INFO: [ app_begin ] --END-- [ RunTime:0.002568s ]
NOTIC: [2] SimpleCWS::set_multi() expects exactly 1 parameter, 0 given H:\wenda\Application\Common\Common\function.php 第 91 行.
SQL: SHOW COLUMNS FROM `ds_tui` [ RunTime:0.0062s ]
SQL: SELECT * FROM `ds_tui` WHERE (  content like '%怎样%' )  [ RunTime:0.0005s ]
SQL: SELECT * FROM `ds_tui` WHERE (  content like '%qu%' )  [ RunTime:0.0004s ]
INFO: [ app_end ] --START--
INFO: Run Behavior\ShowPageTraceBehavior [ RunTime:0.001758s ]
INFO: [ app_end ] --END-- [ RunTime:0.001912s ]

[ 2016-01-08T10:25:35+08:00 ] 127.0.0.1 /go/index.php/Home/Ask/tui
INFO: [ app_begin ] --START--
INFO: Run Behavior\ReadHtmlCacheBehavior [ RunTime:0.001409s ]
INFO: [ app_begin ] --END-- [ RunTime:0.002222s ]
NOTIC: [2] SimpleCWS::set_multi() expects exactly 1 parameter, 0 given H:\wenda\Application\Common\Common\function.php 第 91 行.
SQL: SHOW COLUMNS FROM `ds_tui` [ RunTime:0.0061s ]
SQL: SELECT * FROM `ds_tui` WHERE (  content like '%怎样%' )  [ RunTime:0.0005s ]
SQL: SELECT * FROM `ds_tui` WHERE (  content like '%去%' )  [ RunTime:0.0005s ]
INFO: [ app_end ] --START--
INFO: Run Behavior\ShowPageTraceBehavior [ RunTime:0.001625s ]
INFO: [ app_end ] --END-- [ RunTime:0.001747s ]

[ 2016-01-08T10:25:36+08:00 ] 127.0.0.1 /go/index.php/Home/Ask/tui
INFO: [ app_begin ] --START--
INFO: Run Behavior\ReadHtmlCacheBehavior [ RunTime:0.001385s ]
INFO: [ app_begin ] --END-- [ RunTime:0.002173s ]
NOTIC: [2] SimpleCWS::set_multi() expects exactly 1 parameter, 0 given H:\wenda\Application\Common\Common\function.php 第 91 行.
SQL: SHOW COLUMNS FROM `ds_tui` [ RunTime:0.0057s ]
SQL: SELECT * FROM `ds_tui` WHERE (  content like '%怎样%' )  [ RunTime:0.0005s ]
SQL: SELECT * FROM `ds_tui` WHERE (  content like '%去%' )  [ RunTime:0.0004s ]
SQL: SELECT * FROM `ds_tui` WHERE (  content like '%ti%' )  [ RunTime:0.0006s ]
INFO: [ app_end ] --START--
INFO: Run Behavior\ShowPageTraceBehavior [ RunTime:0.001612s ]
INFO: [ app_end ] --END-- [ RunTime:0.001775s ]

[ 2016-01-08T10:25:36+08:00 ] 127.0.0.1 /go/index.php/Home/Ask/tui
INFO: [ app_begin ] --START--
INFO: Run Behavior\ReadHtmlCacheBehavior [ RunTime:0.001619s ]
INFO: [ app_begin ] --END-- [ RunTime:0.002415s ]
NOTIC: [2] SimpleCWS::set_multi() expects exactly 1 parameter, 0 given H:\wenda\Application\Common\Common\function.php 第 91 行.
SQL: SHOW COLUMNS FROM `ds_tui` [ RunTime:0.0061s ]
SQL: SELECT * FROM `ds_tui` WHERE (  content like '%怎样%' )  [ RunTime:0.0005s ]
SQL: SELECT * FROM `ds_tui` WHERE (  content like '%去%' )  [ RunTime:0.0015s ]
SQL: SELECT * FROM `ds_tui` WHERE (  content like '%ti%' )  [ RunTime:0.0004s ]
INFO: [ app_end ] --START--
INFO: Run Behavior\ShowPageTraceBehavior [ RunTime:0.001772s ]
INFO: [ app_end ] --END-- [ RunTime:0.001898s ]

[ 2016-01-08T10:25:36+08:00 ] 127.0.0.1 /go/index.php/Home/Ask/tui
INFO: [ app_begin ] --START--
INFO: Run Behavior\ReadHtmlCacheBehavior [ RunTime:0.001801s ]
INFO: [ app_begin ] --END-- [ RunTime:0.002899s ]
NOTIC: [2] SimpleCWS::set_multi() expects exactly 1 parameter, 0 given H:\wenda\Application\Common\Common\function.php 第 91 行.
SQL: SHOW COLUMNS FROM `ds_tui` [ RunTime:0.0079s ]
SQL: SELECT * FROM `ds_tui` WHERE (  content like '%怎样%' )  [ RunTime:0.0006s ]
SQL: SELECT * FROM `ds_tui` WHERE (  content like '%去%' )  [ RunTime:0.0006s ]
INFO: [ app_end ] --START--
INFO: Run Behavior\ShowPageTraceBehavior [ RunTime:0.002524s ]
INFO: [ app_end ] --END-- [ RunTime:0.002721s ]

[ 2016-01-08T10:25:36+08:00 ] 127.0.0.1 /go/index.php/Home/Ask/tui
INFO: [ app_begin ] --START--
INFO: Run Behavior\ReadHtmlCacheBehavior [ RunTime:0.001280s ]
INFO: [ app_begin ] --END-- [ RunTime:0.002027s ]
NOTIC: [2] SimpleCWS::set_multi() expects exactly 1 parameter, 0 given H:\wenda\Application\Common\Common\function.php 第 91 行.
SQL: SHOW COLUMNS FROM `ds_tui` [ RunTime:0.0056s ]
SQL: SELECT * FROM `ds_tui` WHERE (  content like '%怎样%' )  [ RunTime:0.0005s ]
SQL: SELECT * FROM `ds_tui` WHERE (  content like '%去%' )  [ RunTime:0.0005s ]
INFO: [ app_end ] --START--
INFO: Run Behavior\ShowPageTraceBehavior [ RunTime:0.001550s ]
INFO: [ app_end ] --END-- [ RunTime:0.001664s ]

[ 2016-01-08T10:25:36+08:00 ] 127.0.0.1 /go/index.php/Home/Ask/tui
INFO: [ app_begin ] --START--
INFO: Run Behavior\ReadHtmlCacheBehavior [ RunTime:0.001366s ]
INFO: [ app_begin ] --END-- [ RunTime:0.002159s ]
NOTIC: [2] SimpleCWS::set_multi() expects exactly 1 parameter, 0 given H:\wenda\Application\Common\Common\function.php 第 91 行.
SQL: SHOW COLUMNS FROM `ds_tui` [ RunTime:0.0056s ]
SQL: SELECT * FROM `ds_tui` WHERE (  content like '%怎样%' )  [ RunTime:0.0005s ]
SQL: SELECT * FROM `ds_tui` WHERE (  content like '%去%' )  [ RunTime:0.0003s ]
INFO: [ app_end ] --START--
INFO: Run Behavior\ShowPageTraceBehavior [ RunTime:0.001500s ]
INFO: [ app_end ] --END-- [ RunTime:0.001626s ]

[ 2016-01-08T10:25:37+08:00 ] 127.0.0.1 /go/index.php/Home/Ask/tui
INFO: [ app_begin ] --START--
INFO: Run Behavior\ReadHtmlCacheBehavior [ RunTime:0.001844s ]
INFO: [ app_begin ] --END-- [ RunTime:0.002815s ]
NOTIC: [2] SimpleCWS::set_multi() expects exactly 1 parameter, 0 given H:\wenda\Application\Common\Common\function.php 第 91 行.
SQL: SHOW COLUMNS FROM `ds_tui` [ RunTime:0.0061s ]
SQL: SELECT * FROM `ds_tui` WHERE (  content like '%怎样%' )  [ RunTime:0.0005s ]
SQL: SELECT * FROM `ds_tui` WHERE (  content like '%去%' )  [ RunTime:0.0005s ]
INFO: [ app_end ] --START--
INFO: Run Behavior\ShowPageTraceBehavior [ RunTime:0.003547s ]
INFO: [ app_end ] --END-- [ RunTime:0.003688s ]

[ 2016-01-08T10:25:37+08:00 ] 127.0.0.1 /go/index.php/Home/Ask/tui
INFO: [ app_begin ] --START--
INFO: Run Behavior\ReadHtmlCacheBehavior [ RunTime:0.001459s ]
INFO: [ app_begin ] --END-- [ RunTime:0.002291s ]
NOTIC: [2] SimpleCWS::set_multi() expects exactly 1 parameter, 0 given H:\wenda\Application\Common\Common\function.php 第 91 行.
SQL: SHOW COLUMNS FROM `ds_tui` [ RunTime:0.0059s ]
SQL: SELECT * FROM `ds_tui` WHERE (  content like '%怎样%' )  [ RunTime:0.0006s ]
SQL: SELECT * FROM `ds_tui` WHERE (  content like '%去%' )  [ RunTime:0.0005s ]
SQL: SELECT * FROM `ds_tui` WHERE (  content like '%铁道%' )  [ RunTime:0.0005s ]
INFO: [ app_end ] --START--
INFO: Run Behavior\ShowPageTraceBehavior [ RunTime:0.001648s ]
INFO: [ app_end ] --END-- [ RunTime:0.001771s ]

[ 2016-01-08T10:25:39+08:00 ] 127.0.0.1 /go/index.php/Home/Ask/tui
INFO: [ app_begin ] --START--
INFO: Run Behavior\ReadHtmlCacheBehavior [ RunTime:0.001405s ]
INFO: [ app_begin ] --END-- [ RunTime:0.002201s ]
NOTIC: [2] SimpleCWS::set_multi() expects exactly 1 parameter, 0 given H:\wenda\Application\Common\Common\function.php 第 91 行.
SQL: SHOW COLUMNS FROM `ds_tui` [ RunTime:0.0065s ]
SQL: SELECT * FROM `ds_tui` WHERE (  content like '%怎样%' )  [ RunTime:0.0006s ]
SQL: SELECT * FROM `ds_tui` WHERE (  content like '%去%' )  [ RunTime:0.0005s ]
SQL: SELECT * FROM `ds_tui` WHERE (  content like '%铁道%' )  [ RunTime:0.0005s ]
SQL: SELECT * FROM `ds_tui` WHERE (  content like '%da%' )  [ RunTime:0.0005s ]
INFO: [ app_end ] --START--
INFO: Run Behavior\ShowPageTraceBehavior [ RunTime:0.001616s ]
INFO: [ app_end ] --END-- [ RunTime:0.001742s ]

[ 2016-01-08T10:25:39+08:00 ] 127.0.0.1 /go/index.php/Home/Ask/tui
INFO: [ app_begin ] --START--
INFO: Run Behavior\ReadHtmlCacheBehavior [ RunTime:0.002175s ]
INFO: [ app_begin ] --END-- [ RunTime:0.003794s ]
NOTIC: [2] SimpleCWS::set_multi() expects exactly 1 parameter, 0 given H:\wenda\Application\Common\Common\function.php 第 91 行.
SQL: SHOW COLUMNS FROM `ds_tui` [ RunTime:0.0073s ]
SQL: SELECT * FROM `ds_tui` WHERE (  content like '%怎样%' )  [ RunTime:0.0021s ]
SQL: SELECT * FROM `ds_tui` WHERE (  content like '%去%' )  [ RunTime:0.0004s ]
SQL: SELECT * FROM `ds_tui` WHERE (  content like '%铁道%' )  [ RunTime:0.0004s ]
SQL: SELECT * FROM `ds_tui` WHERE (  content like '%da%' )  [ RunTime:0.0004s ]
INFO: [ app_end ] --START--
INFO: Run Behavior\ShowPageTraceBehavior [ RunTime:0.001839s ]
INFO: [ app_end ] --END-- [ RunTime:0.002134s ]

[ 2016-01-08T10:25:39+08:00 ] 127.0.0.1 /go/index.php/Home/Ask/tui
INFO: [ app_begin ] --START--
INFO: Run Behavior\ReadHtmlCacheBehavior [ RunTime:0.000991s ]
INFO: [ app_begin ] --END-- [ RunTime:0.001721s ]
NOTIC: [2] SimpleCWS::set_multi() expects exactly 1 parameter, 0 given H:\wenda\Application\Common\Common\function.php 第 91 行.
SQL: SHOW COLUMNS FROM `ds_tui` [ RunTime:0.0060s ]
SQL: SELECT * FROM `ds_tui` WHERE (  content like '%怎样%' )  [ RunTime:0.0005s ]
SQL: SELECT * FROM `ds_tui` WHERE (  content like '%去%' )  [ RunTime:0.0004s ]
SQL: SELECT * FROM `ds_tui` WHERE (  content like '%铁道%' )  [ RunTime:0.0004s ]
INFO: [ app_end ] --START--
INFO: Run Behavior\ShowPageTraceBehavior [ RunTime:0.001171s ]
INFO: [ app_end ] --END-- [ RunTime:0.001300s ]

[ 2016-01-08T10:25:39+08:00 ] 127.0.0.1 /go/index.php/Home/Ask/tui
INFO: [ app_begin ] --START--
INFO: Run Behavior\ReadHtmlCacheBehavior [ RunTime:0.001860s ]
INFO: [ app_begin ] --END-- [ RunTime:0.002813s ]
NOTIC: [2] SimpleCWS::set_multi() expects exactly 1 parameter, 0 given H:\wenda\Application\Common\Common\function.php 第 91 行.
SQL: SHOW COLUMNS FROM `ds_tui` [ RunTime:0.0060s ]
SQL: SELECT * FROM `ds_tui` WHERE (  content like '%怎样%' )  [ RunTime:0.0004s ]
SQL: SELECT * FROM `ds_tui` WHERE (  content like '%去%' )  [ RunTime:0.0004s ]
SQL: SELECT * FROM `ds_tui` WHERE (  content like '%铁道%' )  [ RunTime:0.0004s ]
INFO: [ app_end ] --START--
INFO: Run Behavior\ShowPageTraceBehavior [ RunTime:0.001416s ]
INFO: [ app_end ] --END-- [ RunTime:0.001524s ]

[ 2016-01-08T10:25:39+08:00 ] 127.0.0.1 /go/index.php/Home/Ask/tui
INFO: [ app_begin ] --START--
INFO: Run Behavior\ReadHtmlCacheBehavior [ RunTime:0.001693s ]
INFO: [ app_begin ] --END-- [ RunTime:0.002590s ]
NOTIC: [2] SimpleCWS::set_multi() expects exactly 1 parameter, 0 given H:\wenda\Application\Common\Common\function.php 第 91 行.
SQL: SHOW COLUMNS FROM `ds_tui` [ RunTime:0.0051s ]
SQL: SELECT * FROM `ds_tui` WHERE (  content like '%怎样%' )  [ RunTime:0.0004s ]
SQL: SELECT * FROM `ds_tui` WHERE (  content like '%去%' )  [ RunTime:0.0004s ]
SQL: SELECT * FROM `ds_tui` WHERE (  content like '%铁道%' )  [ RunTime:0.0004s ]
INFO: [ app_end ] --START--
INFO: Run Behavior\ShowPageTraceBehavior [ RunTime:0.001733s ]
INFO: [ app_end ] --END-- [ RunTime:0.001874s ]

[ 2016-01-08T10:25:40+08:00 ] 127.0.0.1 /go/index.php/Home/Ask/tui
INFO: [ app_begin ] --START--
INFO: Run Behavior\ReadHtmlCacheBehavior [ RunTime:0.001601s ]
INFO: [ app_begin ] --END-- [ RunTime:0.002560s ]
NOTIC: [2] SimpleCWS::set_multi() expects exactly 1 parameter, 0 given H:\wenda\Application\Common\Common\function.php 第 91 行.
SQL: SHOW COLUMNS FROM `ds_tui` [ RunTime:0.0059s ]
SQL: SELECT * FROM `ds_tui` WHERE (  content like '%怎样%' )  [ RunTime:0.0005s ]
SQL: SELECT * FROM `ds_tui` WHERE (  content like '%去%' )  [ RunTime:0.0005s ]
SQL: SELECT * FROM `ds_tui` WHERE (  content like '%铁道%' )  [ RunTime:0.0005s ]
SQL: SELECT * FROM `ds_tui` WHERE (  content like '%大学%' )  [ RunTime:0.0005s ]
INFO: [ app_end ] --START--
INFO: Run Behavior\ShowPageTraceBehavior [ RunTime:0.001872s ]
INFO: [ app_end ] --END-- [ RunTime:0.002041s ]

[ 2016-01-08T10:37:13+08:00 ] 127.0.0.1 /go/index.php/Home/Member/mygood
ERR: 1064:You have an error in your SQL syntax; check the manual that corresponds to your MySQL server version for the right syntax to use near ') LIMIT 5' at line 1
 [ SQL语句 ] : SELECT * FROM `ds_order` WHERE ( uid= ) LIMIT 5  

[ 2016-01-08T15:37:07+08:00 ] 127.0.0.1 /go/index.php/Home/Ask/tui
INFO: [ app_begin ] --START--
INFO: Run Behavior\ReadHtmlCacheBehavior [ RunTime:0.001017s ]
INFO: [ app_begin ] --END-- [ RunTime:0.001751s ]
NOTIC: [2] SimpleCWS::set_multi() expects exactly 1 parameter, 0 given H:\wenda\Application\Common\Common\function.php 第 91 行.
SQL: SHOW COLUMNS FROM `ds_tui` [ RunTime:0.0090s ]
SQL: SELECT * FROM `ds_tui` WHERE (  content like '%ds%' )  [ RunTime:0.0007s ]
INFO: [ app_end ] --START--
INFO: Run Behavior\ShowPageTraceBehavior [ RunTime:0.001265s ]
INFO: [ app_end ] --END-- [ RunTime:0.001380s ]

[ 2016-01-08T15:37:07+08:00 ] 127.0.0.1 /go/index.php/Home/Ask/tui
INFO: [ app_begin ] --START--
INFO: Run Behavior\ReadHtmlCacheBehavior [ RunTime:0.000965s ]
INFO: [ app_begin ] --END-- [ RunTime:0.001738s ]
NOTIC: [2] SimpleCWS::set_multi() expects exactly 1 parameter, 0 given H:\wenda\Application\Common\Common\function.php 第 91 行.
SQL: SHOW COLUMNS FROM `ds_tui` [ RunTime:0.0108s ]
SQL: SELECT * FROM `ds_tui` WHERE (  content like '%dsfg%' )  [ RunTime:0.0011s ]
INFO: [ app_end ] --START--
INFO: Run Behavior\ShowPageTraceBehavior [ RunTime:0.001195s ]
INFO: [ app_end ] --END-- [ RunTime:0.001314s ]

[ 2016-01-08T15:37:07+08:00 ] 127.0.0.1 /go/index.php/Home/Ask/tui
INFO: [ app_begin ] --START--
INFO: Run Behavior\ReadHtmlCacheBehavior [ RunTime:0.001014s ]
INFO: [ app_begin ] --END-- [ RunTime:0.001651s ]
NOTIC: [2] SimpleCWS::set_multi() expects exactly 1 parameter, 0 given H:\wenda\Application\Common\Common\function.php 第 91 行.
SQL: SHOW COLUMNS FROM `ds_tui` [ RunTime:0.0054s ]
SQL: SELECT * FROM `ds_tui` WHERE (  content like '%dsfg%' )  [ RunTime:0.0012s ]
INFO: [ app_end ] --START--
INFO: Run Behavior\ShowPageTraceBehavior [ RunTime:0.002377s ]
INFO: [ app_end ] --END-- [ RunTime:0.002567s ]

[ 2016-01-08T15:37:07+08:00 ] 127.0.0.1 /go/index.php/Home/Ask/tui
INFO: [ app_begin ] --START--
INFO: Run Behavior\ReadHtmlCacheBehavior [ RunTime:0.003005s ]
INFO: [ app_begin ] --END-- [ RunTime:0.004119s ]
NOTIC: [2] SimpleCWS::set_multi() expects exactly 1 parameter, 0 given H:\wenda\Application\Common\Common\function.php 第 91 行.
SQL: SHOW COLUMNS FROM `ds_tui` [ RunTime:0.0100s ]
SQL: SELECT * FROM `ds_tui` WHERE (  content like '%dsfg%' )  [ RunTime:0.0006s ]
INFO: [ app_end ] --START--
INFO: Run Behavior\ShowPageTraceBehavior [ RunTime:0.001376s ]
INFO: [ app_end ] --END-- [ RunTime:0.001497s ]

[ 2016-01-08T15:37:08+08:00 ] 127.0.0.1 /go/index.php/Home/Ask/tui
INFO: [ app_begin ] --START--
INFO: Run Behavior\ReadHtmlCacheBehavior [ RunTime:0.001856s ]
INFO: [ app_begin ] --END-- [ RunTime:0.002743s ]
NOTIC: [2] SimpleCWS::set_multi() expects exactly 1 parameter, 0 given H:\wenda\Application\Common\Common\function.php 第 91 行.
SQL: SHOW COLUMNS FROM `ds_tui` [ RunTime:0.0067s ]
SQL: SELECT * FROM `ds_tui` WHERE (  content like '%的%' )  [ RunTime:0.0006s ]
SQL: SELECT * FROM `ds_tui` WHERE (  content like '%双方%' )  [ RunTime:0.0006s ]
SQL: SELECT * FROM `ds_tui` WHERE (  content like '%各%' )  [ RunTime:0.0005s ]
INFO: [ app_end ] --START--
INFO: Run Behavior\ShowPageTraceBehavior [ RunTime:0.001892s ]
INFO: [ app_end ] --END-- [ RunTime:0.002041s ]

[ 2016-01-08T15:37:14+08:00 ] 127.0.0.1 /go/index.php/Home/Ask/tui
INFO: [ app_begin ] --START--
INFO: Run Behavior\ReadHtmlCacheBehavior [ RunTime:0.003481s ]
INFO: [ app_begin ] --END-- [ RunTime:0.004517s ]
NOTIC: [2] SimpleCWS::set_multi() expects exactly 1 parameter, 0 given H:\wenda\Application\Common\Common\function.php 第 91 行.
SQL: SHOW COLUMNS FROM `ds_tui` [ RunTime:0.0063s ]
SQL: SELECT * FROM `ds_tui` WHERE (  content like '%t%' )  [ RunTime:0.0010s ]
INFO: [ app_end ] --START--
INFO: Run Behavior\ShowPageTraceBehavior [ RunTime:0.009680s ]
INFO: [ app_end ] --END-- [ RunTime:0.010018s ]

[ 2016-01-08T15:37:14+08:00 ] 127.0.0.1 /go/index.php/Home/Ask/tui
INFO: [ app_begin ] --START--
INFO: Run Behavior\ReadHtmlCacheBehavior [ RunTime:0.006754s ]
INFO: [ app_begin ] --END-- [ RunTime:0.008764s ]
NOTIC: [2] SimpleCWS::set_multi() expects exactly 1 parameter, 0 given H:\wenda\Application\Common\Common\function.php 第 91 行.
SQL: SHOW COLUMNS FROM `ds_tui` [ RunTime:0.0056s ]
SQL: SELECT * FROM `ds_tui` WHERE (  content like '%ti%' )  [ RunTime:0.0005s ]
INFO: [ app_end ] --START--
INFO: Run Behavior\ShowPageTraceBehavior [ RunTime:0.001741s ]
INFO: [ app_end ] --END-- [ RunTime:0.001869s ]

[ 2016-01-08T15:37:14+08:00 ] 127.0.0.1 /go/index.php/Home/Ask/tui
INFO: [ app_begin ] --START--
INFO: Run Behavior\ReadHtmlCacheBehavior [ RunTime:0.001729s ]
INFO: [ app_begin ] --END-- [ RunTime:0.002608s ]
NOTIC: [2] SimpleCWS::set_multi() expects exactly 1 parameter, 0 given H:\wenda\Application\Common\Common\function.php 第 91 行.
SQL: SHOW COLUMNS FROM `ds_tui` [ RunTime:0.0069s ]
SQL: SELECT * FROM `ds_tui` WHERE (  content like '%tie%' )  [ RunTime:0.0006s ]
INFO: [ app_end ] --START--
INFO: Run Behavior\ShowPageTraceBehavior [ RunTime:0.001888s ]
INFO: [ app_end ] --END-- [ RunTime:0.002016s ]

[ 2016-01-08T15:37:14+08:00 ] 127.0.0.1 /go/index.php/Home/Ask/tui
INFO: [ app_begin ] --START--
INFO: Run Behavior\ReadHtmlCacheBehavior [ RunTime:0.001639s ]
INFO: [ app_begin ] --END-- [ RunTime:0.002743s ]
NOTIC: [2] SimpleCWS::set_multi() expects exactly 1 parameter, 0 given H:\wenda\Application\Common\Common\function.php 第 91 行.
SQL: SHOW COLUMNS FROM `ds_tui` [ RunTime:0.0064s ]
SQL: SELECT * FROM `ds_tui` WHERE (  content like '%tied%' )  [ RunTime:0.0007s ]
INFO: [ app_end ] --START--
INFO: Run Behavior\ShowPageTraceBehavior [ RunTime:0.002559s ]
INFO: [ app_end ] --END-- [ RunTime:0.002742s ]

[ 2016-01-08T15:37:14+08:00 ] 127.0.0.1 /go/index.php/Home/Ask/tui
INFO: [ app_begin ] --START--
INFO: Run Behavior\ReadHtmlCacheBehavior [ RunTime:0.001888s ]
INFO: [ app_begin ] --END-- [ RunTime:0.002887s ]
NOTIC: [2] SimpleCWS::set_multi() expects exactly 1 parameter, 0 given H:\wenda\Application\Common\Common\function.php 第 91 行.
SQL: SHOW COLUMNS FROM `ds_tui` [ RunTime:0.0067s ]
SQL: SELECT * FROM `ds_tui` WHERE (  content like '%tieda%' )  [ RunTime:0.0007s ]
INFO: [ app_end ] --START--
INFO: Run Behavior\ShowPageTraceBehavior [ RunTime:0.002056s ]
INFO: [ app_end ] --END-- [ RunTime:0.002227s ]

[ 2016-01-08T15:37:15+08:00 ] 127.0.0.1 /go/index.php/Home/Ask/tui
INFO: [ app_begin ] --START--
INFO: Run Behavior\ReadHtmlCacheBehavior [ RunTime:0.001689s ]
INFO: [ app_begin ] --END-- [ RunTime:0.002585s ]
NOTIC: [2] SimpleCWS::set_multi() expects exactly 1 parameter, 0 given H:\wenda\Application\Common\Common\function.php 第 91 行.
SQL: SHOW COLUMNS FROM `ds_tui` [ RunTime:0.0072s ]
SQL: SELECT * FROM `ds_tui` WHERE (  content like '%铁%' )  [ RunTime:0.0006s ]
INFO: [ app_end ] --START--
INFO: Run Behavior\ShowPageTraceBehavior [ RunTime:0.002011s ]
INFO: [ app_end ] --END-- [ RunTime:0.002152s ]

[ 2016-01-08T15:37:15+08:00 ] 127.0.0.1 /go/index.php/Home/Ask/tui
INFO: [ app_begin ] --START--
INFO: Run Behavior\ReadHtmlCacheBehavior [ RunTime:0.002534s ]
INFO: [ app_begin ] --END-- [ RunTime:0.003927s ]
NOTIC: [2] SimpleCWS::set_multi() expects exactly 1 parameter, 0 given H:\wenda\Application\Common\Common\function.php 第 91 行.
SQL: SHOW COLUMNS FROM `ds_tui` [ RunTime:0.0073s ]
SQL: SELECT * FROM `ds_tui` WHERE (  content like '%铁%' )  [ RunTime:0.0013s ]
INFO: [ app_end ] --START--
INFO: Run Behavior\ShowPageTraceBehavior [ RunTime:0.002023s ]
INFO: [ app_end ] --END-- [ RunTime:0.002174s ]

[ 2016-01-08T15:37:20+08:00 ] 127.0.0.1 /go/index.php/Home/Ask/tui
INFO: [ app_begin ] --START--
INFO: Run Behavior\ReadHtmlCacheBehavior [ RunTime:0.003091s ]
INFO: [ app_begin ] --END-- [ RunTime:0.003977s ]
NOTIC: [2] SimpleCWS::set_multi() expects exactly 1 parameter, 0 given H:\wenda\Application\Common\Common\function.php 第 91 行.
SQL: SHOW COLUMNS FROM `ds_tui` [ RunTime:0.0071s ]
SQL: SELECT * FROM `ds_tui` WHERE (  content like '%铁%' )  [ RunTime:0.0008s ]
INFO: [ app_end ] --START--
INFO: Run Behavior\ShowPageTraceBehavior [ RunTime:0.001923s ]
INFO: [ app_end ] --END-- [ RunTime:0.002059s ]

[ 2016-01-08T15:37:20+08:00 ] 127.0.0.1 /go/index.php/Home/Ask/tui
INFO: [ app_begin ] --START--
INFO: Run Behavior\ReadHtmlCacheBehavior [ RunTime:0.001482s ]
INFO: [ app_begin ] --END-- [ RunTime:0.003312s ]
NOTIC: [2] SimpleCWS::set_multi() expects exactly 1 parameter, 0 given H:\wenda\Application\Common\Common\function.php 第 91 行.
NOTIC: [2] Invalid argument supplied for foreach() H:\wenda\Application\Home\Controller\AskController.class.php 第 74 行.
NOTIC: [8] Undefined variable: rone H:\wenda\Application\Home\Controller\AskController.class.php 第 82 行.
INFO: [ app_end ] --START--
INFO: Run Behavior\ShowPageTraceBehavior [ RunTime:0.002930s ]
INFO: [ app_end ] --END-- [ RunTime:0.003067s ]

[ 2016-01-08T17:15:31+08:00 ] 127.0.0.1 /go/index.php/Home/Ask/tui
INFO: [ app_begin ] --START--
INFO: Run Behavior\ReadHtmlCacheBehavior [ RunTime:0.001254s ]
INFO: [ app_begin ] --END-- [ RunTime:0.001974s ]
NOTIC: [2] SimpleCWS::set_multi() expects exactly 1 parameter, 0 given H:\wenda\Application\Common\Common\function.php 第 91 行.
SQL: SHOW COLUMNS FROM `ds_tui` [ RunTime:0.0063s ]
SQL: SELECT * FROM `ds_tui` WHERE (  content like '%sdf%' )  [ RunTime:0.0007s ]
INFO: [ app_end ] --START--
INFO: Run Behavior\ShowPageTraceBehavior [ RunTime:0.001634s ]
INFO: [ app_end ] --END-- [ RunTime:0.001876s ]

[ 2016-01-08T17:15:33+08:00 ] 127.0.0.1 /go/index.php/Home/Ask/tui
INFO: [ app_begin ] --START--
INFO: Run Behavior\ReadHtmlCacheBehavior [ RunTime:0.001013s ]
INFO: [ app_begin ] --END-- [ RunTime:0.001714s ]
NOTIC: [2] SimpleCWS::set_multi() expects exactly 1 parameter, 0 given H:\wenda\Application\Common\Common\function.php 第 91 行.
SQL: SHOW COLUMNS FROM `ds_tui` [ RunTime:0.0070s ]
SQL: SELECT * FROM `ds_tui` WHERE (  content like '%sdf%' )  [ RunTime:0.0005s ]
INFO: [ app_end ] --START--
INFO: Run Behavior\ShowPageTraceBehavior [ RunTime:0.001301s ]
INFO: [ app_end ] --END-- [ RunTime:0.001434s ]

[ 2016-01-08T17:15:33+08:00 ] 127.0.0.1 /go/index.php/Home/Ask/tui
INFO: [ app_begin ] --START--
INFO: Run Behavior\ReadHtmlCacheBehavior [ RunTime:0.000852s ]
INFO: [ app_begin ] --END-- [ RunTime:0.001466s ]
NOTIC: [2] SimpleCWS::set_multi() expects exactly 1 parameter, 0 given H:\wenda\Application\Common\Common\function.php 第 91 行.
SQL: SHOW COLUMNS FROM `ds_tui` [ RunTime:0.0069s ]
SQL: SELECT * FROM `ds_tui` WHERE (  content like '%sdf%' )  [ RunTime:0.0005s ]
INFO: [ app_end ] --START--
INFO: Run Behavior\ShowPageTraceBehavior [ RunTime:0.001017s ]
INFO: [ app_end ] --END-- [ RunTime:0.001121s ]

[ 2016-01-08T17:15:33+08:00 ] 127.0.0.1 /go/index.php/Home/Ask/tui
INFO: [ app_begin ] --START--
INFO: Run Behavior\ReadHtmlCacheBehavior [ RunTime:0.000872s ]
INFO: [ app_begin ] --END-- [ RunTime:0.001633s ]
NOTIC: [2] SimpleCWS::set_multi() expects exactly 1 parameter, 0 given H:\wenda\Application\Common\Common\function.php 第 91 行.
SQL: SHOW COLUMNS FROM `ds_tui` [ RunTime:0.0062s ]
SQL: SELECT * FROM `ds_tui` WHERE (  content like '%sdf%' )  [ RunTime:0.0005s ]
INFO: [ app_end ] --START--
INFO: Run Behavior\ShowPageTraceBehavior [ RunTime:0.001024s ]
INFO: [ app_end ] --END-- [ RunTime:0.001126s ]

[ 2016-01-08T17:15:33+08:00 ] 127.0.0.1 /go/index.php/Home/Ask/tui
INFO: [ app_begin ] --START--
INFO: Run Behavior\ReadHtmlCacheBehavior [ RunTime:0.000964s ]
INFO: [ app_begin ] --END-- [ RunTime:0.001568s ]
NOTIC: [2] SimpleCWS::set_multi() expects exactly 1 parameter, 0 given H:\wenda\Application\Common\Common\function.php 第 91 行.
SQL: SHOW COLUMNS FROM `ds_tui` [ RunTime:0.0057s ]
SQL: SELECT * FROM `ds_tui` WHERE (  content like '%sd%' )  [ RunTime:0.0005s ]
INFO: [ app_end ] --START--
INFO: Run Behavior\ShowPageTraceBehavior [ RunTime:0.000994s ]
INFO: [ app_end ] --END-- [ RunTime:0.001102s ]

[ 2016-01-08T17:15:33+08:00 ] 127.0.0.1 /go/index.php/Home/Ask/tui
INFO: [ app_begin ] --START--
INFO: Run Behavior\ReadHtmlCacheBehavior [ RunTime:0.001287s ]
INFO: [ app_begin ] --END-- [ RunTime:0.002203s ]
NOTIC: [2] SimpleCWS::set_multi() expects exactly 1 parameter, 0 given H:\wenda\Application\Common\Common\function.php 第 91 行.
SQL: SHOW COLUMNS FROM `ds_tui` [ RunTime:0.0067s ]
SQL: SELECT * FROM `ds_tui` WHERE (  content like '%s%' )  [ RunTime:0.0005s ]
INFO: [ app_end ] --START--
INFO: Run Behavior\ShowPageTraceBehavior [ RunTime:0.001167s ]
INFO: [ app_end ] --END-- [ RunTime:0.001294s ]

[ 2016-01-08T17:15:33+08:00 ] 127.0.0.1 /go/index.php/Home/Ask/tui
INFO: [ app_begin ] --START--
INFO: Run Behavior\ReadHtmlCacheBehavior [ RunTime:0.000974s ]
INFO: [ app_begin ] --END-- [ RunTime:0.001698s ]
NOTIC: [2] SimpleCWS::set_multi() expects exactly 1 parameter, 0 given H:\wenda\Application\Common\Common\function.php 第 91 行.
NOTIC: [2] Invalid argument supplied for foreach() H:\wenda\Application\Home\Controller\AskController.class.php 第 74 行.
NOTIC: [8] Undefined variable: rone H:\wenda\Application\Home\Controller\AskController.class.php 第 82 行.
INFO: [ app_end ] --START--
INFO: Run Behavior\ShowPageTraceBehavior [ RunTime:0.001268s ]
INFO: [ app_end ] --END-- [ RunTime:0.001406s ]

[ 2016-01-08T17:15:35+08:00 ] 127.0.0.1 /go/index.php/Home/Ask/tui
INFO: [ app_begin ] --START--
INFO: Run Behavior\ReadHtmlCacheBehavior [ RunTime:0.001349s ]
INFO: [ app_begin ] --END-- [ RunTime:0.002236s ]
NOTIC: [2] SimpleCWS::set_multi() expects exactly 1 parameter, 0 given H:\wenda\Application\Common\Common\function.php 第 91 行.
SQL: SHOW COLUMNS FROM `ds_tui` [ RunTime:0.0059s ]
SQL: SELECT * FROM `ds_tui` WHERE (  content like '%铁道%' )  [ RunTime:0.0008s ]
INFO: [ app_end ] --START--
INFO: Run Behavior\ShowPageTraceBehavior [ RunTime:0.001214s ]
INFO: [ app_end ] --END-- [ RunTime:0.001334s ]

[ 2016-01-08T17:15:36+08:00 ] 127.0.0.1 /go/index.php/Home/Ask/tui
INFO: [ app_begin ] --START--
INFO: Run Behavior\ReadHtmlCacheBehavior [ RunTime:0.001006s ]
INFO: [ app_begin ] --END-- [ RunTime:0.001989s ]
NOTIC: [2] SimpleCWS::set_multi() expects exactly 1 parameter, 0 given H:\wenda\Application\Common\Common\function.php 第 91 行.
SQL: SHOW COLUMNS FROM `ds_tui` [ RunTime:0.0061s ]
SQL: SELECT * FROM `ds_tui` WHERE (  content like '%铁道%' )  [ RunTime:0.0005s ]
SQL: SELECT * FROM `ds_tui` WHERE (  content like '%大学%' )  [ RunTime:0.0005s ]
INFO: [ app_end ] --START--
INFO: Run Behavior\ShowPageTraceBehavior [ RunTime:0.001190s ]
INFO: [ app_end ] --END-- [ RunTime:0.001521s ]

[ 2016-01-08T17:15:36+08:00 ] 127.0.0.1 /go/index.php/Home/Ask/tui
INFO: [ app_begin ] --START--
INFO: Run Behavior\ReadHtmlCacheBehavior [ RunTime:0.001446s ]
INFO: [ app_begin ] --END-- [ RunTime:0.003227s ]
NOTIC: [2] SimpleCWS::set_multi() expects exactly 1 parameter, 0 given H:\wenda\Application\Common\Common\function.php 第 91 行.
SQL: SHOW COLUMNS FROM `ds_tui` [ RunTime:0.0063s ]
SQL: SELECT * FROM `ds_tui` WHERE (  content like '%铁道%' )  [ RunTime:0.0035s ]
SQL: SELECT * FROM `ds_tui` WHERE (  content like '%大学%' )  [ RunTime:0.0006s ]
INFO: [ app_end ] --START--
INFO: Run Behavior\ShowPageTraceBehavior [ RunTime:0.001835s ]
INFO: [ app_end ] --END-- [ RunTime:0.001982s ]

[ 2016-01-08T17:18:27+08:00 ] 127.0.0.1 /go/index.php/Home/Ask/tui
INFO: [ app_begin ] --START--
INFO: Run Behavior\ReadHtmlCacheBehavior [ RunTime:0.000426s ]
INFO: [ app_begin ] --END-- [ RunTime:0.000705s ]
NOTIC: [2] SimpleCWS::set_multi() expects exactly 1 parameter, 0 given H:\wenda\Application\Common\Common\function.php 第 91 行.
SQL: SHOW COLUMNS FROM `ds_tui` [ RunTime:0.0026s ]
SQL: SELECT * FROM `ds_tui` WHERE (  content like '%的%' )  [ RunTime:0.0003s ]
SQL: SELECT * FROM `ds_tui` WHERE (  content like '%孙菲菲%' )  [ RunTime:0.0002s ]
INFO: [ app_end ] --START--
INFO: Run Behavior\ShowPageTraceBehavior [ RunTime:0.000549s ]
INFO: [ app_end ] --END-- [ RunTime:0.000603s ]

[ 2016-01-08T17:18:33+08:00 ] 127.0.0.1 /go/index.php/Home/Ask/tui
INFO: [ app_begin ] --START--
INFO: Run Behavior\ReadHtmlCacheBehavior [ RunTime:0.000505s ]
INFO: [ app_begin ] --END-- [ RunTime:0.000811s ]
NOTIC: [2] SimpleCWS::set_multi() expects exactly 1 parameter, 0 given H:\wenda\Application\Common\Common\function.php 第 91 行.
SQL: SHOW COLUMNS FROM `ds_tui` [ RunTime:0.0027s ]
SQL: SELECT * FROM `ds_tui` WHERE (  content like '%的%' )  [ RunTime:0.0003s ]
SQL: SELECT * FROM `ds_tui` WHERE (  content like '%孙菲%' )  [ RunTime:0.0002s ]
INFO: [ app_end ] --START--
INFO: Run Behavior\ShowPageTraceBehavior [ RunTime:0.000530s ]
INFO: [ app_end ] --END-- [ RunTime:0.000581s ]

[ 2016-01-08T17:18:34+08:00 ] 127.0.0.1 /go/index.php/Home/Ask/tui
INFO: [ app_begin ] --START--
INFO: Run Behavior\ReadHtmlCacheBehavior [ RunTime:0.000456s ]
INFO: [ app_begin ] --END-- [ RunTime:0.000776s ]
NOTIC: [2] SimpleCWS::set_multi() expects exactly 1 parameter, 0 given H:\wenda\Application\Common\Common\function.php 第 91 行.
SQL: SHOW COLUMNS FROM `ds_tui` [ RunTime:0.0025s ]
SQL: SELECT * FROM `ds_tui` WHERE (  content like '%的%' )  [ RunTime:0.0003s ]
SQL: SELECT * FROM `ds_tui` WHERE (  content like '%孙%' )  [ RunTime:0.0002s ]
INFO: [ app_end ] --START--
INFO: Run Behavior\ShowPageTraceBehavior [ RunTime:0.000520s ]
INFO: [ app_end ] --END-- [ RunTime:0.000572s ]

[ 2016-01-08T17:18:34+08:00 ] 127.0.0.1 /go/index.php/Home/Ask/tui
INFO: [ app_begin ] --START--
INFO: Run Behavior\ReadHtmlCacheBehavior [ RunTime:0.000422s ]
INFO: [ app_begin ] --END-- [ RunTime:0.000750s ]
NOTIC: [2] SimpleCWS::set_multi() expects exactly 1 parameter, 0 given H:\wenda\Application\Common\Common\function.php 第 91 行.
SQL: SHOW COLUMNS FROM `ds_tui` [ RunTime:0.0026s ]
SQL: SELECT * FROM `ds_tui` WHERE (  content like '%的%' )  [ RunTime:0.0003s ]
INFO: [ app_end ] --START--
INFO: Run Behavior\ShowPageTraceBehavior [ RunTime:0.000527s ]
INFO: [ app_end ] --END-- [ RunTime:0.000580s ]

[ 2016-01-08T17:18:34+08:00 ] 127.0.0.1 /go/index.php/Home/Ask/tui
INFO: [ app_begin ] --START--
INFO: Run Behavior\ReadHtmlCacheBehavior [ RunTime:0.000402s ]
INFO: [ app_begin ] --END-- [ RunTime:0.000691s ]
NOTIC: [2] SimpleCWS::set_multi() expects exactly 1 parameter, 0 given H:\wenda\Application\Common\Common\function.php 第 91 行.
NOTIC: [2] Invalid argument supplied for foreach() H:\wenda\Application\Home\Controller\AskController.class.php 第 74 行.
NOTIC: [8] Undefined variable: rone H:\wenda\Application\Home\Controller\AskController.class.php 第 82 行.
INFO: [ app_end ] --START--
INFO: Run Behavior\ShowPageTraceBehavior [ RunTime:0.000430s ]
INFO: [ app_end ] --END-- [ RunTime:0.000480s ]

[ 2016-01-08T17:18:34+08:00 ] 127.0.0.1 /go/index.php/Home/Ask/tui
INFO: [ app_begin ] --START--
INFO: Run Behavior\ReadHtmlCacheBehavior [ RunTime:0.000403s ]
INFO: [ app_begin ] --END-- [ RunTime:0.000689s ]
NOTIC: [2] SimpleCWS::set_multi() expects exactly 1 parameter, 0 given H:\wenda\Application\Common\Common\function.php 第 91 行.
NOTIC: [2] Invalid argument supplied for foreach() H:\wenda\Application\Home\Controller\AskController.class.php 第 74 行.
NOTIC: [8] Undefined variable: rone H:\wenda\Application\Home\Controller\AskController.class.php 第 82 行.
INFO: [ app_end ] --START--
INFO: Run Behavior\ShowPageTraceBehavior [ RunTime:0.000445s ]
INFO: [ app_end ] --END-- [ RunTime:0.000498s ]

[ 2016-01-08T17:18:36+08:00 ] 127.0.0.1 /go/index.php/Home/Ask/tui
INFO: [ app_begin ] --START--
INFO: Run Behavior\ReadHtmlCacheBehavior [ RunTime:0.000409s ]
INFO: [ app_begin ] --END-- [ RunTime:0.000699s ]
NOTIC: [2] SimpleCWS::set_multi() expects exactly 1 parameter, 0 given H:\wenda\Application\Common\Common\function.php 第 91 行.
SQL: SHOW COLUMNS FROM `ds_tui` [ RunTime:0.0031s ]
SQL: SELECT * FROM `ds_tui` WHERE (  content like '%铁道%' )  [ RunTime:0.0003s ]
INFO: [ app_end ] --START--
INFO: Run Behavior\ShowPageTraceBehavior [ RunTime:0.000565s ]
INFO: [ app_end ] --END-- [ RunTime:0.000625s ]

[ 2016-01-08T17:18:37+08:00 ] 127.0.0.1 /go/index.php/Home/Ask/tui
INFO: [ app_begin ] --START--
INFO: Run Behavior\ReadHtmlCacheBehavior [ RunTime:0.000463s ]
INFO: [ app_begin ] --END-- [ RunTime:0.000882s ]
NOTIC: [2] SimpleCWS::set_multi() expects exactly 1 parameter, 0 given H:\wenda\Application\Common\Common\function.php 第 91 行.
SQL: SHOW COLUMNS FROM `ds_tui` [ RunTime:0.0026s ]
SQL: SELECT * FROM `ds_tui` WHERE (  content like '%铁道%' )  [ RunTime:0.0003s ]
SQL: SELECT * FROM `ds_tui` WHERE (  content like '%大学%' )  [ RunTime:0.0002s ]
INFO: [ app_end ] --START--
INFO: Run Behavior\ShowPageTraceBehavior [ RunTime:0.000541s ]
INFO: [ app_end ] --END-- [ RunTime:0.000597s ]

[ 2016-01-08T17:18:37+08:00 ] 127.0.0.1 /go/index.php/Home/Ask/tui
INFO: [ app_begin ] --START--
INFO: Run Behavior\ReadHtmlCacheBehavior [ RunTime:0.000401s ]
INFO: [ app_begin ] --END-- [ RunTime:0.000687s ]
NOTIC: [2] SimpleCWS::set_multi() expects exactly 1 parameter, 0 given H:\wenda\Application\Common\Common\function.php 第 91 行.
SQL: SHOW COLUMNS FROM `ds_tui` [ RunTime:0.0029s ]
SQL: SELECT * FROM `ds_tui` WHERE (  content like '%铁道%' )  [ RunTime:0.0012s ]
SQL: SELECT * FROM `ds_tui` WHERE (  content like '%大学%' )  [ RunTime:0.0005s ]
INFO: [ app_end ] --START--
INFO: Run Behavior\ShowPageTraceBehavior [ RunTime:0.000604s ]
INFO: [ app_end ] --END-- [ RunTime:0.000673s ]

[ 2016-01-08T17:23:47+08:00 ] 127.0.0.1 /go/index.php/Home/Ask/tui
INFO: [ app_begin ] --START--
INFO: Run Behavior\ReadHtmlCacheBehavior [ RunTime:0.000977s ]
INFO: [ app_begin ] --END-- [ RunTime:0.001673s ]
NOTIC: [2] SimpleCWS::set_multi() expects exactly 1 parameter, 0 given H:\wenda\Application\Common\Common\function.php 第 91 行.
SQL: SHOW COLUMNS FROM `ds_tui` [ RunTime:0.0058s ]
SQL: SELECT * FROM `ds_tui` WHERE (  content like '%人%' )  [ RunTime:0.0006s ]
SQL: SELECT * FROM `ds_tui` WHERE (  content like '%的%' )  [ RunTime:0.0005s ]
SQL: SELECT * FROM `ds_tui` WHERE (  content like '%个人%' )  [ RunTime:0.0005s ]
SQL: SELECT * FROM `ds_tui` WHERE (  content like '%他%' )  [ RunTime:0.0005s ]
SQL: SELECT * FROM `ds_tui` WHERE (  content like '%担任%' )  [ RunTime:0.0005s ]
SQL: SELECT * FROM `ds_tui` WHERE (  content like '%过%' )  [ RunTime:0.0005s ]
INFO: [ app_end ] --START--
INFO: Run Behavior\ShowPageTraceBehavior [ RunTime:0.001362s ]
INFO: [ app_end ] --END-- [ RunTime:0.001496s ]

[ 2016-01-08T17:23:53+08:00 ] 127.0.0.1 /go/index.php/Home/Ask/tui
INFO: [ app_begin ] --START--
INFO: Run Behavior\ReadHtmlCacheBehavior [ RunTime:0.000965s ]
INFO: [ app_begin ] --END-- [ RunTime:0.001665s ]
NOTIC: [2] SimpleCWS::set_multi() expects exactly 1 parameter, 0 given H:\wenda\Application\Common\Common\function.php 第 91 行.
NOTIC: [2] Invalid argument supplied for foreach() H:\wenda\Application\Home\Controller\AskController.class.php 第 74 行.
NOTIC: [8] Undefined variable: rone H:\wenda\Application\Home\Controller\AskController.class.php 第 82 行.
INFO: [ app_end ] --START--
INFO: Run Behavior\ShowPageTraceBehavior [ RunTime:0.001124s ]
INFO: [ app_end ] --END-- [ RunTime:0.001258s ]

[ 2016-01-08T17:23:56+08:00 ] 127.0.0.1 /go/index.php/Home/Ask/tui
INFO: [ app_begin ] --START--
INFO: Run Behavior\ReadHtmlCacheBehavior [ RunTime:0.000967s ]
INFO: [ app_begin ] --END-- [ RunTime:0.001647s ]
NOTIC: [2] SimpleCWS::set_multi() expects exactly 1 parameter, 0 given H:\wenda\Application\Common\Common\function.php 第 91 行.
SQL: SHOW COLUMNS FROM `ds_tui` [ RunTime:0.0062s ]
SQL: SELECT * FROM `ds_tui` WHERE (  content like '%忒%' )  [ RunTime:0.0019s ]
INFO: [ app_end ] --START--
INFO: Run Behavior\ShowPageTraceBehavior [ RunTime:0.001188s ]
INFO: [ app_end ] --END-- [ RunTime:0.001314s ]

[ 2016-01-08T17:23:56+08:00 ] 127.0.0.1 /go/index.php/Home/Ask/tui
INFO: [ app_begin ] --START--
INFO: Run Behavior\ReadHtmlCacheBehavior [ RunTime:0.012228s ]
INFO: [ app_begin ] --END-- [ RunTime:0.012902s ]
NOTIC: [2] SimpleCWS::set_multi() expects exactly 1 parameter, 0 given H:\wenda\Application\Common\Common\function.php 第 91 行.
NOTIC: [2] Invalid argument supplied for foreach() H:\wenda\Application\Home\Controller\AskController.class.php 第 74 行.
NOTIC: [8] Undefined variable: rone H:\wenda\Application\Home\Controller\AskController.class.php 第 82 行.
INFO: [ app_end ] --START--
INFO: Run Behavior\ShowPageTraceBehavior [ RunTime:0.001032s ]
INFO: [ app_end ] --END-- [ RunTime:0.001152s ]

[ 2016-01-08T17:23:56+08:00 ] 127.0.0.1 /go/index.php/Home/Ask/tui
INFO: [ app_begin ] --START--
INFO: Run Behavior\ReadHtmlCacheBehavior [ RunTime:0.000980s ]
INFO: [ app_begin ] --END-- [ RunTime:0.001684s ]
NOTIC: [2] SimpleCWS::set_multi() expects exactly 1 parameter, 0 given H:\wenda\Application\Common\Common\function.php 第 91 行.
NOTIC: [2] Invalid argument supplied for foreach() H:\wenda\Application\Home\Controller\AskController.class.php 第 74 行.
NOTIC: [8] Undefined variable: rone H:\wenda\Application\Home\Controller\AskController.class.php 第 82 行.
INFO: [ app_end ] --START--
INFO: Run Behavior\ShowPageTraceBehavior [ RunTime:0.001055s ]
INFO: [ app_end ] --END-- [ RunTime:0.001176s ]

[ 2016-01-08T17:23:56+08:00 ] 127.0.0.1 /go/index.php/Home/Ask/tui
INFO: [ app_begin ] --START--
INFO: Run Behavior\ReadHtmlCacheBehavior [ RunTime:0.001245s ]
INFO: [ app_begin ] --END-- [ RunTime:0.002376s ]
NOTIC: [2] SimpleCWS::set_multi() expects exactly 1 parameter, 0 given H:\wenda\Application\Common\Common\function.php 第 91 行.
SQL: SHOW COLUMNS FROM `ds_tui` [ RunTime:0.0059s ]
SQL: SELECT * FROM `ds_tui` WHERE (  content like '%忒%' )  [ RunTime:0.0005s ]
INFO: [ app_end ] --START--
INFO: Run Behavior\ShowPageTraceBehavior [ RunTime:0.001355s ]
INFO: [ app_end ] --END-- [ RunTime:0.001496s ]

[ 2016-01-08T17:23:59+08:00 ] 127.0.0.1 /go/index.php/Home/Ask/tui
INFO: [ app_begin ] --START--
INFO: Run Behavior\ReadHtmlCacheBehavior [ RunTime:0.000963s ]
INFO: [ app_begin ] --END-- [ RunTime:0.001638s ]
NOTIC: [2] SimpleCWS::set_multi() expects exactly 1 parameter, 0 given H:\wenda\Application\Common\Common\function.php 第 91 行.
SQL: SHOW COLUMNS FROM `ds_tui` [ RunTime:0.0060s ]
SQL: SELECT * FROM `ds_tui` WHERE (  content like '%铁%' )  [ RunTime:0.0006s ]
INFO: [ app_end ] --START--
INFO: Run Behavior\ShowPageTraceBehavior [ RunTime:0.001163s ]
INFO: [ app_end ] --END-- [ RunTime:0.001290s ]

[ 2016-01-08T20:00:01+08:00 ] 127.0.0.1 /go/index.php/Home/Ask/tui
INFO: [ app_begin ] --START--
INFO: Run Behavior\ReadHtmlCacheBehavior [ RunTime:0.011353s ]
INFO: [ app_begin ] --END-- [ RunTime:0.020414s ]
NOTIC: [2] SimpleCWS::set_multi() expects exactly 1 parameter, 0 given H:\wenda\Application\Common\Common\function.php 第 91 行.
SQL: SHOW COLUMNS FROM `ds_tui` [ RunTime:0.0411s ]
SQL: SELECT * FROM `ds_tui` WHERE (  content like '%铁%' )  [ RunTime:0.0006s ]
INFO: [ app_end ] --START--
INFO: Run Behavior\ShowPageTraceBehavior [ RunTime:0.070378s ]
INFO: [ app_end ] --END-- [ RunTime:0.070526s ]

[ 2016-01-08T20:00:01+08:00 ] 127.0.0.1 /go/index.php/Home/Ask/tui
INFO: [ app_begin ] --START--
INFO: Run Behavior\ReadHtmlCacheBehavior [ RunTime:0.001348s ]
INFO: [ app_begin ] --END-- [ RunTime:0.002130s ]
NOTIC: [2] SimpleCWS::set_multi() expects exactly 1 parameter, 0 given H:\wenda\Application\Common\Common\function.php 第 91 行.
SQL: SHOW COLUMNS FROM `ds_tui` [ RunTime:0.0056s ]
SQL: SELECT * FROM `ds_tui` WHERE (  content like '%铁%' )  [ RunTime:0.0017s ]
INFO: [ app_end ] --START--
INFO: Run Behavior\ShowPageTraceBehavior [ RunTime:0.001418s ]
INFO: [ app_end ] --END-- [ RunTime:0.001550s ]

[ 2016-01-08T20:00:02+08:00 ] 127.0.0.1 /go/index.php/Home/Ask/tui
INFO: [ app_begin ] --START--
INFO: Run Behavior\ReadHtmlCacheBehavior [ RunTime:0.001205s ]
INFO: [ app_begin ] --END-- [ RunTime:0.001924s ]
NOTIC: [2] SimpleCWS::set_multi() expects exactly 1 parameter, 0 given H:\wenda\Application\Common\Common\function.php 第 91 行.
SQL: SHOW COLUMNS FROM `ds_tui` [ RunTime:0.0060s ]
SQL: SELECT * FROM `ds_tui` WHERE (  content like '%铁%' )  [ RunTime:0.0006s ]
INFO: [ app_end ] --START--
INFO: Run Behavior\ShowPageTraceBehavior [ RunTime:0.001251s ]
INFO: [ app_end ] --END-- [ RunTime:0.001372s ]

[ 2016-01-08T20:00:04+08:00 ] 127.0.0.1 /go/index.php/Home/Ask/tui
INFO: [ app_begin ] --START--
INFO: Run Behavior\ReadHtmlCacheBehavior [ RunTime:0.000922s ]
INFO: [ app_begin ] --END-- [ RunTime:0.001649s ]
NOTIC: [2] SimpleCWS::set_multi() expects exactly 1 parameter, 0 given H:\wenda\Application\Common\Common\function.php 第 91 行.
SQL: SHOW COLUMNS FROM `ds_tui` [ RunTime:0.0064s ]
SQL: SELECT * FROM `ds_tui` WHERE (  content like '%铁%' )  [ RunTime:0.0004s ]
INFO: [ app_end ] --START--
INFO: Run Behavior\ShowPageTraceBehavior [ RunTime:0.001127s ]
INFO: [ app_end ] --END-- [ RunTime:0.001247s ]

[ 2016-01-08T20:00:05+08:00 ] 127.0.0.1 /go/index.php/Home/Ask/tui
INFO: [ app_begin ] --START--
INFO: Run Behavior\ReadHtmlCacheBehavior [ RunTime:0.000911s ]
INFO: [ app_begin ] --END-- [ RunTime:0.001603s ]
NOTIC: [2] SimpleCWS::set_multi() expects exactly 1 parameter, 0 given H:\wenda\Application\Common\Common\function.php 第 91 行.
SQL: SHOW COLUMNS FROM `ds_tui` [ RunTime:0.0053s ]
SQL: SELECT * FROM `ds_tui` WHERE (  content like '%铁%' )  [ RunTime:0.0004s ]
INFO: [ app_end ] --START--
INFO: Run Behavior\ShowPageTraceBehavior [ RunTime:0.001123s ]
INFO: [ app_end ] --END-- [ RunTime:0.001244s ]

[ 2016-01-08T20:00:06+08:00 ] 127.0.0.1 /go/index.php/Home/Ask/tui
INFO: [ app_begin ] --START--
INFO: Run Behavior\ReadHtmlCacheBehavior [ RunTime:0.000993s ]
INFO: [ app_begin ] --END-- [ RunTime:0.001716s ]
NOTIC: [2] SimpleCWS::set_multi() expects exactly 1 parameter, 0 given H:\wenda\Application\Common\Common\function.php 第 91 行.
SQL: SHOW COLUMNS FROM `ds_tui` [ RunTime:0.0061s ]
SQL: SELECT * FROM `ds_tui` WHERE (  content like '%铁%' )  [ RunTime:0.0006s ]
INFO: [ app_end ] --START--
INFO: Run Behavior\ShowPageTraceBehavior [ RunTime:0.001225s ]
INFO: [ app_end ] --END-- [ RunTime:0.001343s ]

[ 2016-01-08T20:00:06+08:00 ] 127.0.0.1 /go/index.php/Home/Ask/tui
INFO: [ app_begin ] --START--
INFO: Run Behavior\ReadHtmlCacheBehavior [ RunTime:0.000979s ]
INFO: [ app_begin ] --END-- [ RunTime:0.001690s ]
NOTIC: [2] SimpleCWS::set_multi() expects exactly 1 parameter, 0 given H:\wenda\Application\Common\Common\function.php 第 91 行.
SQL: SHOW COLUMNS FROM `ds_tui` [ RunTime:0.0064s ]
SQL: SELECT * FROM `ds_tui` WHERE (  content like '%铁%' )  [ RunTime:0.0006s ]
INFO: [ app_end ] --START--
INFO: Run Behavior\ShowPageTraceBehavior [ RunTime:0.001321s ]
INFO: [ app_end ] --END-- [ RunTime:0.001452s ]

[ 2016-01-08T20:00:09+08:00 ] 127.0.0.1 /go/index.php/Home/Ask/tui
INFO: [ app_begin ] --START--
INFO: Run Behavior\ReadHtmlCacheBehavior [ RunTime:0.000974s ]
INFO: [ app_begin ] --END-- [ RunTime:0.001678s ]
NOTIC: [2] SimpleCWS::set_multi() expects exactly 1 parameter, 0 given H:\wenda\Application\Common\Common\function.php 第 91 行.
NOTIC: [2] Invalid argument supplied for foreach() H:\wenda\Application\Home\Controller\AskController.class.php 第 74 行.
NOTIC: [8] Undefined variable: rone H:\wenda\Application\Home\Controller\AskController.class.php 第 82 行.
INFO: [ app_end ] --START--
INFO: Run Behavior\ShowPageTraceBehavior [ RunTime:0.001145s ]
INFO: [ app_end ] --END-- [ RunTime:0.001276s ]

[ 2016-01-08T20:00:10+08:00 ] 127.0.0.1 /go/index.php/Home/Ask/tui
INFO: [ app_begin ] --START--
INFO: Run Behavior\ReadHtmlCacheBehavior [ RunTime:0.001732s ]
INFO: [ app_begin ] --END-- [ RunTime:0.002443s ]
NOTIC: [2] SimpleCWS::set_multi() expects exactly 1 parameter, 0 given H:\wenda\Application\Common\Common\function.php 第 91 行.
SQL: SHOW COLUMNS FROM `ds_tui` [ RunTime:0.0053s ]
SQL: SELECT * FROM `ds_tui` WHERE (  content like '%铁%' )  [ RunTime:0.0005s ]
INFO: [ app_end ] --START--
INFO: Run Behavior\ShowPageTraceBehavior [ RunTime:0.001896s ]
INFO: [ app_end ] --END-- [ RunTime:0.002038s ]

[ 2016-01-08T20:00:10+08:00 ] 127.0.0.1 /go/index.php/Home/Ask/tui
INFO: [ app_begin ] --START--
INFO: Run Behavior\ReadHtmlCacheBehavior [ RunTime:0.001190s ]
INFO: [ app_begin ] --END-- [ RunTime:0.002747s ]
NOTIC: [2] SimpleCWS::set_multi() expects exactly 1 parameter, 0 given H:\wenda\Application\Common\Common\function.php 第 91 行.
SQL: SHOW COLUMNS FROM `ds_tui` [ RunTime:0.0068s ]
SQL: SELECT * FROM `ds_tui` WHERE (  content like '%铁%' )  [ RunTime:0.0005s ]
INFO: [ app_end ] --START--
INFO: Run Behavior\ShowPageTraceBehavior [ RunTime:0.001248s ]
INFO: [ app_end ] --END-- [ RunTime:0.001372s ]

[ 2016-01-08T20:00:13+08:00 ] 127.0.0.1 /go/index.php/Home/Ask/tui
INFO: [ app_begin ] --START--
INFO: Run Behavior\ReadHtmlCacheBehavior [ RunTime:0.001053s ]
INFO: [ app_begin ] --END-- [ RunTime:0.002674s ]
NOTIC: [2] SimpleCWS::set_multi() expects exactly 1 parameter, 0 given H:\wenda\Application\Common\Common\function.php 第 91 行.
NOTIC: [2] Invalid argument supplied for foreach() H:\wenda\Application\Home\Controller\AskController.class.php 第 74 行.
NOTIC: [8] Undefined variable: rone H:\wenda\Application\Home\Controller\AskController.class.php 第 82 行.
INFO: [ app_end ] --START--
INFO: Run Behavior\ShowPageTraceBehavior [ RunTime:0.001420s ]
INFO: [ app_end ] --END-- [ RunTime:0.001562s ]

[ 2016-01-08T20:00:13+08:00 ] 127.0.0.1 /go/index.php/Home/Ask/tui
INFO: [ app_begin ] --START--
INFO: Run Behavior\ReadHtmlCacheBehavior [ RunTime:0.001020s ]
INFO: [ app_begin ] --END-- [ RunTime:0.001725s ]
NOTIC: [2] SimpleCWS::set_multi() expects exactly 1 parameter, 0 given H:\wenda\Application\Common\Common\function.php 第 91 行.
NOTIC: [2] Invalid argument supplied for foreach() H:\wenda\Application\Home\Controller\AskController.class.php 第 74 行.
NOTIC: [8] Undefined variable: rone H:\wenda\Application\Home\Controller\AskController.class.php 第 82 行.
INFO: [ app_end ] --START--
INFO: Run Behavior\ShowPageTraceBehavior [ RunTime:0.002010s ]
INFO: [ app_end ] --END-- [ RunTime:0.002168s ]

[ 2016-01-08T20:00:15+08:00 ] 127.0.0.1 /go/index.php/Home/Ask/tui
INFO: [ app_begin ] --START--
INFO: Run Behavior\ReadHtmlCacheBehavior [ RunTime:0.000899s ]
INFO: [ app_begin ] --END-- [ RunTime:0.001537s ]
NOTIC: [2] SimpleCWS::set_multi() expects exactly 1 parameter, 0 given H:\wenda\Application\Common\Common\function.php 第 91 行.
SQL: SHOW COLUMNS FROM `ds_tui` [ RunTime:0.0057s ]
SQL: SELECT * FROM `ds_tui` WHERE (  content like '%铁%' )  [ RunTime:0.0014s ]
INFO: [ app_end ] --START--
INFO: Run Behavior\ShowPageTraceBehavior [ RunTime:0.001173s ]
INFO: [ app_end ] --END-- [ RunTime:0.001314s ]

[ 2016-01-08T20:00:15+08:00 ] 127.0.0.1 /go/index.php/Home/Ask/tui
INFO: [ app_begin ] --START--
INFO: Run Behavior\ReadHtmlCacheBehavior [ RunTime:0.000937s ]
INFO: [ app_begin ] --END-- [ RunTime:0.001576s ]
NOTIC: [2] SimpleCWS::set_multi() expects exactly 1 parameter, 0 given H:\wenda\Application\Common\Common\function.php 第 91 行.
SQL: SHOW COLUMNS FROM `ds_tui` [ RunTime:0.0059s ]
SQL: SELECT * FROM `ds_tui` WHERE (  content like '%铁%' )  [ RunTime:0.0006s ]
INFO: [ app_end ] --START--
INFO: Run Behavior\ShowPageTraceBehavior [ RunTime:0.001407s ]
INFO: [ app_end ] --END-- [ RunTime:0.001554s ]

[ 2016-01-08T20:00:17+08:00 ] 127.0.0.1 /go/index.php/Home/Ask/tui
INFO: [ app_begin ] --START--
INFO: Run Behavior\ReadHtmlCacheBehavior [ RunTime:0.000963s ]
INFO: [ app_begin ] --END-- [ RunTime:0.001661s ]
NOTIC: [2] SimpleCWS::set_multi() expects exactly 1 parameter, 0 given H:\wenda\Application\Common\Common\function.php 第 91 行.
NOTIC: [2] Invalid argument supplied for foreach() H:\wenda\Application\Home\Controller\AskController.class.php 第 74 行.
NOTIC: [8] Undefined variable: rone H:\wenda\Application\Home\Controller\AskController.class.php 第 82 行.
INFO: [ app_end ] --START--
INFO: Run Behavior\ShowPageTraceBehavior [ RunTime:0.001074s ]
INFO: [ app_end ] --END-- [ RunTime:0.001199s ]

