[ 2016-01-16T15:10:27+08:00 ] 127.0.0.1 /go/index.php/Home/Ask/tui
INFO: [ app_begin ] --START--
INFO: Run Behavior\ReadHtmlCacheBehavior [ RunTime:0.000651s ]
INFO: [ app_begin ] --END-- [ RunTime:0.001067s ]
NOTIC: [2] SimpleCWS::set_multi() expects exactly 1 parameter, 0 given H:\wenda\Application\Common\Common\function.php 第 91 行.
NOTIC: [2] Invalid argument supplied for foreach() H:\wenda\Application\Home\Controller\AskController.class.php 第 74 行.
NOTIC: [8] Undefined variable: rone H:\wenda\Application\Home\Controller\AskController.class.php 第 82 行.
INFO: [ app_end ] --START--
INFO: Run Behavior\ShowPageTraceBehavior [ RunTime:0.000755s ]
INFO: [ app_end ] --END-- [ RunTime:0.000844s ]

[ 2016-01-16T15:10:27+08:00 ] 127.0.0.1 /go/index.php/Home/Ask/tui
INFO: [ app_begin ] --START--
INFO: Run Behavior\ReadHtmlCacheBehavior [ RunTime:0.000531s ]
INFO: [ app_begin ] --END-- [ RunTime:0.001032s ]
NOTIC: [2] SimpleCWS::set_multi() expects exactly 1 parameter, 0 given H:\wenda\Application\Common\Common\function.php 第 91 行.
NOTIC: [2] Invalid argument supplied for foreach() H:\wenda\Application\Home\Controller\AskController.class.php 第 74 行.
NOTIC: [8] Undefined variable: rone H:\wenda\Application\Home\Controller\AskController.class.php 第 82 行.
INFO: [ app_end ] --START--
INFO: Run Behavior\ShowPageTraceBehavior [ RunTime:0.000652s ]
INFO: [ app_end ] --END-- [ RunTime:0.000733s ]

[ 2016-01-16T15:10:29+08:00 ] 127.0.0.1 /go/index.php/Home/Ask/tui
INFO: [ app_begin ] --START--
INFO: Run Behavior\ReadHtmlCacheBehavior [ RunTime:0.000620s ]
INFO: [ app_begin ] --END-- [ RunTime:0.001049s ]
NOTIC: [2] SimpleCWS::set_multi() expects exactly 1 parameter, 0 given H:\wenda\Application\Common\Common\function.php 第 91 行.
SQL: SHOW COLUMNS FROM `ds_tui` [ RunTime:0.0431s ]
SQL: SELECT * FROM `ds_tui` WHERE (  content like '%t%' )  [ RunTime:0.0233s ]
INFO: [ app_end ] --START--
INFO: Run Behavior\ShowPageTraceBehavior [ RunTime:0.000550s ]
INFO: [ app_end ] --END-- [ RunTime:0.000616s ]

[ 2016-01-16T15:10:29+08:00 ] 127.0.0.1 /go/index.php/Home/Ask/tui
INFO: [ app_begin ] --START--
INFO: Run Behavior\ReadHtmlCacheBehavior [ RunTime:0.000607s ]
INFO: [ app_begin ] --END-- [ RunTime:0.001024s ]
NOTIC: [2] SimpleCWS::set_multi() expects exactly 1 parameter, 0 given H:\wenda\Application\Common\Common\function.php 第 91 行.
SQL: SHOW COLUMNS FROM `ds_tui` [ RunTime:0.0032s ]
SQL: SELECT * FROM `ds_tui` WHERE (  content like '%ti%' )  [ RunTime:0.0002s ]
INFO: [ app_end ] --START--
INFO: Run Behavior\ShowPageTraceBehavior [ RunTime:0.000708s ]
INFO: [ app_end ] --END-- [ RunTime:0.000786s ]

[ 2016-01-16T15:10:29+08:00 ] 127.0.0.1 /go/index.php/Home/Ask/tui
INFO: [ app_begin ] --START--
INFO: Run Behavior\ReadHtmlCacheBehavior [ RunTime:0.000593s ]
INFO: [ app_begin ] --END-- [ RunTime:0.000972s ]
NOTIC: [2] SimpleCWS::set_multi() expects exactly 1 parameter, 0 given H:\wenda\Application\Common\Common\function.php 第 91 行.
SQL: SHOW COLUMNS FROM `ds_tui` [ RunTime:0.0042s ]
SQL: SELECT * FROM `ds_tui` WHERE (  content like '%tie%' )  [ RunTime:0.0003s ]
INFO: [ app_end ] --START--
INFO: Run Behavior\ShowPageTraceBehavior [ RunTime:0.000703s ]
INFO: [ app_end ] --END-- [ RunTime:0.000787s ]

[ 2016-01-16T15:10:29+08:00 ] 127.0.0.1 /go/index.php/Home/Ask/tui
INFO: [ app_begin ] --START--
INFO: Run Behavior\ReadHtmlCacheBehavior [ RunTime:0.000600s ]
INFO: [ app_begin ] --END-- [ RunTime:0.001117s ]
NOTIC: [2] SimpleCWS::set_multi() expects exactly 1 parameter, 0 given H:\wenda\Application\Common\Common\function.php 第 91 行.
SQL: SHOW COLUMNS FROM `ds_tui` [ RunTime:0.0038s ]
SQL: SELECT * FROM `ds_tui` WHERE (  content like '%tiea%' )  [ RunTime:0.0003s ]
INFO: [ app_end ] --START--
INFO: Run Behavior\ShowPageTraceBehavior [ RunTime:0.000704s ]
INFO: [ app_end ] --END-- [ RunTime:0.000782s ]

[ 2016-01-16T15:10:29+08:00 ] 127.0.0.1 /go/index.php/Home/Ask/tui
INFO: [ app_begin ] --START--
INFO: Run Behavior\ReadHtmlCacheBehavior [ RunTime:0.000551s ]
INFO: [ app_begin ] --END-- [ RunTime:0.000851s ]
NOTIC: [2] SimpleCWS::set_multi() expects exactly 1 parameter, 0 given H:\wenda\Application\Common\Common\function.php 第 91 行.
SQL: SHOW COLUMNS FROM `ds_tui` [ RunTime:0.0038s ]
SQL: SELECT * FROM `ds_tui` WHERE (  content like '%tie%' )  [ RunTime:0.0003s ]
INFO: [ app_end ] --START--
INFO: Run Behavior\ShowPageTraceBehavior [ RunTime:0.000727s ]
INFO: [ app_end ] --END-- [ RunTime:0.000808s ]

[ 2016-01-16T15:10:30+08:00 ] 127.0.0.1 /go/index.php/Home/Ask/tui
INFO: [ app_begin ] --START--
INFO: Run Behavior\ReadHtmlCacheBehavior [ RunTime:0.000597s ]
INFO: [ app_begin ] --END-- [ RunTime:0.001009s ]
NOTIC: [2] SimpleCWS::set_multi() expects exactly 1 parameter, 0 given H:\wenda\Application\Common\Common\function.php 第 91 行.
SQL: SHOW COLUMNS FROM `ds_tui` [ RunTime:0.0040s ]
SQL: SELECT * FROM `ds_tui` WHERE (  content like '%tied%' )  [ RunTime:0.0003s ]
INFO: [ app_end ] --START--
INFO: Run Behavior\ShowPageTraceBehavior [ RunTime:0.000710s ]
INFO: [ app_end ] --END-- [ RunTime:0.000794s ]

[ 2016-01-16T15:10:30+08:00 ] 127.0.0.1 /go/index.php/Home/Ask/tui
INFO: [ app_begin ] --START--
INFO: Run Behavior\ReadHtmlCacheBehavior [ RunTime:0.000613s ]
INFO: [ app_begin ] --END-- [ RunTime:0.001037s ]
NOTIC: [2] SimpleCWS::set_multi() expects exactly 1 parameter, 0 given H:\wenda\Application\Common\Common\function.php 第 91 行.
SQL: SHOW COLUMNS FROM `ds_tui` [ RunTime:0.0036s ]
SQL: SELECT * FROM `ds_tui` WHERE (  content like '%tiedao%' )  [ RunTime:0.0003s ]
INFO: [ app_end ] --START--
INFO: Run Behavior\ShowPageTraceBehavior [ RunTime:0.000727s ]
INFO: [ app_end ] --END-- [ RunTime:0.000805s ]

[ 2016-01-16T15:10:30+08:00 ] 127.0.0.1 /go/index.php/Home/Ask/tui
INFO: [ app_begin ] --START--
INFO: Run Behavior\ReadHtmlCacheBehavior [ RunTime:0.000429s ]
INFO: [ app_begin ] --END-- [ RunTime:0.000744s ]
NOTIC: [2] SimpleCWS::set_multi() expects exactly 1 parameter, 0 given H:\wenda\Application\Common\Common\function.php 第 91 行.
SQL: SHOW COLUMNS FROM `ds_tui` [ RunTime:0.0032s ]
SQL: SELECT * FROM `ds_tui` WHERE (  content like '%tiedao%' )  [ RunTime:0.0003s ]
INFO: [ app_end ] --START--
INFO: Run Behavior\ShowPageTraceBehavior [ RunTime:0.000514s ]
INFO: [ app_end ] --END-- [ RunTime:0.000580s ]

[ 2016-01-16T15:10:30+08:00 ] 127.0.0.1 /go/index.php/Home/Ask/tui
INFO: [ app_begin ] --START--
INFO: Run Behavior\ReadHtmlCacheBehavior [ RunTime:0.000622s ]
INFO: [ app_begin ] --END-- [ RunTime:0.001096s ]
NOTIC: [2] SimpleCWS::set_multi() expects exactly 1 parameter, 0 given H:\wenda\Application\Common\Common\function.php 第 91 行.
SQL: SHOW COLUMNS FROM `ds_tui` [ RunTime:0.0032s ]
SQL: SELECT * FROM `ds_tui` WHERE (  content like '%铁道%' )  [ RunTime:0.0002s ]
INFO: [ app_end ] --START--
INFO: Run Behavior\ShowPageTraceBehavior [ RunTime:0.000708s ]
INFO: [ app_end ] --END-- [ RunTime:0.000789s ]

[ 2016-01-16T15:10:30+08:00 ] 127.0.0.1 /go/index.php/Home/Ask/tui
INFO: [ app_begin ] --START--
INFO: Run Behavior\ReadHtmlCacheBehavior [ RunTime:0.000596s ]
INFO: [ app_begin ] --END-- [ RunTime:0.001042s ]
NOTIC: [2] SimpleCWS::set_multi() expects exactly 1 parameter, 0 given H:\wenda\Application\Common\Common\function.php 第 91 行.
SQL: SHOW COLUMNS FROM `ds_tui` [ RunTime:0.0036s ]
SQL: SELECT * FROM `ds_tui` WHERE (  content like '%铁道%' )  [ RunTime:0.0003s ]
SQL: SELECT * FROM `ds_tui` WHERE (  content like '%d%' )  [ RunTime:0.0002s ]
INFO: [ app_end ] --START--
INFO: Run Behavior\ShowPageTraceBehavior [ RunTime:0.000707s ]
INFO: [ app_end ] --END-- [ RunTime:0.000786s ]

[ 2016-01-16T15:10:31+08:00 ] 127.0.0.1 /go/index.php/Home/Ask/tui
INFO: [ app_begin ] --START--
INFO: Run Behavior\ReadHtmlCacheBehavior [ RunTime:0.000613s ]
INFO: [ app_begin ] --END-- [ RunTime:0.000955s ]
NOTIC: [2] SimpleCWS::set_multi() expects exactly 1 parameter, 0 given H:\wenda\Application\Common\Common\function.php 第 91 行.
SQL: SHOW COLUMNS FROM `ds_tui` [ RunTime:0.0033s ]
SQL: SELECT * FROM `ds_tui` WHERE (  content like '%铁道%' )  [ RunTime:0.0003s ]
SQL: SELECT * FROM `ds_tui` WHERE (  content like '%da%' )  [ RunTime:0.0002s ]
INFO: [ app_end ] --START--
INFO: Run Behavior\ShowPageTraceBehavior [ RunTime:0.000707s ]
INFO: [ app_end ] --END-- [ RunTime:0.000785s ]

[ 2016-01-16T15:10:31+08:00 ] 127.0.0.1 /go/index.php/Home/Ask/tui
INFO: [ app_begin ] --START--
INFO: Run Behavior\ReadHtmlCacheBehavior [ RunTime:0.000611s ]
INFO: [ app_begin ] --END-- [ RunTime:0.001029s ]
NOTIC: [2] SimpleCWS::set_multi() expects exactly 1 parameter, 0 given H:\wenda\Application\Common\Common\function.php 第 91 行.
SQL: SHOW COLUMNS FROM `ds_tui` [ RunTime:0.0038s ]
SQL: SELECT * FROM `ds_tui` WHERE (  content like '%铁道%' )  [ RunTime:0.0003s ]
INFO: [ app_end ] --START--
INFO: Run Behavior\ShowPageTraceBehavior [ RunTime:0.000786s ]
INFO: [ app_end ] --END-- [ RunTime:0.000888s ]

[ 2016-01-16T15:10:31+08:00 ] 127.0.0.1 /go/index.php/Home/Ask/tui
INFO: [ app_begin ] --START--
INFO: Run Behavior\ReadHtmlCacheBehavior [ RunTime:0.000627s ]
INFO: [ app_begin ] --END-- [ RunTime:0.001061s ]
NOTIC: [2] SimpleCWS::set_multi() expects exactly 1 parameter, 0 given H:\wenda\Application\Common\Common\function.php 第 91 行.
SQL: SHOW COLUMNS FROM `ds_tui` [ RunTime:0.0044s ]
SQL: SELECT * FROM `ds_tui` WHERE (  content like '%铁道%' )  [ RunTime:0.0004s ]
INFO: [ app_end ] --START--
INFO: Run Behavior\ShowPageTraceBehavior [ RunTime:0.000723s ]
INFO: [ app_end ] --END-- [ RunTime:0.000804s ]

[ 2016-01-16T15:10:31+08:00 ] 127.0.0.1 /go/index.php/Home/Ask/tui
INFO: [ app_begin ] --START--
INFO: Run Behavior\ReadHtmlCacheBehavior [ RunTime:0.000887s ]
INFO: [ app_begin ] --END-- [ RunTime:0.001530s ]
NOTIC: [2] SimpleCWS::set_multi() expects exactly 1 parameter, 0 given H:\wenda\Application\Common\Common\function.php 第 91 行.
SQL: SHOW COLUMNS FROM `ds_tui` [ RunTime:0.0033s ]
SQL: SELECT * FROM `ds_tui` WHERE (  content like '%铁道%' )  [ RunTime:0.0003s ]
INFO: [ app_end ] --START--
INFO: Run Behavior\ShowPageTraceBehavior [ RunTime:0.000717s ]
INFO: [ app_end ] --END-- [ RunTime:0.000812s ]

[ 2016-01-16T15:10:31+08:00 ] 127.0.0.1 /go/index.php/Home/Ask/tui
INFO: [ app_begin ] --START--
INFO: Run Behavior\ReadHtmlCacheBehavior [ RunTime:0.001122s ]
INFO: [ app_begin ] --END-- [ RunTime:0.001595s ]
NOTIC: [2] SimpleCWS::set_multi() expects exactly 1 parameter, 0 given H:\wenda\Application\Common\Common\function.php 第 91 行.
SQL: SHOW COLUMNS FROM `ds_tui` [ RunTime:0.0035s ]
SQL: SELECT * FROM `ds_tui` WHERE (  content like '%铁道%' )  [ RunTime:0.0003s ]
SQL: SELECT * FROM `ds_tui` WHERE (  content like '%大学%' )  [ RunTime:0.0002s ]
INFO: [ app_end ] --START--
INFO: Run Behavior\ShowPageTraceBehavior [ RunTime:0.000727s ]
INFO: [ app_end ] --END-- [ RunTime:0.000824s ]

[ 2016-01-16T15:10:31+08:00 ] 127.0.0.1 /go/index.php/Home/Ask/tui
INFO: [ app_begin ] --START--
INFO: Run Behavior\ReadHtmlCacheBehavior [ RunTime:0.000625s ]
INFO: [ app_begin ] --END-- [ RunTime:0.001052s ]
NOTIC: [2] SimpleCWS::set_multi() expects exactly 1 parameter, 0 given H:\wenda\Application\Common\Common\function.php 第 91 行.
SQL: SHOW COLUMNS FROM `ds_tui` [ RunTime:0.0034s ]
SQL: SELECT * FROM `ds_tui` WHERE (  content like '%铁道%' )  [ RunTime:0.0003s ]
SQL: SELECT * FROM `ds_tui` WHERE (  content like '%大学%' )  [ RunTime:0.0002s ]
INFO: [ app_end ] --START--
INFO: Run Behavior\ShowPageTraceBehavior [ RunTime:0.000726s ]
INFO: [ app_end ] --END-- [ RunTime:0.000805s ]

[ 2016-01-16T15:10:31+08:00 ] 127.0.0.1 /go/index.php/Home/Ask/tui
INFO: [ app_begin ] --START--
INFO: Run Behavior\ReadHtmlCacheBehavior [ RunTime:0.000601s ]
INFO: [ app_begin ] --END-- [ RunTime:0.001072s ]
NOTIC: [2] SimpleCWS::set_multi() expects exactly 1 parameter, 0 given H:\wenda\Application\Common\Common\function.php 第 91 行.
SQL: SHOW COLUMNS FROM `ds_tui` [ RunTime:0.0051s ]
SQL: SELECT * FROM `ds_tui` WHERE (  content like '%铁道%' )  [ RunTime:0.0003s ]
SQL: SELECT * FROM `ds_tui` WHERE (  content like '%大学%' )  [ RunTime:0.0003s ]
INFO: [ app_end ] --START--
INFO: Run Behavior\ShowPageTraceBehavior [ RunTime:0.000786s ]
INFO: [ app_end ] --END-- [ RunTime:0.000868s ]

[ 2016-01-16T15:10:32+08:00 ] 127.0.0.1 /go/index.php/Home/Ask/tui
INFO: [ app_begin ] --START--
INFO: Run Behavior\ReadHtmlCacheBehavior [ RunTime:0.000627s ]
INFO: [ app_begin ] --END-- [ RunTime:0.001069s ]
NOTIC: [2] SimpleCWS::set_multi() expects exactly 1 parameter, 0 given H:\wenda\Application\Common\Common\function.php 第 91 行.
SQL: SHOW COLUMNS FROM `ds_tui` [ RunTime:0.0042s ]
SQL: SELECT * FROM `ds_tui` WHERE (  content like '%铁道%' )  [ RunTime:0.0003s ]
SQL: SELECT * FROM `ds_tui` WHERE (  content like '%大学%' )  [ RunTime:0.0018s ]
INFO: [ app_end ] --START--
INFO: Run Behavior\ShowPageTraceBehavior [ RunTime:0.000683s ]
INFO: [ app_end ] --END-- [ RunTime:0.000779s ]

[ 2016-01-16T15:10:32+08:00 ] 127.0.0.1 /go/index.php/Home/Ask/tui
INFO: [ app_begin ] --START--
INFO: Run Behavior\ReadHtmlCacheBehavior [ RunTime:0.000643s ]
INFO: [ app_begin ] --END-- [ RunTime:0.001070s ]
NOTIC: [2] SimpleCWS::set_multi() expects exactly 1 parameter, 0 given H:\wenda\Application\Common\Common\function.php 第 91 行.
SQL: SHOW COLUMNS FROM `ds_tui` [ RunTime:0.0038s ]
SQL: SELECT * FROM `ds_tui` WHERE (  content like '%铁道%' )  [ RunTime:0.0003s ]
SQL: SELECT * FROM `ds_tui` WHERE (  content like '%大学%' )  [ RunTime:0.0003s ]
INFO: [ app_end ] --START--
INFO: Run Behavior\ShowPageTraceBehavior [ RunTime:0.000667s ]
INFO: [ app_end ] --END-- [ RunTime:0.000750s ]

[ 2016-01-16T15:10:32+08:00 ] 127.0.0.1 /go/index.php/Home/Ask/tui
INFO: [ app_begin ] --START--
INFO: Run Behavior\ReadHtmlCacheBehavior [ RunTime:0.000695s ]
INFO: [ app_begin ] --END-- [ RunTime:0.001162s ]
NOTIC: [2] SimpleCWS::set_multi() expects exactly 1 parameter, 0 given H:\wenda\Application\Common\Common\function.php 第 91 行.
SQL: SHOW COLUMNS FROM `ds_tui` [ RunTime:0.0043s ]
SQL: SELECT * FROM `ds_tui` WHERE (  content like '%铁道%' )  [ RunTime:0.0003s ]
SQL: SELECT * FROM `ds_tui` WHERE (  content like '%大学%' )  [ RunTime:0.0002s ]
INFO: [ app_end ] --START--
INFO: Run Behavior\ShowPageTraceBehavior [ RunTime:0.000729s ]
INFO: [ app_end ] --END-- [ RunTime:0.000808s ]

[ 2016-01-16T15:10:32+08:00 ] 127.0.0.1 /go/index.php/Home/Ask/tui
INFO: [ app_begin ] --START--
INFO: Run Behavior\ReadHtmlCacheBehavior [ RunTime:0.000659s ]
INFO: [ app_begin ] --END-- [ RunTime:0.001189s ]
NOTIC: [2] SimpleCWS::set_multi() expects exactly 1 parameter, 0 given H:\wenda\Application\Common\Common\function.php 第 91 行.
SQL: SHOW COLUMNS FROM `ds_tui` [ RunTime:0.0039s ]
SQL: SELECT * FROM `ds_tui` WHERE (  content like '%铁道%' )  [ RunTime:0.0003s ]
SQL: SELECT * FROM `ds_tui` WHERE (  content like '%大学%' )  [ RunTime:0.0002s ]
INFO: [ app_end ] --START--
INFO: Run Behavior\ShowPageTraceBehavior [ RunTime:0.000612s ]
INFO: [ app_end ] --END-- [ RunTime:0.000685s ]

[ 2016-01-16T15:10:32+08:00 ] 127.0.0.1 /go/index.php/Home/Ask/tui
INFO: [ app_begin ] --START--
INFO: Run Behavior\ReadHtmlCacheBehavior [ RunTime:0.000660s ]
INFO: [ app_begin ] --END-- [ RunTime:0.001196s ]
NOTIC: [2] SimpleCWS::set_multi() expects exactly 1 parameter, 0 given H:\wenda\Application\Common\Common\function.php 第 91 行.
SQL: SHOW COLUMNS FROM `ds_tui` [ RunTime:0.0036s ]
SQL: SELECT * FROM `ds_tui` WHERE (  content like '%铁道%' )  [ RunTime:0.0002s ]
SQL: SELECT * FROM `ds_tui` WHERE (  content like '%大学%' )  [ RunTime:0.0002s ]
INFO: [ app_end ] --START--
INFO: Run Behavior\ShowPageTraceBehavior [ RunTime:0.000733s ]
INFO: [ app_end ] --END-- [ RunTime:0.000809s ]

[ 2016-01-16T15:10:32+08:00 ] 127.0.0.1 /go/index.php/Home/Ask/tui
INFO: [ app_begin ] --START--
INFO: Run Behavior\ReadHtmlCacheBehavior [ RunTime:0.000645s ]
INFO: [ app_begin ] --END-- [ RunTime:0.001098s ]
NOTIC: [2] SimpleCWS::set_multi() expects exactly 1 parameter, 0 given H:\wenda\Application\Common\Common\function.php 第 91 行.
SQL: SHOW COLUMNS FROM `ds_tui` [ RunTime:0.0036s ]
SQL: SELECT * FROM `ds_tui` WHERE (  content like '%铁道%' )  [ RunTime:0.0003s ]
SQL: SELECT * FROM `ds_tui` WHERE (  content like '%大学%' )  [ RunTime:0.0002s ]
INFO: [ app_end ] --START--
INFO: Run Behavior\ShowPageTraceBehavior [ RunTime:0.000548s ]
INFO: [ app_end ] --END-- [ RunTime:0.000610s ]

[ 2016-01-16T15:10:32+08:00 ] 127.0.0.1 /go/index.php/Home/Ask/tui
INFO: [ app_begin ] --START--
INFO: Run Behavior\ReadHtmlCacheBehavior [ RunTime:0.000668s ]
INFO: [ app_begin ] --END-- [ RunTime:0.001160s ]
NOTIC: [2] SimpleCWS::set_multi() expects exactly 1 parameter, 0 given H:\wenda\Application\Common\Common\function.php 第 91 行.
SQL: SHOW COLUMNS FROM `ds_tui` [ RunTime:0.0036s ]
SQL: SELECT * FROM `ds_tui` WHERE (  content like '%铁道%' )  [ RunTime:0.0003s ]
SQL: SELECT * FROM `ds_tui` WHERE (  content like '%大学%' )  [ RunTime:0.0002s ]
INFO: [ app_end ] --START--
INFO: Run Behavior\ShowPageTraceBehavior [ RunTime:0.000765s ]
INFO: [ app_end ] --END-- [ RunTime:0.000845s ]

[ 2016-01-16T15:10:33+08:00 ] 127.0.0.1 /go/index.php/Home/Ask/tui
INFO: [ app_begin ] --START--
INFO: Run Behavior\ReadHtmlCacheBehavior [ RunTime:0.000613s ]
INFO: [ app_begin ] --END-- [ RunTime:0.001045s ]
NOTIC: [2] SimpleCWS::set_multi() expects exactly 1 parameter, 0 given H:\wenda\Application\Common\Common\function.php 第 91 行.
SQL: SHOW COLUMNS FROM `ds_tui` [ RunTime:0.0035s ]
SQL: SELECT * FROM `ds_tui` WHERE (  content like '%铁道%' )  [ RunTime:0.0003s ]
SQL: SELECT * FROM `ds_tui` WHERE (  content like '%大学%' )  [ RunTime:0.0002s ]
INFO: [ app_end ] --START--
INFO: Run Behavior\ShowPageTraceBehavior [ RunTime:0.000666s ]
INFO: [ app_end ] --END-- [ RunTime:0.000789s ]

[ 2016-01-16T15:10:33+08:00 ] 127.0.0.1 /go/index.php/Home/Ask/tui
INFO: [ app_begin ] --START--
INFO: Run Behavior\ReadHtmlCacheBehavior [ RunTime:0.000874s ]
INFO: [ app_begin ] --END-- [ RunTime:0.001432s ]
NOTIC: [2] SimpleCWS::set_multi() expects exactly 1 parameter, 0 given H:\wenda\Application\Common\Common\function.php 第 91 行.
SQL: SHOW COLUMNS FROM `ds_tui` [ RunTime:0.0035s ]
SQL: SELECT * FROM `ds_tui` WHERE (  content like '%铁道%' )  [ RunTime:0.0003s ]
SQL: SELECT * FROM `ds_tui` WHERE (  content like '%大学%' )  [ RunTime:0.0002s ]
INFO: [ app_end ] --START--
INFO: Run Behavior\ShowPageTraceBehavior [ RunTime:0.000739s ]
INFO: [ app_end ] --END-- [ RunTime:0.000819s ]

[ 2016-01-16T15:10:33+08:00 ] 127.0.0.1 /go/index.php/Home/Ask/tui
INFO: [ app_begin ] --START--
INFO: Run Behavior\ReadHtmlCacheBehavior [ RunTime:0.000397s ]
INFO: [ app_begin ] --END-- [ RunTime:0.000687s ]
NOTIC: [2] SimpleCWS::set_multi() expects exactly 1 parameter, 0 given H:\wenda\Application\Common\Common\function.php 第 91 行.
SQL: SHOW COLUMNS FROM `ds_tui` [ RunTime:0.0038s ]
SQL: SELECT * FROM `ds_tui` WHERE (  content like '%铁道%' )  [ RunTime:0.0003s ]
SQL: SELECT * FROM `ds_tui` WHERE (  content like '%大学%' )  [ RunTime:0.0013s ]
INFO: [ app_end ] --START--
INFO: Run Behavior\ShowPageTraceBehavior [ RunTime:0.000768s ]
INFO: [ app_end ] --END-- [ RunTime:0.000850s ]

[ 2016-01-16T15:10:33+08:00 ] 127.0.0.1 /go/index.php/Home/Ask/tui
INFO: [ app_begin ] --START--
INFO: Run Behavior\ReadHtmlCacheBehavior [ RunTime:0.000398s ]
INFO: [ app_begin ] --END-- [ RunTime:0.000690s ]
NOTIC: [2] SimpleCWS::set_multi() expects exactly 1 parameter, 0 given H:\wenda\Application\Common\Common\function.php 第 91 行.
SQL: SHOW COLUMNS FROM `ds_tui` [ RunTime:0.0035s ]
SQL: SELECT * FROM `ds_tui` WHERE (  content like '%铁道%' )  [ RunTime:0.0003s ]
SQL: SELECT * FROM `ds_tui` WHERE (  content like '%大学%' )  [ RunTime:0.0002s ]
INFO: [ app_end ] --START--
INFO: Run Behavior\ShowPageTraceBehavior [ RunTime:0.000756s ]
INFO: [ app_end ] --END-- [ RunTime:0.000834s ]

[ 2016-01-16T15:10:33+08:00 ] 127.0.0.1 /go/index.php/Home/Ask/tui
INFO: [ app_begin ] --START--
INFO: Run Behavior\ReadHtmlCacheBehavior [ RunTime:0.001414s ]
INFO: [ app_begin ] --END-- [ RunTime:0.001855s ]
NOTIC: [2] SimpleCWS::set_multi() expects exactly 1 parameter, 0 given H:\wenda\Application\Common\Common\function.php 第 91 行.
SQL: SHOW COLUMNS FROM `ds_tui` [ RunTime:0.0034s ]
SQL: SELECT * FROM `ds_tui` WHERE (  content like '%铁道%' )  [ RunTime:0.0002s ]
SQL: SELECT * FROM `ds_tui` WHERE (  content like '%大学%' )  [ RunTime:0.0002s ]
INFO: [ app_end ] --START--
INFO: Run Behavior\ShowPageTraceBehavior [ RunTime:0.000741s ]
INFO: [ app_end ] --END-- [ RunTime:0.000829s ]

[ 2016-01-16T15:10:33+08:00 ] 127.0.0.1 /go/index.php/Home/Ask/tui
INFO: [ app_begin ] --START--
INFO: Run Behavior\ReadHtmlCacheBehavior [ RunTime:0.000611s ]
INFO: [ app_begin ] --END-- [ RunTime:0.001035s ]
NOTIC: [2] SimpleCWS::set_multi() expects exactly 1 parameter, 0 given H:\wenda\Application\Common\Common\function.php 第 91 行.
SQL: SHOW COLUMNS FROM `ds_tui` [ RunTime:0.0034s ]
SQL: SELECT * FROM `ds_tui` WHERE (  content like '%铁道%' )  [ RunTime:0.0003s ]
SQL: SELECT * FROM `ds_tui` WHERE (  content like '%大学%' )  [ RunTime:0.0002s ]
INFO: [ app_end ] --START--
INFO: Run Behavior\ShowPageTraceBehavior [ RunTime:0.000722s ]
INFO: [ app_end ] --END-- [ RunTime:0.000799s ]

[ 2016-01-16T15:10:33+08:00 ] 127.0.0.1 /go/index.php/Home/Ask/tui
INFO: [ app_begin ] --START--
INFO: Run Behavior\ReadHtmlCacheBehavior [ RunTime:0.000642s ]
INFO: [ app_begin ] --END-- [ RunTime:0.001210s ]
NOTIC: [2] SimpleCWS::set_multi() expects exactly 1 parameter, 0 given H:\wenda\Application\Common\Common\function.php 第 91 行.
SQL: SHOW COLUMNS FROM `ds_tui` [ RunTime:0.0032s ]
SQL: SELECT * FROM `ds_tui` WHERE (  content like '%铁道%' )  [ RunTime:0.0003s ]
SQL: SELECT * FROM `ds_tui` WHERE (  content like '%大学%' )  [ RunTime:0.0002s ]
INFO: [ app_end ] --START--
INFO: Run Behavior\ShowPageTraceBehavior [ RunTime:0.000735s ]
INFO: [ app_end ] --END-- [ RunTime:0.000819s ]

[ 2016-01-16T15:10:33+08:00 ] 127.0.0.1 /go/index.php/Home/Ask/tui
INFO: [ app_begin ] --START--
INFO: Run Behavior\ReadHtmlCacheBehavior [ RunTime:0.000624s ]
INFO: [ app_begin ] --END-- [ RunTime:0.001092s ]
NOTIC: [2] SimpleCWS::set_multi() expects exactly 1 parameter, 0 given H:\wenda\Application\Common\Common\function.php 第 91 行.
SQL: SHOW COLUMNS FROM `ds_tui` [ RunTime:0.0035s ]
SQL: SELECT * FROM `ds_tui` WHERE (  content like '%铁道%' )  [ RunTime:0.0003s ]
SQL: SELECT * FROM `ds_tui` WHERE (  content like '%大学%' )  [ RunTime:0.0002s ]
INFO: [ app_end ] --START--
INFO: Run Behavior\ShowPageTraceBehavior [ RunTime:0.000772s ]
INFO: [ app_end ] --END-- [ RunTime:0.000856s ]

[ 2016-01-16T15:10:33+08:00 ] 127.0.0.1 /go/index.php/Home/Ask/tui
INFO: [ app_begin ] --START--
INFO: Run Behavior\ReadHtmlCacheBehavior [ RunTime:0.000628s ]
INFO: [ app_begin ] --END-- [ RunTime:0.001100s ]
NOTIC: [2] SimpleCWS::set_multi() expects exactly 1 parameter, 0 given H:\wenda\Application\Common\Common\function.php 第 91 行.
SQL: SHOW COLUMNS FROM `ds_tui` [ RunTime:0.0047s ]
SQL: SELECT * FROM `ds_tui` WHERE (  content like '%铁道%' )  [ RunTime:0.0005s ]
SQL: SELECT * FROM `ds_tui` WHERE (  content like '%大学%' )  [ RunTime:0.0009s ]
INFO: [ app_end ] --START--
INFO: Run Behavior\ShowPageTraceBehavior [ RunTime:0.000813s ]
INFO: [ app_end ] --END-- [ RunTime:0.000908s ]

[ 2016-01-16T15:10:33+08:00 ] 127.0.0.1 /go/index.php/Home/Ask/tui
INFO: [ app_begin ] --START--
INFO: Run Behavior\ReadHtmlCacheBehavior [ RunTime:0.000408s ]
INFO: [ app_begin ] --END-- [ RunTime:0.000719s ]
NOTIC: [2] SimpleCWS::set_multi() expects exactly 1 parameter, 0 given H:\wenda\Application\Common\Common\function.php 第 91 行.
SQL: SHOW COLUMNS FROM `ds_tui` [ RunTime:0.0036s ]
SQL: SELECT * FROM `ds_tui` WHERE (  content like '%铁道%' )  [ RunTime:0.0003s ]
SQL: SELECT * FROM `ds_tui` WHERE (  content like '%大学%' )  [ RunTime:0.0002s ]
INFO: [ app_end ] --START--
INFO: Run Behavior\ShowPageTraceBehavior [ RunTime:0.000741s ]
INFO: [ app_end ] --END-- [ RunTime:0.000820s ]

[ 2016-01-16T15:10:34+08:00 ] 127.0.0.1 /go/index.php/Home/Ask/tui
INFO: [ app_begin ] --START--
INFO: Run Behavior\ReadHtmlCacheBehavior [ RunTime:0.000406s ]
INFO: [ app_begin ] --END-- [ RunTime:0.000703s ]
NOTIC: [2] SimpleCWS::set_multi() expects exactly 1 parameter, 0 given H:\wenda\Application\Common\Common\function.php 第 91 行.
SQL: SHOW COLUMNS FROM `ds_tui` [ RunTime:0.0035s ]
SQL: SELECT * FROM `ds_tui` WHERE (  content like '%铁道%' )  [ RunTime:0.0003s ]
SQL: SELECT * FROM `ds_tui` WHERE (  content like '%大学%' )  [ RunTime:0.0002s ]
INFO: [ app_end ] --START--
INFO: Run Behavior\ShowPageTraceBehavior [ RunTime:0.000722s ]
INFO: [ app_end ] --END-- [ RunTime:0.000794s ]

[ 2016-01-16T15:10:34+08:00 ] 127.0.0.1 /go/index.php/Home/Ask/tui
INFO: [ app_begin ] --START--
INFO: Run Behavior\ReadHtmlCacheBehavior [ RunTime:0.000601s ]
INFO: [ app_begin ] --END-- [ RunTime:0.001052s ]
NOTIC: [2] SimpleCWS::set_multi() expects exactly 1 parameter, 0 given H:\wenda\Application\Common\Common\function.php 第 91 行.
SQL: SHOW COLUMNS FROM `ds_tui` [ RunTime:0.0034s ]
SQL: SELECT * FROM `ds_tui` WHERE (  content like '%铁道%' )  [ RunTime:0.0002s ]
SQL: SELECT * FROM `ds_tui` WHERE (  content like '%大学%' )  [ RunTime:0.0002s ]
INFO: [ app_end ] --START--
INFO: Run Behavior\ShowPageTraceBehavior [ RunTime:0.000780s ]
INFO: [ app_end ] --END-- [ RunTime:0.000868s ]

[ 2016-01-16T15:10:34+08:00 ] 127.0.0.1 /go/index.php/Home/Ask/tui
INFO: [ app_begin ] --START--
INFO: Run Behavior\ReadHtmlCacheBehavior [ RunTime:0.000426s ]
INFO: [ app_begin ] --END-- [ RunTime:0.000725s ]
NOTIC: [2] SimpleCWS::set_multi() expects exactly 1 parameter, 0 given H:\wenda\Application\Common\Common\function.php 第 91 行.
SQL: SHOW COLUMNS FROM `ds_tui` [ RunTime:0.0029s ]
SQL: SELECT * FROM `ds_tui` WHERE (  content like '%铁道%' )  [ RunTime:0.0003s ]
SQL: SELECT * FROM `ds_tui` WHERE (  content like '%大学%' )  [ RunTime:0.0002s ]
INFO: [ app_end ] --START--
INFO: Run Behavior\ShowPageTraceBehavior [ RunTime:0.000715s ]
INFO: [ app_end ] --END-- [ RunTime:0.000779s ]

[ 2016-01-16T15:10:34+08:00 ] 127.0.0.1 /go/index.php/Home/Ask/tui
INFO: [ app_begin ] --START--
INFO: Run Behavior\ReadHtmlCacheBehavior [ RunTime:0.000663s ]
INFO: [ app_begin ] --END-- [ RunTime:0.001131s ]
NOTIC: [2] SimpleCWS::set_multi() expects exactly 1 parameter, 0 given H:\wenda\Application\Common\Common\function.php 第 91 行.
SQL: SHOW COLUMNS FROM `ds_tui` [ RunTime:0.0035s ]
SQL: SELECT * FROM `ds_tui` WHERE (  content like '%铁道%' )  [ RunTime:0.0003s ]
SQL: SELECT * FROM `ds_tui` WHERE (  content like '%大学%' )  [ RunTime:0.0002s ]
INFO: [ app_end ] --START--
INFO: Run Behavior\ShowPageTraceBehavior [ RunTime:0.000773s ]
INFO: [ app_end ] --END-- [ RunTime:0.000853s ]

[ 2016-01-16T15:10:34+08:00 ] 127.0.0.1 /go/index.php/Home/Ask/tui
INFO: [ app_begin ] --START--
INFO: Run Behavior\ReadHtmlCacheBehavior [ RunTime:0.000399s ]
INFO: [ app_begin ] --END-- [ RunTime:0.000687s ]
NOTIC: [2] SimpleCWS::set_multi() expects exactly 1 parameter, 0 given H:\wenda\Application\Common\Common\function.php 第 91 行.
SQL: SHOW COLUMNS FROM `ds_tui` [ RunTime:0.0037s ]
SQL: SELECT * FROM `ds_tui` WHERE (  content like '%铁道%' )  [ RunTime:0.0003s ]
SQL: SELECT * FROM `ds_tui` WHERE (  content like '%大学%' )  [ RunTime:0.0002s ]
INFO: [ app_end ] --START--
INFO: Run Behavior\ShowPageTraceBehavior [ RunTime:0.000754s ]
INFO: [ app_end ] --END-- [ RunTime:0.000835s ]

[ 2016-01-16T15:10:35+08:00 ] 127.0.0.1 /go/index.php/Home/Ask/tui
INFO: [ app_begin ] --START--
INFO: Run Behavior\ReadHtmlCacheBehavior [ RunTime:0.000586s ]
INFO: [ app_begin ] --END-- [ RunTime:0.001013s ]
NOTIC: [2] SimpleCWS::set_multi() expects exactly 1 parameter, 0 given H:\wenda\Application\Common\Common\function.php 第 91 行.
SQL: SHOW COLUMNS FROM `ds_tui` [ RunTime:0.0035s ]
SQL: SELECT * FROM `ds_tui` WHERE (  content like '%铁道%' )  [ RunTime:0.0002s ]
SQL: SELECT * FROM `ds_tui` WHERE (  content like '%大学%' )  [ RunTime:0.0002s ]
INFO: [ app_end ] --START--
INFO: Run Behavior\ShowPageTraceBehavior [ RunTime:0.000730s ]
INFO: [ app_end ] --END-- [ RunTime:0.000812s ]

[ 2016-01-16T15:10:35+08:00 ] 127.0.0.1 /go/index.php/Home/Ask/tui
INFO: [ app_begin ] --START--
INFO: Run Behavior\ReadHtmlCacheBehavior [ RunTime:0.000626s ]
INFO: [ app_begin ] --END-- [ RunTime:0.001119s ]
NOTIC: [2] SimpleCWS::set_multi() expects exactly 1 parameter, 0 given H:\wenda\Application\Common\Common\function.php 第 91 行.
SQL: SHOW COLUMNS FROM `ds_tui` [ RunTime:0.0035s ]
SQL: SELECT * FROM `ds_tui` WHERE (  content like '%铁道%' )  [ RunTime:0.0003s ]
SQL: SELECT * FROM `ds_tui` WHERE (  content like '%大学%' )  [ RunTime:0.0002s ]
INFO: [ app_end ] --START--
INFO: Run Behavior\ShowPageTraceBehavior [ RunTime:0.000738s ]
INFO: [ app_end ] --END-- [ RunTime:0.000825s ]

[ 2016-01-16T15:10:35+08:00 ] 127.0.0.1 /go/index.php/Home/Ask/tui
INFO: [ app_begin ] --START--
INFO: Run Behavior\ReadHtmlCacheBehavior [ RunTime:0.000778s ]
INFO: [ app_begin ] --END-- [ RunTime:0.001394s ]
NOTIC: [2] SimpleCWS::set_multi() expects exactly 1 parameter, 0 given H:\wenda\Application\Common\Common\function.php 第 91 行.
SQL: SHOW COLUMNS FROM `ds_tui` [ RunTime:0.0037s ]
SQL: SELECT * FROM `ds_tui` WHERE (  content like '%铁道%' )  [ RunTime:0.0003s ]
SQL: SELECT * FROM `ds_tui` WHERE (  content like '%大学%' )  [ RunTime:0.0003s ]
INFO: [ app_end ] --START--
INFO: Run Behavior\ShowPageTraceBehavior [ RunTime:0.000697s ]
INFO: [ app_end ] --END-- [ RunTime:0.000778s ]

[ 2016-01-16T15:10:35+08:00 ] 127.0.0.1 /go/index.php/Home/Ask/tui
INFO: [ app_begin ] --START--
INFO: Run Behavior\ReadHtmlCacheBehavior [ RunTime:0.000893s ]
INFO: [ app_begin ] --END-- [ RunTime:0.001508s ]
NOTIC: [2] SimpleCWS::set_multi() expects exactly 1 parameter, 0 given H:\wenda\Application\Common\Common\function.php 第 91 行.
SQL: SHOW COLUMNS FROM `ds_tui` [ RunTime:0.0034s ]
SQL: SELECT * FROM `ds_tui` WHERE (  content like '%铁道%' )  [ RunTime:0.0003s ]
SQL: SELECT * FROM `ds_tui` WHERE (  content like '%大学%' )  [ RunTime:0.0002s ]
INFO: [ app_end ] --START--
INFO: Run Behavior\ShowPageTraceBehavior [ RunTime:0.000747s ]
INFO: [ app_end ] --END-- [ RunTime:0.000827s ]

[ 2016-01-16T15:10:36+08:00 ] 127.0.0.1 /go/index.php/Home/Ask/tui
INFO: [ app_begin ] --START--
INFO: Run Behavior\ReadHtmlCacheBehavior [ RunTime:0.000599s ]
INFO: [ app_begin ] --END-- [ RunTime:0.001027s ]
NOTIC: [2] SimpleCWS::set_multi() expects exactly 1 parameter, 0 given H:\wenda\Application\Common\Common\function.php 第 91 行.
SQL: SHOW COLUMNS FROM `ds_tui` [ RunTime:0.0031s ]
SQL: SELECT * FROM `ds_tui` WHERE (  content like '%铁道%' )  [ RunTime:0.0003s ]
SQL: SELECT * FROM `ds_tui` WHERE (  content like '%大学%' )  [ RunTime:0.0002s ]
INFO: [ app_end ] --START--
INFO: Run Behavior\ShowPageTraceBehavior [ RunTime:0.000751s ]
INFO: [ app_end ] --END-- [ RunTime:0.000837s ]

[ 2016-01-16T15:10:36+08:00 ] 127.0.0.1 /go/index.php/Home/Ask/tui
INFO: [ app_begin ] --START--
INFO: Run Behavior\ReadHtmlCacheBehavior [ RunTime:0.001507s ]
INFO: [ app_begin ] --END-- [ RunTime:0.001977s ]
NOTIC: [2] SimpleCWS::set_multi() expects exactly 1 parameter, 0 given H:\wenda\Application\Common\Common\function.php 第 91 行.
SQL: SHOW COLUMNS FROM `ds_tui` [ RunTime:0.0052s ]
SQL: SELECT * FROM `ds_tui` WHERE (  content like '%铁道%' )  [ RunTime:0.0004s ]
SQL: SELECT * FROM `ds_tui` WHERE (  content like '%大学%' )  [ RunTime:0.0003s ]
INFO: [ app_end ] --START--
INFO: Run Behavior\ShowPageTraceBehavior [ RunTime:0.000763s ]
INFO: [ app_end ] --END-- [ RunTime:0.000862s ]

[ 2016-01-16T15:10:36+08:00 ] 127.0.0.1 /go/index.php/Home/Ask/tui
INFO: [ app_begin ] --START--
INFO: Run Behavior\ReadHtmlCacheBehavior [ RunTime:0.000621s ]
INFO: [ app_begin ] --END-- [ RunTime:0.001057s ]
NOTIC: [2] SimpleCWS::set_multi() expects exactly 1 parameter, 0 given H:\wenda\Application\Common\Common\function.php 第 91 行.
SQL: SHOW COLUMNS FROM `ds_tui` [ RunTime:0.0036s ]
SQL: SELECT * FROM `ds_tui` WHERE (  content like '%铁道%' )  [ RunTime:0.0003s ]
SQL: SELECT * FROM `ds_tui` WHERE (  content like '%大学%' )  [ RunTime:0.0002s ]
INFO: [ app_end ] --START--
INFO: Run Behavior\ShowPageTraceBehavior [ RunTime:0.000528s ]
INFO: [ app_end ] --END-- [ RunTime:0.000583s ]

[ 2016-01-16T15:10:36+08:00 ] 127.0.0.1 /go/index.php/Home/Ask/tui
INFO: [ app_begin ] --START--
INFO: Run Behavior\ReadHtmlCacheBehavior [ RunTime:0.000602s ]
INFO: [ app_begin ] --END-- [ RunTime:0.001028s ]
NOTIC: [2] SimpleCWS::set_multi() expects exactly 1 parameter, 0 given H:\wenda\Application\Common\Common\function.php 第 91 行.
SQL: SHOW COLUMNS FROM `ds_tui` [ RunTime:0.0031s ]
SQL: SELECT * FROM `ds_tui` WHERE (  content like '%铁道%' )  [ RunTime:0.0003s ]
SQL: SELECT * FROM `ds_tui` WHERE (  content like '%大学%' )  [ RunTime:0.0002s ]
INFO: [ app_end ] --START--
INFO: Run Behavior\ShowPageTraceBehavior [ RunTime:0.000738s ]
INFO: [ app_end ] --END-- [ RunTime:0.000817s ]

[ 2016-01-16T15:10:36+08:00 ] 127.0.0.1 /go/index.php/Home/Ask/tui
INFO: [ app_begin ] --START--
INFO: Run Behavior\ReadHtmlCacheBehavior [ RunTime:0.000631s ]
INFO: [ app_begin ] --END-- [ RunTime:0.001066s ]
NOTIC: [2] SimpleCWS::set_multi() expects exactly 1 parameter, 0 given H:\wenda\Application\Common\Common\function.php 第 91 行.
SQL: SHOW COLUMNS FROM `ds_tui` [ RunTime:0.0036s ]
SQL: SELECT * FROM `ds_tui` WHERE (  content like '%铁道%' )  [ RunTime:0.0003s ]
SQL: SELECT * FROM `ds_tui` WHERE (  content like '%大学%' )  [ RunTime:0.0002s ]
INFO: [ app_end ] --START--
INFO: Run Behavior\ShowPageTraceBehavior [ RunTime:0.000652s ]
INFO: [ app_end ] --END-- [ RunTime:0.000719s ]

[ 2016-01-16T15:10:36+08:00 ] 127.0.0.1 /go/index.php/Home/Ask/tui
INFO: [ app_begin ] --START--
INFO: Run Behavior\ReadHtmlCacheBehavior [ RunTime:0.000639s ]
INFO: [ app_begin ] --END-- [ RunTime:0.001089s ]
NOTIC: [2] SimpleCWS::set_multi() expects exactly 1 parameter, 0 given H:\wenda\Application\Common\Common\function.php 第 91 行.
SQL: SHOW COLUMNS FROM `ds_tui` [ RunTime:0.0038s ]
SQL: SELECT * FROM `ds_tui` WHERE (  content like '%铁道%' )  [ RunTime:0.0002s ]
SQL: SELECT * FROM `ds_tui` WHERE (  content like '%大学%' )  [ RunTime:0.0002s ]
INFO: [ app_end ] --START--
INFO: Run Behavior\ShowPageTraceBehavior [ RunTime:0.000594s ]
INFO: [ app_end ] --END-- [ RunTime:0.000663s ]

[ 2016-01-16T15:10:36+08:00 ] 127.0.0.1 /go/index.php/Home/Ask/tui
INFO: [ app_begin ] --START--
INFO: Run Behavior\ReadHtmlCacheBehavior [ RunTime:0.000678s ]
INFO: [ app_begin ] --END-- [ RunTime:0.001180s ]
NOTIC: [2] SimpleCWS::set_multi() expects exactly 1 parameter, 0 given H:\wenda\Application\Common\Common\function.php 第 91 行.
SQL: SHOW COLUMNS FROM `ds_tui` [ RunTime:0.0028s ]
SQL: SELECT * FROM `ds_tui` WHERE (  content like '%铁道%' )  [ RunTime:0.0003s ]
SQL: SELECT * FROM `ds_tui` WHERE (  content like '%大学%' )  [ RunTime:0.0002s ]
INFO: [ app_end ] --START--
INFO: Run Behavior\ShowPageTraceBehavior [ RunTime:0.000737s ]
INFO: [ app_end ] --END-- [ RunTime:0.000818s ]

[ 2016-01-16T15:10:36+08:00 ] 127.0.0.1 /go/index.php/Home/Ask/tui
INFO: [ app_begin ] --START--
INFO: Run Behavior\ReadHtmlCacheBehavior [ RunTime:0.000603s ]
INFO: [ app_begin ] --END-- [ RunTime:0.000970s ]
NOTIC: [2] SimpleCWS::set_multi() expects exactly 1 parameter, 0 given H:\wenda\Application\Common\Common\function.php 第 91 行.
SQL: SHOW COLUMNS FROM `ds_tui` [ RunTime:0.0035s ]
SQL: SELECT * FROM `ds_tui` WHERE (  content like '%铁道%' )  [ RunTime:0.0003s ]
SQL: SELECT * FROM `ds_tui` WHERE (  content like '%大学%' )  [ RunTime:0.0002s ]
INFO: [ app_end ] --START--
INFO: Run Behavior\ShowPageTraceBehavior [ RunTime:0.000768s ]
INFO: [ app_end ] --END-- [ RunTime:0.000835s ]

[ 2016-01-16T15:10:37+08:00 ] 127.0.0.1 /go/index.php/Home/Ask/tui
INFO: [ app_begin ] --START--
INFO: Run Behavior\ReadHtmlCacheBehavior [ RunTime:0.000620s ]
INFO: [ app_begin ] --END-- [ RunTime:0.001079s ]
NOTIC: [2] SimpleCWS::set_multi() expects exactly 1 parameter, 0 given H:\wenda\Application\Common\Common\function.php 第 91 行.
SQL: SHOW COLUMNS FROM `ds_tui` [ RunTime:0.0035s ]
SQL: SELECT * FROM `ds_tui` WHERE (  content like '%铁道%' )  [ RunTime:0.0003s ]
SQL: SELECT * FROM `ds_tui` WHERE (  content like '%大学%' )  [ RunTime:0.0002s ]
INFO: [ app_end ] --START--
INFO: Run Behavior\ShowPageTraceBehavior [ RunTime:0.000722s ]
INFO: [ app_end ] --END-- [ RunTime:0.000801s ]

[ 2016-01-16T15:10:37+08:00 ] 127.0.0.1 /go/index.php/Home/Ask/tui
INFO: [ app_begin ] --START--
INFO: Run Behavior\ReadHtmlCacheBehavior [ RunTime:0.000406s ]
INFO: [ app_begin ] --END-- [ RunTime:0.000725s ]
NOTIC: [2] SimpleCWS::set_multi() expects exactly 1 parameter, 0 given H:\wenda\Application\Common\Common\function.php 第 91 行.
SQL: SHOW COLUMNS FROM `ds_tui` [ RunTime:0.0035s ]
SQL: SELECT * FROM `ds_tui` WHERE (  content like '%铁道%' )  [ RunTime:0.0003s ]
SQL: SELECT * FROM `ds_tui` WHERE (  content like '%大学%' )  [ RunTime:0.0002s ]
INFO: [ app_end ] --START--
INFO: Run Behavior\ShowPageTraceBehavior [ RunTime:0.000641s ]
INFO: [ app_end ] --END-- [ RunTime:0.000704s ]

[ 2016-01-16T15:10:37+08:00 ] 127.0.0.1 /go/index.php/Home/Ask/tui
INFO: [ app_begin ] --START--
INFO: Run Behavior\ReadHtmlCacheBehavior [ RunTime:0.000609s ]
INFO: [ app_begin ] --END-- [ RunTime:0.001052s ]
NOTIC: [2] SimpleCWS::set_multi() expects exactly 1 parameter, 0 given H:\wenda\Application\Common\Common\function.php 第 91 行.
SQL: SHOW COLUMNS FROM `ds_tui` [ RunTime:0.0035s ]
SQL: SELECT * FROM `ds_tui` WHERE (  content like '%铁道%' )  [ RunTime:0.0003s ]
SQL: SELECT * FROM `ds_tui` WHERE (  content like '%大学%' )  [ RunTime:0.0002s ]
INFO: [ app_end ] --START--
INFO: Run Behavior\ShowPageTraceBehavior [ RunTime:0.000716s ]
INFO: [ app_end ] --END-- [ RunTime:0.000796s ]

[ 2016-01-16T15:10:37+08:00 ] 127.0.0.1 /go/index.php/Home/Ask/tui
INFO: [ app_begin ] --START--
INFO: Run Behavior\ReadHtmlCacheBehavior [ RunTime:0.000423s ]
INFO: [ app_begin ] --END-- [ RunTime:0.000723s ]
NOTIC: [2] SimpleCWS::set_multi() expects exactly 1 parameter, 0 given H:\wenda\Application\Common\Common\function.php 第 91 行.
SQL: SHOW COLUMNS FROM `ds_tui` [ RunTime:0.0036s ]
SQL: SELECT * FROM `ds_tui` WHERE (  content like '%铁道%' )  [ RunTime:0.0003s ]
SQL: SELECT * FROM `ds_tui` WHERE (  content like '%大学%' )  [ RunTime:0.0002s ]
INFO: [ app_end ] --START--
INFO: Run Behavior\ShowPageTraceBehavior [ RunTime:0.000735s ]
INFO: [ app_end ] --END-- [ RunTime:0.000818s ]

[ 2016-01-16T15:10:37+08:00 ] 127.0.0.1 /go/index.php/Home/Ask/tui
INFO: [ app_begin ] --START--
INFO: Run Behavior\ReadHtmlCacheBehavior [ RunTime:0.000635s ]
INFO: [ app_begin ] --END-- [ RunTime:0.001115s ]
NOTIC: [2] SimpleCWS::set_multi() expects exactly 1 parameter, 0 given H:\wenda\Application\Common\Common\function.php 第 91 行.
SQL: SHOW COLUMNS FROM `ds_tui` [ RunTime:0.0038s ]
SQL: SELECT * FROM `ds_tui` WHERE (  content like '%铁道%' )  [ RunTime:0.0003s ]
SQL: SELECT * FROM `ds_tui` WHERE (  content like '%大学%' )  [ RunTime:0.0002s ]
INFO: [ app_end ] --START--
INFO: Run Behavior\ShowPageTraceBehavior [ RunTime:0.000743s ]
INFO: [ app_end ] --END-- [ RunTime:0.000825s ]

[ 2016-01-16T15:10:38+08:00 ] 127.0.0.1 /go/index.php/Home/Ask/tui
INFO: [ app_begin ] --START--
INFO: Run Behavior\ReadHtmlCacheBehavior [ RunTime:0.000635s ]
INFO: [ app_begin ] --END-- [ RunTime:0.001080s ]
NOTIC: [2] SimpleCWS::set_multi() expects exactly 1 parameter, 0 given H:\wenda\Application\Common\Common\function.php 第 91 行.
SQL: SHOW COLUMNS FROM `ds_tui` [ RunTime:0.0038s ]
SQL: SELECT * FROM `ds_tui` WHERE (  content like '%铁道%' )  [ RunTime:0.0003s ]
SQL: SELECT * FROM `ds_tui` WHERE (  content like '%大学%' )  [ RunTime:0.0006s ]
INFO: [ app_end ] --START--
INFO: Run Behavior\ShowPageTraceBehavior [ RunTime:0.000779s ]
INFO: [ app_end ] --END-- [ RunTime:0.000875s ]

[ 2016-01-16T15:10:38+08:00 ] 127.0.0.1 /go/index.php/Home/Ask/tui
INFO: [ app_begin ] --START--
INFO: Run Behavior\ReadHtmlCacheBehavior [ RunTime:0.000647s ]
INFO: [ app_begin ] --END-- [ RunTime:0.001129s ]
NOTIC: [2] SimpleCWS::set_multi() expects exactly 1 parameter, 0 given H:\wenda\Application\Common\Common\function.php 第 91 行.
SQL: SHOW COLUMNS FROM `ds_tui` [ RunTime:0.0040s ]
SQL: SELECT * FROM `ds_tui` WHERE (  content like '%铁道%' )  [ RunTime:0.0004s ]
SQL: SELECT * FROM `ds_tui` WHERE (  content like '%大学%' )  [ RunTime:0.0003s ]
INFO: [ app_end ] --START--
INFO: Run Behavior\ShowPageTraceBehavior [ RunTime:0.000726s ]
INFO: [ app_end ] --END-- [ RunTime:0.000809s ]

[ 2016-01-16T15:10:38+08:00 ] 127.0.0.1 /go/index.php/Home/Ask/tui
INFO: [ app_begin ] --START--
INFO: Run Behavior\ReadHtmlCacheBehavior [ RunTime:0.000585s ]
INFO: [ app_begin ] --END-- [ RunTime:0.000975s ]
NOTIC: [2] SimpleCWS::set_multi() expects exactly 1 parameter, 0 given H:\wenda\Application\Common\Common\function.php 第 91 行.
SQL: SHOW COLUMNS FROM `ds_tui` [ RunTime:0.0038s ]
SQL: SELECT * FROM `ds_tui` WHERE (  content like '%铁道%' )  [ RunTime:0.0023s ]
SQL: SELECT * FROM `ds_tui` WHERE (  content like '%大学%' )  [ RunTime:0.0040s ]
INFO: [ app_end ] --START--
INFO: Run Behavior\ShowPageTraceBehavior [ RunTime:0.001982s ]
INFO: [ app_end ] --END-- [ RunTime:0.002100s ]

[ 2016-01-16T15:10:39+08:00 ] 127.0.0.1 /go/index.php/Home/Ask/tui
INFO: [ app_begin ] --START--
INFO: Run Behavior\ReadHtmlCacheBehavior [ RunTime:0.000553s ]
INFO: [ app_begin ] --END-- [ RunTime:0.000937s ]
NOTIC: [2] SimpleCWS::set_multi() expects exactly 1 parameter, 0 given H:\wenda\Application\Common\Common\function.php 第 91 行.
SQL: SHOW COLUMNS FROM `ds_tui` [ RunTime:0.0038s ]
SQL: SELECT * FROM `ds_tui` WHERE (  content like '%铁道%' )  [ RunTime:0.0003s ]
SQL: SELECT * FROM `ds_tui` WHERE (  content like '%大学%' )  [ RunTime:0.0003s ]
INFO: [ app_end ] --START--
INFO: Run Behavior\ShowPageTraceBehavior [ RunTime:0.000809s ]
INFO: [ app_end ] --END-- [ RunTime:0.000944s ]

[ 2016-01-16T15:10:39+08:00 ] 127.0.0.1 /go/index.php/Home/Ask/tui
INFO: [ app_begin ] --START--
INFO: Run Behavior\ReadHtmlCacheBehavior [ RunTime:0.000611s ]
INFO: [ app_begin ] --END-- [ RunTime:0.001055s ]
NOTIC: [2] SimpleCWS::set_multi() expects exactly 1 parameter, 0 given H:\wenda\Application\Common\Common\function.php 第 91 行.
SQL: SHOW COLUMNS FROM `ds_tui` [ RunTime:0.0040s ]
SQL: SELECT * FROM `ds_tui` WHERE (  content like '%铁道%' )  [ RunTime:0.0003s ]
SQL: SELECT * FROM `ds_tui` WHERE (  content like '%大学%' )  [ RunTime:0.0002s ]
INFO: [ app_end ] --START--
INFO: Run Behavior\ShowPageTraceBehavior [ RunTime:0.000815s ]
INFO: [ app_end ] --END-- [ RunTime:0.000900s ]

[ 2016-01-16T15:10:39+08:00 ] 127.0.0.1 /go/index.php/Home/Ask/tui
INFO: [ app_begin ] --START--
INFO: Run Behavior\ReadHtmlCacheBehavior [ RunTime:0.000605s ]
INFO: [ app_begin ] --END-- [ RunTime:0.001017s ]
NOTIC: [2] SimpleCWS::set_multi() expects exactly 1 parameter, 0 given H:\wenda\Application\Common\Common\function.php 第 91 行.
SQL: SHOW COLUMNS FROM `ds_tui` [ RunTime:0.0042s ]
SQL: SELECT * FROM `ds_tui` WHERE (  content like '%铁道%' )  [ RunTime:0.0004s ]
SQL: SELECT * FROM `ds_tui` WHERE (  content like '%大学%' )  [ RunTime:0.0005s ]
INFO: [ app_end ] --START--
INFO: Run Behavior\ShowPageTraceBehavior [ RunTime:0.000815s ]
INFO: [ app_end ] --END-- [ RunTime:0.000908s ]

[ 2016-01-16T15:10:39+08:00 ] 127.0.0.1 /go/index.php/Home/Ask/tui
INFO: [ app_begin ] --START--
INFO: Run Behavior\ReadHtmlCacheBehavior [ RunTime:0.000583s ]
INFO: [ app_begin ] --END-- [ RunTime:0.000989s ]
NOTIC: [2] SimpleCWS::set_multi() expects exactly 1 parameter, 0 given H:\wenda\Application\Common\Common\function.php 第 91 行.
SQL: SHOW COLUMNS FROM `ds_tui` [ RunTime:0.0044s ]
SQL: SELECT * FROM `ds_tui` WHERE (  content like '%铁道%' )  [ RunTime:0.0003s ]
SQL: SELECT * FROM `ds_tui` WHERE (  content like '%大学%' )  [ RunTime:0.0003s ]
INFO: [ app_end ] --START--
INFO: Run Behavior\ShowPageTraceBehavior [ RunTime:0.000760s ]
INFO: [ app_end ] --END-- [ RunTime:0.000859s ]

[ 2016-01-16T15:10:39+08:00 ] 127.0.0.1 /go/index.php/Home/Ask/tui
INFO: [ app_begin ] --START--
INFO: Run Behavior\ReadHtmlCacheBehavior [ RunTime:0.000578s ]
INFO: [ app_begin ] --END-- [ RunTime:0.000941s ]
NOTIC: [2] SimpleCWS::set_multi() expects exactly 1 parameter, 0 given H:\wenda\Application\Common\Common\function.php 第 91 行.
SQL: SHOW COLUMNS FROM `ds_tui` [ RunTime:0.0037s ]
SQL: SELECT * FROM `ds_tui` WHERE (  content like '%铁道%' )  [ RunTime:0.0003s ]
SQL: SELECT * FROM `ds_tui` WHERE (  content like '%大学%' )  [ RunTime:0.0002s ]
INFO: [ app_end ] --START--
INFO: Run Behavior\ShowPageTraceBehavior [ RunTime:0.000785s ]
INFO: [ app_end ] --END-- [ RunTime:0.000867s ]

[ 2016-01-16T15:10:40+08:00 ] 127.0.0.1 /go/index.php/Home/Ask/tui
INFO: [ app_begin ] --START--
INFO: Run Behavior\ReadHtmlCacheBehavior [ RunTime:0.000585s ]
INFO: [ app_begin ] --END-- [ RunTime:0.001029s ]
NOTIC: [2] SimpleCWS::set_multi() expects exactly 1 parameter, 0 given H:\wenda\Application\Common\Common\function.php 第 91 行.
SQL: SHOW COLUMNS FROM `ds_tui` [ RunTime:0.0317s ]
SQL: SELECT * FROM `ds_tui` WHERE (  content like '%铁道%' )  [ RunTime:0.0003s ]
SQL: SELECT * FROM `ds_tui` WHERE (  content like '%大学%' )  [ RunTime:0.0002s ]
INFO: [ app_end ] --START--
INFO: Run Behavior\ShowPageTraceBehavior [ RunTime:0.000666s ]
INFO: [ app_end ] --END-- [ RunTime:0.000732s ]

[ 2016-01-16T15:10:47+08:00 ] 127.0.0.1 /go/index.php/Home/Ask/getCate?pid=27
INFO: [ app_begin ] --START--
INFO: Run Behavior\ReadHtmlCacheBehavior [ RunTime:0.000589s ]
INFO: [ app_begin ] --END-- [ RunTime:0.000992s ]
SQL: SHOW COLUMNS FROM `ds_category` [ RunTime:0.0037s ]
SQL: SELECT * FROM `ds_category` WHERE ( pid=27 )  [ RunTime:0.0004s ]
INFO: [ app_end ] --START--
INFO: Run Behavior\ShowPageTraceBehavior [ RunTime:0.000737s ]
INFO: [ app_end ] --END-- [ RunTime:0.000833s ]

[ 2016-01-16T15:10:53+08:00 ] 127.0.0.1 /go/index.php/Home/Ask/tui
INFO: [ app_begin ] --START--
INFO: Run Behavior\ReadHtmlCacheBehavior [ RunTime:0.000606s ]
INFO: [ app_begin ] --END-- [ RunTime:0.001036s ]
NOTIC: [2] SimpleCWS::set_multi() expects exactly 1 parameter, 0 given H:\wenda\Application\Common\Common\function.php 第 91 行.
SQL: SHOW COLUMNS FROM `ds_tui` [ RunTime:0.0033s ]
SQL: SELECT * FROM `ds_tui` WHERE (  content like '%铁道%' )  [ RunTime:0.0003s ]
SQL: SELECT * FROM `ds_tui` WHERE (  content like '%大学%' )  [ RunTime:0.0002s ]
INFO: [ app_end ] --START--
INFO: Run Behavior\ShowPageTraceBehavior [ RunTime:0.000795s ]
INFO: [ app_end ] --END-- [ RunTime:0.000880s ]

[ 2016-01-16T15:10:53+08:00 ] 127.0.0.1 /go/index.php/Home/Ask/tui
INFO: [ app_begin ] --START--
INFO: Run Behavior\ReadHtmlCacheBehavior [ RunTime:0.000652s ]
INFO: [ app_begin ] --END-- [ RunTime:0.001109s ]
NOTIC: [2] SimpleCWS::set_multi() expects exactly 1 parameter, 0 given H:\wenda\Application\Common\Common\function.php 第 91 行.
SQL: SHOW COLUMNS FROM `ds_tui` [ RunTime:0.0045s ]
SQL: SELECT * FROM `ds_tui` WHERE (  content like '%铁道%' )  [ RunTime:0.0003s ]
SQL: SELECT * FROM `ds_tui` WHERE (  content like '%大学%' )  [ RunTime:0.0002s ]
INFO: [ app_end ] --START--
INFO: Run Behavior\ShowPageTraceBehavior [ RunTime:0.000800s ]
INFO: [ app_end ] --END-- [ RunTime:0.000904s ]

[ 2016-01-16T15:11:07+08:00 ] 127.0.0.1 /go/index.php/Home/Ask/tui
INFO: [ app_begin ] --START--
INFO: Run Behavior\ReadHtmlCacheBehavior [ RunTime:0.000408s ]
INFO: [ app_begin ] --END-- [ RunTime:0.000699s ]
NOTIC: [2] SimpleCWS::set_multi() expects exactly 1 parameter, 0 given H:\wenda\Application\Common\Common\function.php 第 91 行.
SQL: SHOW COLUMNS FROM `ds_tui` [ RunTime:0.0175s ]
SQL: SELECT * FROM `ds_tui` WHERE (  content like '%t%' )  [ RunTime:0.0003s ]
INFO: [ app_end ] --START--
INFO: Run Behavior\ShowPageTraceBehavior [ RunTime:0.000706s ]
INFO: [ app_end ] --END-- [ RunTime:0.000785s ]

[ 2016-01-16T15:11:08+08:00 ] 127.0.0.1 /go/index.php/Home/Ask/tui
INFO: [ app_begin ] --START--
INFO: Run Behavior\ReadHtmlCacheBehavior [ RunTime:0.000618s ]
INFO: [ app_begin ] --END-- [ RunTime:0.001070s ]
NOTIC: [2] SimpleCWS::set_multi() expects exactly 1 parameter, 0 given H:\wenda\Application\Common\Common\function.php 第 91 行.
SQL: SHOW COLUMNS FROM `ds_tui` [ RunTime:0.0042s ]
SQL: SELECT * FROM `ds_tui` WHERE (  content like '%ti%' )  [ RunTime:0.0003s ]
INFO: [ app_end ] --START--
INFO: Run Behavior\ShowPageTraceBehavior [ RunTime:0.001094s ]
INFO: [ app_end ] --END-- [ RunTime:0.001316s ]

[ 2016-01-16T15:11:08+08:00 ] 127.0.0.1 /go/index.php/Home/Ask/tui
INFO: [ app_begin ] --START--
INFO: Run Behavior\ReadHtmlCacheBehavior [ RunTime:0.000652s ]
INFO: [ app_begin ] --END-- [ RunTime:0.001090s ]
NOTIC: [2] SimpleCWS::set_multi() expects exactly 1 parameter, 0 given H:\wenda\Application\Common\Common\function.php 第 91 行.
SQL: SHOW COLUMNS FROM `ds_tui` [ RunTime:0.0038s ]
SQL: SELECT * FROM `ds_tui` WHERE (  content like '%tie%' )  [ RunTime:0.0003s ]
INFO: [ app_end ] --START--
INFO: Run Behavior\ShowPageTraceBehavior [ RunTime:0.000710s ]
INFO: [ app_end ] --END-- [ RunTime:0.000790s ]

[ 2016-01-16T15:11:08+08:00 ] 127.0.0.1 /go/index.php/Home/Ask/tui
INFO: [ app_begin ] --START--
INFO: Run Behavior\ReadHtmlCacheBehavior [ RunTime:0.000646s ]
INFO: [ app_begin ] --END-- [ RunTime:0.001094s ]
NOTIC: [2] SimpleCWS::set_multi() expects exactly 1 parameter, 0 given H:\wenda\Application\Common\Common\function.php 第 91 行.
SQL: SHOW COLUMNS FROM `ds_tui` [ RunTime:0.0034s ]
SQL: SELECT * FROM `ds_tui` WHERE (  content like '%tied%' )  [ RunTime:0.0003s ]
INFO: [ app_end ] --START--
INFO: Run Behavior\ShowPageTraceBehavior [ RunTime:0.000711s ]
INFO: [ app_end ] --END-- [ RunTime:0.000791s ]

[ 2016-01-16T15:11:08+08:00 ] 127.0.0.1 /go/index.php/Home/Ask/tui
INFO: [ app_begin ] --START--
INFO: Run Behavior\ReadHtmlCacheBehavior [ RunTime:0.000620s ]
INFO: [ app_begin ] --END-- [ RunTime:0.001042s ]
NOTIC: [2] SimpleCWS::set_multi() expects exactly 1 parameter, 0 given H:\wenda\Application\Common\Common\function.php 第 91 行.
SQL: SHOW COLUMNS FROM `ds_tui` [ RunTime:0.0038s ]
SQL: SELECT * FROM `ds_tui` WHERE (  content like '%tieda%' )  [ RunTime:0.0004s ]
INFO: [ app_end ] --START--
INFO: Run Behavior\ShowPageTraceBehavior [ RunTime:0.001069s ]
INFO: [ app_end ] --END-- [ RunTime:0.001141s ]

[ 2016-01-16T15:11:08+08:00 ] 127.0.0.1 /go/index.php/Home/Ask/tui
INFO: [ app_begin ] --START--
INFO: Run Behavior\ReadHtmlCacheBehavior [ RunTime:0.000599s ]
INFO: [ app_begin ] --END-- [ RunTime:0.001018s ]
NOTIC: [2] SimpleCWS::set_multi() expects exactly 1 parameter, 0 given H:\wenda\Application\Common\Common\function.php 第 91 行.
SQL: SHOW COLUMNS FROM `ds_tui` [ RunTime:0.0036s ]
SQL: SELECT * FROM `ds_tui` WHERE (  content like '%tiedao%' )  [ RunTime:0.0002s ]
INFO: [ app_end ] --START--
INFO: Run Behavior\ShowPageTraceBehavior [ RunTime:0.000512s ]
INFO: [ app_end ] --END-- [ RunTime:0.000565s ]

[ 2016-01-16T15:11:09+08:00 ] 127.0.0.1 /go/index.php/Home/Ask/tui
INFO: [ app_begin ] --START--
INFO: Run Behavior\ReadHtmlCacheBehavior [ RunTime:0.000605s ]
INFO: [ app_begin ] --END-- [ RunTime:0.001022s ]
NOTIC: [2] SimpleCWS::set_multi() expects exactly 1 parameter, 0 given H:\wenda\Application\Common\Common\function.php 第 91 行.
SQL: SHOW COLUMNS FROM `ds_tui` [ RunTime:0.0034s ]
SQL: SELECT * FROM `ds_tui` WHERE (  content like '%tieda%' )  [ RunTime:0.0003s ]
INFO: [ app_end ] --START--
INFO: Run Behavior\ShowPageTraceBehavior [ RunTime:0.000744s ]
INFO: [ app_end ] --END-- [ RunTime:0.000814s ]

[ 2016-01-16T15:11:09+08:00 ] 127.0.0.1 /go/index.php/Home/Ask/tui
INFO: [ app_begin ] --START--
INFO: Run Behavior\ReadHtmlCacheBehavior [ RunTime:0.000620s ]
INFO: [ app_begin ] --END-- [ RunTime:0.001054s ]
NOTIC: [2] SimpleCWS::set_multi() expects exactly 1 parameter, 0 given H:\wenda\Application\Common\Common\function.php 第 91 行.
SQL: SHOW COLUMNS FROM `ds_tui` [ RunTime:0.0032s ]
SQL: SELECT * FROM `ds_tui` WHERE (  content like '%tied%' )  [ RunTime:0.0003s ]
INFO: [ app_end ] --START--
INFO: Run Behavior\ShowPageTraceBehavior [ RunTime:0.000742s ]
INFO: [ app_end ] --END-- [ RunTime:0.000827s ]

[ 2016-01-16T15:11:09+08:00 ] 127.0.0.1 /go/index.php/Home/Ask/tui
INFO: [ app_begin ] --START--
INFO: Run Behavior\ReadHtmlCacheBehavior [ RunTime:0.000605s ]
INFO: [ app_begin ] --END-- [ RunTime:0.001016s ]
NOTIC: [2] SimpleCWS::set_multi() expects exactly 1 parameter, 0 given H:\wenda\Application\Common\Common\function.php 第 91 行.
SQL: SHOW COLUMNS FROM `ds_tui` [ RunTime:0.0037s ]
SQL: SELECT * FROM `ds_tui` WHERE (  content like '%tie%' )  [ RunTime:0.0003s ]
INFO: [ app_end ] --START--
INFO: Run Behavior\ShowPageTraceBehavior [ RunTime:0.000713s ]
INFO: [ app_end ] --END-- [ RunTime:0.000792s ]

[ 2016-01-16T15:11:09+08:00 ] 127.0.0.1 /go/index.php/Home/Ask/tui
INFO: [ app_begin ] --START--
INFO: Run Behavior\ReadHtmlCacheBehavior [ RunTime:0.000630s ]
INFO: [ app_begin ] --END-- [ RunTime:0.001077s ]
NOTIC: [2] SimpleCWS::set_multi() expects exactly 1 parameter, 0 given H:\wenda\Application\Common\Common\function.php 第 91 行.
SQL: SHOW COLUMNS FROM `ds_tui` [ RunTime:0.0031s ]
SQL: SELECT * FROM `ds_tui` WHERE (  content like '%ti%' )  [ RunTime:0.0003s ]
INFO: [ app_end ] --START--
INFO: Run Behavior\ShowPageTraceBehavior [ RunTime:0.000711s ]
INFO: [ app_end ] --END-- [ RunTime:0.000791s ]

[ 2016-01-16T15:11:09+08:00 ] 127.0.0.1 /go/index.php/Home/Ask/tui
INFO: [ app_begin ] --START--
INFO: Run Behavior\ReadHtmlCacheBehavior [ RunTime:0.000584s ]
INFO: [ app_begin ] --END-- [ RunTime:0.001017s ]
NOTIC: [2] SimpleCWS::set_multi() expects exactly 1 parameter, 0 given H:\wenda\Application\Common\Common\function.php 第 91 行.
SQL: SHOW COLUMNS FROM `ds_tui` [ RunTime:0.0035s ]
SQL: SELECT * FROM `ds_tui` WHERE (  content like '%t%' )  [ RunTime:0.0003s ]
INFO: [ app_end ] --START--
INFO: Run Behavior\ShowPageTraceBehavior [ RunTime:0.000720s ]
INFO: [ app_end ] --END-- [ RunTime:0.000798s ]

[ 2016-01-16T15:11:10+08:00 ] 127.0.0.1 /go/index.php/Home/Ask/tui
INFO: [ app_begin ] --START--
INFO: Run Behavior\ReadHtmlCacheBehavior [ RunTime:0.000602s ]
INFO: [ app_begin ] --END-- [ RunTime:0.001023s ]
NOTIC: [2] SimpleCWS::set_multi() expects exactly 1 parameter, 0 given H:\wenda\Application\Common\Common\function.php 第 91 行.
NOTIC: [2] Invalid argument supplied for foreach() H:\wenda\Application\Home\Controller\AskController.class.php 第 74 行.
NOTIC: [8] Undefined variable: rone H:\wenda\Application\Home\Controller\AskController.class.php 第 82 行.
INFO: [ app_end ] --START--
INFO: Run Behavior\ShowPageTraceBehavior [ RunTime:0.000663s ]
INFO: [ app_end ] --END-- [ RunTime:0.000744s ]

[ 2016-01-16T15:11:10+08:00 ] 127.0.0.1 /go/index.php/Home/Ask/tui
INFO: [ app_begin ] --START--
INFO: Run Behavior\ReadHtmlCacheBehavior [ RunTime:0.000641s ]
INFO: [ app_begin ] --END-- [ RunTime:0.001098s ]
NOTIC: [2] SimpleCWS::set_multi() expects exactly 1 parameter, 0 given H:\wenda\Application\Common\Common\function.php 第 91 行.
SQL: SHOW COLUMNS FROM `ds_tui` [ RunTime:0.0035s ]
SQL: SELECT * FROM `ds_tui` WHERE (  content like '%ze%' )  [ RunTime:0.0003s ]
INFO: [ app_end ] --START--
INFO: Run Behavior\ShowPageTraceBehavior [ RunTime:0.000790s ]
INFO: [ app_end ] --END-- [ RunTime:0.000875s ]

[ 2016-01-16T15:11:10+08:00 ] 127.0.0.1 /go/index.php/Home/Ask/tui
INFO: [ app_begin ] --START--
INFO: Run Behavior\ReadHtmlCacheBehavior [ RunTime:0.000607s ]
INFO: [ app_begin ] --END-- [ RunTime:0.000998s ]
NOTIC: [2] SimpleCWS::set_multi() expects exactly 1 parameter, 0 given H:\wenda\Application\Common\Common\function.php 第 91 行.
SQL: SHOW COLUMNS FROM `ds_tui` [ RunTime:0.0029s ]
SQL: SELECT * FROM `ds_tui` WHERE (  content like '%ze%' )  [ RunTime:0.0002s ]
INFO: [ app_end ] --START--
INFO: Run Behavior\ShowPageTraceBehavior [ RunTime:0.000706s ]
INFO: [ app_end ] --END-- [ RunTime:0.000778s ]

[ 2016-01-16T15:11:10+08:00 ] 127.0.0.1 /go/index.php/Home/Ask/tui
INFO: [ app_begin ] --START--
INFO: Run Behavior\ReadHtmlCacheBehavior [ RunTime:0.000660s ]
INFO: [ app_begin ] --END-- [ RunTime:0.001102s ]
NOTIC: [2] SimpleCWS::set_multi() expects exactly 1 parameter, 0 given H:\wenda\Application\Common\Common\function.php 第 91 行.
SQL: SHOW COLUMNS FROM `ds_tui` [ RunTime:0.0035s ]
SQL: SELECT * FROM `ds_tui` WHERE (  content like '%zen%' )  [ RunTime:0.0002s ]
INFO: [ app_end ] --START--
INFO: Run Behavior\ShowPageTraceBehavior [ RunTime:0.000511s ]
INFO: [ app_end ] --END-- [ RunTime:0.000562s ]

[ 2016-01-16T15:11:11+08:00 ] 127.0.0.1 /go/index.php/Home/Ask/tui
INFO: [ app_begin ] --START--
INFO: Run Behavior\ReadHtmlCacheBehavior [ RunTime:0.000647s ]
INFO: [ app_begin ] --END-- [ RunTime:0.001144s ]
NOTIC: [2] SimpleCWS::set_multi() expects exactly 1 parameter, 0 given H:\wenda\Application\Common\Common\function.php 第 91 行.
SQL: SHOW COLUMNS FROM `ds_tui` [ RunTime:0.0032s ]
SQL: SELECT * FROM `ds_tui` WHERE (  content like '%zeny%' )  [ RunTime:0.0003s ]
INFO: [ app_end ] --START--
INFO: Run Behavior\ShowPageTraceBehavior [ RunTime:0.000709s ]
INFO: [ app_end ] --END-- [ RunTime:0.000780s ]

[ 2016-01-16T15:11:11+08:00 ] 127.0.0.1 /go/index.php/Home/Ask/tui
INFO: [ app_begin ] --START--
INFO: Run Behavior\ReadHtmlCacheBehavior [ RunTime:0.001137s ]
INFO: [ app_begin ] --END-- [ RunTime:0.001686s ]
NOTIC: [2] SimpleCWS::set_multi() expects exactly 1 parameter, 0 given H:\wenda\Application\Common\Common\function.php 第 91 行.
SQL: SHOW COLUMNS FROM `ds_tui` [ RunTime:0.0058s ]
SQL: SELECT * FROM `ds_tui` WHERE (  content like '%zenyan%' )  [ RunTime:0.0003s ]
INFO: [ app_end ] --START--
INFO: Run Behavior\ShowPageTraceBehavior [ RunTime:0.000664s ]
INFO: [ app_end ] --END-- [ RunTime:0.000742s ]

[ 2016-01-16T15:11:11+08:00 ] 127.0.0.1 /go/index.php/Home/Ask/tui
INFO: [ app_begin ] --START--
INFO: Run Behavior\ReadHtmlCacheBehavior [ RunTime:0.000674s ]
INFO: [ app_begin ] --END-- [ RunTime:0.001116s ]
NOTIC: [2] SimpleCWS::set_multi() expects exactly 1 parameter, 0 given H:\wenda\Application\Common\Common\function.php 第 91 行.
SQL: SHOW COLUMNS FROM `ds_tui` [ RunTime:0.0038s ]
SQL: SELECT * FROM `ds_tui` WHERE (  content like '%zenyang%' )  [ RunTime:0.0003s ]
INFO: [ app_end ] --START--
INFO: Run Behavior\ShowPageTraceBehavior [ RunTime:0.000750s ]
INFO: [ app_end ] --END-- [ RunTime:0.000833s ]

[ 2016-01-16T15:11:11+08:00 ] 127.0.0.1 /go/index.php/Home/Ask/tui
INFO: [ app_begin ] --START--
INFO: Run Behavior\ReadHtmlCacheBehavior [ RunTime:0.000718s ]
INFO: [ app_begin ] --END-- [ RunTime:0.001257s ]
NOTIC: [2] SimpleCWS::set_multi() expects exactly 1 parameter, 0 given H:\wenda\Application\Common\Common\function.php 第 91 行.
SQL: SHOW COLUMNS FROM `ds_tui` [ RunTime:0.0036s ]
SQL: SELECT * FROM `ds_tui` WHERE (  content like '%zenyang%' )  [ RunTime:0.0003s ]
INFO: [ app_end ] --START--
INFO: Run Behavior\ShowPageTraceBehavior [ RunTime:0.000722s ]
INFO: [ app_end ] --END-- [ RunTime:0.000800s ]

[ 2016-01-16T15:11:11+08:00 ] 127.0.0.1 /go/index.php/Home/Ask/tui
INFO: [ app_begin ] --START--
INFO: Run Behavior\ReadHtmlCacheBehavior [ RunTime:0.000601s ]
INFO: [ app_begin ] --END-- [ RunTime:0.001016s ]
NOTIC: [2] SimpleCWS::set_multi() expects exactly 1 parameter, 0 given H:\wenda\Application\Common\Common\function.php 第 91 行.
SQL: SHOW COLUMNS FROM `ds_tui` [ RunTime:0.0035s ]
SQL: SELECT * FROM `ds_tui` WHERE (  content like '%怎样%' )  [ RunTime:0.0003s ]
INFO: [ app_end ] --START--
INFO: Run Behavior\ShowPageTraceBehavior [ RunTime:0.000717s ]
INFO: [ app_end ] --END-- [ RunTime:0.000799s ]

[ 2016-01-16T15:11:11+08:00 ] 127.0.0.1 /go/index.php/Home/Ask/tui
INFO: [ app_begin ] --START--
INFO: Run Behavior\ReadHtmlCacheBehavior [ RunTime:0.000603s ]
INFO: [ app_begin ] --END-- [ RunTime:0.001021s ]
NOTIC: [2] SimpleCWS::set_multi() expects exactly 1 parameter, 0 given H:\wenda\Application\Common\Common\function.php 第 91 行.
SQL: SHOW COLUMNS FROM `ds_tui` [ RunTime:0.0034s ]
SQL: SELECT * FROM `ds_tui` WHERE (  content like '%怎样%' )  [ RunTime:0.0003s ]
SQL: SELECT * FROM `ds_tui` WHERE (  content like '%sh%' )  [ RunTime:0.0002s ]
INFO: [ app_end ] --START--
INFO: Run Behavior\ShowPageTraceBehavior [ RunTime:0.000734s ]
INFO: [ app_end ] --END-- [ RunTime:0.000813s ]

[ 2016-01-16T15:11:12+08:00 ] 127.0.0.1 /go/index.php/Home/Ask/tui
INFO: [ app_begin ] --START--
INFO: Run Behavior\ReadHtmlCacheBehavior [ RunTime:0.000669s ]
INFO: [ app_begin ] --END-- [ RunTime:0.001164s ]
NOTIC: [2] SimpleCWS::set_multi() expects exactly 1 parameter, 0 given H:\wenda\Application\Common\Common\function.php 第 91 行.
SQL: SHOW COLUMNS FROM `ds_tui` [ RunTime:0.0030s ]
SQL: SELECT * FROM `ds_tui` WHERE (  content like '%怎样%' )  [ RunTime:0.0003s ]
INFO: [ app_end ] --START--
INFO: Run Behavior\ShowPageTraceBehavior [ RunTime:0.000733s ]
INFO: [ app_end ] --END-- [ RunTime:0.000812s ]

[ 2016-01-16T15:11:12+08:00 ] 127.0.0.1 /go/index.php/Home/Ask/tui
INFO: [ app_begin ] --START--
INFO: Run Behavior\ReadHtmlCacheBehavior [ RunTime:0.000597s ]
INFO: [ app_begin ] --END-- [ RunTime:0.001023s ]
NOTIC: [2] SimpleCWS::set_multi() expects exactly 1 parameter, 0 given H:\wenda\Application\Common\Common\function.php 第 91 行.
SQL: SHOW COLUMNS FROM `ds_tui` [ RunTime:0.0043s ]
SQL: SELECT * FROM `ds_tui` WHERE (  content like '%怎样%' )  [ RunTime:0.0003s ]
INFO: [ app_end ] --START--
INFO: Run Behavior\ShowPageTraceBehavior [ RunTime:0.000726s ]
INFO: [ app_end ] --END-- [ RunTime:0.000807s ]

[ 2016-01-16T15:11:12+08:00 ] 127.0.0.1 /go/index.php/Home/Ask/tui
INFO: [ app_begin ] --START--
INFO: Run Behavior\ReadHtmlCacheBehavior [ RunTime:0.000637s ]
INFO: [ app_begin ] --END-- [ RunTime:0.001069s ]
NOTIC: [2] SimpleCWS::set_multi() expects exactly 1 parameter, 0 given H:\wenda\Application\Common\Common\function.php 第 91 行.
SQL: SHOW COLUMNS FROM `ds_tui` [ RunTime:0.0036s ]
SQL: SELECT * FROM `ds_tui` WHERE (  content like '%怎样%' )  [ RunTime:0.0003s ]
INFO: [ app_end ] --START--
INFO: Run Behavior\ShowPageTraceBehavior [ RunTime:0.000748s ]
INFO: [ app_end ] --END-- [ RunTime:0.000838s ]

[ 2016-01-16T15:11:12+08:00 ] 127.0.0.1 /go/index.php/Home/Ask/tui
INFO: [ app_begin ] --START--
INFO: Run Behavior\ReadHtmlCacheBehavior [ RunTime:0.001276s ]
INFO: [ app_begin ] --END-- [ RunTime:0.001772s ]
NOTIC: [2] SimpleCWS::set_multi() expects exactly 1 parameter, 0 given H:\wenda\Application\Common\Common\function.php 第 91 行.
SQL: SHOW COLUMNS FROM `ds_tui` [ RunTime:0.0034s ]
SQL: SELECT * FROM `ds_tui` WHERE (  content like '%怎样%' )  [ RunTime:0.0003s ]
INFO: [ app_end ] --START--
INFO: Run Behavior\ShowPageTraceBehavior [ RunTime:0.000723s ]
INFO: [ app_end ] --END-- [ RunTime:0.000807s ]

[ 2016-01-16T15:11:12+08:00 ] 127.0.0.1 /go/index.php/Home/Ask/tui
INFO: [ app_begin ] --START--
INFO: Run Behavior\ReadHtmlCacheBehavior [ RunTime:0.000617s ]
INFO: [ app_begin ] --END-- [ RunTime:0.001101s ]
NOTIC: [2] SimpleCWS::set_multi() expects exactly 1 parameter, 0 given H:\wenda\Application\Common\Common\function.php 第 91 行.
SQL: SHOW COLUMNS FROM `ds_tui` [ RunTime:0.0045s ]
SQL: SELECT * FROM `ds_tui` WHERE (  content like '%怎样%' )  [ RunTime:0.0003s ]
INFO: [ app_end ] --START--
INFO: Run Behavior\ShowPageTraceBehavior [ RunTime:0.000648s ]
INFO: [ app_end ] --END-- [ RunTime:0.000733s ]

[ 2016-01-16T15:11:12+08:00 ] 127.0.0.1 /go/index.php/Home/Ask/tui
INFO: [ app_begin ] --START--
INFO: Run Behavior\ReadHtmlCacheBehavior [ RunTime:0.000721s ]
INFO: [ app_begin ] --END-- [ RunTime:0.001249s ]
NOTIC: [2] SimpleCWS::set_multi() expects exactly 1 parameter, 0 given H:\wenda\Application\Common\Common\function.php 第 91 行.
SQL: SHOW COLUMNS FROM `ds_tui` [ RunTime:0.0036s ]
SQL: SELECT * FROM `ds_tui` WHERE (  content like '%怎样%' )  [ RunTime:0.0003s ]
INFO: [ app_end ] --START--
INFO: Run Behavior\ShowPageTraceBehavior [ RunTime:0.000718s ]
INFO: [ app_end ] --END-- [ RunTime:0.000799s ]

[ 2016-01-16T15:11:12+08:00 ] 127.0.0.1 /go/index.php/Home/Ask/tui
INFO: [ app_begin ] --START--
INFO: Run Behavior\ReadHtmlCacheBehavior [ RunTime:0.000560s ]
INFO: [ app_begin ] --END-- [ RunTime:0.000905s ]
NOTIC: [2] SimpleCWS::set_multi() expects exactly 1 parameter, 0 given H:\wenda\Application\Common\Common\function.php 第 91 行.
SQL: SHOW COLUMNS FROM `ds_tui` [ RunTime:0.0037s ]
SQL: SELECT * FROM `ds_tui` WHERE (  content like '%怎样%' )  [ RunTime:0.0003s ]
SQL: SELECT * FROM `ds_tui` WHERE (  content like '%事项%' )  [ RunTime:0.0002s ]
INFO: [ app_end ] --START--
INFO: Run Behavior\ShowPageTraceBehavior [ RunTime:0.000741s ]
INFO: [ app_end ] --END-- [ RunTime:0.000821s ]

[ 2016-01-16T15:11:12+08:00 ] 127.0.0.1 /go/index.php/Home/Ask/tui
INFO: [ app_begin ] --START--
INFO: Run Behavior\ReadHtmlCacheBehavior [ RunTime:0.000607s ]
INFO: [ app_begin ] --END-- [ RunTime:0.001024s ]
NOTIC: [2] SimpleCWS::set_multi() expects exactly 1 parameter, 0 given H:\wenda\Application\Common\Common\function.php 第 91 行.
SQL: SHOW COLUMNS FROM `ds_tui` [ RunTime:0.0031s ]
SQL: SELECT * FROM `ds_tui` WHERE (  content like '%怎样%' )  [ RunTime:0.0003s ]
SQL: SELECT * FROM `ds_tui` WHERE (  content like '%事项%' )  [ RunTime:0.0002s ]
INFO: [ app_end ] --START--
INFO: Run Behavior\ShowPageTraceBehavior [ RunTime:0.000761s ]
INFO: [ app_end ] --END-- [ RunTime:0.000843s ]

[ 2016-01-16T15:11:13+08:00 ] 127.0.0.1 /go/index.php/Home/Ask/tui
INFO: [ app_begin ] --START--
INFO: Run Behavior\ReadHtmlCacheBehavior [ RunTime:0.000539s ]
INFO: [ app_begin ] --END-- [ RunTime:0.001001s ]
NOTIC: [2] SimpleCWS::set_multi() expects exactly 1 parameter, 0 given H:\wenda\Application\Common\Common\function.php 第 91 行.
SQL: SHOW COLUMNS FROM `ds_tui` [ RunTime:0.0035s ]
SQL: SELECT * FROM `ds_tui` WHERE (  content like '%怎样%' )  [ RunTime:0.0003s ]
SQL: SELECT * FROM `ds_tui` WHERE (  content like '%事%' )  [ RunTime:0.0003s ]
INFO: [ app_end ] --START--
INFO: Run Behavior\ShowPageTraceBehavior [ RunTime:0.000772s ]
INFO: [ app_end ] --END-- [ RunTime:0.000852s ]

[ 2016-01-16T15:11:13+08:00 ] 127.0.0.1 /go/index.php/Home/Ask/tui
INFO: [ app_begin ] --START--
INFO: Run Behavior\ReadHtmlCacheBehavior [ RunTime:0.000404s ]
INFO: [ app_begin ] --END-- [ RunTime:0.000700s ]
NOTIC: [2] SimpleCWS::set_multi() expects exactly 1 parameter, 0 given H:\wenda\Application\Common\Common\function.php 第 91 行.
SQL: SHOW COLUMNS FROM `ds_tui` [ RunTime:0.0040s ]
SQL: SELECT * FROM `ds_tui` WHERE (  content like '%怎样%' )  [ RunTime:0.0003s ]
INFO: [ app_end ] --START--
INFO: Run Behavior\ShowPageTraceBehavior [ RunTime:0.000727s ]
INFO: [ app_end ] --END-- [ RunTime:0.000806s ]

[ 2016-01-16T15:11:13+08:00 ] 127.0.0.1 /go/index.php/Home/Ask/tui
INFO: [ app_begin ] --START--
INFO: Run Behavior\ReadHtmlCacheBehavior [ RunTime:0.000617s ]
INFO: [ app_begin ] --END-- [ RunTime:0.001065s ]
NOTIC: [2] SimpleCWS::set_multi() expects exactly 1 parameter, 0 given H:\wenda\Application\Common\Common\function.php 第 91 行.
SQL: SHOW COLUMNS FROM `ds_tui` [ RunTime:0.0036s ]
SQL: SELECT * FROM `ds_tui` WHERE (  content like '%怎样%' )  [ RunTime:0.0003s ]
SQL: SELECT * FROM `ds_tui` WHERE (  content like '%sh%' )  [ RunTime:0.0002s ]
INFO: [ app_end ] --START--
INFO: Run Behavior\ShowPageTraceBehavior [ RunTime:0.000757s ]
INFO: [ app_end ] --END-- [ RunTime:0.000845s ]

[ 2016-01-16T15:11:14+08:00 ] 127.0.0.1 /go/index.php/Home/Ask/tui
INFO: [ app_begin ] --START--
INFO: Run Behavior\ReadHtmlCacheBehavior [ RunTime:0.000417s ]
INFO: [ app_begin ] --END-- [ RunTime:0.000753s ]
NOTIC: [2] SimpleCWS::set_multi() expects exactly 1 parameter, 0 given H:\wenda\Application\Common\Common\function.php 第 91 行.
SQL: SHOW COLUMNS FROM `ds_tui` [ RunTime:0.0035s ]
SQL: SELECT * FROM `ds_tui` WHERE (  content like '%怎样%' )  [ RunTime:0.0003s ]
INFO: [ app_end ] --START--
INFO: Run Behavior\ShowPageTraceBehavior [ RunTime:0.000780s ]
INFO: [ app_end ] --END-- [ RunTime:0.000867s ]

[ 2016-01-16T15:11:14+08:00 ] 127.0.0.1 /go/index.php/Home/Ask/tui
INFO: [ app_begin ] --START--
INFO: Run Behavior\ReadHtmlCacheBehavior [ RunTime:0.000629s ]
INFO: [ app_begin ] --END-- [ RunTime:0.001063s ]
NOTIC: [2] SimpleCWS::set_multi() expects exactly 1 parameter, 0 given H:\wenda\Application\Common\Common\function.php 第 91 行.
SQL: SHOW COLUMNS FROM `ds_tui` [ RunTime:0.0035s ]
SQL: SELECT * FROM `ds_tui` WHERE (  content like '%怎样%' )  [ RunTime:0.0003s ]
INFO: [ app_end ] --START--
INFO: Run Behavior\ShowPageTraceBehavior [ RunTime:0.000709s ]
INFO: [ app_end ] --END-- [ RunTime:0.000787s ]

[ 2016-01-16T15:11:14+08:00 ] 127.0.0.1 /go/index.php/Home/Ask/tui
INFO: [ app_begin ] --START--
INFO: Run Behavior\ReadHtmlCacheBehavior [ RunTime:0.000866s ]
INFO: [ app_begin ] --END-- [ RunTime:0.001444s ]
NOTIC: [2] SimpleCWS::set_multi() expects exactly 1 parameter, 0 given H:\wenda\Application\Common\Common\function.php 第 91 行.
SQL: SHOW COLUMNS FROM `ds_tui` [ RunTime:0.0039s ]
SQL: SELECT * FROM `ds_tui` WHERE (  content like '%怎样%' )  [ RunTime:0.0003s ]
INFO: [ app_end ] --START--
INFO: Run Behavior\ShowPageTraceBehavior [ RunTime:0.001012s ]
INFO: [ app_end ] --END-- [ RunTime:0.001116s ]

[ 2016-01-16T15:11:14+08:00 ] 127.0.0.1 /go/index.php/Home/Ask/tui
INFO: [ app_begin ] --START--
INFO: Run Behavior\ReadHtmlCacheBehavior [ RunTime:0.000594s ]
INFO: [ app_begin ] --END-- [ RunTime:0.001020s ]
NOTIC: [2] SimpleCWS::set_multi() expects exactly 1 parameter, 0 given H:\wenda\Application\Common\Common\function.php 第 91 行.
SQL: SHOW COLUMNS FROM `ds_tui` [ RunTime:0.0033s ]
SQL: SELECT * FROM `ds_tui` WHERE (  content like '%怎样%' )  [ RunTime:0.0002s ]
INFO: [ app_end ] --START--
INFO: Run Behavior\ShowPageTraceBehavior [ RunTime:0.000709s ]
INFO: [ app_end ] --END-- [ RunTime:0.000790s ]

[ 2016-01-16T15:11:14+08:00 ] 127.0.0.1 /go/index.php/Home/Ask/tui
INFO: [ app_begin ] --START--
INFO: Run Behavior\ReadHtmlCacheBehavior [ RunTime:0.000665s ]
INFO: [ app_begin ] --END-- [ RunTime:0.001130s ]
NOTIC: [2] SimpleCWS::set_multi() expects exactly 1 parameter, 0 given H:\wenda\Application\Common\Common\function.php 第 91 行.
SQL: SHOW COLUMNS FROM `ds_tui` [ RunTime:0.0037s ]
SQL: SELECT * FROM `ds_tui` WHERE (  content like '%怎样%' )  [ RunTime:0.0003s ]
INFO: [ app_end ] --START--
INFO: Run Behavior\ShowPageTraceBehavior [ RunTime:0.000700s ]
INFO: [ app_end ] --END-- [ RunTime:0.000777s ]

[ 2016-01-16T15:11:14+08:00 ] 127.0.0.1 /go/index.php/Home/Ask/tui
INFO: [ app_begin ] --START--
INFO: Run Behavior\ReadHtmlCacheBehavior [ RunTime:0.000636s ]
INFO: [ app_begin ] --END-- [ RunTime:0.001133s ]
NOTIC: [2] SimpleCWS::set_multi() expects exactly 1 parameter, 0 given H:\wenda\Application\Common\Common\function.php 第 91 行.
SQL: SHOW COLUMNS FROM `ds_tui` [ RunTime:0.0032s ]
SQL: SELECT * FROM `ds_tui` WHERE (  content like '%怎样%' )  [ RunTime:0.0003s ]
INFO: [ app_end ] --START--
INFO: Run Behavior\ShowPageTraceBehavior [ RunTime:0.000717s ]
INFO: [ app_end ] --END-- [ RunTime:0.000799s ]

[ 2016-01-16T15:11:14+08:00 ] 127.0.0.1 /go/index.php/Home/Ask/tui
INFO: [ app_begin ] --START--
INFO: Run Behavior\ReadHtmlCacheBehavior [ RunTime:0.000651s ]
INFO: [ app_begin ] --END-- [ RunTime:0.001066s ]
NOTIC: [2] SimpleCWS::set_multi() expects exactly 1 parameter, 0 given H:\wenda\Application\Common\Common\function.php 第 91 行.
SQL: SHOW COLUMNS FROM `ds_tui` [ RunTime:0.0030s ]
SQL: SELECT * FROM `ds_tui` WHERE (  content like '%怎样%' )  [ RunTime:0.0002s ]
SQL: SELECT * FROM `ds_tui` WHERE (  content like '%实现%' )  [ RunTime:0.0002s ]
INFO: [ app_end ] --START--
INFO: Run Behavior\ShowPageTraceBehavior [ RunTime:0.000727s ]
INFO: [ app_end ] --END-- [ RunTime:0.000807s ]

[ 2016-01-16T15:11:15+08:00 ] 127.0.0.1 /go/index.php/Home/Ask/tui
INFO: [ app_begin ] --START--
INFO: Run Behavior\ReadHtmlCacheBehavior [ RunTime:0.000611s ]
INFO: [ app_begin ] --END-- [ RunTime:0.001059s ]
NOTIC: [2] SimpleCWS::set_multi() expects exactly 1 parameter, 0 given H:\wenda\Application\Common\Common\function.php 第 91 行.
SQL: SHOW COLUMNS FROM `ds_tui` [ RunTime:0.0030s ]
SQL: SELECT * FROM `ds_tui` WHERE (  content like '%怎样%' )  [ RunTime:0.0003s ]
SQL: SELECT * FROM `ds_tui` WHERE (  content like '%实现%' )  [ RunTime:0.0002s ]
INFO: [ app_end ] --START--
INFO: Run Behavior\ShowPageTraceBehavior [ RunTime:0.000737s ]
INFO: [ app_end ] --END-- [ RunTime:0.000821s ]

[ 2016-01-16T15:11:15+08:00 ] 127.0.0.1 /go/index.php/Home/Ask/tui
INFO: [ app_begin ] --START--
INFO: Run Behavior\ReadHtmlCacheBehavior [ RunTime:0.000635s ]
INFO: [ app_begin ] --END-- [ RunTime:0.001087s ]
NOTIC: [2] SimpleCWS::set_multi() expects exactly 1 parameter, 0 given H:\wenda\Application\Common\Common\function.php 第 91 行.
SQL: SHOW COLUMNS FROM `ds_tui` [ RunTime:0.0039s ]
SQL: SELECT * FROM `ds_tui` WHERE (  content like '%怎样%' )  [ RunTime:0.0003s ]
SQL: SELECT * FROM `ds_tui` WHERE (  content like '%实现%' )  [ RunTime:0.0002s ]
INFO: [ app_end ] --START--
INFO: Run Behavior\ShowPageTraceBehavior [ RunTime:0.000765s ]
INFO: [ app_end ] --END-- [ RunTime:0.000849s ]

[ 2016-01-16T15:11:15+08:00 ] 127.0.0.1 /go/index.php/Home/Ask/tui
INFO: [ app_begin ] --START--
INFO: Run Behavior\ReadHtmlCacheBehavior [ RunTime:0.000640s ]
INFO: [ app_begin ] --END-- [ RunTime:0.001077s ]
NOTIC: [2] SimpleCWS::set_multi() expects exactly 1 parameter, 0 given H:\wenda\Application\Common\Common\function.php 第 91 行.
SQL: SHOW COLUMNS FROM `ds_tui` [ RunTime:0.0035s ]
SQL: SELECT * FROM `ds_tui` WHERE (  content like '%怎样%' )  [ RunTime:0.0003s ]
SQL: SELECT * FROM `ds_tui` WHERE (  content like '%实现%' )  [ RunTime:0.0003s ]
INFO: [ app_end ] --START--
INFO: Run Behavior\ShowPageTraceBehavior [ RunTime:0.000643s ]
INFO: [ app_end ] --END-- [ RunTime:0.000716s ]

[ 2016-01-16T15:11:15+08:00 ] 127.0.0.1 /go/index.php/Home/Ask/tui
INFO: [ app_begin ] --START--
INFO: Run Behavior\ReadHtmlCacheBehavior [ RunTime:0.000415s ]
INFO: [ app_begin ] --END-- [ RunTime:0.000697s ]
NOTIC: [2] SimpleCWS::set_multi() expects exactly 1 parameter, 0 given H:\wenda\Application\Common\Common\function.php 第 91 行.
SQL: SHOW COLUMNS FROM `ds_tui` [ RunTime:0.0040s ]
SQL: SELECT * FROM `ds_tui` WHERE (  content like '%怎样%' )  [ RunTime:0.0003s ]
SQL: SELECT * FROM `ds_tui` WHERE (  content like '%实现%' )  [ RunTime:0.0003s ]
INFO: [ app_end ] --START--
INFO: Run Behavior\ShowPageTraceBehavior [ RunTime:0.000783s ]
INFO: [ app_end ] --END-- [ RunTime:0.000876s ]

[ 2016-01-16T15:11:15+08:00 ] 127.0.0.1 /go/index.php/Home/Ask/tui
INFO: [ app_begin ] --START--
INFO: Run Behavior\ReadHtmlCacheBehavior [ RunTime:0.000626s ]
INFO: [ app_begin ] --END-- [ RunTime:0.000979s ]
NOTIC: [2] SimpleCWS::set_multi() expects exactly 1 parameter, 0 given H:\wenda\Application\Common\Common\function.php 第 91 行.
SQL: SHOW COLUMNS FROM `ds_tui` [ RunTime:0.0034s ]
SQL: SELECT * FROM `ds_tui` WHERE (  content like '%怎样%' )  [ RunTime:0.0002s ]
SQL: SELECT * FROM `ds_tui` WHERE (  content like '%实现%' )  [ RunTime:0.0002s ]
INFO: [ app_end ] --START--
INFO: Run Behavior\ShowPageTraceBehavior [ RunTime:0.000582s ]
INFO: [ app_end ] --END-- [ RunTime:0.000647s ]

[ 2016-01-16T15:11:15+08:00 ] 127.0.0.1 /go/index.php/Home/Ask/tui
INFO: [ app_begin ] --START--
INFO: Run Behavior\ReadHtmlCacheBehavior [ RunTime:0.000621s ]
INFO: [ app_begin ] --END-- [ RunTime:0.001055s ]
NOTIC: [2] SimpleCWS::set_multi() expects exactly 1 parameter, 0 given H:\wenda\Application\Common\Common\function.php 第 91 行.
SQL: SHOW COLUMNS FROM `ds_tui` [ RunTime:0.0033s ]
SQL: SELECT * FROM `ds_tui` WHERE (  content like '%怎样%' )  [ RunTime:0.0003s ]
SQL: SELECT * FROM `ds_tui` WHERE (  content like '%实现%' )  [ RunTime:0.0002s ]
INFO: [ app_end ] --START--
INFO: Run Behavior\ShowPageTraceBehavior [ RunTime:0.000726s ]
INFO: [ app_end ] --END-- [ RunTime:0.000805s ]

[ 2016-01-16T15:11:15+08:00 ] 127.0.0.1 /go/index.php/Home/Ask/tui
INFO: [ app_begin ] --START--
INFO: Run Behavior\ReadHtmlCacheBehavior [ RunTime:0.000684s ]
INFO: [ app_begin ] --END-- [ RunTime:0.001205s ]
NOTIC: [2] SimpleCWS::set_multi() expects exactly 1 parameter, 0 given H:\wenda\Application\Common\Common\function.php 第 91 行.
SQL: SHOW COLUMNS FROM `ds_tui` [ RunTime:0.0035s ]
SQL: SELECT * FROM `ds_tui` WHERE (  content like '%怎样%' )  [ RunTime:0.0002s ]
SQL: SELECT * FROM `ds_tui` WHERE (  content like '%实现%' )  [ RunTime:0.0002s ]
INFO: [ app_end ] --START--
INFO: Run Behavior\ShowPageTraceBehavior [ RunTime:0.000743s ]
INFO: [ app_end ] --END-- [ RunTime:0.000812s ]

[ 2016-01-16T15:11:16+08:00 ] 127.0.0.1 /go/index.php/Home/Ask/tui
INFO: [ app_begin ] --START--
INFO: Run Behavior\ReadHtmlCacheBehavior [ RunTime:0.000560s ]
INFO: [ app_begin ] --END-- [ RunTime:0.000963s ]
NOTIC: [2] SimpleCWS::set_multi() expects exactly 1 parameter, 0 given H:\wenda\Application\Common\Common\function.php 第 91 行.
SQL: SHOW COLUMNS FROM `ds_tui` [ RunTime:0.0032s ]
SQL: SELECT * FROM `ds_tui` WHERE (  content like '%怎样%' )  [ RunTime:0.0003s ]
SQL: SELECT * FROM `ds_tui` WHERE (  content like '%实现%' )  [ RunTime:0.0002s ]
INFO: [ app_end ] --START--
INFO: Run Behavior\ShowPageTraceBehavior [ RunTime:0.000519s ]
INFO: [ app_end ] --END-- [ RunTime:0.000569s ]

[ 2016-01-16T15:11:16+08:00 ] 127.0.0.1 /go/index.php/Home/Ask/tui
INFO: [ app_begin ] --START--
INFO: Run Behavior\ReadHtmlCacheBehavior [ RunTime:0.000599s ]
INFO: [ app_begin ] --END-- [ RunTime:0.001012s ]
NOTIC: [2] SimpleCWS::set_multi() expects exactly 1 parameter, 0 given H:\wenda\Application\Common\Common\function.php 第 91 行.
SQL: SHOW COLUMNS FROM `ds_tui` [ RunTime:0.0033s ]
SQL: SELECT * FROM `ds_tui` WHERE (  content like '%怎样%' )  [ RunTime:0.0003s ]
SQL: SELECT * FROM `ds_tui` WHERE (  content like '%实现%' )  [ RunTime:0.0002s ]
INFO: [ app_end ] --START--
INFO: Run Behavior\ShowPageTraceBehavior [ RunTime:0.000732s ]
INFO: [ app_end ] --END-- [ RunTime:0.000810s ]

[ 2016-01-16T15:11:16+08:00 ] 127.0.0.1 /go/index.php/Home/Ask/tui
INFO: [ app_begin ] --START--
INFO: Run Behavior\ReadHtmlCacheBehavior [ RunTime:0.000655s ]
INFO: [ app_begin ] --END-- [ RunTime:0.001070s ]
NOTIC: [2] SimpleCWS::set_multi() expects exactly 1 parameter, 0 given H:\wenda\Application\Common\Common\function.php 第 91 行.
SQL: SHOW COLUMNS FROM `ds_tui` [ RunTime:0.0034s ]
SQL: SELECT * FROM `ds_tui` WHERE (  content like '%怎样%' )  [ RunTime:0.0003s ]
SQL: SELECT * FROM `ds_tui` WHERE (  content like '%实现%' )  [ RunTime:0.0002s ]
INFO: [ app_end ] --START--
INFO: Run Behavior\ShowPageTraceBehavior [ RunTime:0.000725s ]
INFO: [ app_end ] --END-- [ RunTime:0.000808s ]

[ 2016-01-16T15:11:16+08:00 ] 127.0.0.1 /go/index.php/Home/Ask/tui
INFO: [ app_begin ] --START--
INFO: Run Behavior\ReadHtmlCacheBehavior [ RunTime:0.000590s ]
INFO: [ app_begin ] --END-- [ RunTime:0.001006s ]
NOTIC: [2] SimpleCWS::set_multi() expects exactly 1 parameter, 0 given H:\wenda\Application\Common\Common\function.php 第 91 行.
SQL: SHOW COLUMNS FROM `ds_tui` [ RunTime:0.0031s ]
SQL: SELECT * FROM `ds_tui` WHERE (  content like '%怎样%' )  [ RunTime:0.0003s ]
SQL: SELECT * FROM `ds_tui` WHERE (  content like '%实现%' )  [ RunTime:0.0002s ]
INFO: [ app_end ] --START--
INFO: Run Behavior\ShowPageTraceBehavior [ RunTime:0.000774s ]
INFO: [ app_end ] --END-- [ RunTime:0.000854s ]

[ 2016-01-16T15:11:17+08:00 ] 127.0.0.1 /go/index.php/Home/Ask/tui
INFO: [ app_begin ] --START--
INFO: Run Behavior\ReadHtmlCacheBehavior [ RunTime:0.000625s ]
INFO: [ app_begin ] --END-- [ RunTime:0.001075s ]
NOTIC: [2] SimpleCWS::set_multi() expects exactly 1 parameter, 0 given H:\wenda\Application\Common\Common\function.php 第 91 行.
SQL: SHOW COLUMNS FROM `ds_tui` [ RunTime:0.0036s ]
SQL: SELECT * FROM `ds_tui` WHERE (  content like '%怎样%' )  [ RunTime:0.0003s ]
SQL: SELECT * FROM `ds_tui` WHERE (  content like '%实现%' )  [ RunTime:0.0002s ]
INFO: [ app_end ] --START--
INFO: Run Behavior\ShowPageTraceBehavior [ RunTime:0.000573s ]
INFO: [ app_end ] --END-- [ RunTime:0.000628s ]

[ 2016-01-16T15:11:17+08:00 ] 127.0.0.1 /go/index.php/Home/Ask/tui
INFO: [ app_begin ] --START--
INFO: Run Behavior\ReadHtmlCacheBehavior [ RunTime:0.000807s ]
INFO: [ app_begin ] --END-- [ RunTime:0.001250s ]
NOTIC: [2] SimpleCWS::set_multi() expects exactly 1 parameter, 0 given H:\wenda\Application\Common\Common\function.php 第 91 行.
SQL: SHOW COLUMNS FROM `ds_tui` [ RunTime:0.0035s ]
SQL: SELECT * FROM `ds_tui` WHERE (  content like '%怎样%' )  [ RunTime:0.0003s ]
SQL: SELECT * FROM `ds_tui` WHERE (  content like '%实现%' )  [ RunTime:0.0002s ]
INFO: [ app_end ] --START--
INFO: Run Behavior\ShowPageTraceBehavior [ RunTime:0.000741s ]
INFO: [ app_end ] --END-- [ RunTime:0.000829s ]

[ 2016-01-16T15:11:17+08:00 ] 127.0.0.1 /go/index.php/Home/Ask/tui
INFO: [ app_begin ] --START--
INFO: Run Behavior\ReadHtmlCacheBehavior [ RunTime:0.000851s ]
INFO: [ app_begin ] --END-- [ RunTime:0.001344s ]
NOTIC: [2] SimpleCWS::set_multi() expects exactly 1 parameter, 0 given H:\wenda\Application\Common\Common\function.php 第 91 行.
SQL: SHOW COLUMNS FROM `ds_tui` [ RunTime:0.0032s ]
SQL: SELECT * FROM `ds_tui` WHERE (  content like '%怎样%' )  [ RunTime:0.0002s ]
SQL: SELECT * FROM `ds_tui` WHERE (  content like '%实现%' )  [ RunTime:0.0002s ]
INFO: [ app_end ] --START--
INFO: Run Behavior\ShowPageTraceBehavior [ RunTime:0.000748s ]
INFO: [ app_end ] --END-- [ RunTime:0.000832s ]

[ 2016-01-16T15:11:17+08:00 ] 127.0.0.1 /go/index.php/Home/Ask/tui
INFO: [ app_begin ] --START--
INFO: Run Behavior\ReadHtmlCacheBehavior [ RunTime:0.000706s ]
INFO: [ app_begin ] --END-- [ RunTime:0.001318s ]
NOTIC: [2] SimpleCWS::set_multi() expects exactly 1 parameter, 0 given H:\wenda\Application\Common\Common\function.php 第 91 行.
SQL: SHOW COLUMNS FROM `ds_tui` [ RunTime:0.0038s ]
SQL: SELECT * FROM `ds_tui` WHERE (  content like '%怎样%' )  [ RunTime:0.0003s ]
SQL: SELECT * FROM `ds_tui` WHERE (  content like '%实现%' )  [ RunTime:0.0002s ]
INFO: [ app_end ] --START--
INFO: Run Behavior\ShowPageTraceBehavior [ RunTime:0.000745s ]
INFO: [ app_end ] --END-- [ RunTime:0.000825s ]

[ 2016-01-16T15:11:17+08:00 ] 127.0.0.1 /go/index.php/Home/Ask/tui
INFO: [ app_begin ] --START--
INFO: Run Behavior\ReadHtmlCacheBehavior [ RunTime:0.000612s ]
INFO: [ app_begin ] --END-- [ RunTime:0.001047s ]
NOTIC: [2] SimpleCWS::set_multi() expects exactly 1 parameter, 0 given H:\wenda\Application\Common\Common\function.php 第 91 行.
SQL: SHOW COLUMNS FROM `ds_tui` [ RunTime:0.0034s ]
SQL: SELECT * FROM `ds_tui` WHERE (  content like '%怎样%' )  [ RunTime:0.0003s ]
SQL: SELECT * FROM `ds_tui` WHERE (  content like '%实现%' )  [ RunTime:0.0008s ]
INFO: [ app_end ] --START--
INFO: Run Behavior\ShowPageTraceBehavior [ RunTime:0.000851s ]
INFO: [ app_end ] --END-- [ RunTime:0.000955s ]

[ 2016-01-16T15:11:17+08:00 ] 127.0.0.1 /go/index.php/Home/Ask/tui
INFO: [ app_begin ] --START--
INFO: Run Behavior\ReadHtmlCacheBehavior [ RunTime:0.000692s ]
INFO: [ app_begin ] --END-- [ RunTime:0.001242s ]
NOTIC: [2] SimpleCWS::set_multi() expects exactly 1 parameter, 0 given H:\wenda\Application\Common\Common\function.php 第 91 行.
SQL: SHOW COLUMNS FROM `ds_tui` [ RunTime:0.0035s ]
SQL: SELECT * FROM `ds_tui` WHERE (  content like '%怎样%' )  [ RunTime:0.0002s ]
SQL: SELECT * FROM `ds_tui` WHERE (  content like '%实现%' )  [ RunTime:0.0002s ]
INFO: [ app_end ] --START--
INFO: Run Behavior\ShowPageTraceBehavior [ RunTime:0.000755s ]
INFO: [ app_end ] --END-- [ RunTime:0.000827s ]

[ 2016-01-16T15:11:17+08:00 ] 127.0.0.1 /go/index.php/Home/Ask/tui
INFO: [ app_begin ] --START--
INFO: Run Behavior\ReadHtmlCacheBehavior [ RunTime:0.000632s ]
INFO: [ app_begin ] --END-- [ RunTime:0.001050s ]
NOTIC: [2] SimpleCWS::set_multi() expects exactly 1 parameter, 0 given H:\wenda\Application\Common\Common\function.php 第 91 行.
SQL: SHOW COLUMNS FROM `ds_tui` [ RunTime:0.0037s ]
SQL: SELECT * FROM `ds_tui` WHERE (  content like '%怎样%' )  [ RunTime:0.0003s ]
SQL: SELECT * FROM `ds_tui` WHERE (  content like '%实现%' )  [ RunTime:0.0002s ]
INFO: [ app_end ] --START--
INFO: Run Behavior\ShowPageTraceBehavior [ RunTime:0.000521s ]
INFO: [ app_end ] --END-- [ RunTime:0.000571s ]

[ 2016-01-16T15:11:18+08:00 ] 127.0.0.1 /go/index.php/Home/Ask/tui
INFO: [ app_begin ] --START--
INFO: Run Behavior\ReadHtmlCacheBehavior [ RunTime:0.000416s ]
INFO: [ app_begin ] --END-- [ RunTime:0.000795s ]
NOTIC: [2] SimpleCWS::set_multi() expects exactly 1 parameter, 0 given H:\wenda\Application\Common\Common\function.php 第 91 行.
SQL: SHOW COLUMNS FROM `ds_tui` [ RunTime:0.0033s ]
SQL: SELECT * FROM `ds_tui` WHERE (  content like '%怎样%' )  [ RunTime:0.0003s ]
SQL: SELECT * FROM `ds_tui` WHERE (  content like '%实现%' )  [ RunTime:0.0002s ]
INFO: [ app_end ] --START--
INFO: Run Behavior\ShowPageTraceBehavior [ RunTime:0.000727s ]
INFO: [ app_end ] --END-- [ RunTime:0.000803s ]

[ 2016-01-16T15:11:18+08:00 ] 127.0.0.1 /go/index.php/Home/Ask/tui
INFO: [ app_begin ] --START--
INFO: Run Behavior\ReadHtmlCacheBehavior [ RunTime:0.000769s ]
INFO: [ app_begin ] --END-- [ RunTime:0.001206s ]
NOTIC: [2] SimpleCWS::set_multi() expects exactly 1 parameter, 0 given H:\wenda\Application\Common\Common\function.php 第 91 行.
SQL: SHOW COLUMNS FROM `ds_tui` [ RunTime:0.0035s ]
SQL: SELECT * FROM `ds_tui` WHERE (  content like '%怎样%' )  [ RunTime:0.0003s ]
SQL: SELECT * FROM `ds_tui` WHERE (  content like '%实现%' )  [ RunTime:0.0002s ]
INFO: [ app_end ] --START--
INFO: Run Behavior\ShowPageTraceBehavior [ RunTime:0.000736s ]
INFO: [ app_end ] --END-- [ RunTime:0.000812s ]

[ 2016-01-16T15:11:18+08:00 ] 127.0.0.1 /go/index.php/Home/Ask/tui
INFO: [ app_begin ] --START--
INFO: Run Behavior\ReadHtmlCacheBehavior [ RunTime:0.000621s ]
INFO: [ app_begin ] --END-- [ RunTime:0.001056s ]
NOTIC: [2] SimpleCWS::set_multi() expects exactly 1 parameter, 0 given H:\wenda\Application\Common\Common\function.php 第 91 行.
SQL: SHOW COLUMNS FROM `ds_tui` [ RunTime:0.0035s ]
SQL: SELECT * FROM `ds_tui` WHERE (  content like '%怎样%' )  [ RunTime:0.0003s ]
SQL: SELECT * FROM `ds_tui` WHERE (  content like '%实现%' )  [ RunTime:0.0002s ]
INFO: [ app_end ] --START--
INFO: Run Behavior\ShowPageTraceBehavior [ RunTime:0.000524s ]
INFO: [ app_end ] --END-- [ RunTime:0.000602s ]

[ 2016-01-16T15:11:18+08:00 ] 127.0.0.1 /go/index.php/Home/Ask/tui
INFO: [ app_begin ] --START--
INFO: Run Behavior\ReadHtmlCacheBehavior [ RunTime:0.000653s ]
INFO: [ app_begin ] --END-- [ RunTime:0.001125s ]
NOTIC: [2] SimpleCWS::set_multi() expects exactly 1 parameter, 0 given H:\wenda\Application\Common\Common\function.php 第 91 行.
SQL: SHOW COLUMNS FROM `ds_tui` [ RunTime:0.0036s ]
SQL: SELECT * FROM `ds_tui` WHERE (  content like '%怎样%' )  [ RunTime:0.0003s ]
SQL: SELECT * FROM `ds_tui` WHERE (  content like '%实现%' )  [ RunTime:0.0002s ]
INFO: [ app_end ] --START--
INFO: Run Behavior\ShowPageTraceBehavior [ RunTime:0.000519s ]
INFO: [ app_end ] --END-- [ RunTime:0.000572s ]

[ 2016-01-16T15:11:18+08:00 ] 127.0.0.1 /go/index.php/Home/Ask/tui
INFO: [ app_begin ] --START--
INFO: Run Behavior\ReadHtmlCacheBehavior [ RunTime:0.000621s ]
INFO: [ app_begin ] --END-- [ RunTime:0.001062s ]
NOTIC: [2] SimpleCWS::set_multi() expects exactly 1 parameter, 0 given H:\wenda\Application\Common\Common\function.php 第 91 行.
SQL: SHOW COLUMNS FROM `ds_tui` [ RunTime:0.0037s ]
SQL: SELECT * FROM `ds_tui` WHERE (  content like '%怎样%' )  [ RunTime:0.0003s ]
SQL: SELECT * FROM `ds_tui` WHERE (  content like '%实现%' )  [ RunTime:0.0002s ]
INFO: [ app_end ] --START--
INFO: Run Behavior\ShowPageTraceBehavior [ RunTime:0.000748s ]
INFO: [ app_end ] --END-- [ RunTime:0.000828s ]

[ 2016-01-16T15:11:18+08:00 ] 127.0.0.1 /go/index.php/Home/Ask/tui
INFO: [ app_begin ] --START--
INFO: Run Behavior\ReadHtmlCacheBehavior [ RunTime:0.000625s ]
INFO: [ app_begin ] --END-- [ RunTime:0.001050s ]
NOTIC: [2] SimpleCWS::set_multi() expects exactly 1 parameter, 0 given H:\wenda\Application\Common\Common\function.php 第 91 行.
SQL: SHOW COLUMNS FROM `ds_tui` [ RunTime:0.0034s ]
SQL: SELECT * FROM `ds_tui` WHERE (  content like '%怎样%' )  [ RunTime:0.0002s ]
SQL: SELECT * FROM `ds_tui` WHERE (  content like '%实现%' )  [ RunTime:0.0002s ]
INFO: [ app_end ] --START--
INFO: Run Behavior\ShowPageTraceBehavior [ RunTime:0.000730s ]
INFO: [ app_end ] --END-- [ RunTime:0.000809s ]

[ 2016-01-16T15:11:18+08:00 ] 127.0.0.1 /go/index.php/Home/Ask/tui
INFO: [ app_begin ] --START--
INFO: Run Behavior\ReadHtmlCacheBehavior [ RunTime:0.000404s ]
INFO: [ app_begin ] --END-- [ RunTime:0.000713s ]
NOTIC: [2] SimpleCWS::set_multi() expects exactly 1 parameter, 0 given H:\wenda\Application\Common\Common\function.php 第 91 行.
SQL: SHOW COLUMNS FROM `ds_tui` [ RunTime:0.0032s ]
SQL: SELECT * FROM `ds_tui` WHERE (  content like '%怎样%' )  [ RunTime:0.0003s ]
SQL: SELECT * FROM `ds_tui` WHERE (  content like '%实现%' )  [ RunTime:0.0002s ]
INFO: [ app_end ] --START--
INFO: Run Behavior\ShowPageTraceBehavior [ RunTime:0.000823s ]
INFO: [ app_end ] --END-- [ RunTime:0.000910s ]

[ 2016-01-16T15:11:18+08:00 ] 127.0.0.1 /go/index.php/Home/Ask/tui
INFO: [ app_begin ] --START--
INFO: Run Behavior\ReadHtmlCacheBehavior [ RunTime:0.000612s ]
INFO: [ app_begin ] --END-- [ RunTime:0.001068s ]
NOTIC: [2] SimpleCWS::set_multi() expects exactly 1 parameter, 0 given H:\wenda\Application\Common\Common\function.php 第 91 行.
SQL: SHOW COLUMNS FROM `ds_tui` [ RunTime:0.0035s ]
SQL: SELECT * FROM `ds_tui` WHERE (  content like '%怎样%' )  [ RunTime:0.0003s ]
SQL: SELECT * FROM `ds_tui` WHERE (  content like '%实现%' )  [ RunTime:0.0002s ]
INFO: [ app_end ] --START--
INFO: Run Behavior\ShowPageTraceBehavior [ RunTime:0.000742s ]
INFO: [ app_end ] --END-- [ RunTime:0.000817s ]

[ 2016-01-16T15:11:18+08:00 ] 127.0.0.1 /go/index.php/Home/Ask/tui
INFO: [ app_begin ] --START--
INFO: Run Behavior\ReadHtmlCacheBehavior [ RunTime:0.001314s ]
INFO: [ app_begin ] --END-- [ RunTime:0.001822s ]
NOTIC: [2] SimpleCWS::set_multi() expects exactly 1 parameter, 0 given H:\wenda\Application\Common\Common\function.php 第 91 行.
SQL: SHOW COLUMNS FROM `ds_tui` [ RunTime:0.0040s ]
SQL: SELECT * FROM `ds_tui` WHERE (  content like '%怎样%' )  [ RunTime:0.0003s ]
SQL: SELECT * FROM `ds_tui` WHERE (  content like '%实现%' )  [ RunTime:0.0002s ]
INFO: [ app_end ] --START--
INFO: Run Behavior\ShowPageTraceBehavior [ RunTime:0.000727s ]
INFO: [ app_end ] --END-- [ RunTime:0.000840s ]

[ 2016-01-16T15:11:19+08:00 ] 127.0.0.1 /go/index.php/Home/Ask/tui
INFO: [ app_begin ] --START--
INFO: Run Behavior\ReadHtmlCacheBehavior [ RunTime:0.000594s ]
INFO: [ app_begin ] --END-- [ RunTime:0.001021s ]
NOTIC: [2] SimpleCWS::set_multi() expects exactly 1 parameter, 0 given H:\wenda\Application\Common\Common\function.php 第 91 行.
SQL: SHOW COLUMNS FROM `ds_tui` [ RunTime:0.0036s ]
SQL: SELECT * FROM `ds_tui` WHERE (  content like '%怎样%' )  [ RunTime:0.0003s ]
SQL: SELECT * FROM `ds_tui` WHERE (  content like '%实现%' )  [ RunTime:0.0002s ]
INFO: [ app_end ] --START--
INFO: Run Behavior\ShowPageTraceBehavior [ RunTime:0.000771s ]
INFO: [ app_end ] --END-- [ RunTime:0.000856s ]

[ 2016-01-16T15:11:20+08:00 ] 127.0.0.1 /go/index.php/Home/Ask/tui
INFO: [ app_begin ] --START--
INFO: Run Behavior\ReadHtmlCacheBehavior [ RunTime:0.000610s ]
INFO: [ app_begin ] --END-- [ RunTime:0.001053s ]
NOTIC: [2] SimpleCWS::set_multi() expects exactly 1 parameter, 0 given H:\wenda\Application\Common\Common\function.php 第 91 行.
SQL: SHOW COLUMNS FROM `ds_tui` [ RunTime:0.0032s ]
SQL: SELECT * FROM `ds_tui` WHERE (  content like '%怎样%' )  [ RunTime:0.0003s ]
SQL: SELECT * FROM `ds_tui` WHERE (  content like '%实现%' )  [ RunTime:0.0002s ]
INFO: [ app_end ] --START--
INFO: Run Behavior\ShowPageTraceBehavior [ RunTime:0.000758s ]
INFO: [ app_end ] --END-- [ RunTime:0.000841s ]

[ 2016-01-16T15:12:14+08:00 ] 127.0.0.1 /go/index.php/Home/Member/Js/member.js
ERR: 非法操作:Js

[ 2016-01-16T15:14:04+08:00 ] 127.0.0.1 /go/index.php/Home/Robot/tuling
INFO: [ app_begin ] --START--
INFO: Run Behavior\ReadHtmlCacheBehavior [ RunTime:0.000743s ]
INFO: [ app_begin ] --END-- [ RunTime:0.001157s ]
INFO: [ app_end ] --START--
INFO: Run Behavior\ShowPageTraceBehavior [ RunTime:0.000679s ]
INFO: [ app_end ] --END-- [ RunTime:0.000778s ]

[ 2016-01-16T15:14:17+08:00 ] 127.0.0.1 /go/index.php/Home/Robot/tuling
INFO: [ app_begin ] --START--
INFO: Run Behavior\ReadHtmlCacheBehavior [ RunTime:0.000628s ]
INFO: [ app_begin ] --END-- [ RunTime:0.000960s ]
INFO: [ app_end ] --START--
INFO: Run Behavior\ShowPageTraceBehavior [ RunTime:0.000965s ]
INFO: [ app_end ] --END-- [ RunTime:0.001106s ]

[ 2016-01-16T15:14:54+08:00 ] 127.0.0.1 /go/index.php/Home/Cha/zan
INFO: [ app_begin ] --START--
INFO: Run Behavior\ReadHtmlCacheBehavior [ RunTime:0.000481s ]
INFO: [ app_begin ] --END-- [ RunTime:0.000942s ]
SQL: SHOW COLUMNS FROM `ds_ask` [ RunTime:0.0186s ]
SQL: UPDATE `ds_ask` SET `dian`=dian+1 WHERE ( id=14 ) [ RunTime:0.0003s ]
INFO: [ app_end ] --START--
INFO: Run Behavior\ShowPageTraceBehavior [ RunTime:0.000578s ]
INFO: [ app_end ] --END-- [ RunTime:0.000640s ]

[ 2016-01-16T15:14:56+08:00 ] 127.0.0.1 /go/index.php/Home/Cha/za
INFO: [ app_begin ] --START--
INFO: Run Behavior\ReadHtmlCacheBehavior [ RunTime:0.000749s ]
INFO: [ app_begin ] --END-- [ RunTime:0.001097s ]
SQL: SHOW COLUMNS FROM `ds_ask` [ RunTime:0.0038s ]
SQL: UPDATE `ds_ask` SET `dian`=dian-1 WHERE ( id=14 ) [ RunTime:0.0003s ]
INFO: [ app_end ] --START--
INFO: Run Behavior\ShowPageTraceBehavior [ RunTime:0.000849s ]
INFO: [ app_end ] --END-- [ RunTime:0.000959s ]

[ 2016-01-16T15:14:58+08:00 ] 127.0.0.1 /go/index.php/Home/Cha/zan
INFO: [ app_begin ] --START--
INFO: Run Behavior\ReadHtmlCacheBehavior [ RunTime:0.000530s ]
INFO: [ app_begin ] --END-- [ RunTime:0.000920s ]
SQL: SHOW COLUMNS FROM `ds_ask` [ RunTime:0.0038s ]
SQL: UPDATE `ds_ask` SET `dian`=dian+1 WHERE ( id=86 ) [ RunTime:0.0003s ]
INFO: [ app_end ] --START--
INFO: Run Behavior\ShowPageTraceBehavior [ RunTime:0.000779s ]
INFO: [ app_end ] --END-- [ RunTime:0.000863s ]

[ 2016-01-16T15:14:59+08:00 ] 127.0.0.1 /go/index.php/Home/Cha/za
INFO: [ app_begin ] --START--
INFO: Run Behavior\ReadHtmlCacheBehavior [ RunTime:0.000606s ]
INFO: [ app_begin ] --END-- [ RunTime:0.001038s ]
SQL: SHOW COLUMNS FROM `ds_ask` [ RunTime:0.0038s ]
SQL: UPDATE `ds_ask` SET `dian`=dian-1 WHERE ( id=86 ) [ RunTime:0.0003s ]
INFO: [ app_end ] --START--
INFO: Run Behavior\ShowPageTraceBehavior [ RunTime:0.000592s ]
INFO: [ app_end ] --END-- [ RunTime:0.000676s ]

[ 2016-01-16T15:15:00+08:00 ] 127.0.0.1 /go/index.php/Home/Cha/za
INFO: [ app_begin ] --START--
INFO: Run Behavior\ReadHtmlCacheBehavior [ RunTime:0.000726s ]
INFO: [ app_begin ] --END-- [ RunTime:0.001185s ]
SQL: SHOW COLUMNS FROM `ds_ask` [ RunTime:0.0039s ]
SQL: UPDATE `ds_ask` SET `dian`=dian-1 WHERE ( id=86 ) [ RunTime:0.0003s ]
INFO: [ app_end ] --START--
INFO: Run Behavior\ShowPageTraceBehavior [ RunTime:0.000846s ]
INFO: [ app_end ] --END-- [ RunTime:0.000943s ]

